2025-07-13 14:56:51,935 - GOAT - DEBUG - Mission state is NEUTRAL.
2025-07-13 14:56:51,936 - GOAT - DEBUG - target_lat: 41.102904, target_lon: 28.5456026
2025-07-13 14:56:51,936 - GOAT - DEBUG - start_altitude: 90target_altitude: 30stable_altitude: 100
2025-07-13 14:56:51,936 - GOAT - DEBUG - diving_distance: 247.27296775091602
2025-07-13 14:56:52,638 - GOAT - DEBUG - Connected to the aircraft.
2025-07-13 14:56:56,244 - GOAT - DEBUG - Received start command from Redis.
2025-07-13 14:56:56,245 - GOAT - DEBUG - Loiter radius set to 20 for kamikaze mission.
2025-07-13 14:56:56,345 - GOAT - DEBUG - going to approach destination
2025-07-13 14:56:57,246 - GOAT - DEBUG - self.state: MissionState.GOING_TO_TARGET
2025-07-13 14:56:58,247 - GOAT - DEBUG - self.state: MissionState.GOING_TO_TARGET
2025-07-13 14:56:59,247 - GOAT - DEBUG - self.state: MissionState.GOING_TO_TARGET
2025-07-13 14:57:00,248 - GOAT - DEBUG - self.state: MissionState.GOING_TO_TARGET
2025-07-13 14:57:01,253 - GOAT - DEBUG - self.state: MissionState.GOING_TO_TARGET
2025-07-13 14:57:02,254 - GOAT - DEBUG - self.state: MissionState.GOING_TO_TARGET
2025-07-13 14:57:03,255 - GOAT - DEBUG - self.state: MissionState.GOING_TO_TARGET
2025-07-13 14:57:04,256 - GOAT - DEBUG - self.state: MissionState.GOING_TO_TARGET
2025-07-13 14:57:05,257 - GOAT - DEBUG - self.state: MissionState.GOING_TO_TARGET
2025-07-13 14:57:06,263 - GOAT - DEBUG - self.state: MissionState.GOING_TO_TARGET
2025-07-13 14:57:07,263 - GOAT - DEBUG - self.state: MissionState.GOING_TO_TARGET
2025-07-13 14:57:08,264 - GOAT - DEBUG - self.state: MissionState.GOING_TO_TARGET
2025-07-13 14:57:09,264 - GOAT - DEBUG - self.state: MissionState.GOING_TO_TARGET
2025-07-13 14:57:10,265 - GOAT - DEBUG - self.state: MissionState.GOING_TO_TARGET
2025-07-13 14:57:11,267 - GOAT - DEBUG - self.state: MissionState.GOING_TO_TARGET
2025-07-13 14:57:12,268 - GOAT - DEBUG - self.state: MissionState.GOING_TO_TARGET
2025-07-13 14:57:13,269 - GOAT - DEBUG - self.state: MissionState.GOING_TO_TARGET
2025-07-13 14:57:14,269 - GOAT - DEBUG - self.state: MissionState.GOING_TO_TARGET
2025-07-13 14:57:15,270 - GOAT - DEBUG - self.state: MissionState.GOING_TO_TARGET
2025-07-13 14:57:16,272 - GOAT - DEBUG - self.state: MissionState.GOING_TO_TARGET
2025-07-13 14:57:17,273 - GOAT - DEBUG - self.state: MissionState.GOING_TO_TARGET
2025-07-13 14:57:18,273 - GOAT - DEBUG - self.state: MissionState.GOING_TO_TARGET
2025-07-13 14:57:19,273 - GOAT - DEBUG - self.state: MissionState.GOING_TO_TARGET
2025-07-13 14:57:20,274 - GOAT - DEBUG - self.state: MissionState.GOING_TO_TARGET
2025-07-13 14:57:20,949 - GOAT - DEBUG - Reached approach destination.
2025-07-13 14:57:20,949 - GOAT - DEBUG - going to target destination
2025-07-13 14:57:21,275 - GOAT - DEBUG - self.state: MissionState.GOING_TO_TARGET
2025-07-13 14:57:22,276 - GOAT - DEBUG - self.state: MissionState.GOING_TO_TARGET
2025-07-13 14:57:23,277 - GOAT - DEBUG - self.state: MissionState.GOING_TO_TARGET
2025-07-13 14:57:24,278 - GOAT - DEBUG - self.state: MissionState.GOING_TO_TARGET
2025-07-13 14:57:25,279 - GOAT - DEBUG - self.state: MissionState.GOING_TO_TARGET
2025-07-13 14:57:26,280 - GOAT - DEBUG - self.state: MissionState.GOING_TO_TARGET
2025-07-13 14:57:27,281 - GOAT - DEBUG - self.state: MissionState.GOING_TO_TARGET
2025-07-13 14:57:28,282 - GOAT - DEBUG - self.state: MissionState.GOING_TO_TARGET
2025-07-13 14:57:29,283 - GOAT - DEBUG - self.state: MissionState.GOING_TO_TARGET
2025-07-13 14:57:30,284 - GOAT - DEBUG - self.state: MissionState.GOING_TO_TARGET
2025-07-13 14:57:31,284 - GOAT - DEBUG - self.state: MissionState.GOING_TO_TARGET
2025-07-13 14:57:32,286 - GOAT - DEBUG - self.state: MissionState.GOING_TO_TARGET
2025-07-13 14:57:33,287 - GOAT - DEBUG - self.state: MissionState.GOING_TO_TARGET
2025-07-13 14:57:34,287 - GOAT - DEBUG - self.state: MissionState.GOING_TO_TARGET
2025-07-13 14:57:35,288 - GOAT - DEBUG - self.state: MissionState.GOING_TO_TARGET
2025-07-13 14:57:36,289 - GOAT - DEBUG - self.state: MissionState.GOING_TO_TARGET
2025-07-13 14:57:37,290 - GOAT - DEBUG - self.state: MissionState.GOING_TO_TARGET
2025-07-13 14:57:38,291 - GOAT - DEBUG - self.state: MissionState.GOING_TO_TARGET
2025-07-13 14:57:39,292 - GOAT - DEBUG - self.state: MissionState.GOING_TO_TARGET
2025-07-13 14:57:40,293 - GOAT - DEBUG - self.state: MissionState.GOING_TO_TARGET
2025-07-13 14:57:40,537 - GOAT - DEBUG - Reached target destination.
2025-07-13 14:57:40,537 - GOAT - DEBUG - Target reached, diving in.
2025-07-13 14:57:40,537 - GOAT - DEBUG - state == MissionState.DIVING_IN
2025-07-13 14:57:41,294 - GOAT - DEBUG - self.state: MissionState.DIVING_IN
2025-07-13 14:57:41,295 - GOAT - DEBUG - Diving in
2025-07-13 14:57:41,295 - GOAT - DEBUG -  RADİAN PITCH == 1.7453292519943295
2025-07-13 14:57:41,295 - GOAT - ERROR - Error while saving frame: OpenCV(4.10.0) /io/opencv/modules/imgcodecs/src/loadsave.cpp:798: error: (-215:Assertion failed) !_img.empty() in function 'imwrite'

2025-07-13 14:57:41,295 - GOAT - DEBUG - altitude: 89.394
2025-07-13 14:57:42,296 - GOAT - DEBUG - self.state: MissionState.DIVING_IN
2025-07-13 14:57:42,296 - GOAT - DEBUG - Diving in
2025-07-13 14:57:42,297 - GOAT - DEBUG -  RADİAN PITCH == 1.7453292519943295
2025-07-13 14:57:42,297 - GOAT - ERROR - Error while saving frame: OpenCV(4.10.0) /io/opencv/modules/imgcodecs/src/loadsave.cpp:798: error: (-215:Assertion failed) !_img.empty() in function 'imwrite'

2025-07-13 14:57:42,297 - GOAT - DEBUG - altitude: 88.137
2025-07-13 14:57:43,298 - GOAT - DEBUG - self.state: MissionState.DIVING_IN
2025-07-13 14:57:43,298 - GOAT - DEBUG - Diving in
2025-07-13 14:57:43,298 - GOAT - DEBUG -  RADİAN PITCH == 1.7453292519943295
2025-07-13 14:57:43,298 - GOAT - ERROR - Error while saving frame: OpenCV(4.10.0) /io/opencv/modules/imgcodecs/src/loadsave.cpp:798: error: (-215:Assertion failed) !_img.empty() in function 'imwrite'

2025-07-13 14:57:43,298 - GOAT - DEBUG - altitude: 81.954
2025-07-13 14:57:44,299 - GOAT - DEBUG - self.state: MissionState.DIVING_IN
2025-07-13 14:57:44,299 - GOAT - DEBUG - Diving in
2025-07-13 14:57:44,299 - GOAT - DEBUG -  RADİAN PITCH == 1.7453292519943295
2025-07-13 14:57:44,300 - GOAT - ERROR - Error while saving frame: OpenCV(4.10.0) /io/opencv/modules/imgcodecs/src/loadsave.cpp:798: error: (-215:Assertion failed) !_img.empty() in function 'imwrite'

2025-07-13 14:57:44,300 - GOAT - DEBUG - altitude: 77.517
2025-07-13 14:57:45,301 - GOAT - DEBUG - self.state: MissionState.DIVING_IN
2025-07-13 14:57:45,301 - GOAT - DEBUG - Diving in
2025-07-13 14:57:45,302 - GOAT - DEBUG -  RADİAN PITCH == 1.7453292519943295
2025-07-13 14:57:45,302 - GOAT - ERROR - Error while saving frame: OpenCV(4.10.0) /io/opencv/modules/imgcodecs/src/loadsave.cpp:798: error: (-215:Assertion failed) !_img.empty() in function 'imwrite'

2025-07-13 14:57:45,302 - GOAT - DEBUG - altitude: 73.499
2025-07-13 14:57:46,303 - GOAT - DEBUG - self.state: MissionState.DIVING_IN
2025-07-13 14:57:46,303 - GOAT - DEBUG - Diving in
2025-07-13 14:57:46,303 - GOAT - DEBUG -  RADİAN PITCH == 1.7453292519943295
2025-07-13 14:57:46,304 - GOAT - ERROR - Error while saving frame: OpenCV(4.10.0) /io/opencv/modules/imgcodecs/src/loadsave.cpp:798: error: (-215:Assertion failed) !_img.empty() in function 'imwrite'

2025-07-13 14:57:46,304 - GOAT - DEBUG - altitude: 69.152
2025-07-13 14:57:47,305 - GOAT - DEBUG - self.state: MissionState.DIVING_IN
2025-07-13 14:57:47,305 - GOAT - DEBUG - Diving in
2025-07-13 14:57:47,305 - GOAT - DEBUG -  RADİAN PITCH == 1.7453292519943295
2025-07-13 14:57:47,305 - GOAT - ERROR - Error while saving frame: OpenCV(4.10.0) /io/opencv/modules/imgcodecs/src/loadsave.cpp:798: error: (-215:Assertion failed) !_img.empty() in function 'imwrite'

2025-07-13 14:57:47,305 - GOAT - DEBUG - altitude: 64.896
2025-07-13 14:57:48,306 - GOAT - DEBUG - self.state: MissionState.DIVING_IN
2025-07-13 14:57:48,307 - GOAT - DEBUG - Diving in
2025-07-13 14:57:48,307 - GOAT - DEBUG -  RADİAN PITCH == 1.7453292519943295
2025-07-13 14:57:48,307 - GOAT - ERROR - Error while saving frame: OpenCV(4.10.0) /io/opencv/modules/imgcodecs/src/loadsave.cpp:798: error: (-215:Assertion failed) !_img.empty() in function 'imwrite'

2025-07-13 14:57:48,308 - GOAT - DEBUG - altitude: 60.628
2025-07-13 14:57:49,309 - GOAT - DEBUG - self.state: MissionState.DIVING_IN
2025-07-13 14:57:49,309 - GOAT - DEBUG - Diving in
2025-07-13 14:57:49,309 - GOAT - DEBUG -  RADİAN PITCH == 1.7453292519943295
2025-07-13 14:57:49,309 - GOAT - ERROR - Error while saving frame: OpenCV(4.10.0) /io/opencv/modules/imgcodecs/src/loadsave.cpp:798: error: (-215:Assertion failed) !_img.empty() in function 'imwrite'

2025-07-13 14:57:49,309 - GOAT - DEBUG - altitude: 56.351
2025-07-13 14:57:50,310 - GOAT - DEBUG - self.state: MissionState.DIVING_IN
2025-07-13 14:57:50,310 - GOAT - DEBUG - Diving in
2025-07-13 14:57:50,310 - GOAT - DEBUG -  RADİAN PITCH == 1.7453292519943295
2025-07-13 14:57:50,310 - GOAT - ERROR - Error while saving frame: OpenCV(4.10.0) /io/opencv/modules/imgcodecs/src/loadsave.cpp:798: error: (-215:Assertion failed) !_img.empty() in function 'imwrite'

2025-07-13 14:57:50,310 - GOAT - DEBUG - altitude: 52.236
2025-07-13 14:57:51,311 - GOAT - DEBUG - self.state: MissionState.DIVING_IN
2025-07-13 14:57:51,311 - GOAT - DEBUG - Diving in
2025-07-13 14:57:51,311 - GOAT - DEBUG -  RADİAN PITCH == 1.7453292519943295
2025-07-13 14:57:51,312 - GOAT - ERROR - Error while saving frame: OpenCV(4.10.0) /io/opencv/modules/imgcodecs/src/loadsave.cpp:798: error: (-215:Assertion failed) !_img.empty() in function 'imwrite'

2025-07-13 14:57:51,312 - GOAT - DEBUG - altitude: 48.212
2025-07-13 14:57:52,312 - GOAT - DEBUG - self.state: MissionState.DIVING_IN
2025-07-13 14:57:52,312 - GOAT - DEBUG - Diving in
2025-07-13 14:57:52,312 - GOAT - DEBUG -  RADİAN PITCH == 1.7453292519943295
2025-07-13 14:57:52,313 - GOAT - ERROR - Error while saving frame: OpenCV(4.10.0) /io/opencv/modules/imgcodecs/src/loadsave.cpp:798: error: (-215:Assertion failed) !_img.empty() in function 'imwrite'

2025-07-13 14:57:52,313 - GOAT - DEBUG - altitude: 44.252
2025-07-13 14:57:53,314 - GOAT - DEBUG - self.state: MissionState.DIVING_IN
2025-07-13 14:57:53,314 - GOAT - DEBUG - Diving in
2025-07-13 14:57:53,314 - GOAT - DEBUG -  RADİAN PITCH == 1.7453292519943295
2025-07-13 14:57:53,314 - GOAT - ERROR - Error while saving frame: OpenCV(4.10.0) /io/opencv/modules/imgcodecs/src/loadsave.cpp:798: error: (-215:Assertion failed) !_img.empty() in function 'imwrite'

2025-07-13 14:57:53,314 - GOAT - DEBUG - altitude: 40.391
2025-07-13 14:57:54,315 - GOAT - DEBUG - self.state: MissionState.DIVING_IN
2025-07-13 14:57:54,315 - GOAT - DEBUG - Diving in
2025-07-13 14:57:54,316 - GOAT - DEBUG -  RADİAN PITCH == 1.7453292519943295
2025-07-13 14:57:54,316 - GOAT - ERROR - Error while saving frame: OpenCV(4.10.0) /io/opencv/modules/imgcodecs/src/loadsave.cpp:798: error: (-215:Assertion failed) !_img.empty() in function 'imwrite'

2025-07-13 14:57:54,316 - GOAT - DEBUG - altitude: 36.513
2025-07-13 14:57:55,316 - GOAT - DEBUG - self.state: MissionState.DIVING_IN
2025-07-13 14:57:55,316 - GOAT - DEBUG - Diving in
2025-07-13 14:57:55,317 - GOAT - DEBUG -  RADİAN PITCH == 1.7453292519943295
2025-07-13 14:57:55,317 - GOAT - ERROR - Error while saving frame: OpenCV(4.10.0) /io/opencv/modules/imgcodecs/src/loadsave.cpp:798: error: (-215:Assertion failed) !_img.empty() in function 'imwrite'

2025-07-13 14:57:55,317 - GOAT - DEBUG - altitude: 32.67
2025-07-13 14:57:56,318 - GOAT - DEBUG - self.state: MissionState.DIVING_IN
2025-07-13 14:57:56,318 - GOAT - DEBUG - Diving in
2025-07-13 14:57:56,318 - GOAT - DEBUG - Altitude is less than 30 meters
2025-07-13 14:57:56,318 - GOAT - DEBUG - altitude: 28.859
2025-07-13 14:57:56,320 - GOAT - DEBUG - Diving out
2025-07-13 14:57:56,320 - GOAT - DEBUG - self.alt: 28.859
2025-07-13 14:57:56,420 - GOAT - DEBUG - Diving out
2025-07-13 14:57:56,420 - GOAT - DEBUG - self.alt: 28.859
2025-07-13 14:57:56,521 - GOAT - DEBUG - Diving out
2025-07-13 14:57:56,521 - GOAT - DEBUG - self.alt: 28.859
2025-07-13 14:57:56,621 - GOAT - DEBUG - Diving out
2025-07-13 14:57:56,621 - GOAT - DEBUG - self.alt: 27.866
2025-07-13 14:57:56,722 - GOAT - DEBUG - Diving out
2025-07-13 14:57:56,722 - GOAT - DEBUG - self.alt: 27.866
2025-07-13 14:57:56,822 - GOAT - DEBUG - Diving out
2025-07-13 14:57:56,822 - GOAT - DEBUG - self.alt: 27.01
2025-07-13 14:57:56,923 - GOAT - DEBUG - Diving out
2025-07-13 14:57:56,923 - GOAT - DEBUG - self.alt: 27.01
2025-07-13 14:57:57,023 - GOAT - DEBUG - Diving out
2025-07-13 14:57:57,024 - GOAT - DEBUG - self.alt: 27.01
2025-07-13 14:57:57,124 - GOAT - DEBUG - Diving out
2025-07-13 14:57:57,124 - GOAT - DEBUG - self.alt: 26.283
2025-07-13 14:57:57,225 - GOAT - DEBUG - Diving out
2025-07-13 14:57:57,225 - GOAT - DEBUG - self.alt: 26.283
2025-07-13 14:57:57,319 - GOAT - DEBUG - self.state: MissionState.DIVING_OUT
2025-07-13 14:57:57,325 - GOAT - DEBUG - Diving out
2025-07-13 14:57:57,325 - GOAT - DEBUG - self.alt: 25.876
2025-07-13 14:57:57,426 - GOAT - DEBUG - Diving out
2025-07-13 14:57:57,426 - GOAT - DEBUG - self.alt: 25.876
2025-07-13 14:57:57,526 - GOAT - DEBUG - Diving out
2025-07-13 14:57:57,526 - GOAT - DEBUG - self.alt: 25.876
2025-07-13 14:57:57,627 - GOAT - DEBUG - Diving out
2025-07-13 14:57:57,627 - GOAT - DEBUG - self.alt: 25.814
2025-07-13 14:57:57,727 - GOAT - DEBUG - Diving out
2025-07-13 14:57:57,727 - GOAT - DEBUG - self.alt: 25.814
2025-07-13 14:57:57,828 - GOAT - DEBUG - Diving out
2025-07-13 14:57:57,828 - GOAT - DEBUG - self.alt: 26.197
2025-07-13 14:57:57,928 - GOAT - DEBUG - Diving out
2025-07-13 14:57:57,928 - GOAT - DEBUG - self.alt: 26.197
2025-07-13 14:57:58,029 - GOAT - DEBUG - Diving out
2025-07-13 14:57:58,029 - GOAT - DEBUG - self.alt: 26.197
2025-07-13 14:57:58,129 - GOAT - DEBUG - Diving out
2025-07-13 14:57:58,129 - GOAT - DEBUG - self.alt: 27.027
2025-07-13 14:57:58,230 - GOAT - DEBUG - Diving out
2025-07-13 14:57:58,230 - GOAT - DEBUG - self.alt: 27.027
2025-07-13 14:57:58,320 - GOAT - DEBUG - self.state: MissionState.DIVING_OUT
2025-07-13 14:57:58,330 - GOAT - DEBUG - Diving out
2025-07-13 14:57:58,330 - GOAT - DEBUG - self.alt: 28.014
2025-07-13 14:57:58,431 - GOAT - DEBUG - Diving out
2025-07-13 14:57:58,431 - GOAT - DEBUG - self.alt: 28.014
2025-07-13 14:57:58,531 - GOAT - DEBUG - Diving out
2025-07-13 14:57:58,531 - GOAT - DEBUG - self.alt: 28.014
2025-07-13 14:57:58,632 - GOAT - DEBUG - Diving out
2025-07-13 14:57:58,632 - GOAT - DEBUG - self.alt: 29.173
2025-07-13 14:57:58,732 - GOAT - DEBUG - Diving out
2025-07-13 14:57:58,732 - GOAT - DEBUG - self.alt: 29.173
2025-07-13 14:57:58,833 - GOAT - DEBUG - Diving out
2025-07-13 14:57:58,833 - GOAT - DEBUG - self.alt: 30.215
2025-07-13 14:57:58,933 - GOAT - DEBUG - Diving out
2025-07-13 14:57:58,934 - GOAT - DEBUG - self.alt: 30.215
2025-07-13 14:57:59,034 - GOAT - DEBUG - Diving out
2025-07-13 14:57:59,034 - GOAT - DEBUG - self.alt: 30.215
2025-07-13 14:57:59,135 - GOAT - DEBUG - Diving out
2025-07-13 14:57:59,135 - GOAT - DEBUG - self.alt: 31.232
2025-07-13 14:57:59,235 - GOAT - DEBUG - Diving out
2025-07-13 14:57:59,235 - GOAT - DEBUG - self.alt: 31.232
2025-07-13 14:57:59,321 - GOAT - DEBUG - self.state: MissionState.DIVING_OUT
2025-07-13 14:57:59,336 - GOAT - DEBUG - Diving out
2025-07-13 14:57:59,336 - GOAT - DEBUG - self.alt: 32.036
2025-07-13 14:57:59,436 - GOAT - DEBUG - Diving out
2025-07-13 14:57:59,436 - GOAT - DEBUG - self.alt: 32.036
2025-07-13 14:57:59,537 - GOAT - DEBUG - Diving out
2025-07-13 14:57:59,537 - GOAT - DEBUG - self.alt: 32.036
2025-07-13 14:57:59,637 - GOAT - DEBUG - Diving out
2025-07-13 14:57:59,637 - GOAT - DEBUG - self.alt: 32.768
2025-07-13 14:57:59,738 - GOAT - DEBUG - Diving out
2025-07-13 14:57:59,738 - GOAT - DEBUG - self.alt: 32.768
2025-07-13 14:57:59,838 - GOAT - DEBUG - Diving out
2025-07-13 14:57:59,838 - GOAT - DEBUG - self.alt: 33.35
2025-07-13 14:57:59,939 - GOAT - DEBUG - Diving out
2025-07-13 14:57:59,939 - GOAT - DEBUG - self.alt: 33.35
2025-07-13 14:58:00,039 - GOAT - DEBUG - Diving out
2025-07-13 14:58:00,039 - GOAT - DEBUG - self.alt: 33.35
2025-07-13 14:58:00,140 - GOAT - DEBUG - Diving out
2025-07-13 14:58:00,140 - GOAT - DEBUG - self.alt: 33.936
2025-07-13 14:58:00,240 - GOAT - DEBUG - Diving out
2025-07-13 14:58:00,240 - GOAT - DEBUG - self.alt: 33.936
2025-07-13 14:58:00,322 - GOAT - DEBUG - self.state: MissionState.DIVING_OUT
2025-07-13 14:58:00,341 - GOAT - DEBUG - Diving out
2025-07-13 14:58:00,341 - GOAT - DEBUG - self.alt: 34.484
2025-07-13 14:58:00,441 - GOAT - DEBUG - Diving out
2025-07-13 14:58:00,441 - GOAT - DEBUG - self.alt: 34.484
2025-07-13 14:58:00,542 - GOAT - DEBUG - Diving out
2025-07-13 14:58:00,542 - GOAT - DEBUG - self.alt: 34.484
2025-07-13 14:58:00,642 - GOAT - DEBUG - Diving out
2025-07-13 14:58:00,642 - GOAT - DEBUG - self.alt: 35.12
2025-07-13 14:58:00,743 - GOAT - DEBUG - Diving out
2025-07-13 14:58:00,743 - GOAT - DEBUG - self.alt: 35.12
2025-07-13 14:58:00,843 - GOAT - DEBUG - Diving out
2025-07-13 14:58:00,843 - GOAT - DEBUG - self.alt: 35.755
2025-07-13 14:58:00,944 - GOAT - DEBUG - Diving out
2025-07-13 14:58:00,944 - GOAT - DEBUG - self.alt: 35.755
2025-07-13 14:58:01,044 - GOAT - DEBUG - Diving out
2025-07-13 14:58:01,044 - GOAT - DEBUG - self.alt: 35.755
2025-07-13 14:58:01,145 - GOAT - DEBUG - Diving out
2025-07-13 14:58:01,145 - GOAT - DEBUG - self.alt: 36.486
2025-07-13 14:58:01,245 - GOAT - DEBUG - Diving out
2025-07-13 14:58:01,245 - GOAT - DEBUG - self.alt: 36.486
2025-07-13 14:58:01,323 - GOAT - DEBUG - self.state: MissionState.DIVING_OUT
2025-07-13 14:58:01,345 - GOAT - DEBUG - Diving out
2025-07-13 14:58:01,346 - GOAT - DEBUG - self.alt: 37.188
2025-07-13 14:58:01,446 - GOAT - DEBUG - Diving out
2025-07-13 14:58:01,446 - GOAT - DEBUG - self.alt: 37.188
2025-07-13 14:58:01,547 - GOAT - DEBUG - Diving out
2025-07-13 14:58:01,547 - GOAT - DEBUG - self.alt: 37.188
2025-07-13 14:58:01,647 - GOAT - DEBUG - Diving out
2025-07-13 14:58:01,647 - GOAT - DEBUG - self.alt: 37.961
2025-07-13 14:58:01,748 - GOAT - DEBUG - Diving out
2025-07-13 14:58:01,748 - GOAT - DEBUG - self.alt: 37.961
2025-07-13 14:58:01,848 - GOAT - DEBUG - Diving out
2025-07-13 14:58:01,848 - GOAT - DEBUG - self.alt: 38.668
2025-07-13 14:58:01,949 - GOAT - DEBUG - Diving out
2025-07-13 14:58:01,949 - GOAT - DEBUG - self.alt: 38.668
2025-07-13 14:58:02,049 - GOAT - DEBUG - Diving out
2025-07-13 14:58:02,049 - GOAT - DEBUG - self.alt: 38.668
2025-07-13 14:58:02,150 - GOAT - DEBUG - Diving out
2025-07-13 14:58:02,150 - GOAT - DEBUG - self.alt: 39.41
2025-07-13 14:58:02,250 - GOAT - DEBUG - Diving out
2025-07-13 14:58:02,250 - GOAT - DEBUG - self.alt: 39.41
2025-07-13 14:58:02,323 - GOAT - DEBUG - self.state: MissionState.DIVING_OUT
2025-07-13 14:58:02,351 - GOAT - DEBUG - Diving out
2025-07-13 14:58:02,351 - GOAT - DEBUG - self.alt: 40.078
2025-07-13 14:58:02,451 - GOAT - DEBUG - Diving out
2025-07-13 14:58:02,451 - GOAT - DEBUG - self.alt: 40.078
2025-07-13 14:58:02,552 - GOAT - DEBUG - Diving out
2025-07-13 14:58:02,552 - GOAT - DEBUG - self.alt: 40.078
2025-07-13 14:58:02,652 - GOAT - DEBUG - Diving out
2025-07-13 14:58:02,652 - GOAT - DEBUG - self.alt: 40.793
2025-07-13 14:58:02,753 - GOAT - DEBUG - Diving out
2025-07-13 14:58:02,753 - GOAT - DEBUG - self.alt: 40.793
2025-07-13 14:58:02,853 - GOAT - DEBUG - Diving out
2025-07-13 14:58:02,853 - GOAT - DEBUG - self.alt: 41.445
2025-07-13 14:58:02,953 - GOAT - DEBUG - Diving out
2025-07-13 14:58:02,954 - GOAT - DEBUG - self.alt: 41.445
2025-07-13 14:58:03,054 - GOAT - DEBUG - Diving out
2025-07-13 14:58:03,054 - GOAT - DEBUG - self.alt: 41.445
2025-07-13 14:58:03,154 - GOAT - DEBUG - Diving out
2025-07-13 14:58:03,155 - GOAT - DEBUG - self.alt: 42.154
2025-07-13 14:58:03,255 - GOAT - DEBUG - Diving out
2025-07-13 14:58:03,255 - GOAT - DEBUG - self.alt: 42.154
2025-07-13 14:58:03,324 - GOAT - DEBUG - self.state: MissionState.DIVING_OUT
2025-07-13 14:58:03,355 - GOAT - DEBUG - Diving out
2025-07-13 14:58:03,355 - GOAT - DEBUG - self.alt: 42.819
2025-07-13 14:58:03,456 - GOAT - DEBUG - Diving out
2025-07-13 14:58:03,456 - GOAT - DEBUG - self.alt: 42.819
2025-07-13 14:58:03,556 - GOAT - DEBUG - Diving out
2025-07-13 14:58:03,556 - GOAT - DEBUG - self.alt: 42.819
2025-07-13 14:58:03,657 - GOAT - DEBUG - Diving out
2025-07-13 14:58:03,657 - GOAT - DEBUG - self.alt: 43.551
2025-07-13 14:58:03,757 - GOAT - DEBUG - Diving out
2025-07-13 14:58:03,757 - GOAT - DEBUG - self.alt: 43.551
2025-07-13 14:58:03,858 - GOAT - DEBUG - Diving out
2025-07-13 14:58:03,858 - GOAT - DEBUG - self.alt: 44.234
2025-07-13 14:58:03,958 - GOAT - DEBUG - Diving out
2025-07-13 14:58:03,958 - GOAT - DEBUG - self.alt: 44.234
2025-07-13 14:58:04,059 - GOAT - DEBUG - Diving out
2025-07-13 14:58:04,059 - GOAT - DEBUG - self.alt: 44.234
2025-07-13 14:58:04,159 - GOAT - DEBUG - Diving out
2025-07-13 14:58:04,159 - GOAT - DEBUG - self.alt: 44.971
2025-07-13 14:58:04,260 - GOAT - DEBUG - Diving out
2025-07-13 14:58:04,260 - GOAT - DEBUG - self.alt: 44.971
2025-07-13 14:58:04,325 - GOAT - DEBUG - self.state: MissionState.DIVING_OUT
2025-07-13 14:58:04,360 - GOAT - DEBUG - Diving out
2025-07-13 14:58:04,360 - GOAT - DEBUG - self.alt: 45.652
2025-07-13 14:58:04,461 - GOAT - DEBUG - Diving out
2025-07-13 14:58:04,461 - GOAT - DEBUG - self.alt: 45.652
2025-07-13 14:58:04,561 - GOAT - DEBUG - Diving out
2025-07-13 14:58:04,561 - GOAT - DEBUG - self.alt: 45.652
2025-07-13 14:58:04,661 - GOAT - DEBUG - Diving out
2025-07-13 14:58:04,662 - GOAT - DEBUG - self.alt: 46.393
2025-07-13 14:58:04,762 - GOAT - DEBUG - Diving out
2025-07-13 14:58:04,762 - GOAT - DEBUG - self.alt: 46.393
2025-07-13 14:58:04,862 - GOAT - DEBUG - Diving out
2025-07-13 14:58:04,862 - GOAT - DEBUG - self.alt: 47.076
2025-07-13 14:58:04,963 - GOAT - DEBUG - Diving out
2025-07-13 14:58:04,963 - GOAT - DEBUG - self.alt: 47.076
2025-07-13 14:58:05,063 - GOAT - DEBUG - Diving out
2025-07-13 14:58:05,063 - GOAT - DEBUG - self.alt: 47.076
2025-07-13 14:58:05,164 - GOAT - DEBUG - Diving out
2025-07-13 14:58:05,164 - GOAT - DEBUG - self.alt: 47.81
2025-07-13 14:58:05,264 - GOAT - DEBUG - Diving out
2025-07-13 14:58:05,265 - GOAT - DEBUG - self.alt: 47.81
2025-07-13 14:58:05,326 - GOAT - DEBUG - self.state: MissionState.DIVING_OUT
2025-07-13 14:58:05,365 - GOAT - DEBUG - Diving out
2025-07-13 14:58:05,365 - GOAT - DEBUG - self.alt: 48.487
2025-07-13 14:58:05,465 - GOAT - DEBUG - Diving out
2025-07-13 14:58:05,466 - GOAT - DEBUG - self.alt: 48.487
2025-07-13 14:58:05,566 - GOAT - DEBUG - Diving out
2025-07-13 14:58:05,566 - GOAT - DEBUG - self.alt: 48.487
2025-07-13 14:58:05,666 - GOAT - DEBUG - Diving out
2025-07-13 14:58:05,666 - GOAT - DEBUG - self.alt: 49.217
2025-07-13 14:58:05,767 - GOAT - DEBUG - Diving out
2025-07-13 14:58:05,767 - GOAT - DEBUG - self.alt: 49.217
2025-07-13 14:58:05,867 - GOAT - DEBUG - Diving out
2025-07-13 14:58:05,867 - GOAT - DEBUG - self.alt: 49.89
2025-07-13 14:58:05,968 - GOAT - DEBUG - Diving out
2025-07-13 14:58:05,968 - GOAT - DEBUG - self.alt: 49.89
2025-07-13 14:58:06,068 - GOAT - DEBUG - Diving out
2025-07-13 14:58:06,068 - GOAT - DEBUG - self.alt: 49.89
2025-07-13 14:58:06,169 - GOAT - DEBUG - Diving out
2025-07-13 14:58:06,169 - GOAT - DEBUG - self.alt: 50.624
2025-07-13 14:58:06,270 - GOAT - DEBUG - Diving out
2025-07-13 14:58:06,270 - GOAT - DEBUG - self.alt: 50.624
2025-07-13 14:58:06,327 - GOAT - DEBUG - self.state: MissionState.DIVING_OUT
2025-07-13 14:58:06,370 - GOAT - DEBUG - Diving out
2025-07-13 14:58:06,371 - GOAT - DEBUG - self.alt: 51.304
2025-07-13 14:58:06,471 - GOAT - DEBUG - Diving out
2025-07-13 14:58:06,471 - GOAT - DEBUG - self.alt: 51.304
2025-07-13 14:58:06,572 - GOAT - DEBUG - Diving out
2025-07-13 14:58:06,572 - GOAT - DEBUG - self.alt: 51.304
2025-07-13 14:58:06,672 - GOAT - DEBUG - Diving out
2025-07-13 14:58:06,672 - GOAT - DEBUG - self.alt: 52.039
2025-07-13 14:58:06,773 - GOAT - DEBUG - Diving out
2025-07-13 14:58:06,773 - GOAT - DEBUG - self.alt: 52.039
2025-07-13 14:58:06,873 - GOAT - DEBUG - Diving out
2025-07-13 14:58:06,873 - GOAT - DEBUG - self.alt: 52.776
2025-07-13 14:58:06,974 - GOAT - DEBUG - Diving out
2025-07-13 14:58:06,974 - GOAT - DEBUG - self.alt: 52.776
2025-07-13 14:58:07,074 - GOAT - DEBUG - Diving out
2025-07-13 14:58:07,074 - GOAT - DEBUG - self.alt: 52.776
2025-07-13 14:58:07,175 - GOAT - DEBUG - Diving out
2025-07-13 14:58:07,175 - GOAT - DEBUG - self.alt: 53.458
2025-07-13 14:58:07,275 - GOAT - DEBUG - Diving out
2025-07-13 14:58:07,275 - GOAT - DEBUG - self.alt: 53.458
2025-07-13 14:58:07,328 - GOAT - DEBUG - self.state: MissionState.DIVING_OUT
2025-07-13 14:58:07,376 - GOAT - DEBUG - Diving out
2025-07-13 14:58:07,376 - GOAT - DEBUG - self.alt: 54.197
2025-07-13 14:58:07,476 - GOAT - DEBUG - Diving out
2025-07-13 14:58:07,476 - GOAT - DEBUG - self.alt: 54.197
2025-07-13 14:58:07,577 - GOAT - DEBUG - Diving out
2025-07-13 14:58:07,577 - GOAT - DEBUG - self.alt: 54.197
2025-07-13 14:58:07,677 - GOAT - DEBUG - Diving out
2025-07-13 14:58:07,677 - GOAT - DEBUG - self.alt: 54.876
2025-07-13 14:58:07,778 - GOAT - DEBUG - Diving out
2025-07-13 14:58:07,778 - GOAT - DEBUG - self.alt: 54.876
2025-07-13 14:58:07,878 - GOAT - DEBUG - Diving out
2025-07-13 14:58:07,878 - GOAT - DEBUG - self.alt: 55.609
2025-07-13 14:58:07,979 - GOAT - DEBUG - Diving out
2025-07-13 14:58:07,979 - GOAT - DEBUG - self.alt: 55.609
2025-07-13 14:58:08,079 - GOAT - DEBUG - Diving out
2025-07-13 14:58:08,079 - GOAT - DEBUG - self.alt: 55.609
2025-07-13 14:58:08,180 - GOAT - DEBUG - Diving out
2025-07-13 14:58:08,180 - GOAT - DEBUG - self.alt: 56.289
2025-07-13 14:58:08,280 - GOAT - DEBUG - Diving out
2025-07-13 14:58:08,281 - GOAT - DEBUG - self.alt: 56.289
2025-07-13 14:58:08,329 - GOAT - DEBUG - self.state: MissionState.DIVING_OUT
2025-07-13 14:58:08,381 - GOAT - DEBUG - Diving out
2025-07-13 14:58:08,381 - GOAT - DEBUG - self.alt: 57.024
2025-07-13 14:58:08,482 - GOAT - DEBUG - Diving out
2025-07-13 14:58:08,482 - GOAT - DEBUG - self.alt: 57.024
2025-07-13 14:58:08,582 - GOAT - DEBUG - Diving out
2025-07-13 14:58:08,582 - GOAT - DEBUG - self.alt: 57.024
2025-07-13 14:58:08,683 - GOAT - DEBUG - Diving out
2025-07-13 14:58:08,683 - GOAT - DEBUG - self.alt: 57.708
2025-07-13 14:58:08,783 - GOAT - DEBUG - Diving out
2025-07-13 14:58:08,783 - GOAT - DEBUG - self.alt: 57.708
2025-07-13 14:58:08,884 - GOAT - DEBUG - Diving out
2025-07-13 14:58:08,884 - GOAT - DEBUG - self.alt: 58.445
2025-07-13 14:58:08,984 - GOAT - DEBUG - Diving out
2025-07-13 14:58:08,984 - GOAT - DEBUG - self.alt: 58.445
2025-07-13 14:58:09,084 - GOAT - DEBUG - Diving out
2025-07-13 14:58:09,084 - GOAT - DEBUG - self.alt: 58.445
2025-07-13 14:58:09,185 - GOAT - DEBUG - Diving out
2025-07-13 14:58:09,185 - GOAT - DEBUG - self.alt: 59.127
2025-07-13 14:58:09,285 - GOAT - DEBUG - Diving out
2025-07-13 14:58:09,285 - GOAT - DEBUG - self.alt: 59.127
2025-07-13 14:58:09,330 - GOAT - DEBUG - self.state: MissionState.DIVING_OUT
2025-07-13 14:58:09,386 - GOAT - DEBUG - Diving out
2025-07-13 14:58:09,386 - GOAT - DEBUG - self.alt: 59.864
2025-07-13 14:58:09,487 - GOAT - DEBUG - Diving out
2025-07-13 14:58:09,487 - GOAT - DEBUG - self.alt: 59.864
2025-07-13 14:58:09,587 - GOAT - DEBUG - Diving out
2025-07-13 14:58:09,587 - GOAT - DEBUG - self.alt: 59.864
2025-07-13 14:58:09,688 - GOAT - DEBUG - Diving out
2025-07-13 14:58:09,688 - GOAT - DEBUG - self.alt: 60.547
2025-07-13 14:58:09,788 - GOAT - DEBUG - Diving out
2025-07-13 14:58:09,789 - GOAT - DEBUG - self.alt: 60.547
2025-07-13 14:58:09,889 - GOAT - DEBUG - Diving out
2025-07-13 14:58:09,890 - GOAT - DEBUG - self.alt: 61.293
2025-07-13 14:58:09,990 - GOAT - DEBUG - Diving out
2025-07-13 14:58:09,990 - GOAT - DEBUG - self.alt: 61.293
2025-07-13 14:58:10,090 - GOAT - DEBUG - Diving out
2025-07-13 14:58:10,090 - GOAT - DEBUG - self.alt: 61.293
2025-07-13 14:58:10,191 - GOAT - DEBUG - Diving out
2025-07-13 14:58:10,191 - GOAT - DEBUG - self.alt: 61.979
2025-07-13 14:58:10,291 - GOAT - DEBUG - Diving out
2025-07-13 14:58:10,291 - GOAT - DEBUG - self.alt: 61.979
2025-07-13 14:58:10,331 - GOAT - DEBUG - self.state: MissionState.DIVING_OUT
2025-07-13 14:58:10,392 - GOAT - DEBUG - Diving out
2025-07-13 14:58:10,392 - GOAT - DEBUG - self.alt: 62.671
2025-07-13 14:58:10,492 - GOAT - DEBUG - Diving out
2025-07-13 14:58:10,492 - GOAT - DEBUG - self.alt: 62.671
2025-07-13 14:58:10,593 - GOAT - DEBUG - Diving out
2025-07-13 14:58:10,593 - GOAT - DEBUG - self.alt: 62.671
2025-07-13 14:58:10,693 - GOAT - DEBUG - Diving out
2025-07-13 14:58:10,693 - GOAT - DEBUG - self.alt: 63.42
2025-07-13 14:58:10,794 - GOAT - DEBUG - Diving out
2025-07-13 14:58:10,794 - GOAT - DEBUG - self.alt: 63.42
2025-07-13 14:58:10,894 - GOAT - DEBUG - Diving out
2025-07-13 14:58:10,894 - GOAT - DEBUG - self.alt: 64.114
2025-07-13 14:58:10,995 - GOAT - DEBUG - Diving out
2025-07-13 14:58:10,995 - GOAT - DEBUG - self.alt: 64.114
2025-07-13 14:58:11,095 - GOAT - DEBUG - Diving out
2025-07-13 14:58:11,095 - GOAT - DEBUG - self.alt: 64.114
2025-07-13 14:58:11,196 - GOAT - DEBUG - Diving out
2025-07-13 14:58:11,196 - GOAT - DEBUG - self.alt: 64.866
2025-07-13 14:58:11,296 - GOAT - DEBUG - Diving out
2025-07-13 14:58:11,296 - GOAT - DEBUG - self.alt: 64.866
2025-07-13 14:58:11,331 - GOAT - DEBUG - self.state: MissionState.DIVING_OUT
2025-07-13 14:58:11,397 - GOAT - DEBUG - Diving out
2025-07-13 14:58:11,397 - GOAT - DEBUG - self.alt: 65.56
2025-07-13 14:58:11,497 - GOAT - DEBUG - Diving out
2025-07-13 14:58:11,497 - GOAT - DEBUG - self.alt: 65.56
2025-07-13 14:58:11,598 - GOAT - DEBUG - Diving out
2025-07-13 14:58:11,598 - GOAT - DEBUG - self.alt: 65.56
2025-07-13 14:58:11,698 - GOAT - DEBUG - Diving out
2025-07-13 14:58:11,698 - GOAT - DEBUG - self.alt: 66.31
2025-07-13 14:58:11,799 - GOAT - DEBUG - Diving out
2025-07-13 14:58:11,799 - GOAT - DEBUG - self.alt: 66.31
2025-07-13 14:58:11,899 - GOAT - DEBUG - Diving out
2025-07-13 14:58:11,899 - GOAT - DEBUG - self.alt: 67.002
2025-07-13 14:58:12,000 - GOAT - DEBUG - Diving out
2025-07-13 14:58:12,000 - GOAT - DEBUG - self.alt: 67.002
2025-07-13 14:58:12,100 - GOAT - DEBUG - Diving out
2025-07-13 14:58:12,100 - GOAT - DEBUG - self.alt: 67.002
2025-07-13 14:58:12,201 - GOAT - DEBUG - Diving out
2025-07-13 14:58:12,201 - GOAT - DEBUG - self.alt: 67.757
2025-07-13 14:58:12,301 - GOAT - DEBUG - Diving out
2025-07-13 14:58:12,301 - GOAT - DEBUG - self.alt: 67.757
2025-07-13 14:58:12,332 - GOAT - DEBUG - self.state: MissionState.DIVING_OUT
2025-07-13 14:58:12,402 - GOAT - DEBUG - Diving out
2025-07-13 14:58:12,402 - GOAT - DEBUG - self.alt: 68.455
2025-07-13 14:58:12,502 - GOAT - DEBUG - Diving out
2025-07-13 14:58:12,502 - GOAT - DEBUG - self.alt: 68.455
2025-07-13 14:58:12,603 - GOAT - DEBUG - Diving out
2025-07-13 14:58:12,603 - GOAT - DEBUG - self.alt: 68.455
2025-07-13 14:58:12,703 - GOAT - DEBUG - Diving out
2025-07-13 14:58:12,703 - GOAT - DEBUG - self.alt: 69.215
2025-07-13 14:58:12,804 - GOAT - DEBUG - Diving out
2025-07-13 14:58:12,804 - GOAT - DEBUG - self.alt: 69.215
2025-07-13 14:58:12,905 - GOAT - DEBUG - Diving out
2025-07-13 14:58:12,905 - GOAT - DEBUG - self.alt: 69.909
2025-07-13 14:58:13,005 - GOAT - DEBUG - Diving out
2025-07-13 14:58:13,005 - GOAT - DEBUG - self.alt: 69.909
2025-07-13 14:58:13,106 - GOAT - DEBUG - Diving out
2025-07-13 14:58:13,106 - GOAT - DEBUG - self.alt: 69.909
2025-07-13 14:58:13,206 - GOAT - DEBUG - Diving out
2025-07-13 14:58:13,206 - GOAT - DEBUG - self.alt: 70.664
2025-07-13 14:58:13,307 - GOAT - DEBUG - Diving out
2025-07-13 14:58:13,307 - GOAT - DEBUG - self.alt: 70.664
2025-07-13 14:58:13,332 - GOAT - DEBUG - self.state: MissionState.DIVING_OUT
2025-07-13 14:58:13,407 - GOAT - DEBUG - Diving out
2025-07-13 14:58:13,407 - GOAT - DEBUG - self.alt: 71.359
2025-07-13 14:58:13,508 - GOAT - DEBUG - Diving out
2025-07-13 14:58:13,508 - GOAT - DEBUG - self.alt: 71.359
2025-07-13 14:58:13,608 - GOAT - DEBUG - Diving out
2025-07-13 14:58:13,608 - GOAT - DEBUG - self.alt: 71.359
2025-07-13 14:58:13,709 - GOAT - DEBUG - Diving out
2025-07-13 14:58:13,709 - GOAT - DEBUG - self.alt: 72.11
2025-07-13 14:58:13,809 - GOAT - DEBUG - Diving out
2025-07-13 14:58:13,809 - GOAT - DEBUG - self.alt: 72.11
2025-07-13 14:58:13,910 - GOAT - DEBUG - Diving out
2025-07-13 14:58:13,910 - GOAT - DEBUG - self.alt: 72.803
2025-07-13 14:58:14,010 - GOAT - DEBUG - Diving out
2025-07-13 14:58:14,010 - GOAT - DEBUG - self.alt: 72.803
2025-07-13 14:58:14,111 - GOAT - DEBUG - Diving out
2025-07-13 14:58:14,111 - GOAT - DEBUG - self.alt: 72.803
2025-07-13 14:58:14,211 - GOAT - DEBUG - Diving out
2025-07-13 14:58:14,211 - GOAT - DEBUG - self.alt: 73.546
2025-07-13 14:58:14,312 - GOAT - DEBUG - Diving out
2025-07-13 14:58:14,312 - GOAT - DEBUG - self.alt: 73.546
2025-07-13 14:58:14,333 - GOAT - DEBUG - self.state: MissionState.DIVING_OUT
2025-07-13 14:58:14,412 - GOAT - DEBUG - Diving out
2025-07-13 14:58:14,412 - GOAT - DEBUG - self.alt: 74.231
2025-07-13 14:58:14,513 - GOAT - DEBUG - Diving out
2025-07-13 14:58:14,513 - GOAT - DEBUG - self.alt: 74.231
2025-07-13 14:58:14,613 - GOAT - DEBUG - Diving out
2025-07-13 14:58:14,613 - GOAT - DEBUG - self.alt: 74.231
2025-07-13 14:58:14,714 - GOAT - DEBUG - Diving out
2025-07-13 14:58:14,714 - GOAT - DEBUG - self.alt: 74.977
2025-07-13 14:58:14,814 - GOAT - DEBUG - Diving out
2025-07-13 14:58:14,814 - GOAT - DEBUG - self.alt: 74.977
2025-07-13 14:58:14,915 - GOAT - DEBUG - Diving out
2025-07-13 14:58:14,915 - GOAT - DEBUG - self.alt: 75.665
2025-07-13 14:58:15,015 - GOAT - DEBUG - Diving out
2025-07-13 14:58:15,016 - GOAT - DEBUG - self.alt: 75.665
2025-07-13 14:58:15,116 - GOAT - DEBUG - Diving out
2025-07-13 14:58:15,116 - GOAT - DEBUG - self.alt: 75.665
2025-07-13 14:58:15,216 - GOAT - DEBUG - Diving out
2025-07-13 14:58:15,217 - GOAT - DEBUG - self.alt: 76.411
2025-07-13 14:58:15,317 - GOAT - DEBUG - Diving out
2025-07-13 14:58:15,317 - GOAT - DEBUG - self.alt: 76.411
2025-07-13 14:58:15,334 - GOAT - DEBUG - self.state: MissionState.DIVING_OUT
2025-07-13 14:58:15,418 - GOAT - DEBUG - Diving out
2025-07-13 14:58:15,418 - GOAT - DEBUG - self.alt: 77.102
2025-07-13 14:58:15,518 - GOAT - DEBUG - Diving out
2025-07-13 14:58:15,518 - GOAT - DEBUG - self.alt: 77.102
2025-07-13 14:58:15,619 - GOAT - DEBUG - Diving out
2025-07-13 14:58:15,619 - GOAT - DEBUG - self.alt: 77.102
2025-07-13 14:58:15,719 - GOAT - DEBUG - Diving out
2025-07-13 14:58:15,719 - GOAT - DEBUG - self.alt: 77.846
2025-07-13 14:58:15,820 - GOAT - DEBUG - Diving out
2025-07-13 14:58:15,820 - GOAT - DEBUG - self.alt: 77.846
2025-07-13 14:58:15,920 - GOAT - DEBUG - Diving out
2025-07-13 14:58:15,921 - GOAT - DEBUG - self.alt: 78.532
2025-07-13 14:58:16,021 - GOAT - DEBUG - Diving out
2025-07-13 14:58:16,021 - GOAT - DEBUG - self.alt: 78.532
2025-07-13 14:58:16,122 - GOAT - DEBUG - Diving out
2025-07-13 14:58:16,122 - GOAT - DEBUG - self.alt: 78.532
2025-07-13 14:58:16,222 - GOAT - DEBUG - Diving out
2025-07-13 14:58:16,222 - GOAT - DEBUG - self.alt: 79.279
2025-07-13 14:58:16,323 - GOAT - DEBUG - Diving out
2025-07-13 14:58:16,323 - GOAT - DEBUG - self.alt: 79.279
2025-07-13 14:58:16,335 - GOAT - DEBUG - self.state: MissionState.DIVING_OUT
2025-07-13 14:58:16,424 - GOAT - DEBUG - Diving out
2025-07-13 14:58:16,424 - GOAT - DEBUG - self.alt: 79.97
2025-07-13 14:58:16,524 - GOAT - DEBUG - Diving out
2025-07-13 14:58:16,524 - GOAT - DEBUG - self.alt: 79.97
2025-07-13 14:58:16,625 - GOAT - DEBUG - Diving out
2025-07-13 14:58:16,625 - GOAT - DEBUG - self.alt: 79.97
2025-07-13 14:58:16,725 - GOAT - DEBUG - Diving out
2025-07-13 14:58:16,725 - GOAT - DEBUG - self.alt: 80.72
2025-07-13 14:58:16,826 - GOAT - DEBUG - Diving out
2025-07-13 14:58:16,826 - GOAT - DEBUG - self.alt: 80.72
2025-07-13 14:58:16,926 - GOAT - DEBUG - Diving out
2025-07-13 14:58:16,926 - GOAT - DEBUG - self.alt: 81.411
2025-07-13 14:58:17,027 - GOAT - DEBUG - Diving out
2025-07-13 14:58:17,027 - GOAT - DEBUG - self.alt: 81.411
2025-07-13 14:58:17,128 - GOAT - DEBUG - Diving out
2025-07-13 14:58:17,128 - GOAT - DEBUG - self.alt: 81.411
2025-07-13 14:58:17,228 - GOAT - DEBUG - Diving out
2025-07-13 14:58:17,228 - GOAT - DEBUG - self.alt: 82.164
2025-07-13 14:58:17,329 - GOAT - DEBUG - Diving out
2025-07-13 14:58:17,329 - GOAT - DEBUG - self.alt: 82.164
2025-07-13 14:58:17,336 - GOAT - DEBUG - self.state: MissionState.DIVING_OUT
2025-07-13 14:58:17,429 - GOAT - DEBUG - Diving out
2025-07-13 14:58:17,429 - GOAT - DEBUG - self.alt: 82.86
2025-07-13 14:58:17,530 - GOAT - DEBUG - Diving out
2025-07-13 14:58:17,530 - GOAT - DEBUG - self.alt: 82.86
2025-07-13 14:58:17,630 - GOAT - DEBUG - Diving out
2025-07-13 14:58:17,631 - GOAT - DEBUG - self.alt: 82.86
2025-07-13 14:58:17,731 - GOAT - DEBUG - Diving out
2025-07-13 14:58:17,731 - GOAT - DEBUG - self.alt: 83.613
2025-07-13 14:58:17,832 - GOAT - DEBUG - Diving out
2025-07-13 14:58:17,832 - GOAT - DEBUG - self.alt: 83.613
2025-07-13 14:58:17,932 - GOAT - DEBUG - Diving out
2025-07-13 14:58:17,932 - GOAT - DEBUG - self.alt: 84.304
2025-07-13 14:58:18,033 - GOAT - DEBUG - Diving out
2025-07-13 14:58:18,033 - GOAT - DEBUG - self.alt: 84.304
2025-07-13 14:58:18,133 - GOAT - DEBUG - Diving out
2025-07-13 14:58:18,133 - GOAT - DEBUG - self.alt: 84.304
2025-07-13 14:58:18,234 - GOAT - DEBUG - Diving out
2025-07-13 14:58:18,234 - GOAT - DEBUG - self.alt: 85.053
2025-07-13 14:58:18,334 - GOAT - DEBUG - Diving out
2025-07-13 14:58:18,334 - GOAT - DEBUG - self.alt: 85.053
2025-07-13 14:58:18,337 - GOAT - DEBUG - self.state: MissionState.DIVING_OUT
2025-07-13 14:58:18,435 - GOAT - DEBUG - Diving out
2025-07-13 14:58:18,435 - GOAT - DEBUG - self.alt: 85.746
2025-07-13 14:58:18,535 - GOAT - DEBUG - Diving out
2025-07-13 14:58:18,535 - GOAT - DEBUG - self.alt: 85.746
2025-07-13 14:58:18,636 - GOAT - DEBUG - Diving out
2025-07-13 14:58:18,636 - GOAT - DEBUG - self.alt: 85.746
2025-07-13 14:58:18,736 - GOAT - DEBUG - Diving out
2025-07-13 14:58:18,736 - GOAT - DEBUG - self.alt: 86.495
2025-07-13 14:58:18,837 - GOAT - DEBUG - Diving out
2025-07-13 14:58:18,837 - GOAT - DEBUG - self.alt: 86.495
2025-07-13 14:58:18,937 - GOAT - DEBUG - Diving out
2025-07-13 14:58:18,938 - GOAT - DEBUG - self.alt: 87.188
2025-07-13 14:58:19,038 - GOAT - DEBUG - Diving out
2025-07-13 14:58:19,038 - GOAT - DEBUG - self.alt: 87.188
2025-07-13 14:58:19,139 - GOAT - DEBUG - Diving out
2025-07-13 14:58:19,139 - GOAT - DEBUG - self.alt: 87.188
2025-07-13 14:58:19,239 - GOAT - DEBUG - Diving out
2025-07-13 14:58:19,239 - GOAT - DEBUG - self.alt: 87.943
2025-07-13 14:58:19,337 - GOAT - DEBUG - self.state: MissionState.DIVING_OUT
2025-07-13 14:58:19,340 - GOAT - DEBUG - Diving out
2025-07-13 14:58:19,340 - GOAT - DEBUG - self.alt: 87.943
2025-07-13 14:58:19,440 - GOAT - DEBUG - Diving out
2025-07-13 14:58:19,440 - GOAT - DEBUG - self.alt: 88.646
2025-07-13 14:58:19,541 - GOAT - DEBUG - Diving out
2025-07-13 14:58:19,541 - GOAT - DEBUG - self.alt: 88.646
2025-07-13 14:58:19,641 - GOAT - DEBUG - Diving out
2025-07-13 14:58:19,642 - GOAT - DEBUG - self.alt: 88.646
2025-07-13 14:58:19,742 - GOAT - DEBUG - Diving out
2025-07-13 14:58:19,742 - GOAT - DEBUG - self.alt: 89.405
2025-07-13 14:58:19,843 - GOAT - DEBUG - Diving out
2025-07-13 14:58:19,843 - GOAT - DEBUG - self.alt: 89.405
2025-07-13 14:58:19,943 - GOAT - DEBUG - Diving out
2025-07-13 14:58:19,943 - GOAT - DEBUG - self.alt: 90.104
2025-07-13 14:58:20,044 - GOAT - DEBUG - Diving out
2025-07-13 14:58:20,044 - GOAT - DEBUG - self.alt: 90.104
2025-07-13 14:58:20,144 - GOAT - DEBUG - Diving out
2025-07-13 14:58:20,145 - GOAT - DEBUG - self.alt: 90.104
2025-07-13 14:58:20,245 - GOAT - DEBUG - Diving out
2025-07-13 14:58:20,245 - GOAT - DEBUG - self.alt: 90.858
2025-07-13 14:58:20,337 - GOAT - DEBUG - self.state: MissionState.DIVING_OUT
2025-07-13 14:58:20,346 - GOAT - DEBUG - Diving out
2025-07-13 14:58:20,346 - GOAT - DEBUG - self.alt: 90.858
2025-07-13 14:58:20,446 - GOAT - DEBUG - Diving out
2025-07-13 14:58:20,446 - GOAT - DEBUG - self.alt: 91.557
2025-07-13 14:58:20,547 - GOAT - DEBUG - Diving out
2025-07-13 14:58:20,547 - GOAT - DEBUG - self.alt: 91.557
2025-07-13 14:58:20,647 - GOAT - DEBUG - Diving out
2025-07-13 14:58:20,647 - GOAT - DEBUG - self.alt: 91.557
2025-07-13 14:58:20,748 - GOAT - DEBUG - Diving out
2025-07-13 14:58:20,748 - GOAT - DEBUG - self.alt: 92.307
2025-07-13 14:58:20,848 - GOAT - DEBUG - Diving out
2025-07-13 14:58:20,848 - GOAT - DEBUG - self.alt: 92.307
2025-07-13 14:58:20,949 - GOAT - DEBUG - Diving out
2025-07-13 14:58:20,949 - GOAT - DEBUG - self.alt: 93.005
2025-07-13 14:58:21,049 - GOAT - DEBUG - Diving out
2025-07-13 14:58:21,049 - GOAT - DEBUG - self.alt: 93.005
2025-07-13 14:58:21,150 - GOAT - DEBUG - Diving out
2025-07-13 14:58:21,150 - GOAT - DEBUG - self.alt: 93.005
2025-07-13 14:58:21,250 - GOAT - DEBUG - Diving out
2025-07-13 14:58:21,250 - GOAT - DEBUG - self.alt: 93.762
2025-07-13 14:58:21,338 - GOAT - DEBUG - self.state: MissionState.DIVING_OUT
2025-07-13 14:58:21,351 - GOAT - DEBUG - Diving out
2025-07-13 14:58:21,351 - GOAT - DEBUG - self.alt: 93.762
2025-07-13 14:58:21,451 - GOAT - DEBUG - Diving out
2025-07-13 14:58:21,451 - GOAT - DEBUG - self.alt: 94.462
2025-07-13 14:58:21,552 - GOAT - DEBUG - Diving out
2025-07-13 14:58:21,552 - GOAT - DEBUG - self.alt: 94.462
2025-07-13 14:58:21,652 - GOAT - DEBUG - Diving out
2025-07-13 14:58:21,652 - GOAT - DEBUG - self.alt: 94.462
2025-07-13 14:58:21,753 - GOAT - DEBUG - Diving out
2025-07-13 14:58:21,753 - GOAT - DEBUG - self.alt: 95.215
2025-07-13 14:58:21,853 - GOAT - DEBUG - Diving out
2025-07-13 14:58:21,853 - GOAT - DEBUG - self.alt: 95.215
2025-07-13 14:58:21,954 - GOAT - DEBUG - Diving out
2025-07-13 14:58:21,954 - GOAT - DEBUG - self.alt: 95.91
2025-07-13 14:58:22,054 - GOAT - DEBUG - Diving out
2025-07-13 14:58:22,054 - GOAT - DEBUG - self.alt: 95.91
2025-07-13 14:58:22,155 - GOAT - DEBUG - Diving out
2025-07-13 14:58:22,155 - GOAT - DEBUG - self.alt: 95.91
2025-07-13 14:58:22,255 - GOAT - DEBUG - Diving out
2025-07-13 14:58:22,255 - GOAT - DEBUG - self.alt: 96.664
2025-07-13 14:58:22,339 - GOAT - DEBUG - self.state: MissionState.DIVING_OUT
2025-07-13 14:58:22,356 - GOAT - DEBUG - Diving out
2025-07-13 14:58:22,356 - GOAT - DEBUG - self.alt: 96.664
2025-07-13 14:58:22,456 - GOAT - DEBUG - Diving out
2025-07-13 14:58:22,456 - GOAT - DEBUG - self.alt: 97.363
2025-07-13 14:58:22,557 - GOAT - DEBUG - Diving out
2025-07-13 14:58:22,557 - GOAT - DEBUG - self.alt: 97.363
2025-07-13 14:58:22,657 - GOAT - DEBUG - Diving out
2025-07-13 14:58:22,657 - GOAT - DEBUG - self.alt: 97.363
2025-07-13 14:58:22,757 - GOAT - DEBUG - Diving out
2025-07-13 14:58:22,757 - GOAT - DEBUG - self.alt: 98.12
2025-07-13 14:58:22,858 - GOAT - DEBUG - Diving out
2025-07-13 14:58:22,858 - GOAT - DEBUG - self.alt: 98.12
2025-07-13 14:58:22,958 - GOAT - DEBUG - Diving out
2025-07-13 14:58:22,958 - GOAT - DEBUG - self.alt: 98.819
2025-07-13 14:58:23,059 - GOAT - DEBUG - Diving out
2025-07-13 14:58:23,059 - GOAT - DEBUG - self.alt: 98.819
2025-07-13 14:58:23,159 - GOAT - DEBUG - Diving out
2025-07-13 14:58:23,159 - GOAT - DEBUG - self.alt: 98.819
2025-07-13 14:58:23,260 - GOAT - DEBUG - Diving out
2025-07-13 14:58:23,260 - GOAT - DEBUG - self.alt: 99.579
2025-07-13 14:58:23,339 - GOAT - DEBUG - self.state: MissionState.DIVING_OUT
2025-07-13 14:58:23,360 - GOAT - DEBUG - Diving out
2025-07-13 14:58:23,360 - GOAT - DEBUG - self.alt: 99.579
2025-07-13 14:58:23,461 - GOAT - DEBUG - Diving out
2025-07-13 14:58:23,461 - GOAT - DEBUG - self.alt: 100.276
2025-07-13 14:58:23,561 - GOAT - DEBUG - Diving out
2025-07-13 14:58:23,561 - GOAT - DEBUG - self.alt: 100.276
2025-07-13 14:58:23,662 - GOAT - DEBUG - Diving out
2025-07-13 14:58:23,662 - GOAT - DEBUG - self.alt: 100.276
2025-07-13 14:58:23,762 - GOAT - DEBUG - Dive out complete.
2025-07-13 14:58:23,791 - GOAT - DEBUG - going to approach destination
2025-07-13 14:58:24,340 - GOAT - DEBUG - self.state: MissionState.GOING_TO_TARGET
2025-07-13 14:58:25,340 - GOAT - DEBUG - self.state: MissionState.GOING_TO_TARGET
2025-07-13 14:58:26,341 - GOAT - DEBUG - self.state: MissionState.GOING_TO_TARGET
2025-07-13 14:58:27,342 - GOAT - DEBUG - self.state: MissionState.GOING_TO_TARGET
2025-07-13 14:58:28,344 - GOAT - DEBUG - self.state: MissionState.GOING_TO_TARGET
2025-07-13 14:58:29,345 - GOAT - DEBUG - self.state: MissionState.GOING_TO_TARGET
2025-07-13 14:58:30,345 - GOAT - DEBUG - self.state: MissionState.GOING_TO_TARGET
2025-07-13 14:58:31,347 - GOAT - DEBUG - self.state: MissionState.GOING_TO_TARGET
2025-07-13 14:58:32,348 - GOAT - DEBUG - self.state: MissionState.GOING_TO_TARGET
2025-07-13 14:58:33,349 - GOAT - DEBUG - self.state: MissionState.GOING_TO_TARGET
2025-07-13 14:58:34,349 - GOAT - DEBUG - self.state: MissionState.GOING_TO_TARGET
2025-07-13 14:58:35,350 - GOAT - DEBUG - self.state: MissionState.GOING_TO_TARGET
2025-07-13 14:58:36,351 - GOAT - DEBUG - self.state: MissionState.GOING_TO_TARGET
2025-07-13 14:58:37,352 - GOAT - DEBUG - self.state: MissionState.GOING_TO_TARGET
2025-07-13 14:58:38,353 - GOAT - DEBUG - self.state: MissionState.GOING_TO_TARGET
2025-07-13 14:58:39,354 - GOAT - DEBUG - self.state: MissionState.GOING_TO_TARGET
2025-07-13 14:58:40,355 - GOAT - DEBUG - self.state: MissionState.GOING_TO_TARGET
2025-07-13 14:58:40,832 - GOAT - DEBUG - Connection closed.
