2025-07-13 14:51:26,943 - GOAT - DEBUG - Mission state is NEUTRAL.
2025-07-13 14:51:26,943 - GOAT - DEBUG - target_lat: 41.102904, target_lon: 28.5456026
2025-07-13 14:51:26,943 - GOAT - DEBUG - start_altitude: 90target_altitude: 30stable_altitude: 100
2025-07-13 14:51:26,943 - GOAT - DEBUG - diving_distance: 5.5109105961630896e-15
2025-07-13 14:51:27,345 - GOAT - DEBUG - Connected to the aircraft.
2025-07-13 14:51:29,350 - GOAT - DEBUG - Received start command from Redis.
2025-07-13 14:51:29,350 - GOAT - DEBUG - Loiter radius set to 20 for kamikaze mission.
2025-07-13 14:51:29,451 - GOAT - DEBUG - going to approach destination
2025-07-13 14:51:30,351 - GOAT - DEBUG - self.state: MissionState.GOING_TO_TARGET
2025-07-13 14:51:31,352 - GOAT - DEBUG - self.state: MissionState.GOING_TO_TARGET
2025-07-13 14:51:32,353 - GOAT - DEBUG - self.state: MissionState.GOING_TO_TARGET
2025-07-13 14:51:33,355 - GOAT - DEBUG - self.state: MissionState.GOING_TO_TARGET
2025-07-13 14:51:34,355 - GOAT - DEBUG - self.state: MissionState.GOING_TO_TARGET
2025-07-13 14:51:35,356 - GOAT - DEBUG - self.state: MissionState.GOING_TO_TARGET
2025-07-13 14:51:36,357 - GOAT - DEBUG - self.state: MissionState.GOING_TO_TARGET
2025-07-13 14:51:37,358 - GOAT - DEBUG - self.state: MissionState.GOING_TO_TARGET
2025-07-13 14:51:38,359 - GOAT - DEBUG - self.state: MissionState.GOING_TO_TARGET
2025-07-13 14:51:39,360 - GOAT - DEBUG - self.state: MissionState.GOING_TO_TARGET
2025-07-13 14:51:40,361 - GOAT - DEBUG - self.state: MissionState.GOING_TO_TARGET
2025-07-13 14:51:41,362 - GOAT - DEBUG - self.state: MissionState.GOING_TO_TARGET
2025-07-13 14:51:42,363 - GOAT - DEBUG - self.state: MissionState.GOING_TO_TARGET
2025-07-13 14:51:43,364 - GOAT - DEBUG - self.state: MissionState.GOING_TO_TARGET
2025-07-13 14:51:44,365 - GOAT - DEBUG - self.state: MissionState.GOING_TO_TARGET
2025-07-13 14:51:45,366 - GOAT - DEBUG - self.state: MissionState.GOING_TO_TARGET
2025-07-13 14:51:46,367 - GOAT - DEBUG - self.state: MissionState.GOING_TO_TARGET
2025-07-13 14:51:47,367 - GOAT - DEBUG - self.state: MissionState.GOING_TO_TARGET
2025-07-13 14:51:48,369 - GOAT - DEBUG - self.state: MissionState.GOING_TO_TARGET
2025-07-13 14:51:49,369 - GOAT - DEBUG - self.state: MissionState.GOING_TO_TARGET
2025-07-13 14:51:50,370 - GOAT - DEBUG - self.state: MissionState.GOING_TO_TARGET
2025-07-13 14:51:51,371 - GOAT - DEBUG - self.state: MissionState.GOING_TO_TARGET
2025-07-13 14:51:52,372 - GOAT - DEBUG - self.state: MissionState.GOING_TO_TARGET
2025-07-13 14:51:53,373 - GOAT - DEBUG - self.state: MissionState.GOING_TO_TARGET
2025-07-13 14:51:54,373 - GOAT - DEBUG - self.state: MissionState.GOING_TO_TARGET
2025-07-13 14:51:55,374 - GOAT - DEBUG - self.state: MissionState.GOING_TO_TARGET
2025-07-13 14:51:56,375 - GOAT - DEBUG - self.state: MissionState.GOING_TO_TARGET
2025-07-13 14:51:57,376 - GOAT - DEBUG - self.state: MissionState.GOING_TO_TARGET
2025-07-13 14:51:58,377 - GOAT - DEBUG - self.state: MissionState.GOING_TO_TARGET
2025-07-13 14:51:58,478 - GOAT - DEBUG - Reached approach destination.
2025-07-13 14:51:58,478 - GOAT - DEBUG - going to target destination
2025-07-13 14:51:59,378 - GOAT - DEBUG - self.state: MissionState.GOING_TO_TARGET
2025-07-13 14:52:00,380 - GOAT - DEBUG - self.state: MissionState.GOING_TO_TARGET
2025-07-13 14:52:01,380 - GOAT - DEBUG - self.state: MissionState.GOING_TO_TARGET
2025-07-13 14:52:02,381 - GOAT - DEBUG - self.state: MissionState.GOING_TO_TARGET
2025-07-13 14:52:03,382 - GOAT - DEBUG - self.state: MissionState.GOING_TO_TARGET
2025-07-13 14:52:04,383 - GOAT - DEBUG - self.state: MissionState.GOING_TO_TARGET
2025-07-13 14:52:05,384 - GOAT - DEBUG - self.state: MissionState.GOING_TO_TARGET
2025-07-13 14:52:06,385 - GOAT - DEBUG - self.state: MissionState.GOING_TO_TARGET
2025-07-13 14:52:07,386 - GOAT - DEBUG - self.state: MissionState.GOING_TO_TARGET
2025-07-13 14:52:08,386 - GOAT - DEBUG - self.state: MissionState.GOING_TO_TARGET
2025-07-13 14:52:09,387 - GOAT - DEBUG - self.state: MissionState.GOING_TO_TARGET
2025-07-13 14:52:10,388 - GOAT - DEBUG - self.state: MissionState.GOING_TO_TARGET
2025-07-13 14:52:11,389 - GOAT - DEBUG - self.state: MissionState.GOING_TO_TARGET
2025-07-13 14:52:12,390 - GOAT - DEBUG - self.state: MissionState.GOING_TO_TARGET
2025-07-13 14:52:13,391 - GOAT - DEBUG - self.state: MissionState.GOING_TO_TARGET
2025-07-13 14:52:14,391 - GOAT - DEBUG - self.state: MissionState.GOING_TO_TARGET
2025-07-13 14:52:15,392 - GOAT - DEBUG - self.state: MissionState.GOING_TO_TARGET
2025-07-13 14:52:16,393 - GOAT - DEBUG - self.state: MissionState.GOING_TO_TARGET
2025-07-13 14:52:17,393 - GOAT - DEBUG - self.state: MissionState.GOING_TO_TARGET
2025-07-13 14:52:18,394 - GOAT - DEBUG - self.state: MissionState.GOING_TO_TARGET
2025-07-13 14:52:19,395 - GOAT - DEBUG - self.state: MissionState.GOING_TO_TARGET
2025-07-13 14:52:20,396 - GOAT - DEBUG - self.state: MissionState.GOING_TO_TARGET
2025-07-13 14:52:21,397 - GOAT - DEBUG - self.state: MissionState.GOING_TO_TARGET
2025-07-13 14:52:22,398 - GOAT - DEBUG - self.state: MissionState.GOING_TO_TARGET
2025-07-13 14:52:23,399 - GOAT - DEBUG - self.state: MissionState.GOING_TO_TARGET
2025-07-13 14:52:24,399 - GOAT - DEBUG - self.state: MissionState.GOING_TO_TARGET
2025-07-13 14:52:25,400 - GOAT - DEBUG - self.state: MissionState.GOING_TO_TARGET
2025-07-13 14:52:26,401 - GOAT - DEBUG - self.state: MissionState.GOING_TO_TARGET
2025-07-13 14:52:27,402 - GOAT - DEBUG - self.state: MissionState.GOING_TO_TARGET
2025-07-13 14:52:28,403 - GOAT - DEBUG - self.state: MissionState.GOING_TO_TARGET
2025-07-13 14:52:29,404 - GOAT - DEBUG - self.state: MissionState.GOING_TO_TARGET
2025-07-13 14:52:30,405 - GOAT - DEBUG - self.state: MissionState.GOING_TO_TARGET
2025-07-13 14:52:31,406 - GOAT - DEBUG - self.state: MissionState.GOING_TO_TARGET
2025-07-13 14:52:32,407 - GOAT - DEBUG - self.state: MissionState.GOING_TO_TARGET
2025-07-13 14:52:33,408 - GOAT - DEBUG - self.state: MissionState.GOING_TO_TARGET
2025-07-13 14:52:34,409 - GOAT - DEBUG - self.state: MissionState.GOING_TO_TARGET
2025-07-13 14:52:35,410 - GOAT - DEBUG - self.state: MissionState.GOING_TO_TARGET
2025-07-13 14:52:36,411 - GOAT - DEBUG - self.state: MissionState.GOING_TO_TARGET
2025-07-13 14:52:37,412 - GOAT - DEBUG - self.state: MissionState.GOING_TO_TARGET
2025-07-13 14:52:38,102 - GOAT - DEBUG - Connection closed.
