2025-07-13 16:35:17,306 - GOAT - DEBUG - Mission state is NEUTRAL.
2025-07-13 16:35:17,307 - GOAT - DEBUG - target_lat: 41.102904, target_lon: 28.5456026
2025-07-13 16:35:17,307 - GOAT - DEBUG - start_altitude: 90target_altitude: 30stable_altitude: 100
2025-07-13 16:35:17,307 - GOAT - DEBUG - diving_distance: 50.34597787063681
2025-07-13 16:35:17,909 - GOAT - DEBUG - Connected to the aircraft.
2025-07-13 16:35:35,137 - GOAT - DEBUG - Received start command from Redis.
2025-07-13 16:35:35,138 - GOAT - DEBUG - Loiter radius set to 20 for kamikaze mission.
2025-07-13 16:35:35,239 - GOAT - DEBUG - going to approach destination
2025-07-13 16:35:36,139 - GOAT - DEBUG - self.state: MissionState.GOING_TO_TARGET
2025-07-13 16:35:37,139 - GOAT - DEBUG - self.state: MissionState.GOING_TO_TARGET
2025-07-13 16:35:38,141 - GOAT - DEBUG - self.state: MissionState.GOING_TO_TARGET
2025-07-13 16:35:39,142 - GOAT - DEBUG - self.state: MissionState.GOING_TO_TARGET
2025-07-13 16:35:40,143 - GOAT - DEBUG - self.state: MissionState.GOING_TO_TARGET
2025-07-13 16:35:41,144 - GOAT - DEBUG - self.state: MissionState.GOING_TO_TARGET
2025-07-13 16:35:42,144 - GOAT - DEBUG - self.state: MissionState.GOING_TO_TARGET
2025-07-13 16:35:43,146 - GOAT - DEBUG - self.state: MissionState.GOING_TO_TARGET
2025-07-13 16:35:44,147 - GOAT - DEBUG - self.state: MissionState.GOING_TO_TARGET
2025-07-13 16:35:45,148 - GOAT - DEBUG - self.state: MissionState.GOING_TO_TARGET
2025-07-13 16:35:46,149 - GOAT - DEBUG - self.state: MissionState.GOING_TO_TARGET
2025-07-13 16:35:47,151 - GOAT - DEBUG - self.state: MissionState.GOING_TO_TARGET
2025-07-13 16:35:48,151 - GOAT - DEBUG - self.state: MissionState.GOING_TO_TARGET
2025-07-13 16:35:49,152 - GOAT - DEBUG - self.state: MissionState.GOING_TO_TARGET
2025-07-13 16:35:50,153 - GOAT - DEBUG - self.state: MissionState.GOING_TO_TARGET
2025-07-13 16:35:51,154 - GOAT - DEBUG - self.state: MissionState.GOING_TO_TARGET
2025-07-13 16:35:52,155 - GOAT - DEBUG - self.state: MissionState.GOING_TO_TARGET
2025-07-13 16:35:53,156 - GOAT - DEBUG - self.state: MissionState.GOING_TO_TARGET
2025-07-13 16:35:54,157 - GOAT - DEBUG - self.state: MissionState.GOING_TO_TARGET
2025-07-13 16:35:55,158 - GOAT - DEBUG - self.state: MissionState.GOING_TO_TARGET
2025-07-13 16:35:56,158 - GOAT - DEBUG - self.state: MissionState.GOING_TO_TARGET
2025-07-13 16:35:57,159 - GOAT - DEBUG - self.state: MissionState.GOING_TO_TARGET
2025-07-13 16:35:58,160 - GOAT - DEBUG - self.state: MissionState.GOING_TO_TARGET
2025-07-13 16:35:59,161 - GOAT - DEBUG - self.state: MissionState.GOING_TO_TARGET
2025-07-13 16:36:00,162 - GOAT - DEBUG - self.state: MissionState.GOING_TO_TARGET
2025-07-13 16:36:01,163 - GOAT - DEBUG - self.state: MissionState.GOING_TO_TARGET
2025-07-13 16:36:01,170 - GOAT - DEBUG - Reached approach destination.
2025-07-13 16:36:01,170 - GOAT - DEBUG - going to target destination
2025-07-13 16:36:02,164 - GOAT - DEBUG - self.state: MissionState.GOING_TO_TARGET
2025-07-13 16:36:03,165 - GOAT - DEBUG - self.state: MissionState.GOING_TO_TARGET
2025-07-13 16:36:04,166 - GOAT - DEBUG - self.state: MissionState.GOING_TO_TARGET
2025-07-13 16:36:05,167 - GOAT - DEBUG - self.state: MissionState.GOING_TO_TARGET
2025-07-13 16:36:06,168 - GOAT - DEBUG - self.state: MissionState.GOING_TO_TARGET
2025-07-13 16:36:07,169 - GOAT - DEBUG - self.state: MissionState.GOING_TO_TARGET
2025-07-13 16:36:08,170 - GOAT - DEBUG - self.state: MissionState.GOING_TO_TARGET
2025-07-13 16:36:09,172 - GOAT - DEBUG - self.state: MissionState.GOING_TO_TARGET
2025-07-13 16:36:10,173 - GOAT - DEBUG - self.state: MissionState.GOING_TO_TARGET
2025-07-13 16:36:11,173 - GOAT - DEBUG - self.state: MissionState.GOING_TO_TARGET
2025-07-13 16:36:12,174 - GOAT - DEBUG - self.state: MissionState.GOING_TO_TARGET
2025-07-13 16:36:13,176 - GOAT - DEBUG - self.state: MissionState.GOING_TO_TARGET
2025-07-13 16:36:14,176 - GOAT - DEBUG - self.state: MissionState.GOING_TO_TARGET
2025-07-13 16:36:15,178 - GOAT - DEBUG - self.state: MissionState.GOING_TO_TARGET
2025-07-13 16:36:16,179 - GOAT - DEBUG - self.state: MissionState.GOING_TO_TARGET
2025-07-13 16:36:17,179 - GOAT - DEBUG - self.state: MissionState.GOING_TO_TARGET
2025-07-13 16:36:18,180 - GOAT - DEBUG - self.state: MissionState.GOING_TO_TARGET
2025-07-13 16:36:19,181 - GOAT - DEBUG - self.state: MissionState.GOING_TO_TARGET
2025-07-13 16:36:20,182 - GOAT - DEBUG - self.state: MissionState.GOING_TO_TARGET
2025-07-13 16:36:21,183 - GOAT - DEBUG - self.state: MissionState.GOING_TO_TARGET
2025-07-13 16:36:22,184 - GOAT - DEBUG - self.state: MissionState.GOING_TO_TARGET
2025-07-13 16:36:23,185 - GOAT - DEBUG - self.state: MissionState.GOING_TO_TARGET
2025-07-13 16:36:24,186 - GOAT - DEBUG - self.state: MissionState.GOING_TO_TARGET
2025-07-13 16:36:25,187 - GOAT - DEBUG - self.state: MissionState.GOING_TO_TARGET
2025-07-13 16:36:26,188 - GOAT - DEBUG - self.state: MissionState.GOING_TO_TARGET
2025-07-13 16:36:27,189 - GOAT - DEBUG - self.state: MissionState.GOING_TO_TARGET
2025-07-13 16:36:28,189 - GOAT - DEBUG - self.state: MissionState.GOING_TO_TARGET
2025-07-13 16:36:29,189 - GOAT - DEBUG - self.state: MissionState.GOING_TO_TARGET
2025-07-13 16:36:29,311 - GOAT - DEBUG - Reached target destination.
2025-07-13 16:36:29,311 - GOAT - DEBUG - Target reached, diving in.
2025-07-13 16:36:29,311 - GOAT - DEBUG - state == MissionState.DIVING_IN
2025-07-13 16:36:30,190 - GOAT - DEBUG - self.state: MissionState.DIVING_IN
2025-07-13 16:36:30,191 - GOAT - DEBUG - Diving in
2025-07-13 16:36:30,191 - GOAT - DEBUG -  RADİAN PITCH == 0.8726646259971648
2025-07-13 16:36:30,191 - GOAT - DEBUG - altitude: 89.546
2025-07-13 16:36:31,192 - GOAT - DEBUG - self.state: MissionState.DIVING_IN
2025-07-13 16:36:31,192 - GOAT - DEBUG - Diving in
2025-07-13 16:36:31,192 - GOAT - DEBUG -  RADİAN PITCH == 0.8726646259971648
2025-07-13 16:36:31,193 - GOAT - DEBUG - altitude: 90.494
2025-07-13 16:36:32,194 - GOAT - DEBUG - self.state: MissionState.DIVING_IN
2025-07-13 16:36:32,194 - GOAT - DEBUG - Diving in
2025-07-13 16:36:32,195 - GOAT - DEBUG -  RADİAN PITCH == 0.8726646259971648
2025-07-13 16:36:32,195 - GOAT - DEBUG - altitude: 85.247
2025-07-13 16:36:33,195 - GOAT - DEBUG - self.state: MissionState.DIVING_IN
2025-07-13 16:36:33,195 - GOAT - DEBUG - Diving in
2025-07-13 16:36:33,195 - GOAT - DEBUG -  RADİAN PITCH == 0.8726646259971648
2025-07-13 16:36:33,196 - GOAT - DEBUG - altitude: 71.194
2025-07-13 16:36:34,196 - GOAT - DEBUG - self.state: MissionState.DIVING_IN
2025-07-13 16:36:34,196 - GOAT - DEBUG - Diving in
2025-07-13 16:36:34,196 - GOAT - DEBUG -  RADİAN PITCH == 0.8726646259971648
2025-07-13 16:36:34,196 - GOAT - DEBUG - altitude: 54.265
2025-07-13 16:36:35,196 - GOAT - DEBUG - self.state: MissionState.DIVING_IN
2025-07-13 16:36:35,197 - GOAT - DEBUG - Diving in
2025-07-13 16:36:35,197 - GOAT - DEBUG -  RADİAN PITCH == 0.8726646259971648
2025-07-13 16:36:35,197 - GOAT - DEBUG - altitude: 37.624
2025-07-13 16:36:36,198 - GOAT - DEBUG - self.state: MissionState.DIVING_IN
2025-07-13 16:36:36,198 - GOAT - DEBUG - Diving in
2025-07-13 16:36:36,198 - GOAT - DEBUG - Altitude is less than 30 meters
2025-07-13 16:36:36,198 - GOAT - DEBUG - altitude: 19.809
2025-07-13 16:36:36,217 - GOAT - DEBUG - Diving out
2025-07-13 16:36:36,218 - GOAT - DEBUG - self.alt: 19.809
2025-07-13 16:36:36,318 - GOAT - DEBUG - Diving out
2025-07-13 16:36:36,318 - GOAT - DEBUG - self.alt: 19.809
2025-07-13 16:36:36,418 - GOAT - DEBUG - Diving out
2025-07-13 16:36:36,419 - GOAT - DEBUG - self.alt: 15.072
2025-07-13 16:36:36,519 - GOAT - DEBUG - Diving out
2025-07-13 16:36:36,519 - GOAT - DEBUG - self.alt: 15.072
2025-07-13 16:36:36,620 - GOAT - DEBUG - Diving out
2025-07-13 16:36:36,620 - GOAT - DEBUG - self.alt: 10.808
2025-07-13 16:36:36,720 - GOAT - DEBUG - Diving out
2025-07-13 16:36:36,721 - GOAT - DEBUG - self.alt: 10.808
2025-07-13 16:36:36,821 - GOAT - DEBUG - Diving out
2025-07-13 16:36:36,822 - GOAT - DEBUG - self.alt: 10.808
2025-07-13 16:36:36,922 - GOAT - DEBUG - Diving out
2025-07-13 16:36:36,922 - GOAT - DEBUG - self.alt: 6.934
2025-07-13 16:36:37,023 - GOAT - DEBUG - Diving out
2025-07-13 16:36:37,023 - GOAT - DEBUG - self.alt: 6.934
2025-07-13 16:36:37,123 - GOAT - DEBUG - Diving out
2025-07-13 16:36:37,123 - GOAT - DEBUG - self.alt: 6.934
2025-07-13 16:36:37,199 - GOAT - DEBUG - self.state: MissionState.DIVING_OUT
2025-07-13 16:36:37,224 - GOAT - DEBUG - Diving out
2025-07-13 16:36:37,224 - GOAT - DEBUG - self.alt: 4.51
2025-07-13 16:36:37,325 - GOAT - DEBUG - Diving out
2025-07-13 16:36:37,325 - GOAT - DEBUG - self.alt: 4.51
2025-07-13 16:36:37,425 - GOAT - DEBUG - Diving out
2025-07-13 16:36:37,425 - GOAT - DEBUG - self.alt: 4.51
2025-07-13 16:36:37,526 - GOAT - DEBUG - Diving out
2025-07-13 16:36:37,527 - GOAT - DEBUG - self.alt: 3.368
2025-07-13 16:36:37,627 - GOAT - DEBUG - Diving out
2025-07-13 16:36:37,627 - GOAT - DEBUG - self.alt: 3.368
2025-07-13 16:36:37,728 - GOAT - DEBUG - Diving out
2025-07-13 16:36:37,728 - GOAT - DEBUG - self.alt: 3.368
2025-07-13 16:36:37,829 - GOAT - DEBUG - Diving out
2025-07-13 16:36:37,829 - GOAT - DEBUG - self.alt: 3.637
2025-07-13 16:36:37,929 - GOAT - DEBUG - Diving out
2025-07-13 16:36:37,929 - GOAT - DEBUG - self.alt: 3.637
2025-07-13 16:36:38,030 - GOAT - DEBUG - Diving out
2025-07-13 16:36:38,030 - GOAT - DEBUG - self.alt: 4.989
2025-07-13 16:36:38,131 - GOAT - DEBUG - Diving out
2025-07-13 16:36:38,131 - GOAT - DEBUG - self.alt: 4.989
2025-07-13 16:36:38,200 - GOAT - DEBUG - self.state: MissionState.DIVING_OUT
2025-07-13 16:36:38,231 - GOAT - DEBUG - Diving out
2025-07-13 16:36:38,231 - GOAT - DEBUG - self.alt: 4.989
2025-07-13 16:36:38,332 - GOAT - DEBUG - Diving out
2025-07-13 16:36:38,332 - GOAT - DEBUG - self.alt: 6.714
2025-07-13 16:36:38,433 - GOAT - DEBUG - Diving out
2025-07-13 16:36:38,433 - GOAT - DEBUG - self.alt: 6.714
2025-07-13 16:36:38,533 - GOAT - DEBUG - Diving out
2025-07-13 16:36:38,533 - GOAT - DEBUG - self.alt: 6.714
2025-07-13 16:36:38,634 - GOAT - DEBUG - Diving out
2025-07-13 16:36:38,634 - GOAT - DEBUG - self.alt: 8.654
2025-07-13 16:36:38,735 - GOAT - DEBUG - Diving out
2025-07-13 16:36:38,735 - GOAT - DEBUG - self.alt: 8.654
2025-07-13 16:36:38,836 - GOAT - DEBUG - Diving out
2025-07-13 16:36:38,836 - GOAT - DEBUG - self.alt: 10.259
2025-07-13 16:36:38,936 - GOAT - DEBUG - Diving out
2025-07-13 16:36:38,936 - GOAT - DEBUG - self.alt: 10.259
2025-07-13 16:36:39,037 - GOAT - DEBUG - Diving out
2025-07-13 16:36:39,037 - GOAT - DEBUG - self.alt: 10.259
2025-07-13 16:36:39,137 - GOAT - DEBUG - Diving out
2025-07-13 16:36:39,138 - GOAT - DEBUG - self.alt: 11.66
2025-07-13 16:36:39,201 - GOAT - DEBUG - self.state: MissionState.DIVING_OUT
2025-07-13 16:36:39,238 - GOAT - DEBUG - Diving out
2025-07-13 16:36:39,238 - GOAT - DEBUG - self.alt: 11.66
2025-07-13 16:36:39,339 - GOAT - DEBUG - Diving out
2025-07-13 16:36:39,339 - GOAT - DEBUG - self.alt: 12.617
2025-07-13 16:36:39,440 - GOAT - DEBUG - Diving out
2025-07-13 16:36:39,440 - GOAT - DEBUG - self.alt: 12.617
2025-07-13 16:36:39,540 - GOAT - DEBUG - Diving out
2025-07-13 16:36:39,540 - GOAT - DEBUG - self.alt: 12.617
2025-07-13 16:36:39,641 - GOAT - DEBUG - Diving out
2025-07-13 16:36:39,641 - GOAT - DEBUG - self.alt: 13.36
2025-07-13 16:36:39,742 - GOAT - DEBUG - Diving out
2025-07-13 16:36:39,742 - GOAT - DEBUG - self.alt: 13.36
2025-07-13 16:36:39,843 - GOAT - DEBUG - Diving out
2025-07-13 16:36:39,843 - GOAT - DEBUG - self.alt: 13.87
2025-07-13 16:36:39,943 - GOAT - DEBUG - Diving out
2025-07-13 16:36:39,943 - GOAT - DEBUG - self.alt: 13.87
2025-07-13 16:36:40,044 - GOAT - DEBUG - Diving out
2025-07-13 16:36:40,044 - GOAT - DEBUG - self.alt: 13.87
2025-07-13 16:36:40,144 - GOAT - DEBUG - Diving out
2025-07-13 16:36:40,145 - GOAT - DEBUG - self.alt: 14.349
2025-07-13 16:36:40,201 - GOAT - DEBUG - self.state: MissionState.DIVING_OUT
2025-07-13 16:36:40,245 - GOAT - DEBUG - Diving out
2025-07-13 16:36:40,246 - GOAT - DEBUG - self.alt: 14.349
2025-07-13 16:36:40,347 - GOAT - DEBUG - Diving out
2025-07-13 16:36:40,347 - GOAT - DEBUG - self.alt: 14.349
2025-07-13 16:36:40,447 - GOAT - DEBUG - Diving out
2025-07-13 16:36:40,447 - GOAT - DEBUG - self.alt: 14.808
2025-07-13 16:36:40,548 - GOAT - DEBUG - Diving out
2025-07-13 16:36:40,548 - GOAT - DEBUG - self.alt: 14.808
2025-07-13 16:36:40,649 - GOAT - DEBUG - Diving out
2025-07-13 16:36:40,649 - GOAT - DEBUG - self.alt: 15.377
2025-07-13 16:36:40,749 - GOAT - DEBUG - Diving out
2025-07-13 16:36:40,750 - GOAT - DEBUG - self.alt: 15.377
2025-07-13 16:36:40,850 - GOAT - DEBUG - Diving out
2025-07-13 16:36:40,850 - GOAT - DEBUG - self.alt: 15.377
2025-07-13 16:36:40,951 - GOAT - DEBUG - Diving out
2025-07-13 16:36:40,951 - GOAT - DEBUG - self.alt: 15.967
2025-07-13 16:36:41,052 - GOAT - DEBUG - Diving out
2025-07-13 16:36:41,052 - GOAT - DEBUG - self.alt: 15.967
2025-07-13 16:36:41,152 - GOAT - DEBUG - Diving out
2025-07-13 16:36:41,152 - GOAT - DEBUG - self.alt: 16.653
2025-07-13 16:36:41,203 - GOAT - DEBUG - self.state: MissionState.DIVING_OUT
2025-07-13 16:36:41,253 - GOAT - DEBUG - Diving out
2025-07-13 16:36:41,253 - GOAT - DEBUG - self.alt: 16.653
2025-07-13 16:36:41,266 - GOAT - DEBUG - Connection closed.
