2025-07-14 08:20:57,830 - GOAT - DEBUG - Mission state is NEUTRAL.
2025-07-14 08:20:57,830 - GOAT - DEBUG - target_lat: 41.102904, target_lon: 28.5456026
2025-07-14 08:20:57,830 - GOAT - DEBUG - start_altitude: 90target_altitude: 40stable_altitude: 100
2025-07-14 08:20:57,830 - GOAT - DEBUG - diving_distance: 100
2025-07-14 08:21:08,558 - GOAT - DEBUG - Connected to the aircraft.
2025-07-14 08:22:04,117 - GOAT - DEBUG - ALTITUDE LOG ZERO !!!
2025-07-14 08:22:04,127 - GOAT - DEBUG - ALTITUDE LOG ZERO !!!
2025-07-14 08:22:04,138 - GOAT - DEBUG - ALTITUDE LOG ZERO !!!
2025-07-14 08:22:04,148 - GOAT - DEBUG - ALTITUDE LOG ZERO !!!
2025-07-14 08:22:04,159 - GOAT - DEBUG - ALTITUDE LOG ZERO !!!
2025-07-14 08:22:04,169 - GOAT - DEBUG - ALTITUDE LOG ZERO !!!
2025-07-14 08:22:04,180 - GOAT - DEBUG - ALTITUDE LOG ZERO !!!
2025-07-14 08:22:04,190 - GOAT - DEBUG - ALTITUDE LOG ZERO !!!
2025-07-14 08:22:04,201 - GOAT - DEBUG - ALTITUDE LOG ZERO !!!
2025-07-14 08:22:04,211 - GOAT - DEBUG - ALTITUDE LOG ZERO !!!
2025-07-14 08:22:04,222 - GOAT - DEBUG - ALTITUDE LOG ZERO !!!
2025-07-14 08:22:04,232 - GOAT - DEBUG - ALTITUDE LOG ZERO !!!
2025-07-14 08:22:04,243 - GOAT - DEBUG - ALTITUDE LOG ZERO !!!
2025-07-14 08:22:04,253 - GOAT - DEBUG - ALTITUDE LOG ZERO !!!
2025-07-14 08:22:04,264 - GOAT - DEBUG - ALTITUDE LOG ZERO !!!
2025-07-14 08:22:04,274 - GOAT - DEBUG - ALTITUDE LOG ZERO !!!
2025-07-14 08:22:04,285 - GOAT - DEBUG - ALTITUDE LOG ZERO !!!
2025-07-14 08:22:04,295 - GOAT - DEBUG - ALTITUDE LOG ZERO !!!
2025-07-14 08:22:04,306 - GOAT - DEBUG - ALTITUDE LOG ZERO !!!
2025-07-14 08:22:04,317 - GOAT - DEBUG - ALTITUDE LOG ZERO !!!
2025-07-14 08:22:04,327 - GOAT - DEBUG - ALTITUDE LOG ZERO !!!
2025-07-14 08:22:04,338 - GOAT - DEBUG - ALTITUDE LOG ZERO !!!
2025-07-14 08:22:04,348 - GOAT - DEBUG - ALTITUDE LOG ZERO !!!
2025-07-14 08:22:04,359 - GOAT - DEBUG - ALTITUDE LOG ZERO !!!
2025-07-14 08:22:04,369 - GOAT - DEBUG - ALTITUDE LOG ZERO !!!
2025-07-14 08:22:04,380 - GOAT - DEBUG - ALTITUDE LOG ZERO !!!
2025-07-14 08:22:04,391 - GOAT - DEBUG - ALTITUDE LOG ZERO !!!
2025-07-14 08:22:04,401 - GOAT - DEBUG - ALTITUDE LOG ZERO !!!
2025-07-14 08:22:04,412 - GOAT - DEBUG - ALTITUDE LOG ZERO !!!
2025-07-14 08:22:04,422 - GOAT - DEBUG - ALTITUDE LOG ZERO !!!
2025-07-14 08:22:04,433 - GOAT - DEBUG - ALTITUDE LOG ZERO !!!
2025-07-14 08:22:04,443 - GOAT - DEBUG - ALTITUDE LOG ZERO !!!
2025-07-14 08:22:04,454 - GOAT - DEBUG - ALTITUDE LOG ZERO !!!
2025-07-14 08:22:04,464 - GOAT - DEBUG - ALTITUDE LOG ZERO !!!
2025-07-14 08:22:04,475 - GOAT - DEBUG - ALTITUDE LOG ZERO !!!
2025-07-14 08:22:04,485 - GOAT - DEBUG - ALTITUDE LOG ZERO !!!
2025-07-14 08:22:04,496 - GOAT - DEBUG - ALTITUDE LOG ZERO !!!
2025-07-14 08:22:04,507 - GOAT - DEBUG - ALTITUDE LOG ZERO !!!
2025-07-14 08:22:04,517 - GOAT - DEBUG - ALTITUDE LOG ZERO !!!
2025-07-14 08:22:04,528 - GOAT - DEBUG - ALTITUDE LOG ZERO !!!
2025-07-14 08:22:04,538 - GOAT - DEBUG - ALTITUDE LOG ZERO !!!
2025-07-14 08:22:04,549 - GOAT - DEBUG - ALTITUDE LOG ZERO !!!
2025-07-14 08:22:04,559 - GOAT - DEBUG - ALTITUDE LOG ZERO !!!
2025-07-14 08:22:04,570 - GOAT - DEBUG - ALTITUDE LOG ZERO !!!
2025-07-14 08:22:04,580 - GOAT - DEBUG - ALTITUDE LOG ZERO !!!
2025-07-14 08:22:04,591 - GOAT - DEBUG - ALTITUDE LOG ZERO !!!
2025-07-14 08:22:04,602 - GOAT - DEBUG - ALTITUDE LOG ZERO !!!
2025-07-14 08:22:04,612 - GOAT - DEBUG - ALTITUDE LOG ZERO !!!
2025-07-14 08:22:04,623 - GOAT - DEBUG - ALTITUDE LOG ZERO !!!
2025-07-14 08:22:04,633 - GOAT - DEBUG - ALTITUDE LOG ZERO !!!
2025-07-14 08:22:04,644 - GOAT - DEBUG - ALTITUDE LOG ZERO !!!
2025-07-14 08:22:04,655 - GOAT - DEBUG - ALTITUDE LOG ZERO !!!
2025-07-14 08:22:04,665 - GOAT - DEBUG - ALTITUDE LOG ZERO !!!
2025-07-14 08:22:58,250 - GOAT - DEBUG - ALTITUDE LOG ZERO !!!
2025-07-14 08:22:58,261 - GOAT - DEBUG - ALTITUDE LOG ZERO !!!
2025-07-14 08:22:58,272 - GOAT - DEBUG - ALTITUDE LOG ZERO !!!
2025-07-14 08:22:58,283 - GOAT - DEBUG - ALTITUDE LOG ZERO !!!
2025-07-14 08:22:58,294 - GOAT - DEBUG - ALTITUDE LOG ZERO !!!
2025-07-14 08:22:58,304 - GOAT - DEBUG - ALTITUDE LOG ZERO !!!
2025-07-14 08:22:58,315 - GOAT - DEBUG - ALTITUDE LOG ZERO !!!
2025-07-14 08:22:58,325 - GOAT - DEBUG - ALTITUDE LOG ZERO !!!
2025-07-14 08:22:58,336 - GOAT - DEBUG - ALTITUDE LOG ZERO !!!
2025-07-14 08:22:58,346 - GOAT - DEBUG - ALTITUDE LOG ZERO !!!
2025-07-14 08:22:58,357 - GOAT - DEBUG - ALTITUDE LOG ZERO !!!
2025-07-14 08:22:58,367 - GOAT - DEBUG - ALTITUDE LOG ZERO !!!
2025-07-14 08:22:58,378 - GOAT - DEBUG - ALTITUDE LOG ZERO !!!
2025-07-14 08:22:58,388 - GOAT - DEBUG - ALTITUDE LOG ZERO !!!
2025-07-14 08:22:58,399 - GOAT - DEBUG - ALTITUDE LOG ZERO !!!
2025-07-14 08:22:58,409 - GOAT - DEBUG - ALTITUDE LOG ZERO !!!
2025-07-14 08:22:58,420 - GOAT - DEBUG - ALTITUDE LOG ZERO !!!
2025-07-14 08:22:58,430 - GOAT - DEBUG - ALTITUDE LOG ZERO !!!
2025-07-14 08:22:58,441 - GOAT - DEBUG - ALTITUDE LOG ZERO !!!
2025-07-14 08:22:58,451 - GOAT - DEBUG - ALTITUDE LOG ZERO !!!
2025-07-14 08:22:58,462 - GOAT - DEBUG - ALTITUDE LOG ZERO !!!
2025-07-14 08:22:58,472 - GOAT - DEBUG - ALTITUDE LOG ZERO !!!
2025-07-14 08:22:58,482 - GOAT - DEBUG - ALTITUDE LOG ZERO !!!
2025-07-14 08:22:58,493 - GOAT - DEBUG - ALTITUDE LOG ZERO !!!
2025-07-14 08:22:58,503 - GOAT - DEBUG - ALTITUDE LOG ZERO !!!
2025-07-14 08:22:58,514 - GOAT - DEBUG - ALTITUDE LOG ZERO !!!
2025-07-14 08:22:58,525 - GOAT - DEBUG - ALTITUDE LOG ZERO !!!
2025-07-14 08:22:58,535 - GOAT - DEBUG - ALTITUDE LOG ZERO !!!
2025-07-14 08:22:58,546 - GOAT - DEBUG - ALTITUDE LOG ZERO !!!
2025-07-14 08:22:58,556 - GOAT - DEBUG - ALTITUDE LOG ZERO !!!
2025-07-14 08:22:58,567 - GOAT - DEBUG - ALTITUDE LOG ZERO !!!
2025-07-14 08:22:58,577 - GOAT - DEBUG - ALTITUDE LOG ZERO !!!
2025-07-14 08:22:58,588 - GOAT - DEBUG - ALTITUDE LOG ZERO !!!
2025-07-14 08:22:58,598 - GOAT - DEBUG - ALTITUDE LOG ZERO !!!
2025-07-14 08:22:58,609 - GOAT - DEBUG - ALTITUDE LOG ZERO !!!
2025-07-14 08:22:58,619 - GOAT - DEBUG - ALTITUDE LOG ZERO !!!
2025-07-14 08:22:58,630 - GOAT - DEBUG - ALTITUDE LOG ZERO !!!
2025-07-14 08:22:58,640 - GOAT - DEBUG - ALTITUDE LOG ZERO !!!
2025-07-14 08:22:58,651 - GOAT - DEBUG - ALTITUDE LOG ZERO !!!
2025-07-14 08:23:04,575 - GOAT - DEBUG - ALTITUDE LOG ZERO !!!
2025-07-14 08:23:04,586 - GOAT - DEBUG - ALTITUDE LOG ZERO !!!
2025-07-14 08:23:04,598 - GOAT - DEBUG - ALTITUDE LOG ZERO !!!
2025-07-14 08:23:04,608 - GOAT - DEBUG - ALTITUDE LOG ZERO !!!
2025-07-14 08:23:04,619 - GOAT - DEBUG - ALTITUDE LOG ZERO !!!
2025-07-14 08:23:04,630 - GOAT - DEBUG - ALTITUDE LOG ZERO !!!
2025-07-14 08:23:04,640 - GOAT - DEBUG - ALTITUDE LOG ZERO !!!
2025-07-14 08:23:04,651 - GOAT - DEBUG - ALTITUDE LOG ZERO !!!
2025-07-14 08:23:04,661 - GOAT - DEBUG - ALTITUDE LOG ZERO !!!
2025-07-14 08:23:04,672 - GOAT - DEBUG - ALTITUDE LOG ZERO !!!
2025-07-14 08:23:04,683 - GOAT - DEBUG - ALTITUDE LOG ZERO !!!
2025-07-14 08:23:04,693 - GOAT - DEBUG - ALTITUDE LOG ZERO !!!
2025-07-14 08:23:04,704 - GOAT - DEBUG - ALTITUDE LOG ZERO !!!
2025-07-14 08:23:04,714 - GOAT - DEBUG - ALTITUDE LOG ZERO !!!
2025-07-14 08:23:04,725 - GOAT - DEBUG - ALTITUDE LOG ZERO !!!
2025-07-14 08:23:04,735 - GOAT - DEBUG - ALTITUDE LOG ZERO !!!
2025-07-14 08:23:04,746 - GOAT - DEBUG - ALTITUDE LOG ZERO !!!
2025-07-14 08:23:04,756 - GOAT - DEBUG - ALTITUDE LOG ZERO !!!
2025-07-14 08:23:04,767 - GOAT - DEBUG - ALTITUDE LOG ZERO !!!
2025-07-14 08:23:04,777 - GOAT - DEBUG - ALTITUDE LOG ZERO !!!
2025-07-14 08:23:04,788 - GOAT - DEBUG - ALTITUDE LOG ZERO !!!
2025-07-14 08:23:04,798 - GOAT - DEBUG - ALTITUDE LOG ZERO !!!
2025-07-14 08:23:04,809 - GOAT - DEBUG - ALTITUDE LOG ZERO !!!
2025-07-14 08:23:04,819 - GOAT - DEBUG - ALTITUDE LOG ZERO !!!
2025-07-14 08:23:04,830 - GOAT - DEBUG - ALTITUDE LOG ZERO !!!
2025-07-14 08:23:04,840 - GOAT - DEBUG - ALTITUDE LOG ZERO !!!
2025-07-14 08:23:04,850 - GOAT - DEBUG - ALTITUDE LOG ZERO !!!
2025-07-14 08:23:04,861 - GOAT - DEBUG - ALTITUDE LOG ZERO !!!
2025-07-14 08:23:04,872 - GOAT - DEBUG - ALTITUDE LOG ZERO !!!
2025-07-14 08:23:04,882 - GOAT - DEBUG - ALTITUDE LOG ZERO !!!
2025-07-14 08:23:04,893 - GOAT - DEBUG - ALTITUDE LOG ZERO !!!
2025-07-14 08:23:04,903 - GOAT - DEBUG - ALTITUDE LOG ZERO !!!
2025-07-14 08:23:04,914 - GOAT - DEBUG - ALTITUDE LOG ZERO !!!
2025-07-14 08:23:04,924 - GOAT - DEBUG - ALTITUDE LOG ZERO !!!
2025-07-14 08:23:04,935 - GOAT - DEBUG - ALTITUDE LOG ZERO !!!
2025-07-14 08:23:04,945 - GOAT - DEBUG - ALTITUDE LOG ZERO !!!
2025-07-14 08:23:04,956 - GOAT - DEBUG - ALTITUDE LOG ZERO !!!
2025-07-14 08:23:04,966 - GOAT - DEBUG - ALTITUDE LOG ZERO !!!
2025-07-14 08:23:04,977 - GOAT - DEBUG - ALTITUDE LOG ZERO !!!
2025-07-14 08:23:04,987 - GOAT - DEBUG - ALTITUDE LOG ZERO !!!
2025-07-14 08:23:04,998 - GOAT - DEBUG - ALTITUDE LOG ZERO !!!
2025-07-14 08:23:05,008 - GOAT - DEBUG - ALTITUDE LOG ZERO !!!
2025-07-14 08:23:05,019 - GOAT - DEBUG - ALTITUDE LOG ZERO !!!
2025-07-14 08:23:05,030 - GOAT - DEBUG - ALTITUDE LOG ZERO !!!
2025-07-14 08:23:05,040 - GOAT - DEBUG - ALTITUDE LOG ZERO !!!
2025-07-14 08:23:05,051 - GOAT - DEBUG - ALTITUDE LOG ZERO !!!
2025-07-14 08:23:05,061 - GOAT - DEBUG - ALTITUDE LOG ZERO !!!
2025-07-14 08:23:05,072 - GOAT - DEBUG - ALTITUDE LOG ZERO !!!
2025-07-14 08:23:05,082 - GOAT - DEBUG - ALTITUDE LOG ZERO !!!
2025-07-14 08:23:05,093 - GOAT - DEBUG - ALTITUDE LOG ZERO !!!
2025-07-14 08:23:05,103 - GOAT - DEBUG - ALTITUDE LOG ZERO !!!
2025-07-14 08:23:05,114 - GOAT - DEBUG - ALTITUDE LOG ZERO !!!
2025-07-14 08:23:05,124 - GOAT - DEBUG - ALTITUDE LOG ZERO !!!
2025-07-14 08:23:05,135 - GOAT - DEBUG - ALTITUDE LOG ZERO !!!
2025-07-14 08:23:05,145 - GOAT - DEBUG - ALTITUDE LOG ZERO !!!
2025-07-14 08:23:05,156 - GOAT - DEBUG - ALTITUDE LOG ZERO !!!
2025-07-14 08:23:05,166 - GOAT - DEBUG - ALTITUDE LOG ZERO !!!
2025-07-14 08:23:05,177 - GOAT - DEBUG - ALTITUDE LOG ZERO !!!
2025-07-14 08:23:05,188 - GOAT - DEBUG - ALTITUDE LOG ZERO !!!
2025-07-14 08:23:05,198 - GOAT - DEBUG - ALTITUDE LOG ZERO !!!
2025-07-14 08:23:05,209 - GOAT - DEBUG - ALTITUDE LOG ZERO !!!
2025-07-14 08:23:05,220 - GOAT - DEBUG - ALTITUDE LOG ZERO !!!
2025-07-14 08:23:28,144 - GOAT - DEBUG - Connection closed.
