2025-07-14 15:35:51,257 - GOAT - DEBUG - Mission state is NEUTRAL.
2025-07-14 15:35:51,258 - GOAT - DEBUG - target_lat: 41.1015841, target_lon: 28.5525204
2025-07-14 15:35:51,258 - GOAT - DEBUG - start_altitude: 105target_altitude: 70stable_altitude: 80
2025-07-14 15:35:51,258 - GOAT - DEBUG - diving_distance: 100
2025-07-14 15:36:17,003 - GOAT - DEBUG - Connected to the aircraft.
2025-07-14 15:36:17,005 - GOAT - DEBUG - Location: lat=41.0997453, lon=28.5547681, alt=96.352, ground_speed=24.259183883666992, air_speed=18.355247497558594
2025-07-14 15:36:17,406 - GOAT - DEBUG - Location: lat=41.0997219, lon=28.5544923, alt=95.893, ground_speed=22.647014617919922, air_speed=18.056711196899414
2025-07-14 15:36:17,808 - GOAT - DEBUG - Location: lat=41.0997219, lon=28.5544923, alt=95.893, ground_speed=19.919023513793945, air_speed=19.558774948120117
2025-07-14 15:36:18,209 - GOAT - DEBUG - Location: lat=41.0997447, lon=28.5543691, alt=95.61, ground_speed=16.29460906982422, air_speed=20.20279312133789
2025-07-14 15:36:18,611 - GOAT - DEBUG - Location: lat=41.0997776, lon=28.5542919, alt=95.881, ground_speed=14.747389793395996, air_speed=19.725383758544922
2025-07-14 15:36:19,012 - GOAT - DEBUG - Location: lat=41.0997776, lon=28.5542919, alt=95.881, ground_speed=13.304502487182617, air_speed=19.724529266357422
2025-07-14 15:36:19,414 - GOAT - DEBUG - Location: lat=41.0998139, lon=28.5542291, alt=96.507, ground_speed=11.567663192749023, air_speed=17.603477478027344
2025-07-14 15:36:19,816 - GOAT - DEBUG - Location: lat=41.0998481, lon=28.5541762, alt=97.005, ground_speed=11.076802253723145, air_speed=15.748388290405273
2025-07-14 15:36:20,217 - GOAT - DEBUG - Location: lat=41.0998844, lon=28.5541213, alt=96.908, ground_speed=11.052265167236328, air_speed=16.371288299560547
2025-07-14 15:36:20,619 - GOAT - DEBUG - Location: lat=41.0999176, lon=28.554077, alt=96.423, ground_speed=11.052265167236328, air_speed=16.371288299560547
2025-07-14 15:36:21,021 - GOAT - DEBUG - Location: lat=41.0999576, lon=28.5540325, alt=95.671, ground_speed=11.319218635559082, air_speed=16.644268035888672
2025-07-14 15:36:21,422 - GOAT - DEBUG - Location: lat=41.100001, lon=28.5539908, alt=94.938, ground_speed=11.609310150146484, air_speed=17.86701202392578
2025-07-14 15:36:21,826 - GOAT - DEBUG - Location: lat=41.100001, lon=28.5539908, alt=94.938, ground_speed=12.06442642211914, air_speed=18.764514923095703
2025-07-14 15:36:22,230 - GOAT - DEBUG - Location: lat=41.1000502, lon=28.5539458, alt=94.5, ground_speed=12.081796646118164, air_speed=19.09752655029297
2025-07-14 15:36:22,631 - GOAT - DEBUG - Location: lat=41.100092, lon=28.5539088, alt=93.722, ground_speed=12.12253475189209, air_speed=19.54966163635254
2025-07-14 15:36:23,035 - GOAT - DEBUG - Location: lat=41.1001389, lon=28.5538713, alt=93.229, ground_speed=12.195672035217285, air_speed=19.747146606445312
2025-07-14 15:36:23,437 - GOAT - DEBUG - Location: lat=41.1001389, lon=28.5538713, alt=93.229, ground_speed=12.476762771606445, air_speed=20.11720085144043
2025-07-14 15:36:23,839 - GOAT - DEBUG - Location: lat=41.1001874, lon=28.5538349, alt=92.927, ground_speed=12.665446281433105, air_speed=20.67707633972168
2025-07-14 15:36:24,242 - GOAT - DEBUG - Location: lat=41.1002407, lon=28.5537959, alt=92.555, ground_speed=12.818781852722168, air_speed=20.906845092773438
2025-07-14 15:36:24,643 - GOAT - DEBUG - Location: lat=41.100287, lon=28.5537631, alt=91.454, ground_speed=12.818781852722168, air_speed=20.906845092773438
2025-07-14 15:36:25,045 - GOAT - DEBUG - Location: lat=41.100287, lon=28.5537631, alt=91.454, ground_speed=13.262052536010742, air_speed=21.603355407714844
2025-07-14 15:36:25,447 - GOAT - DEBUG - Location: lat=41.1003394, lon=28.5537276, alt=89.502, ground_speed=14.00835132598877, air_speed=22.25737190246582
2025-07-14 15:36:25,848 - GOAT - DEBUG - Location: lat=41.1003955, lon=28.5536919, alt=87.649, ground_speed=14.71676254272461, air_speed=22.708330154418945
2025-07-14 15:36:26,250 - GOAT - DEBUG - Location: lat=41.1004592, lon=28.5536511, alt=86.094, ground_speed=15.05439567565918, air_speed=23.312814712524414
2025-07-14 15:36:26,651 - GOAT - DEBUG - Location: lat=41.1005144, lon=28.5536154, alt=85.018, ground_speed=15.05439567565918, air_speed=23.312814712524414
2025-07-14 15:36:27,052 - GOAT - DEBUG - Location: lat=41.100575, lon=28.553576, alt=83.98, ground_speed=15.24528694152832, air_speed=23.451128005981445
2025-07-14 15:36:27,453 - GOAT - DEBUG - Location: lat=41.1006358, lon=28.5535364, alt=82.702, ground_speed=15.298808097839355, air_speed=23.48325538635254
2025-07-14 15:36:27,856 - GOAT - DEBUG - Location: lat=41.1006358, lon=28.5535364, alt=82.702, ground_speed=15.220844268798828, air_speed=24.134124755859375
2025-07-14 15:36:28,259 - GOAT - DEBUG - Location: lat=41.1007019, lon=28.5534952, alt=81.227, ground_speed=15.283438682556152, air_speed=23.857797622680664
2025-07-14 15:36:28,660 - GOAT - DEBUG - Location: lat=41.1007589, lon=28.5534609, alt=80.11, ground_speed=15.458224296569824, air_speed=23.64849853515625
2025-07-14 15:36:29,062 - GOAT - DEBUG - Location: lat=41.1008215, lon=28.5534223, alt=79.08, ground_speed=15.458224296569824, air_speed=23.64849853515625
2025-07-14 15:36:29,463 - GOAT - DEBUG - Location: lat=41.1008848, lon=28.5533826, alt=77.434, ground_speed=15.602940559387207, air_speed=23.570459365844727
2025-07-14 15:36:29,864 - GOAT - DEBUG - Location: lat=41.1008848, lon=28.5533826, alt=77.434, ground_speed=16.131006240844727, air_speed=23.473920822143555
2025-07-14 15:36:30,265 - GOAT - DEBUG - Location: lat=41.1009557, lon=28.5533386, alt=76.056, ground_speed=16.547292709350586, air_speed=23.53490447998047
2025-07-14 15:36:30,666 - GOAT - DEBUG - Location: lat=41.1010176, lon=28.5533, alt=75.162, ground_speed=16.6434383392334, air_speed=23.697017669677734
2025-07-14 15:36:31,070 - GOAT - DEBUG - Location: lat=41.1010852, lon=28.5532577, alt=74.057, ground_speed=16.620742797851562, air_speed=23.851703643798828
2025-07-14 15:36:31,472 - GOAT - DEBUG - Location: lat=41.1010852, lon=28.5532577, alt=74.057, ground_speed=16.65073585510254, air_speed=23.675785064697266
2025-07-14 15:36:31,873 - GOAT - DEBUG - Location: lat=41.1011533, lon=28.5532159, alt=72.841, ground_speed=16.520790100097656, air_speed=23.816059112548828
2025-07-14 15:36:32,276 - GOAT - DEBUG - Location: lat=41.1012263, lon=28.5531716, alt=71.55, ground_speed=16.268924713134766, air_speed=23.83426856994629
2025-07-14 15:36:32,678 - GOAT - DEBUG - Location: lat=41.1012882, lon=28.5531372, alt=71.219, ground_speed=15.670110702514648, air_speed=23.091188430786133
2025-07-14 15:36:33,080 - GOAT - DEBUG - Location: lat=41.1013548, lon=28.553105, alt=71.361, ground_speed=15.38731861114502, air_speed=22.290494918823242
2025-07-14 15:36:33,483 - GOAT - DEBUG - Location: lat=41.1014202, lon=28.5530786, alt=71.109, ground_speed=15.0994234085083, air_speed=22.221757888793945
2025-07-14 15:36:33,884 - GOAT - DEBUG - Location: lat=41.1014202, lon=28.5530786, alt=71.109, ground_speed=14.5148286819458, air_speed=21.736328125
2025-07-14 15:36:34,288 - GOAT - DEBUG - Location: lat=41.1014897, lon=28.5530603, alt=70.762, ground_speed=13.729281425476074, air_speed=22.934419631958008
2025-07-14 15:36:34,691 - GOAT - DEBUG - Location: lat=41.1015468, lon=28.5530531, alt=69.967, ground_speed=12.949455261230469, air_speed=23.309406280517578
2025-07-14 15:36:35,093 - GOAT - DEBUG - Location: lat=41.1016057, lon=28.5530538, alt=68.419, ground_speed=12.459465980529785, air_speed=23.073467254638672
2025-07-14 15:36:35,497 - GOAT - DEBUG - Location: lat=41.1016057, lon=28.5530538, alt=68.419, ground_speed=12.024284362792969, air_speed=23.150556564331055
2025-07-14 15:36:35,900 - GOAT - DEBUG - Location: lat=41.1016593, lon=28.5530712, alt=67.657, ground_speed=11.34261703491211, air_speed=23.067975997924805
2025-07-14 15:36:36,302 - GOAT - DEBUG - Location: lat=41.1017098, lon=28.5531035, alt=67.129, ground_speed=10.973748207092285, air_speed=22.187246322631836
2025-07-14 15:36:36,704 - GOAT - DEBUG - Location: lat=41.1017495, lon=28.553135, alt=66.573, ground_speed=10.770486831665039, air_speed=22.49367904663086
2025-07-14 15:36:37,106 - GOAT - DEBUG - Location: lat=41.1017912, lon=28.5531696, alt=66.073, ground_speed=10.638465881347656, air_speed=22.78355598449707
2025-07-14 15:36:37,508 - GOAT - DEBUG - Location: lat=41.1018311, lon=28.5532047, alt=65.754, ground_speed=10.507040977478027, air_speed=22.48331069946289
2025-07-14 15:36:37,910 - GOAT - DEBUG - Location: lat=41.1018311, lon=28.5532047, alt=65.754, ground_speed=10.297944068908691, air_speed=21.66998863220215
2025-07-14 15:36:38,311 - GOAT - DEBUG - Location: lat=41.1018722, lon=28.5532433, alt=65.219, ground_speed=10.175270080566406, air_speed=20.99666976928711
2025-07-14 15:36:38,714 - GOAT - DEBUG - Location: lat=41.1019048, lon=28.5532792, alt=64.338, ground_speed=10.17583179473877, air_speed=20.531179428100586
2025-07-14 15:36:39,116 - GOAT - DEBUG - Location: lat=41.1019357, lon=28.5533236, alt=63.067, ground_speed=10.325368881225586, air_speed=21.138723373413086
2025-07-14 15:36:39,518 - GOAT - DEBUG - Location: lat=41.1019357, lon=28.5533236, alt=63.067, ground_speed=10.581542015075684, air_speed=21.17743682861328
2025-07-14 15:36:39,922 - GOAT - DEBUG - Location: lat=41.1019578, lon=28.5533791, alt=62.395, ground_speed=11.268468856811523, air_speed=20.53006362915039
2025-07-14 15:36:40,323 - GOAT - DEBUG - Location: lat=41.1019704, lon=28.5534501, alt=61.692, ground_speed=12.548521041870117, air_speed=20.31793785095215
2025-07-14 15:36:40,724 - GOAT - DEBUG - Location: lat=41.1019697, lon=28.5535191, alt=61.068, ground_speed=13.746878623962402, air_speed=20.40474510192871
2025-07-14 15:36:41,127 - GOAT - DEBUG - Location: lat=41.1019571, lon=28.5536001, alt=60.11, ground_speed=14.572883605957031, air_speed=20.732341766357422
2025-07-14 15:36:41,528 - GOAT - DEBUG - Location: lat=41.1019299, lon=28.5536834, alt=59.19, ground_speed=15.173550605773926, air_speed=21.160503387451172
2025-07-14 15:36:41,697 - GOAT - DEBUG - Connection closed.
