2025-07-13 14:48:24,514 - GOAT - DEBUG - Mission state is NEUTRAL.
2025-07-13 14:48:24,514 - GOAT - DEBUG - target_lat: 41.102904, target_lon: 28.5456026
2025-07-13 14:48:24,514 - GOAT - DEBUG - start_altitude: 90target_altitude: 30stable_altitude: 100
2025-07-13 14:48:24,514 - GOAT - DEBUG - diving_distance: 155.88457268119896
2025-07-13 14:48:24,917 - GOAT - DEBUG - Connected to the aircraft.
2025-07-13 14:48:28,122 - GOAT - DEBUG - Received start command from Redis.
2025-07-13 14:48:28,122 - GOAT - DEBUG - Loiter radius set to 20 for kamikaze mission.
2025-07-13 14:48:28,223 - GOAT - DEBUG - going to approach destination
2025-07-13 14:48:28,625 - GOAT - DEBUG - Reached approach destination.
2025-07-13 14:48:28,625 - GOAT - DEBUG - going to target destination
2025-07-13 14:48:29,123 - GOAT - DEBUG - self.state: MissionState.GOING_TO_TARGET
2025-07-13 14:48:30,124 - GOAT - DEBUG - self.state: MissionState.GOING_TO_TARGET
2025-07-13 14:48:31,125 - GOAT - DEBUG - self.state: MissionState.GOING_TO_TARGET
2025-07-13 14:48:32,126 - GOAT - DEBUG - self.state: MissionState.GOING_TO_TARGET
2025-07-13 14:48:33,127 - GOAT - DEBUG - self.state: MissionState.GOING_TO_TARGET
2025-07-13 14:48:34,127 - GOAT - DEBUG - self.state: MissionState.GOING_TO_TARGET
2025-07-13 14:48:35,128 - GOAT - DEBUG - self.state: MissionState.GOING_TO_TARGET
2025-07-13 14:48:36,129 - GOAT - DEBUG - self.state: MissionState.GOING_TO_TARGET
2025-07-13 14:48:37,130 - GOAT - DEBUG - self.state: MissionState.GOING_TO_TARGET
2025-07-13 14:48:38,131 - GOAT - DEBUG - self.state: MissionState.GOING_TO_TARGET
2025-07-13 14:48:39,131 - GOAT - DEBUG - self.state: MissionState.GOING_TO_TARGET
2025-07-13 14:48:40,132 - GOAT - DEBUG - self.state: MissionState.GOING_TO_TARGET
2025-07-13 14:48:41,134 - GOAT - DEBUG - self.state: MissionState.GOING_TO_TARGET
2025-07-13 14:48:42,135 - GOAT - DEBUG - self.state: MissionState.GOING_TO_TARGET
2025-07-13 14:48:43,136 - GOAT - DEBUG - self.state: MissionState.GOING_TO_TARGET
2025-07-13 14:48:44,137 - GOAT - DEBUG - self.state: MissionState.GOING_TO_TARGET
2025-07-13 14:48:45,138 - GOAT - DEBUG - self.state: MissionState.GOING_TO_TARGET
2025-07-13 14:48:46,138 - GOAT - DEBUG - self.state: MissionState.GOING_TO_TARGET
2025-07-13 14:48:47,139 - GOAT - DEBUG - self.state: MissionState.GOING_TO_TARGET
2025-07-13 14:48:48,139 - GOAT - DEBUG - self.state: MissionState.GOING_TO_TARGET
2025-07-13 14:48:49,140 - GOAT - DEBUG - self.state: MissionState.GOING_TO_TARGET
2025-07-13 14:48:50,141 - GOAT - DEBUG - self.state: MissionState.GOING_TO_TARGET
2025-07-13 14:48:51,141 - GOAT - DEBUG - self.state: MissionState.GOING_TO_TARGET
2025-07-13 14:48:52,142 - GOAT - DEBUG - self.state: MissionState.GOING_TO_TARGET
2025-07-13 14:48:52,831 - GOAT - DEBUG - Reached target destination.
2025-07-13 14:48:52,831 - GOAT - DEBUG - Target reached, diving in.
2025-07-13 14:48:52,831 - GOAT - DEBUG - state == MissionState.DIVING_IN
2025-07-13 14:48:53,143 - GOAT - DEBUG - self.state: MissionState.DIVING_IN
2025-07-13 14:48:53,143 - GOAT - DEBUG - Diving in
2025-07-13 14:48:53,144 - GOAT - ERROR - Error while saving frame: OpenCV(4.10.0) /io/opencv/modules/imgcodecs/src/loadsave.cpp:798: error: (-215:Assertion failed) !_img.empty() in function 'imwrite'

2025-07-13 14:48:53,144 - GOAT - DEBUG - altitude: 89.879
2025-07-13 14:48:54,144 - GOAT - DEBUG - self.state: MissionState.DIVING_IN
2025-07-13 14:48:54,145 - GOAT - DEBUG - Diving in
2025-07-13 14:48:54,145 - GOAT - ERROR - Error while saving frame: OpenCV(4.10.0) /io/opencv/modules/imgcodecs/src/loadsave.cpp:798: error: (-215:Assertion failed) !_img.empty() in function 'imwrite'

2025-07-13 14:48:54,145 - GOAT - DEBUG - altitude: 88.865
2025-07-13 14:48:55,146 - GOAT - DEBUG - self.state: MissionState.DIVING_IN
2025-07-13 14:48:55,146 - GOAT - DEBUG - Diving in
2025-07-13 14:48:55,146 - GOAT - ERROR - Error while saving frame: OpenCV(4.10.0) /io/opencv/modules/imgcodecs/src/loadsave.cpp:798: error: (-215:Assertion failed) !_img.empty() in function 'imwrite'

2025-07-13 14:48:55,146 - GOAT - DEBUG - altitude: 81.336
2025-07-13 14:48:56,147 - GOAT - DEBUG - self.state: MissionState.DIVING_IN
2025-07-13 14:48:56,147 - GOAT - DEBUG - Diving in
2025-07-13 14:48:56,148 - GOAT - ERROR - Error while saving frame: OpenCV(4.10.0) /io/opencv/modules/imgcodecs/src/loadsave.cpp:798: error: (-215:Assertion failed) !_img.empty() in function 'imwrite'

2025-07-13 14:48:56,148 - GOAT - DEBUG - altitude: 74.161
2025-07-13 14:48:57,149 - GOAT - DEBUG - self.state: MissionState.DIVING_IN
2025-07-13 14:48:57,149 - GOAT - DEBUG - Diving in
2025-07-13 14:48:57,150 - GOAT - ERROR - Error while saving frame: OpenCV(4.10.0) /io/opencv/modules/imgcodecs/src/loadsave.cpp:798: error: (-215:Assertion failed) !_img.empty() in function 'imwrite'

2025-07-13 14:48:57,150 - GOAT - DEBUG - altitude: 67.79
2025-07-13 14:48:58,151 - GOAT - DEBUG - self.state: MissionState.DIVING_IN
2025-07-13 14:48:58,151 - GOAT - DEBUG - Diving in
2025-07-13 14:48:58,151 - GOAT - ERROR - Error while saving frame: OpenCV(4.10.0) /io/opencv/modules/imgcodecs/src/loadsave.cpp:798: error: (-215:Assertion failed) !_img.empty() in function 'imwrite'

2025-07-13 14:48:58,151 - GOAT - DEBUG - altitude: 60.613
2025-07-13 14:48:59,152 - GOAT - DEBUG - self.state: MissionState.DIVING_IN
2025-07-13 14:48:59,152 - GOAT - DEBUG - Diving in
2025-07-13 14:48:59,153 - GOAT - ERROR - Error while saving frame: OpenCV(4.10.0) /io/opencv/modules/imgcodecs/src/loadsave.cpp:798: error: (-215:Assertion failed) !_img.empty() in function 'imwrite'

2025-07-13 14:48:59,153 - GOAT - DEBUG - altitude: 53.355
2025-07-13 14:49:00,154 - GOAT - DEBUG - self.state: MissionState.DIVING_IN
2025-07-13 14:49:00,154 - GOAT - DEBUG - Diving in
2025-07-13 14:49:00,155 - GOAT - ERROR - Error while saving frame: OpenCV(4.10.0) /io/opencv/modules/imgcodecs/src/loadsave.cpp:798: error: (-215:Assertion failed) !_img.empty() in function 'imwrite'

2025-07-13 14:49:00,155 - GOAT - DEBUG - altitude: 45.864
2025-07-13 14:49:01,155 - GOAT - DEBUG - self.state: MissionState.DIVING_IN
2025-07-13 14:49:01,155 - GOAT - DEBUG - Diving in
2025-07-13 14:49:01,156 - GOAT - ERROR - Error while saving frame: OpenCV(4.10.0) /io/opencv/modules/imgcodecs/src/loadsave.cpp:798: error: (-215:Assertion failed) !_img.empty() in function 'imwrite'

2025-07-13 14:49:01,156 - GOAT - DEBUG - altitude: 38.118
2025-07-13 14:49:02,157 - GOAT - DEBUG - self.state: MissionState.DIVING_IN
2025-07-13 14:49:02,157 - GOAT - DEBUG - Diving in
2025-07-13 14:49:02,158 - GOAT - ERROR - Error while saving frame: OpenCV(4.10.0) /io/opencv/modules/imgcodecs/src/loadsave.cpp:798: error: (-215:Assertion failed) !_img.empty() in function 'imwrite'

2025-07-13 14:49:02,158 - GOAT - DEBUG - altitude: 30.16
2025-07-13 14:49:03,159 - GOAT - DEBUG - self.state: MissionState.DIVING_IN
2025-07-13 14:49:03,159 - GOAT - DEBUG - Diving in
2025-07-13 14:49:03,159 - GOAT - DEBUG - Altitude is less than 30 meters
2025-07-13 14:49:03,159 - GOAT - DEBUG - altitude: 22.0
2025-07-13 14:49:03,165 - GOAT - DEBUG - Diving out
2025-07-13 14:49:03,165 - GOAT - DEBUG - self.alt: 22.0
2025-07-13 14:49:03,265 - GOAT - DEBUG - Diving out
2025-07-13 14:49:03,265 - GOAT - DEBUG - self.alt: 22.0
2025-07-13 14:49:03,366 - GOAT - DEBUG - Diving out
2025-07-13 14:49:03,366 - GOAT - DEBUG - self.alt: 19.856
2025-07-13 14:49:03,466 - GOAT - DEBUG - Diving out
2025-07-13 14:49:03,466 - GOAT - DEBUG - self.alt: 19.856
2025-07-13 14:49:03,567 - GOAT - DEBUG - Diving out
2025-07-13 14:49:03,567 - GOAT - DEBUG - self.alt: 18.02
2025-07-13 14:49:03,667 - GOAT - DEBUG - Diving out
2025-07-13 14:49:03,667 - GOAT - DEBUG - self.alt: 18.02
2025-07-13 14:49:03,768 - GOAT - DEBUG - Diving out
2025-07-13 14:49:03,768 - GOAT - DEBUG - self.alt: 18.02
2025-07-13 14:49:03,868 - GOAT - DEBUG - Diving out
2025-07-13 14:49:03,868 - GOAT - DEBUG - self.alt: 16.829
2025-07-13 14:49:03,969 - GOAT - DEBUG - Diving out
2025-07-13 14:49:03,969 - GOAT - DEBUG - self.alt: 16.829
2025-07-13 14:49:04,069 - GOAT - DEBUG - Diving out
2025-07-13 14:49:04,069 - GOAT - DEBUG - self.alt: 16.818
2025-07-13 14:49:04,160 - GOAT - DEBUG - self.state: MissionState.DIVING_OUT
2025-07-13 14:49:04,170 - GOAT - DEBUG - Diving out
2025-07-13 14:49:04,170 - GOAT - DEBUG - self.alt: 16.818
2025-07-13 14:49:04,270 - GOAT - DEBUG - Diving out
2025-07-13 14:49:04,270 - GOAT - DEBUG - self.alt: 16.818
2025-07-13 14:49:04,371 - GOAT - DEBUG - Diving out
2025-07-13 14:49:04,371 - GOAT - DEBUG - self.alt: 17.86
2025-07-13 14:49:04,471 - GOAT - DEBUG - Diving out
2025-07-13 14:49:04,471 - GOAT - DEBUG - self.alt: 17.86
2025-07-13 14:49:04,572 - GOAT - DEBUG - Diving out
2025-07-13 14:49:04,572 - GOAT - DEBUG - self.alt: 19.385
2025-07-13 14:49:04,672 - GOAT - DEBUG - Diving out
2025-07-13 14:49:04,672 - GOAT - DEBUG - self.alt: 19.385
2025-07-13 14:49:04,773 - GOAT - DEBUG - Diving out
2025-07-13 14:49:04,773 - GOAT - DEBUG - self.alt: 19.385
2025-07-13 14:49:04,873 - GOAT - DEBUG - Diving out
2025-07-13 14:49:04,873 - GOAT - DEBUG - self.alt: 21.224
2025-07-13 14:49:04,974 - GOAT - DEBUG - Diving out
2025-07-13 14:49:04,974 - GOAT - DEBUG - self.alt: 21.224
2025-07-13 14:49:05,074 - GOAT - DEBUG - Diving out
2025-07-13 14:49:05,075 - GOAT - DEBUG - self.alt: 22.828
2025-07-13 14:49:05,161 - GOAT - DEBUG - self.state: MissionState.DIVING_OUT
2025-07-13 14:49:05,175 - GOAT - DEBUG - Diving out
2025-07-13 14:49:05,175 - GOAT - DEBUG - self.alt: 22.828
2025-07-13 14:49:05,275 - GOAT - DEBUG - Diving out
2025-07-13 14:49:05,276 - GOAT - DEBUG - self.alt: 22.828
2025-07-13 14:49:05,376 - GOAT - DEBUG - Diving out
2025-07-13 14:49:05,376 - GOAT - DEBUG - self.alt: 24.286
2025-07-13 14:49:05,477 - GOAT - DEBUG - Diving out
2025-07-13 14:49:05,477 - GOAT - DEBUG - self.alt: 24.286
2025-07-13 14:49:05,577 - GOAT - DEBUG - Diving out
2025-07-13 14:49:05,577 - GOAT - DEBUG - self.alt: 25.332
2025-07-13 14:49:05,678 - GOAT - DEBUG - Diving out
2025-07-13 14:49:05,678 - GOAT - DEBUG - self.alt: 25.332
2025-07-13 14:49:05,778 - GOAT - DEBUG - Diving out
2025-07-13 14:49:05,778 - GOAT - DEBUG - self.alt: 25.332
2025-07-13 14:49:05,878 - GOAT - DEBUG - Diving out
2025-07-13 14:49:05,879 - GOAT - DEBUG - self.alt: 26.172
2025-07-13 14:49:05,979 - GOAT - DEBUG - Diving out
2025-07-13 14:49:05,979 - GOAT - DEBUG - self.alt: 26.172
2025-07-13 14:49:06,079 - GOAT - DEBUG - Diving out
2025-07-13 14:49:06,079 - GOAT - DEBUG - self.alt: 26.758
2025-07-13 14:49:06,162 - GOAT - DEBUG - self.state: MissionState.DIVING_OUT
2025-07-13 14:49:06,180 - GOAT - DEBUG - Diving out
2025-07-13 14:49:06,180 - GOAT - DEBUG - self.alt: 26.758
2025-07-13 14:49:06,280 - GOAT - DEBUG - Diving out
2025-07-13 14:49:06,281 - GOAT - DEBUG - self.alt: 26.758
2025-07-13 14:49:06,381 - GOAT - DEBUG - Diving out
2025-07-13 14:49:06,381 - GOAT - DEBUG - self.alt: 27.295
2025-07-13 14:49:06,482 - GOAT - DEBUG - Diving out
2025-07-13 14:49:06,482 - GOAT - DEBUG - self.alt: 27.295
2025-07-13 14:49:06,582 - GOAT - DEBUG - Diving out
2025-07-13 14:49:06,582 - GOAT - DEBUG - self.alt: 27.79
2025-07-13 14:49:06,682 - GOAT - DEBUG - Diving out
2025-07-13 14:49:06,682 - GOAT - DEBUG - self.alt: 27.79
2025-07-13 14:49:06,783 - GOAT - DEBUG - Diving out
2025-07-13 14:49:06,783 - GOAT - DEBUG - self.alt: 27.79
2025-07-13 14:49:06,884 - GOAT - DEBUG - Diving out
2025-07-13 14:49:06,884 - GOAT - DEBUG - self.alt: 28.371
2025-07-13 14:49:06,984 - GOAT - DEBUG - Diving out
2025-07-13 14:49:06,984 - GOAT - DEBUG - self.alt: 28.371
2025-07-13 14:49:07,085 - GOAT - DEBUG - Diving out
2025-07-13 14:49:07,085 - GOAT - DEBUG - self.alt: 29.017
2025-07-13 14:49:07,163 - GOAT - DEBUG - self.state: MissionState.DIVING_OUT
2025-07-13 14:49:07,185 - GOAT - DEBUG - Diving out
2025-07-13 14:49:07,185 - GOAT - DEBUG - self.alt: 29.017
2025-07-13 14:49:07,285 - GOAT - DEBUG - Diving out
2025-07-13 14:49:07,285 - GOAT - DEBUG - self.alt: 29.017
2025-07-13 14:49:07,386 - GOAT - DEBUG - Diving out
2025-07-13 14:49:07,386 - GOAT - DEBUG - self.alt: 29.649
2025-07-13 14:49:07,486 - GOAT - DEBUG - Diving out
2025-07-13 14:49:07,486 - GOAT - DEBUG - self.alt: 29.649
2025-07-13 14:49:07,587 - GOAT - DEBUG - Diving out
2025-07-13 14:49:07,587 - GOAT - DEBUG - self.alt: 30.356
2025-07-13 14:49:07,687 - GOAT - DEBUG - Diving out
2025-07-13 14:49:07,687 - GOAT - DEBUG - self.alt: 30.356
2025-07-13 14:49:07,788 - GOAT - DEBUG - Diving out
2025-07-13 14:49:07,788 - GOAT - DEBUG - self.alt: 30.356
2025-07-13 14:49:07,889 - GOAT - DEBUG - Diving out
2025-07-13 14:49:07,889 - GOAT - DEBUG - self.alt: 30.997
2025-07-13 14:49:07,989 - GOAT - DEBUG - Diving out
2025-07-13 14:49:07,989 - GOAT - DEBUG - self.alt: 30.997
2025-07-13 14:49:08,090 - GOAT - DEBUG - Diving out
2025-07-13 14:49:08,090 - GOAT - DEBUG - self.alt: 31.665
2025-07-13 14:49:08,163 - GOAT - DEBUG - self.state: MissionState.DIVING_OUT
2025-07-13 14:49:08,190 - GOAT - DEBUG - Diving out
2025-07-13 14:49:08,190 - GOAT - DEBUG - self.alt: 31.665
2025-07-13 14:49:08,291 - GOAT - DEBUG - Diving out
2025-07-13 14:49:08,291 - GOAT - DEBUG - self.alt: 31.665
2025-07-13 14:49:08,391 - GOAT - DEBUG - Diving out
2025-07-13 14:49:08,392 - GOAT - DEBUG - self.alt: 32.259
2025-07-13 14:49:08,492 - GOAT - DEBUG - Diving out
2025-07-13 14:49:08,492 - GOAT - DEBUG - self.alt: 32.259
2025-07-13 14:49:08,593 - GOAT - DEBUG - Diving out
2025-07-13 14:49:08,593 - GOAT - DEBUG - self.alt: 32.874
2025-07-13 14:49:08,694 - GOAT - DEBUG - Diving out
2025-07-13 14:49:08,694 - GOAT - DEBUG - self.alt: 32.874
2025-07-13 14:49:08,794 - GOAT - DEBUG - Diving out
2025-07-13 14:49:08,794 - GOAT - DEBUG - self.alt: 32.874
2025-07-13 14:49:08,894 - GOAT - DEBUG - Diving out
2025-07-13 14:49:08,894 - GOAT - DEBUG - self.alt: 33.428
2025-07-13 14:49:08,995 - GOAT - DEBUG - Diving out
2025-07-13 14:49:08,995 - GOAT - DEBUG - self.alt: 33.428
2025-07-13 14:49:09,095 - GOAT - DEBUG - Diving out
2025-07-13 14:49:09,095 - GOAT - DEBUG - self.alt: 34.024
2025-07-13 14:49:09,164 - GOAT - DEBUG - self.state: MissionState.DIVING_OUT
2025-07-13 14:49:09,196 - GOAT - DEBUG - Diving out
2025-07-13 14:49:09,196 - GOAT - DEBUG - self.alt: 34.024
2025-07-13 14:49:09,297 - GOAT - DEBUG - Diving out
2025-07-13 14:49:09,297 - GOAT - DEBUG - self.alt: 34.024
2025-07-13 14:49:09,397 - GOAT - DEBUG - Diving out
2025-07-13 14:49:09,397 - GOAT - DEBUG - self.alt: 34.574
2025-07-13 14:49:09,498 - GOAT - DEBUG - Diving out
2025-07-13 14:49:09,498 - GOAT - DEBUG - self.alt: 34.574
2025-07-13 14:49:09,598 - GOAT - DEBUG - Diving out
2025-07-13 14:49:09,598 - GOAT - DEBUG - self.alt: 35.183
2025-07-13 14:49:09,699 - GOAT - DEBUG - Diving out
2025-07-13 14:49:09,699 - GOAT - DEBUG - self.alt: 35.183
2025-07-13 14:49:09,799 - GOAT - DEBUG - Diving out
2025-07-13 14:49:09,799 - GOAT - DEBUG - self.alt: 35.183
2025-07-13 14:49:09,900 - GOAT - DEBUG - Diving out
2025-07-13 14:49:09,900 - GOAT - DEBUG - self.alt: 35.758
2025-07-13 14:49:10,001 - GOAT - DEBUG - Diving out
2025-07-13 14:49:10,001 - GOAT - DEBUG - self.alt: 35.758
2025-07-13 14:49:10,101 - GOAT - DEBUG - Diving out
2025-07-13 14:49:10,101 - GOAT - DEBUG - self.alt: 36.385
2025-07-13 14:49:10,165 - GOAT - DEBUG - self.state: MissionState.DIVING_OUT
2025-07-13 14:49:10,202 - GOAT - DEBUG - Diving out
2025-07-13 14:49:10,202 - GOAT - DEBUG - self.alt: 36.385
2025-07-13 14:49:10,302 - GOAT - DEBUG - Diving out
2025-07-13 14:49:10,302 - GOAT - DEBUG - self.alt: 36.385
2025-07-13 14:49:10,403 - GOAT - DEBUG - Diving out
2025-07-13 14:49:10,403 - GOAT - DEBUG - self.alt: 36.972
2025-07-13 14:49:10,504 - GOAT - DEBUG - Diving out
2025-07-13 14:49:10,504 - GOAT - DEBUG - self.alt: 36.972
2025-07-13 14:49:10,604 - GOAT - DEBUG - Diving out
2025-07-13 14:49:10,604 - GOAT - DEBUG - self.alt: 37.608
2025-07-13 14:49:10,705 - GOAT - DEBUG - Diving out
2025-07-13 14:49:10,705 - GOAT - DEBUG - self.alt: 37.608
2025-07-13 14:49:10,805 - GOAT - DEBUG - Diving out
2025-07-13 14:49:10,806 - GOAT - DEBUG - self.alt: 37.608
2025-07-13 14:49:10,906 - GOAT - DEBUG - Diving out
2025-07-13 14:49:10,906 - GOAT - DEBUG - self.alt: 38.192
2025-07-13 14:49:11,007 - GOAT - DEBUG - Diving out
2025-07-13 14:49:11,007 - GOAT - DEBUG - self.alt: 38.192
2025-07-13 14:49:11,107 - GOAT - DEBUG - Diving out
2025-07-13 14:49:11,107 - GOAT - DEBUG - self.alt: 38.772
2025-07-13 14:49:11,166 - GOAT - DEBUG - self.state: MissionState.DIVING_OUT
2025-07-13 14:49:11,208 - GOAT - DEBUG - Diving out
2025-07-13 14:49:11,208 - GOAT - DEBUG - self.alt: 38.772
2025-07-13 14:49:11,308 - GOAT - DEBUG - Diving out
2025-07-13 14:49:11,308 - GOAT - DEBUG - self.alt: 38.772
2025-07-13 14:49:11,409 - GOAT - DEBUG - Diving out
2025-07-13 14:49:11,409 - GOAT - DEBUG - self.alt: 39.4
2025-07-13 14:49:11,509 - GOAT - DEBUG - Diving out
2025-07-13 14:49:11,509 - GOAT - DEBUG - self.alt: 39.4
2025-07-13 14:49:11,610 - GOAT - DEBUG - Diving out
2025-07-13 14:49:11,610 - GOAT - DEBUG - self.alt: 39.983
2025-07-13 14:49:11,710 - GOAT - DEBUG - Diving out
2025-07-13 14:49:11,710 - GOAT - DEBUG - self.alt: 39.983
2025-07-13 14:49:11,811 - GOAT - DEBUG - Diving out
2025-07-13 14:49:11,811 - GOAT - DEBUG - self.alt: 39.983
2025-07-13 14:49:11,911 - GOAT - DEBUG - Diving out
2025-07-13 14:49:11,911 - GOAT - DEBUG - self.alt: 40.618
2025-07-13 14:49:12,012 - GOAT - DEBUG - Diving out
2025-07-13 14:49:12,012 - GOAT - DEBUG - self.alt: 40.618
2025-07-13 14:49:12,112 - GOAT - DEBUG - Diving out
2025-07-13 14:49:12,112 - GOAT - DEBUG - self.alt: 41.205
2025-07-13 14:49:12,167 - GOAT - DEBUG - self.state: MissionState.DIVING_OUT
2025-07-13 14:49:12,213 - GOAT - DEBUG - Diving out
2025-07-13 14:49:12,213 - GOAT - DEBUG - self.alt: 41.205
2025-07-13 14:49:12,313 - GOAT - DEBUG - Diving out
2025-07-13 14:49:12,313 - GOAT - DEBUG - self.alt: 41.205
2025-07-13 14:49:12,414 - GOAT - DEBUG - Diving out
2025-07-13 14:49:12,414 - GOAT - DEBUG - self.alt: 41.85
2025-07-13 14:49:12,514 - GOAT - DEBUG - Diving out
2025-07-13 14:49:12,514 - GOAT - DEBUG - self.alt: 41.85
2025-07-13 14:49:12,615 - GOAT - DEBUG - Diving out
2025-07-13 14:49:12,615 - GOAT - DEBUG - self.alt: 42.447
2025-07-13 14:49:12,715 - GOAT - DEBUG - Diving out
2025-07-13 14:49:12,715 - GOAT - DEBUG - self.alt: 42.447
2025-07-13 14:49:12,816 - GOAT - DEBUG - Diving out
2025-07-13 14:49:12,816 - GOAT - DEBUG - self.alt: 42.447
2025-07-13 14:49:12,916 - GOAT - DEBUG - Diving out
2025-07-13 14:49:12,916 - GOAT - DEBUG - self.alt: 43.095
2025-07-13 14:49:13,017 - GOAT - DEBUG - Diving out
2025-07-13 14:49:13,017 - GOAT - DEBUG - self.alt: 43.095
2025-07-13 14:49:13,117 - GOAT - DEBUG - Diving out
2025-07-13 14:49:13,117 - GOAT - DEBUG - self.alt: 43.696
2025-07-13 14:49:13,168 - GOAT - DEBUG - self.state: MissionState.DIVING_OUT
2025-07-13 14:49:13,218 - GOAT - DEBUG - Diving out
2025-07-13 14:49:13,218 - GOAT - DEBUG - self.alt: 43.696
2025-07-13 14:49:13,318 - GOAT - DEBUG - Diving out
2025-07-13 14:49:13,318 - GOAT - DEBUG - self.alt: 43.696
2025-07-13 14:49:13,419 - GOAT - DEBUG - Diving out
2025-07-13 14:49:13,419 - GOAT - DEBUG - self.alt: 44.347
2025-07-13 14:49:13,519 - GOAT - DEBUG - Diving out
2025-07-13 14:49:13,519 - GOAT - DEBUG - self.alt: 44.347
2025-07-13 14:49:13,620 - GOAT - DEBUG - Diving out
2025-07-13 14:49:13,620 - GOAT - DEBUG - self.alt: 44.953
2025-07-13 14:49:13,721 - GOAT - DEBUG - Diving out
2025-07-13 14:49:13,721 - GOAT - DEBUG - self.alt: 44.953
2025-07-13 14:49:13,821 - GOAT - DEBUG - Diving out
2025-07-13 14:49:13,821 - GOAT - DEBUG - self.alt: 44.953
2025-07-13 14:49:13,922 - GOAT - DEBUG - Diving out
2025-07-13 14:49:13,922 - GOAT - DEBUG - self.alt: 45.608
2025-07-13 14:49:14,022 - GOAT - DEBUG - Diving out
2025-07-13 14:49:14,022 - GOAT - DEBUG - self.alt: 45.608
2025-07-13 14:49:14,123 - GOAT - DEBUG - Diving out
2025-07-13 14:49:14,123 - GOAT - DEBUG - self.alt: 46.213
2025-07-13 14:49:14,169 - GOAT - DEBUG - self.state: MissionState.DIVING_OUT
2025-07-13 14:49:14,224 - GOAT - DEBUG - Diving out
2025-07-13 14:49:14,224 - GOAT - DEBUG - self.alt: 46.213
2025-07-13 14:49:14,324 - GOAT - DEBUG - Diving out
2025-07-13 14:49:14,324 - GOAT - DEBUG - self.alt: 46.213
2025-07-13 14:49:14,425 - GOAT - DEBUG - Diving out
2025-07-13 14:49:14,425 - GOAT - DEBUG - self.alt: 46.868
2025-07-13 14:49:14,525 - GOAT - DEBUG - Diving out
2025-07-13 14:49:14,525 - GOAT - DEBUG - self.alt: 46.868
2025-07-13 14:49:14,626 - GOAT - DEBUG - Diving out
2025-07-13 14:49:14,626 - GOAT - DEBUG - self.alt: 47.476
2025-07-13 14:49:14,726 - GOAT - DEBUG - Diving out
2025-07-13 14:49:14,727 - GOAT - DEBUG - self.alt: 47.476
2025-07-13 14:49:14,827 - GOAT - DEBUG - Diving out
2025-07-13 14:49:14,827 - GOAT - DEBUG - self.alt: 47.476
2025-07-13 14:49:14,928 - GOAT - DEBUG - Diving out
2025-07-13 14:49:14,928 - GOAT - DEBUG - self.alt: 48.136
2025-07-13 14:49:15,028 - GOAT - DEBUG - Diving out
2025-07-13 14:49:15,029 - GOAT - DEBUG - self.alt: 48.136
2025-07-13 14:49:15,129 - GOAT - DEBUG - Diving out
2025-07-13 14:49:15,129 - GOAT - DEBUG - self.alt: 48.75
2025-07-13 14:49:15,170 - GOAT - DEBUG - self.state: MissionState.DIVING_OUT
2025-07-13 14:49:15,230 - GOAT - DEBUG - Diving out
2025-07-13 14:49:15,230 - GOAT - DEBUG - self.alt: 48.75
2025-07-13 14:49:15,330 - GOAT - DEBUG - Diving out
2025-07-13 14:49:15,330 - GOAT - DEBUG - self.alt: 48.75
2025-07-13 14:49:15,431 - GOAT - DEBUG - Diving out
2025-07-13 14:49:15,431 - GOAT - DEBUG - self.alt: 49.415
2025-07-13 14:49:15,531 - GOAT - DEBUG - Diving out
2025-07-13 14:49:15,531 - GOAT - DEBUG - self.alt: 49.415
2025-07-13 14:49:15,632 - GOAT - DEBUG - Diving out
2025-07-13 14:49:15,632 - GOAT - DEBUG - self.alt: 50.031
2025-07-13 14:49:15,732 - GOAT - DEBUG - Diving out
2025-07-13 14:49:15,732 - GOAT - DEBUG - self.alt: 50.031
2025-07-13 14:49:15,832 - GOAT - DEBUG - Diving out
2025-07-13 14:49:15,832 - GOAT - DEBUG - self.alt: 50.031
2025-07-13 14:49:15,933 - GOAT - DEBUG - Diving out
2025-07-13 14:49:15,933 - GOAT - DEBUG - self.alt: 50.697
2025-07-13 14:49:16,033 - GOAT - DEBUG - Diving out
2025-07-13 14:49:16,034 - GOAT - DEBUG - self.alt: 50.697
2025-07-13 14:49:16,134 - GOAT - DEBUG - Diving out
2025-07-13 14:49:16,134 - GOAT - DEBUG - self.alt: 51.316
2025-07-13 14:49:16,171 - GOAT - DEBUG - self.state: MissionState.DIVING_OUT
2025-07-13 14:49:16,235 - GOAT - DEBUG - Diving out
2025-07-13 14:49:16,235 - GOAT - DEBUG - self.alt: 51.316
2025-07-13 14:49:16,335 - GOAT - DEBUG - Diving out
2025-07-13 14:49:16,335 - GOAT - DEBUG - self.alt: 51.316
2025-07-13 14:49:16,436 - GOAT - DEBUG - Diving out
2025-07-13 14:49:16,436 - GOAT - DEBUG - self.alt: 51.99
2025-07-13 14:49:16,536 - GOAT - DEBUG - Diving out
2025-07-13 14:49:16,536 - GOAT - DEBUG - self.alt: 51.99
2025-07-13 14:49:16,637 - GOAT - DEBUG - Diving out
2025-07-13 14:49:16,637 - GOAT - DEBUG - self.alt: 52.61
2025-07-13 14:49:16,737 - GOAT - DEBUG - Diving out
2025-07-13 14:49:16,738 - GOAT - DEBUG - self.alt: 52.61
2025-07-13 14:49:16,838 - GOAT - DEBUG - Diving out
2025-07-13 14:49:16,838 - GOAT - DEBUG - self.alt: 52.61
2025-07-13 14:49:16,939 - GOAT - DEBUG - Diving out
2025-07-13 14:49:16,939 - GOAT - DEBUG - self.alt: 53.289
2025-07-13 14:49:17,039 - GOAT - DEBUG - Diving out
2025-07-13 14:49:17,039 - GOAT - DEBUG - self.alt: 53.289
2025-07-13 14:49:17,140 - GOAT - DEBUG - Diving out
2025-07-13 14:49:17,140 - GOAT - DEBUG - self.alt: 53.914
2025-07-13 14:49:17,172 - GOAT - DEBUG - self.state: MissionState.DIVING_OUT
2025-07-13 14:49:17,240 - GOAT - DEBUG - Diving out
2025-07-13 14:49:17,240 - GOAT - DEBUG - self.alt: 53.914
2025-07-13 14:49:17,341 - GOAT - DEBUG - Diving out
2025-07-13 14:49:17,341 - GOAT - DEBUG - self.alt: 53.914
2025-07-13 14:49:17,441 - GOAT - DEBUG - Diving out
2025-07-13 14:49:17,441 - GOAT - DEBUG - self.alt: 54.588
2025-07-13 14:49:17,542 - GOAT - DEBUG - Diving out
2025-07-13 14:49:17,542 - GOAT - DEBUG - self.alt: 54.588
2025-07-13 14:49:17,643 - GOAT - DEBUG - Diving out
2025-07-13 14:49:17,643 - GOAT - DEBUG - self.alt: 55.214
2025-07-13 14:49:17,743 - GOAT - DEBUG - Diving out
2025-07-13 14:49:17,743 - GOAT - DEBUG - self.alt: 55.214
2025-07-13 14:49:17,843 - GOAT - DEBUG - Diving out
2025-07-13 14:49:17,843 - GOAT - DEBUG - self.alt: 55.214
2025-07-13 14:49:17,944 - GOAT - DEBUG - Diving out
2025-07-13 14:49:17,944 - GOAT - DEBUG - self.alt: 55.894
2025-07-13 14:49:18,044 - GOAT - DEBUG - Diving out
2025-07-13 14:49:18,045 - GOAT - DEBUG - self.alt: 55.894
2025-07-13 14:49:18,145 - GOAT - DEBUG - Diving out
2025-07-13 14:49:18,145 - GOAT - DEBUG - self.alt: 56.523
2025-07-13 14:49:18,173 - GOAT - DEBUG - self.state: MissionState.DIVING_OUT
2025-07-13 14:49:18,246 - GOAT - DEBUG - Diving out
2025-07-13 14:49:18,246 - GOAT - DEBUG - self.alt: 56.523
2025-07-13 14:49:18,346 - GOAT - DEBUG - Diving out
2025-07-13 14:49:18,346 - GOAT - DEBUG - self.alt: 56.523
2025-07-13 14:49:18,447 - GOAT - DEBUG - Diving out
2025-07-13 14:49:18,447 - GOAT - DEBUG - self.alt: 57.205
2025-07-13 14:49:18,547 - GOAT - DEBUG - Diving out
2025-07-13 14:49:18,547 - GOAT - DEBUG - self.alt: 57.205
2025-07-13 14:49:18,648 - GOAT - DEBUG - Diving out
2025-07-13 14:49:18,648 - GOAT - DEBUG - self.alt: 57.839
2025-07-13 14:49:18,749 - GOAT - DEBUG - Diving out
2025-07-13 14:49:18,749 - GOAT - DEBUG - self.alt: 57.839
2025-07-13 14:49:18,849 - GOAT - DEBUG - Diving out
2025-07-13 14:49:18,849 - GOAT - DEBUG - self.alt: 57.839
2025-07-13 14:49:18,950 - GOAT - DEBUG - Diving out
2025-07-13 14:49:18,950 - GOAT - DEBUG - self.alt: 58.528
2025-07-13 14:49:19,050 - GOAT - DEBUG - Diving out
2025-07-13 14:49:19,050 - GOAT - DEBUG - self.alt: 58.528
2025-07-13 14:49:19,151 - GOAT - DEBUG - Diving out
2025-07-13 14:49:19,151 - GOAT - DEBUG - self.alt: 59.166
2025-07-13 14:49:19,174 - GOAT - DEBUG - self.state: MissionState.DIVING_OUT
2025-07-13 14:49:19,251 - GOAT - DEBUG - Diving out
2025-07-13 14:49:19,251 - GOAT - DEBUG - self.alt: 59.166
2025-07-13 14:49:19,352 - GOAT - DEBUG - Diving out
2025-07-13 14:49:19,352 - GOAT - DEBUG - self.alt: 59.166
2025-07-13 14:49:19,452 - GOAT - DEBUG - Diving out
2025-07-13 14:49:19,452 - GOAT - DEBUG - self.alt: 59.851
2025-07-13 14:49:19,553 - GOAT - DEBUG - Diving out
2025-07-13 14:49:19,553 - GOAT - DEBUG - self.alt: 59.851
2025-07-13 14:49:19,653 - GOAT - DEBUG - Diving out
2025-07-13 14:49:19,654 - GOAT - DEBUG - self.alt: 60.485
2025-07-13 14:49:19,754 - GOAT - DEBUG - Diving out
2025-07-13 14:49:19,754 - GOAT - DEBUG - self.alt: 60.485
2025-07-13 14:49:19,855 - GOAT - DEBUG - Diving out
2025-07-13 14:49:19,855 - GOAT - DEBUG - self.alt: 60.485
2025-07-13 14:49:19,956 - GOAT - DEBUG - Diving out
2025-07-13 14:49:19,956 - GOAT - DEBUG - self.alt: 61.179
2025-07-13 14:49:20,056 - GOAT - DEBUG - Diving out
2025-07-13 14:49:20,056 - GOAT - DEBUG - self.alt: 61.179
2025-07-13 14:49:20,157 - GOAT - DEBUG - Diving out
2025-07-13 14:49:20,157 - GOAT - DEBUG - self.alt: 61.825
2025-07-13 14:49:20,175 - GOAT - DEBUG - self.state: MissionState.DIVING_OUT
2025-07-13 14:49:20,257 - GOAT - DEBUG - Diving out
2025-07-13 14:49:20,257 - GOAT - DEBUG - self.alt: 61.825
2025-07-13 14:49:20,358 - GOAT - DEBUG - Diving out
2025-07-13 14:49:20,358 - GOAT - DEBUG - self.alt: 61.825
2025-07-13 14:49:20,458 - GOAT - DEBUG - Diving out
2025-07-13 14:49:20,458 - GOAT - DEBUG - self.alt: 62.531
2025-07-13 14:49:20,559 - GOAT - DEBUG - Diving out
2025-07-13 14:49:20,559 - GOAT - DEBUG - self.alt: 62.531
2025-07-13 14:49:20,659 - GOAT - DEBUG - Diving out
2025-07-13 14:49:20,659 - GOAT - DEBUG - self.alt: 63.182
2025-07-13 14:49:20,760 - GOAT - DEBUG - Diving out
2025-07-13 14:49:20,760 - GOAT - DEBUG - self.alt: 63.182
2025-07-13 14:49:20,860 - GOAT - DEBUG - Diving out
2025-07-13 14:49:20,860 - GOAT - DEBUG - self.alt: 63.182
2025-07-13 14:49:20,961 - GOAT - DEBUG - Diving out
2025-07-13 14:49:20,961 - GOAT - DEBUG - self.alt: 63.888
2025-07-13 14:49:21,061 - GOAT - DEBUG - Diving out
2025-07-13 14:49:21,061 - GOAT - DEBUG - self.alt: 63.888
2025-07-13 14:49:21,162 - GOAT - DEBUG - Diving out
2025-07-13 14:49:21,162 - GOAT - DEBUG - self.alt: 64.543
2025-07-13 14:49:21,176 - GOAT - DEBUG - self.state: MissionState.DIVING_OUT
2025-07-13 14:49:21,263 - GOAT - DEBUG - Diving out
2025-07-13 14:49:21,263 - GOAT - DEBUG - self.alt: 64.543
2025-07-13 14:49:21,363 - GOAT - DEBUG - Diving out
2025-07-13 14:49:21,363 - GOAT - DEBUG - self.alt: 64.543
2025-07-13 14:49:21,464 - GOAT - DEBUG - Diving out
2025-07-13 14:49:21,464 - GOAT - DEBUG - self.alt: 65.257
2025-07-13 14:49:21,564 - GOAT - DEBUG - Diving out
2025-07-13 14:49:21,564 - GOAT - DEBUG - self.alt: 65.257
2025-07-13 14:49:21,665 - GOAT - DEBUG - Diving out
2025-07-13 14:49:21,665 - GOAT - DEBUG - self.alt: 65.917
2025-07-13 14:49:21,765 - GOAT - DEBUG - Diving out
2025-07-13 14:49:21,765 - GOAT - DEBUG - self.alt: 65.917
2025-07-13 14:49:21,866 - GOAT - DEBUG - Diving out
2025-07-13 14:49:21,866 - GOAT - DEBUG - self.alt: 65.917
2025-07-13 14:49:21,966 - GOAT - DEBUG - Diving out
2025-07-13 14:49:21,966 - GOAT - DEBUG - self.alt: 66.626
2025-07-13 14:49:22,067 - GOAT - DEBUG - Diving out
2025-07-13 14:49:22,067 - GOAT - DEBUG - self.alt: 66.626
2025-07-13 14:49:22,167 - GOAT - DEBUG - Diving out
2025-07-13 14:49:22,167 - GOAT - DEBUG - self.alt: 67.28
2025-07-13 14:49:22,177 - GOAT - DEBUG - self.state: MissionState.DIVING_OUT
2025-07-13 14:49:22,268 - GOAT - DEBUG - Diving out
2025-07-13 14:49:22,268 - GOAT - DEBUG - self.alt: 67.28
2025-07-13 14:49:22,368 - GOAT - DEBUG - Diving out
2025-07-13 14:49:22,368 - GOAT - DEBUG - self.alt: 67.28
2025-07-13 14:49:22,469 - GOAT - DEBUG - Diving out
2025-07-13 14:49:22,469 - GOAT - DEBUG - self.alt: 67.989
2025-07-13 14:49:22,569 - GOAT - DEBUG - Diving out
2025-07-13 14:49:22,569 - GOAT - DEBUG - self.alt: 67.989
2025-07-13 14:49:22,670 - GOAT - DEBUG - Diving out
2025-07-13 14:49:22,670 - GOAT - DEBUG - self.alt: 68.648
2025-07-13 14:49:22,770 - GOAT - DEBUG - Diving out
2025-07-13 14:49:22,770 - GOAT - DEBUG - self.alt: 68.648
2025-07-13 14:49:22,871 - GOAT - DEBUG - Diving out
2025-07-13 14:49:22,871 - GOAT - DEBUG - self.alt: 68.648
2025-07-13 14:49:22,971 - GOAT - DEBUG - Diving out
2025-07-13 14:49:22,971 - GOAT - DEBUG - self.alt: 69.36
2025-07-13 14:49:23,072 - GOAT - DEBUG - Diving out
2025-07-13 14:49:23,072 - GOAT - DEBUG - self.alt: 69.36
2025-07-13 14:49:23,172 - GOAT - DEBUG - Diving out
2025-07-13 14:49:23,172 - GOAT - DEBUG - self.alt: 70.018
2025-07-13 14:49:23,178 - GOAT - DEBUG - self.state: MissionState.DIVING_OUT
2025-07-13 14:49:23,273 - GOAT - DEBUG - Diving out
2025-07-13 14:49:23,273 - GOAT - DEBUG - self.alt: 70.018
2025-07-13 14:49:23,373 - GOAT - DEBUG - Diving out
2025-07-13 14:49:23,373 - GOAT - DEBUG - self.alt: 70.018
2025-07-13 14:49:23,474 - GOAT - DEBUG - Diving out
2025-07-13 14:49:23,474 - GOAT - DEBUG - self.alt: 70.732
2025-07-13 14:49:23,574 - GOAT - DEBUG - Diving out
2025-07-13 14:49:23,574 - GOAT - DEBUG - self.alt: 70.732
2025-07-13 14:49:23,675 - GOAT - DEBUG - Diving out
2025-07-13 14:49:23,675 - GOAT - DEBUG - self.alt: 71.39
2025-07-13 14:49:23,775 - GOAT - DEBUG - Diving out
2025-07-13 14:49:23,775 - GOAT - DEBUG - self.alt: 71.39
2025-07-13 14:49:23,876 - GOAT - DEBUG - Diving out
2025-07-13 14:49:23,876 - GOAT - DEBUG - self.alt: 71.39
2025-07-13 14:49:23,976 - GOAT - DEBUG - Diving out
2025-07-13 14:49:23,976 - GOAT - DEBUG - self.alt: 72.111
2025-07-13 14:49:24,077 - GOAT - DEBUG - Diving out
2025-07-13 14:49:24,077 - GOAT - DEBUG - self.alt: 72.111
2025-07-13 14:49:24,177 - GOAT - DEBUG - Diving out
2025-07-13 14:49:24,177 - GOAT - DEBUG - self.alt: 72.777
2025-07-13 14:49:24,179 - GOAT - DEBUG - self.state: MissionState.DIVING_OUT
2025-07-13 14:49:24,278 - GOAT - DEBUG - Diving out
2025-07-13 14:49:24,278 - GOAT - DEBUG - self.alt: 72.777
2025-07-13 14:49:24,378 - GOAT - DEBUG - Diving out
2025-07-13 14:49:24,378 - GOAT - DEBUG - self.alt: 72.777
2025-07-13 14:49:24,479 - GOAT - DEBUG - Diving out
2025-07-13 14:49:24,479 - GOAT - DEBUG - self.alt: 73.499
2025-07-13 14:49:24,580 - GOAT - DEBUG - Diving out
2025-07-13 14:49:24,580 - GOAT - DEBUG - self.alt: 73.499
2025-07-13 14:49:24,680 - GOAT - DEBUG - Diving out
2025-07-13 14:49:24,681 - GOAT - DEBUG - self.alt: 74.166
2025-07-13 14:49:24,781 - GOAT - DEBUG - Diving out
2025-07-13 14:49:24,781 - GOAT - DEBUG - self.alt: 74.166
2025-07-13 14:49:24,882 - GOAT - DEBUG - Diving out
2025-07-13 14:49:24,882 - GOAT - DEBUG - self.alt: 74.166
2025-07-13 14:49:24,982 - GOAT - DEBUG - Diving out
2025-07-13 14:49:24,982 - GOAT - DEBUG - self.alt: 74.891
2025-07-13 14:49:25,083 - GOAT - DEBUG - Diving out
2025-07-13 14:49:25,083 - GOAT - DEBUG - self.alt: 74.891
2025-07-13 14:49:25,179 - GOAT - DEBUG - self.state: MissionState.DIVING_OUT
2025-07-13 14:49:25,184 - GOAT - DEBUG - Diving out
2025-07-13 14:49:25,184 - GOAT - DEBUG - self.alt: 75.614
2025-07-13 14:49:25,284 - GOAT - DEBUG - Diving out
2025-07-13 14:49:25,284 - GOAT - DEBUG - self.alt: 75.614
2025-07-13 14:49:25,384 - GOAT - DEBUG - Diving out
2025-07-13 14:49:25,385 - GOAT - DEBUG - self.alt: 75.614
2025-07-13 14:49:25,485 - GOAT - DEBUG - Diving out
2025-07-13 14:49:25,485 - GOAT - DEBUG - self.alt: 76.279
2025-07-13 14:49:25,586 - GOAT - DEBUG - Diving out
2025-07-13 14:49:25,586 - GOAT - DEBUG - self.alt: 76.279
2025-07-13 14:49:25,686 - GOAT - DEBUG - Diving out
2025-07-13 14:49:25,686 - GOAT - DEBUG - self.alt: 76.998
2025-07-13 14:49:25,787 - GOAT - DEBUG - Diving out
2025-07-13 14:49:25,787 - GOAT - DEBUG - self.alt: 76.998
2025-07-13 14:49:25,887 - GOAT - DEBUG - Diving out
2025-07-13 14:49:25,887 - GOAT - DEBUG - self.alt: 76.998
2025-07-13 14:49:25,988 - GOAT - DEBUG - Diving out
2025-07-13 14:49:25,988 - GOAT - DEBUG - self.alt: 77.658
2025-07-13 14:49:26,088 - GOAT - DEBUG - Diving out
2025-07-13 14:49:26,088 - GOAT - DEBUG - self.alt: 77.658
2025-07-13 14:49:26,180 - GOAT - DEBUG - self.state: MissionState.DIVING_OUT
2025-07-13 14:49:26,189 - GOAT - DEBUG - Diving out
2025-07-13 14:49:26,189 - GOAT - DEBUG - self.alt: 78.378
2025-07-13 14:49:26,289 - GOAT - DEBUG - Diving out
2025-07-13 14:49:26,289 - GOAT - DEBUG - self.alt: 78.378
2025-07-13 14:49:26,390 - GOAT - DEBUG - Diving out
2025-07-13 14:49:26,390 - GOAT - DEBUG - self.alt: 78.378
2025-07-13 14:49:26,490 - GOAT - DEBUG - Diving out
2025-07-13 14:49:26,490 - GOAT - DEBUG - self.alt: 79.05
2025-07-13 14:49:26,591 - GOAT - DEBUG - Diving out
2025-07-13 14:49:26,591 - GOAT - DEBUG - self.alt: 79.05
2025-07-13 14:49:26,691 - GOAT - DEBUG - Diving out
2025-07-13 14:49:26,691 - GOAT - DEBUG - self.alt: 79.05
2025-07-13 14:49:26,792 - GOAT - DEBUG - Diving out
2025-07-13 14:49:26,792 - GOAT - DEBUG - self.alt: 79.78
2025-07-13 14:49:26,892 - GOAT - DEBUG - Diving out
2025-07-13 14:49:26,892 - GOAT - DEBUG - self.alt: 79.78
2025-07-13 14:49:26,993 - GOAT - DEBUG - Diving out
2025-07-13 14:49:26,993 - GOAT - DEBUG - self.alt: 80.453
2025-07-13 14:49:27,093 - GOAT - DEBUG - Diving out
2025-07-13 14:49:27,093 - GOAT - DEBUG - self.alt: 80.453
2025-07-13 14:49:27,181 - GOAT - DEBUG - self.state: MissionState.DIVING_OUT
2025-07-13 14:49:27,194 - GOAT - DEBUG - Diving out
2025-07-13 14:49:27,194 - GOAT - DEBUG - self.alt: 80.453
2025-07-13 14:49:27,295 - GOAT - DEBUG - Diving out
2025-07-13 14:49:27,295 - GOAT - DEBUG - self.alt: 81.177
2025-07-13 14:49:27,395 - GOAT - DEBUG - Diving out
2025-07-13 14:49:27,395 - GOAT - DEBUG - self.alt: 81.177
2025-07-13 14:49:27,495 - GOAT - DEBUG - Diving out
2025-07-13 14:49:27,496 - GOAT - DEBUG - self.alt: 81.848
2025-07-13 14:49:27,596 - GOAT - DEBUG - Diving out
2025-07-13 14:49:27,596 - GOAT - DEBUG - self.alt: 81.848
2025-07-13 14:49:27,696 - GOAT - DEBUG - Diving out
2025-07-13 14:49:27,697 - GOAT - DEBUG - self.alt: 81.848
2025-07-13 14:49:27,797 - GOAT - DEBUG - Diving out
2025-07-13 14:49:27,797 - GOAT - DEBUG - self.alt: 82.575
2025-07-13 14:49:27,898 - GOAT - DEBUG - Diving out
2025-07-13 14:49:27,898 - GOAT - DEBUG - self.alt: 82.575
2025-07-13 14:49:27,998 - GOAT - DEBUG - Diving out
2025-07-13 14:49:27,998 - GOAT - DEBUG - self.alt: 83.246
2025-07-13 14:49:28,099 - GOAT - DEBUG - Diving out
2025-07-13 14:49:28,099 - GOAT - DEBUG - self.alt: 83.246
2025-07-13 14:49:28,182 - GOAT - DEBUG - self.state: MissionState.DIVING_OUT
2025-07-13 14:49:28,199 - GOAT - DEBUG - Diving out
2025-07-13 14:49:28,199 - GOAT - DEBUG - self.alt: 83.246
2025-07-13 14:49:28,300 - GOAT - DEBUG - Diving out
2025-07-13 14:49:28,300 - GOAT - DEBUG - self.alt: 83.979
2025-07-13 14:49:28,400 - GOAT - DEBUG - Diving out
2025-07-13 14:49:28,400 - GOAT - DEBUG - self.alt: 83.979
2025-07-13 14:49:28,501 - GOAT - DEBUG - Diving out
2025-07-13 14:49:28,501 - GOAT - DEBUG - self.alt: 84.654
2025-07-13 14:49:28,601 - GOAT - DEBUG - Diving out
2025-07-13 14:49:28,601 - GOAT - DEBUG - self.alt: 84.654
2025-07-13 14:49:28,701 - GOAT - DEBUG - Diving out
2025-07-13 14:49:28,702 - GOAT - DEBUG - self.alt: 84.654
2025-07-13 14:49:28,802 - GOAT - DEBUG - Diving out
2025-07-13 14:49:28,802 - GOAT - DEBUG - self.alt: 85.39
2025-07-13 14:49:28,902 - GOAT - DEBUG - Diving out
2025-07-13 14:49:28,902 - GOAT - DEBUG - self.alt: 85.39
2025-07-13 14:49:29,003 - GOAT - DEBUG - Diving out
2025-07-13 14:49:29,003 - GOAT - DEBUG - self.alt: 86.074
2025-07-13 14:49:29,103 - GOAT - DEBUG - Diving out
2025-07-13 14:49:29,103 - GOAT - DEBUG - self.alt: 86.074
2025-07-13 14:49:29,183 - GOAT - DEBUG - self.state: MissionState.DIVING_OUT
2025-07-13 14:49:29,204 - GOAT - DEBUG - Diving out
2025-07-13 14:49:29,204 - GOAT - DEBUG - self.alt: 86.753
2025-07-13 14:49:29,304 - GOAT - DEBUG - Diving out
2025-07-13 14:49:29,304 - GOAT - DEBUG - self.alt: 86.753
2025-07-13 14:49:29,405 - GOAT - DEBUG - Diving out
2025-07-13 14:49:29,405 - GOAT - DEBUG - self.alt: 86.753
2025-07-13 14:49:29,505 - GOAT - DEBUG - Diving out
2025-07-13 14:49:29,505 - GOAT - DEBUG - self.alt: 87.489
2025-07-13 14:49:29,606 - GOAT - DEBUG - Diving out
2025-07-13 14:49:29,606 - GOAT - DEBUG - self.alt: 87.489
2025-07-13 14:49:29,706 - GOAT - DEBUG - Diving out
2025-07-13 14:49:29,706 - GOAT - DEBUG - self.alt: 88.172
2025-07-13 14:49:29,807 - GOAT - DEBUG - Diving out
2025-07-13 14:49:29,807 - GOAT - DEBUG - self.alt: 88.172
2025-07-13 14:49:29,908 - GOAT - DEBUG - Diving out
2025-07-13 14:49:29,908 - GOAT - DEBUG - self.alt: 88.172
2025-07-13 14:49:30,008 - GOAT - DEBUG - Diving out
2025-07-13 14:49:30,008 - GOAT - DEBUG - self.alt: 88.911
2025-07-13 14:49:30,109 - GOAT - DEBUG - Diving out
2025-07-13 14:49:30,109 - GOAT - DEBUG - self.alt: 88.911
2025-07-13 14:49:30,184 - GOAT - DEBUG - self.state: MissionState.DIVING_OUT
2025-07-13 14:49:30,209 - GOAT - DEBUG - Diving out
2025-07-13 14:49:30,209 - GOAT - DEBUG - self.alt: 89.596
2025-07-13 14:49:30,310 - GOAT - DEBUG - Diving out
2025-07-13 14:49:30,310 - GOAT - DEBUG - self.alt: 89.596
2025-07-13 14:49:30,410 - GOAT - DEBUG - Diving out
2025-07-13 14:49:30,410 - GOAT - DEBUG - self.alt: 89.596
2025-07-13 14:49:30,511 - GOAT - DEBUG - Diving out
2025-07-13 14:49:30,511 - GOAT - DEBUG - self.alt: 90.34
2025-07-13 14:49:30,611 - GOAT - DEBUG - Diving out
2025-07-13 14:49:30,611 - GOAT - DEBUG - self.alt: 90.34
2025-07-13 14:49:30,712 - GOAT - DEBUG - Diving out
2025-07-13 14:49:30,712 - GOAT - DEBUG - self.alt: 91.021
2025-07-13 14:49:30,812 - GOAT - DEBUG - Diving out
2025-07-13 14:49:30,812 - GOAT - DEBUG - self.alt: 91.021
2025-07-13 14:49:30,913 - GOAT - DEBUG - Diving out
2025-07-13 14:49:30,913 - GOAT - DEBUG - self.alt: 91.021
2025-07-13 14:49:31,013 - GOAT - DEBUG - Diving out
2025-07-13 14:49:31,013 - GOAT - DEBUG - self.alt: 91.764
2025-07-13 14:49:31,114 - GOAT - DEBUG - Diving out
2025-07-13 14:49:31,114 - GOAT - DEBUG - self.alt: 91.764
2025-07-13 14:49:31,184 - GOAT - DEBUG - self.state: MissionState.DIVING_OUT
2025-07-13 14:49:31,214 - GOAT - DEBUG - Diving out
2025-07-13 14:49:31,214 - GOAT - DEBUG - self.alt: 92.446
2025-07-13 14:49:31,315 - GOAT - DEBUG - Diving out
2025-07-13 14:49:31,315 - GOAT - DEBUG - self.alt: 92.446
2025-07-13 14:49:31,415 - GOAT - DEBUG - Diving out
2025-07-13 14:49:31,415 - GOAT - DEBUG - self.alt: 92.446
2025-07-13 14:49:31,515 - GOAT - DEBUG - Diving out
2025-07-13 14:49:31,516 - GOAT - DEBUG - self.alt: 93.184
2025-07-13 14:49:31,616 - GOAT - DEBUG - Diving out
2025-07-13 14:49:31,616 - GOAT - DEBUG - self.alt: 93.184
2025-07-13 14:49:31,716 - GOAT - DEBUG - Diving out
2025-07-13 14:49:31,716 - GOAT - DEBUG - self.alt: 93.869
2025-07-13 14:49:31,817 - GOAT - DEBUG - Diving out
2025-07-13 14:49:31,817 - GOAT - DEBUG - self.alt: 93.869
2025-07-13 14:49:31,917 - GOAT - DEBUG - Diving out
2025-07-13 14:49:31,917 - GOAT - DEBUG - self.alt: 93.869
2025-07-13 14:49:32,018 - GOAT - DEBUG - Diving out
2025-07-13 14:49:32,018 - GOAT - DEBUG - self.alt: 94.61
2025-07-13 14:49:32,118 - GOAT - DEBUG - Diving out
2025-07-13 14:49:32,118 - GOAT - DEBUG - self.alt: 94.61
2025-07-13 14:49:32,185 - GOAT - DEBUG - self.state: MissionState.DIVING_OUT
2025-07-13 14:49:32,219 - GOAT - DEBUG - Diving out
2025-07-13 14:49:32,219 - GOAT - DEBUG - self.alt: 95.295
2025-07-13 14:49:32,319 - GOAT - DEBUG - Diving out
2025-07-13 14:49:32,319 - GOAT - DEBUG - self.alt: 95.295
2025-07-13 14:49:32,420 - GOAT - DEBUG - Diving out
2025-07-13 14:49:32,420 - GOAT - DEBUG - self.alt: 95.295
2025-07-13 14:49:32,520 - GOAT - DEBUG - Diving out
2025-07-13 14:49:32,520 - GOAT - DEBUG - self.alt: 96.038
2025-07-13 14:49:32,621 - GOAT - DEBUG - Diving out
2025-07-13 14:49:32,621 - GOAT - DEBUG - self.alt: 96.038
2025-07-13 14:49:32,721 - GOAT - DEBUG - Diving out
2025-07-13 14:49:32,721 - GOAT - DEBUG - self.alt: 96.723
2025-07-13 14:49:32,822 - GOAT - DEBUG - Diving out
2025-07-13 14:49:32,822 - GOAT - DEBUG - self.alt: 96.723
2025-07-13 14:49:32,922 - GOAT - DEBUG - Diving out
2025-07-13 14:49:32,922 - GOAT - DEBUG - self.alt: 96.723
2025-07-13 14:49:33,023 - GOAT - DEBUG - Diving out
2025-07-13 14:49:33,023 - GOAT - DEBUG - self.alt: 97.459
2025-07-13 14:49:33,123 - GOAT - DEBUG - Diving out
2025-07-13 14:49:33,123 - GOAT - DEBUG - self.alt: 97.459
2025-07-13 14:49:33,186 - GOAT - DEBUG - self.state: MissionState.DIVING_OUT
2025-07-13 14:49:33,224 - GOAT - DEBUG - Diving out
2025-07-13 14:49:33,224 - GOAT - DEBUG - self.alt: 98.138
2025-07-13 14:49:33,324 - GOAT - DEBUG - Diving out
2025-07-13 14:49:33,324 - GOAT - DEBUG - self.alt: 98.138
2025-07-13 14:49:33,425 - GOAT - DEBUG - Diving out
2025-07-13 14:49:33,425 - GOAT - DEBUG - self.alt: 98.138
2025-07-13 14:49:33,525 - GOAT - DEBUG - Diving out
2025-07-13 14:49:33,525 - GOAT - DEBUG - self.alt: 98.878
2025-07-13 14:49:33,626 - GOAT - DEBUG - Diving out
2025-07-13 14:49:33,626 - GOAT - DEBUG - self.alt: 98.878
2025-07-13 14:49:33,726 - GOAT - DEBUG - Diving out
2025-07-13 14:49:33,727 - GOAT - DEBUG - self.alt: 99.558
2025-07-13 14:49:33,827 - GOAT - DEBUG - Diving out
2025-07-13 14:49:33,827 - GOAT - DEBUG - self.alt: 99.558
2025-07-13 14:49:33,927 - GOAT - DEBUG - Diving out
2025-07-13 14:49:33,928 - GOAT - DEBUG - self.alt: 99.558
2025-07-13 14:49:34,028 - GOAT - DEBUG - Diving out
2025-07-13 14:49:34,028 - GOAT - DEBUG - self.alt: 100.298
2025-07-13 14:49:34,128 - GOAT - DEBUG - Diving out
2025-07-13 14:49:34,128 - GOAT - DEBUG - self.alt: 100.298
2025-07-13 14:49:34,187 - GOAT - DEBUG - self.state: MissionState.DIVING_OUT
2025-07-13 14:49:34,229 - GOAT - DEBUG - Dive out complete.
2025-07-13 14:49:34,281 - GOAT - DEBUG - going to approach destination
2025-07-13 14:49:35,188 - GOAT - DEBUG - self.state: MissionState.GOING_TO_TARGET
2025-07-13 14:49:36,189 - GOAT - DEBUG - self.state: MissionState.GOING_TO_TARGET
2025-07-13 14:49:37,190 - GOAT - DEBUG - self.state: MissionState.GOING_TO_TARGET
2025-07-13 14:49:38,191 - GOAT - DEBUG - self.state: MissionState.GOING_TO_TARGET
2025-07-13 14:49:39,191 - GOAT - DEBUG - self.state: MissionState.GOING_TO_TARGET
2025-07-13 14:49:40,192 - GOAT - DEBUG - self.state: MissionState.GOING_TO_TARGET
2025-07-13 14:49:41,193 - GOAT - DEBUG - self.state: MissionState.GOING_TO_TARGET
2025-07-13 14:49:42,194 - GOAT - DEBUG - self.state: MissionState.GOING_TO_TARGET
2025-07-13 14:49:43,195 - GOAT - DEBUG - self.state: MissionState.GOING_TO_TARGET
2025-07-13 14:49:44,195 - GOAT - DEBUG - self.state: MissionState.GOING_TO_TARGET
2025-07-13 14:49:45,196 - GOAT - DEBUG - self.state: MissionState.GOING_TO_TARGET
2025-07-13 14:49:46,197 - GOAT - DEBUG - self.state: MissionState.GOING_TO_TARGET
2025-07-13 14:49:47,198 - GOAT - DEBUG - self.state: MissionState.GOING_TO_TARGET
2025-07-13 14:49:48,199 - GOAT - DEBUG - self.state: MissionState.GOING_TO_TARGET
2025-07-13 14:49:49,200 - GOAT - DEBUG - self.state: MissionState.GOING_TO_TARGET
2025-07-13 14:49:50,201 - GOAT - DEBUG - self.state: MissionState.GOING_TO_TARGET
2025-07-13 14:49:51,202 - GOAT - DEBUG - self.state: MissionState.GOING_TO_TARGET
2025-07-13 14:49:52,202 - GOAT - DEBUG - self.state: MissionState.GOING_TO_TARGET
2025-07-13 14:49:53,203 - GOAT - DEBUG - self.state: MissionState.GOING_TO_TARGET
2025-07-13 14:49:54,204 - GOAT - DEBUG - self.state: MissionState.GOING_TO_TARGET
2025-07-13 14:49:55,205 - GOAT - DEBUG - self.state: MissionState.GOING_TO_TARGET
2025-07-13 14:49:56,206 - GOAT - DEBUG - self.state: MissionState.GOING_TO_TARGET
2025-07-13 14:49:57,207 - GOAT - DEBUG - self.state: MissionState.GOING_TO_TARGET
2025-07-13 14:49:58,208 - GOAT - DEBUG - self.state: MissionState.GOING_TO_TARGET
2025-07-13 14:49:59,209 - GOAT - DEBUG - self.state: MissionState.GOING_TO_TARGET
2025-07-13 14:50:00,210 - GOAT - DEBUG - self.state: MissionState.GOING_TO_TARGET
2025-07-13 14:50:01,211 - GOAT - DEBUG - self.state: MissionState.GOING_TO_TARGET
2025-07-13 14:50:02,212 - GOAT - DEBUG - self.state: MissionState.GOING_TO_TARGET
2025-07-13 14:50:03,213 - GOAT - DEBUG - self.state: MissionState.GOING_TO_TARGET
2025-07-13 14:50:04,214 - GOAT - DEBUG - self.state: MissionState.GOING_TO_TARGET
2025-07-13 14:50:05,215 - GOAT - DEBUG - self.state: MissionState.GOING_TO_TARGET
2025-07-13 14:50:06,216 - GOAT - DEBUG - self.state: MissionState.GOING_TO_TARGET
2025-07-13 14:50:07,217 - GOAT - DEBUG - self.state: MissionState.GOING_TO_TARGET
2025-07-13 14:50:08,218 - GOAT - DEBUG - self.state: MissionState.GOING_TO_TARGET
2025-07-13 14:50:09,219 - GOAT - DEBUG - self.state: MissionState.GOING_TO_TARGET
2025-07-13 14:50:10,220 - GOAT - DEBUG - self.state: MissionState.GOING_TO_TARGET
2025-07-13 14:50:11,221 - GOAT - DEBUG - self.state: MissionState.GOING_TO_TARGET
2025-07-13 14:50:12,222 - GOAT - DEBUG - self.state: MissionState.GOING_TO_TARGET
2025-07-13 14:50:13,223 - GOAT - DEBUG - self.state: MissionState.GOING_TO_TARGET
2025-07-13 14:50:14,224 - GOAT - DEBUG - self.state: MissionState.GOING_TO_TARGET
2025-07-13 14:50:15,225 - GOAT - DEBUG - self.state: MissionState.GOING_TO_TARGET
2025-07-13 14:50:16,226 - GOAT - DEBUG - self.state: MissionState.GOING_TO_TARGET
2025-07-13 14:50:17,227 - GOAT - DEBUG - self.state: MissionState.GOING_TO_TARGET
2025-07-13 14:50:18,227 - GOAT - DEBUG - self.state: MissionState.GOING_TO_TARGET
2025-07-13 14:50:19,228 - GOAT - DEBUG - self.state: MissionState.GOING_TO_TARGET
2025-07-13 14:50:20,229 - GOAT - DEBUG - self.state: MissionState.GOING_TO_TARGET
2025-07-13 14:50:21,230 - GOAT - DEBUG - self.state: MissionState.GOING_TO_TARGET
2025-07-13 14:50:22,231 - GOAT - DEBUG - self.state: MissionState.GOING_TO_TARGET
2025-07-13 14:50:23,232 - GOAT - DEBUG - self.state: MissionState.GOING_TO_TARGET
2025-07-13 14:50:24,233 - GOAT - DEBUG - self.state: MissionState.GOING_TO_TARGET
2025-07-13 14:50:25,233 - GOAT - DEBUG - self.state: MissionState.GOING_TO_TARGET
2025-07-13 14:50:26,235 - GOAT - DEBUG - self.state: MissionState.GOING_TO_TARGET
2025-07-13 14:50:27,235 - GOAT - DEBUG - self.state: MissionState.GOING_TO_TARGET
2025-07-13 14:50:28,236 - GOAT - DEBUG - self.state: MissionState.GOING_TO_TARGET
2025-07-13 14:50:29,237 - GOAT - DEBUG - self.state: MissionState.GOING_TO_TARGET
2025-07-13 14:50:30,238 - GOAT - DEBUG - self.state: MissionState.GOING_TO_TARGET
2025-07-13 14:50:31,239 - GOAT - DEBUG - self.state: MissionState.GOING_TO_TARGET
2025-07-13 14:50:32,240 - GOAT - DEBUG - self.state: MissionState.GOING_TO_TARGET
2025-07-13 14:50:33,240 - GOAT - DEBUG - self.state: MissionState.GOING_TO_TARGET
2025-07-13 14:50:34,241 - GOAT - DEBUG - self.state: MissionState.GOING_TO_TARGET
2025-07-13 14:50:35,241 - GOAT - DEBUG - self.state: MissionState.GOING_TO_TARGET
2025-07-13 14:50:36,242 - GOAT - DEBUG - self.state: MissionState.GOING_TO_TARGET
2025-07-13 14:50:37,243 - GOAT - DEBUG - self.state: MissionState.GOING_TO_TARGET
2025-07-13 14:50:38,244 - GOAT - DEBUG - self.state: MissionState.GOING_TO_TARGET
2025-07-13 14:50:39,245 - GOAT - DEBUG - self.state: MissionState.GOING_TO_TARGET
2025-07-13 14:50:40,246 - GOAT - DEBUG - self.state: MissionState.GOING_TO_TARGET
2025-07-13 14:50:41,246 - GOAT - DEBUG - self.state: MissionState.GOING_TO_TARGET
2025-07-13 14:50:42,247 - GOAT - DEBUG - self.state: MissionState.GOING_TO_TARGET
2025-07-13 14:50:43,247 - GOAT - DEBUG - self.state: MissionState.GOING_TO_TARGET
2025-07-13 14:50:43,493 - GOAT - DEBUG - Reached approach destination.
2025-07-13 14:50:43,493 - GOAT - DEBUG - going to target destination
2025-07-13 14:50:44,248 - GOAT - DEBUG - self.state: MissionState.GOING_TO_TARGET
2025-07-13 14:50:45,249 - GOAT - DEBUG - self.state: MissionState.GOING_TO_TARGET
2025-07-13 14:50:46,250 - GOAT - DEBUG - self.state: MissionState.GOING_TO_TARGET
2025-07-13 14:50:47,250 - GOAT - DEBUG - self.state: MissionState.GOING_TO_TARGET
2025-07-13 14:50:48,251 - GOAT - DEBUG - self.state: MissionState.GOING_TO_TARGET
2025-07-13 14:50:49,252 - GOAT - DEBUG - self.state: MissionState.GOING_TO_TARGET
2025-07-13 14:50:50,252 - GOAT - DEBUG - self.state: MissionState.GOING_TO_TARGET
2025-07-13 14:50:51,253 - GOAT - DEBUG - self.state: MissionState.GOING_TO_TARGET
2025-07-13 14:50:52,253 - GOAT - DEBUG - self.state: MissionState.GOING_TO_TARGET
2025-07-13 14:50:53,254 - GOAT - DEBUG - self.state: MissionState.GOING_TO_TARGET
2025-07-13 14:50:54,255 - GOAT - DEBUG - self.state: MissionState.GOING_TO_TARGET
2025-07-13 14:50:55,255 - GOAT - DEBUG - self.state: MissionState.GOING_TO_TARGET
2025-07-13 14:50:56,256 - GOAT - DEBUG - self.state: MissionState.GOING_TO_TARGET
2025-07-13 14:50:57,256 - GOAT - DEBUG - self.state: MissionState.GOING_TO_TARGET
2025-07-13 14:50:58,256 - GOAT - DEBUG - self.state: MissionState.GOING_TO_TARGET
2025-07-13 14:50:59,257 - GOAT - DEBUG - self.state: MissionState.GOING_TO_TARGET
2025-07-13 14:51:00,258 - GOAT - DEBUG - self.state: MissionState.GOING_TO_TARGET
2025-07-13 14:51:01,259 - GOAT - DEBUG - self.state: MissionState.GOING_TO_TARGET
2025-07-13 14:51:02,260 - GOAT - DEBUG - self.state: MissionState.GOING_TO_TARGET
2025-07-13 14:51:03,261 - GOAT - DEBUG - self.state: MissionState.GOING_TO_TARGET
2025-07-13 14:51:04,262 - GOAT - DEBUG - self.state: MissionState.GOING_TO_TARGET
2025-07-13 14:51:05,263 - GOAT - DEBUG - self.state: MissionState.GOING_TO_TARGET
2025-07-13 14:51:06,264 - GOAT - DEBUG - self.state: MissionState.GOING_TO_TARGET
2025-07-13 14:51:07,091 - GOAT - DEBUG - Reached target destination.
2025-07-13 14:51:07,091 - GOAT - DEBUG - Target reached, diving in.
2025-07-13 14:51:07,091 - GOAT - DEBUG - state == MissionState.DIVING_IN
2025-07-13 14:51:07,265 - GOAT - DEBUG - self.state: MissionState.DIVING_IN
2025-07-13 14:51:07,265 - GOAT - DEBUG - Diving in
2025-07-13 14:51:07,265 - GOAT - ERROR - Error while saving frame: OpenCV(4.10.0) /io/opencv/modules/imgcodecs/src/loadsave.cpp:798: error: (-215:Assertion failed) !_img.empty() in function 'imwrite'

2025-07-13 14:51:07,265 - GOAT - DEBUG - altitude: 89.833
2025-07-13 14:51:08,266 - GOAT - DEBUG - self.state: MissionState.DIVING_IN
2025-07-13 14:51:08,266 - GOAT - DEBUG - Diving in
2025-07-13 14:51:08,266 - GOAT - ERROR - Error while saving frame: OpenCV(4.10.0) /io/opencv/modules/imgcodecs/src/loadsave.cpp:798: error: (-215:Assertion failed) !_img.empty() in function 'imwrite'

2025-07-13 14:51:08,266 - GOAT - DEBUG - altitude: 89.039
2025-07-13 14:51:09,267 - GOAT - DEBUG - self.state: MissionState.DIVING_IN
2025-07-13 14:51:09,267 - GOAT - DEBUG - Diving in
2025-07-13 14:51:09,268 - GOAT - ERROR - Error while saving frame: OpenCV(4.10.0) /io/opencv/modules/imgcodecs/src/loadsave.cpp:798: error: (-215:Assertion failed) !_img.empty() in function 'imwrite'

2025-07-13 14:51:09,268 - GOAT - DEBUG - altitude: 81.788
2025-07-13 14:51:10,268 - GOAT - DEBUG - self.state: MissionState.DIVING_IN
2025-07-13 14:51:10,268 - GOAT - DEBUG - Diving in
2025-07-13 14:51:10,269 - GOAT - ERROR - Error while saving frame: OpenCV(4.10.0) /io/opencv/modules/imgcodecs/src/loadsave.cpp:798: error: (-215:Assertion failed) !_img.empty() in function 'imwrite'

2025-07-13 14:51:10,269 - GOAT - DEBUG - altitude: 74.362
2025-07-13 14:51:11,270 - GOAT - DEBUG - self.state: MissionState.DIVING_IN
2025-07-13 14:51:11,270 - GOAT - DEBUG - Diving in
2025-07-13 14:51:11,271 - GOAT - ERROR - Error while saving frame: OpenCV(4.10.0) /io/opencv/modules/imgcodecs/src/loadsave.cpp:798: error: (-215:Assertion failed) !_img.empty() in function 'imwrite'

2025-07-13 14:51:11,271 - GOAT - DEBUG - altitude: 67.984
2025-07-13 14:51:12,271 - GOAT - DEBUG - self.state: MissionState.DIVING_IN
2025-07-13 14:51:12,271 - GOAT - DEBUG - Diving in
2025-07-13 14:51:12,272 - GOAT - ERROR - Error while saving frame: OpenCV(4.10.0) /io/opencv/modules/imgcodecs/src/loadsave.cpp:798: error: (-215:Assertion failed) !_img.empty() in function 'imwrite'

2025-07-13 14:51:12,272 - GOAT - DEBUG - altitude: 60.796
2025-07-13 14:51:13,130 - GOAT - DEBUG - Connection closed.
