2025-07-14 15:34:20,813 - GOAT - DEBUG - Mission state is NEUTRAL.
2025-07-14 15:34:20,814 - GOAT - DEBUG - target_lat: 41.1015841, target_lon: 28.5525204
2025-07-14 15:34:20,814 - GOAT - DEBUG - start_altitude: 105target_altitude: 70stable_altitude: 80
2025-07-14 15:34:20,814 - GOAT - DEBUG - diving_distance: 100
2025-07-14 15:34:43,954 - GOAT - DEBUG - Connected to the aircraft.
2025-07-14 15:34:43,955 - GOAT - DEBUG - Location: lat=41.10082, lon=28.5538354, alt=94.225, ground_speed=7.908700466156006, air_speed=19.055978775024414
2025-07-14 15:34:44,357 - GOAT - DEBUG - Location: lat=41.10082, lon=28.5538354, alt=94.225, ground_speed=8.077378273010254, air_speed=18.80201530456543
2025-07-14 15:34:44,759 - GOAT - DEBUG - Location: lat=41.1008485, lon=28.5538583, alt=94.484, ground_speed=8.077378273010254, air_speed=18.80201530456543
2025-07-14 15:34:45,161 - GOAT - DEBUG - Location: lat=41.1008788, lon=28.5538861, alt=94.565, ground_speed=8.077378273010254, air_speed=18.80201530456543
2025-07-14 15:34:45,563 - GOAT - DEBUG - Location: lat=41.1009074, lon=28.5539172, alt=94.534, ground_speed=8.222196578979492, air_speed=19.506641387939453
2025-07-14 15:34:45,964 - GOAT - DEBUG - Location: lat=41.1009074, lon=28.5539172, alt=94.534, ground_speed=8.345500946044922, air_speed=18.920148849487305
2025-07-14 15:34:46,366 - GOAT - DEBUG - Location: lat=41.1009375, lon=28.5539534, alt=93.994, ground_speed=8.345500946044922, air_speed=18.920148849487305
2025-07-14 15:34:46,768 - GOAT - DEBUG - Location: lat=41.1009627, lon=28.5539872, alt=93.798, ground_speed=8.809481620788574, air_speed=19.24782943725586
2025-07-14 15:34:47,169 - GOAT - DEBUG - Location: lat=41.1009897, lon=28.554026, alt=93.981, ground_speed=8.822561264038086, air_speed=20.082860946655273
2025-07-14 15:34:47,571 - GOAT - DEBUG - Location: lat=41.1010147, lon=28.5540669, alt=94.467, ground_speed=8.822561264038086, air_speed=20.082860946655273
2025-07-14 15:34:47,973 - GOAT - DEBUG - Location: lat=41.1010147, lon=28.5540669, alt=94.467, ground_speed=8.702834129333496, air_speed=19.96210289001465
2025-07-14 15:34:48,376 - GOAT - DEBUG - Location: lat=41.1010386, lon=28.5541129, alt=94.722, ground_speed=8.393272399902344, air_speed=19.182756423950195
2025-07-14 15:34:48,778 - GOAT - DEBUG - Location: lat=41.1010574, lon=28.5541511, alt=94.745, ground_speed=8.331977844238281, air_speed=19.12078094482422
2025-07-14 15:34:49,179 - GOAT - DEBUG - Location: lat=41.101076, lon=28.5541938, alt=94.73, ground_speed=8.331977844238281, air_speed=19.12078094482422
2025-07-14 15:34:49,581 - GOAT - DEBUG - Location: lat=41.1010927, lon=28.5542392, alt=94.667, ground_speed=8.549637794494629, air_speed=18.854570388793945
2025-07-14 15:34:49,983 - GOAT - DEBUG - Location: lat=41.1011083, lon=28.554292, alt=94.492, ground_speed=8.72443675994873, air_speed=18.446157455444336
2025-07-14 15:34:50,372 - GOAT - DEBUG - Received start command from Redis.
2025-07-14 15:34:50,384 - GOAT - DEBUG - Location: lat=41.1011083, lon=28.554292, alt=94.492, ground_speed=9.255011558532715, air_speed=18.059398651123047
2025-07-14 15:34:50,786 - GOAT - DEBUG - Location: lat=41.1011199, lon=28.5543411, alt=94.36, ground_speed=9.955709457397461, air_speed=17.807876586914062
2025-07-14 15:34:51,188 - GOAT - DEBUG - Location: lat=41.1011316, lon=28.5543991, alt=94.091, ground_speed=10.365156173706055, air_speed=18.786026000976562
2025-07-14 15:34:51,588 - GOAT - DEBUG - Location: lat=41.1011419, lon=28.5544623, alt=94.013, ground_speed=11.023279190063477, air_speed=19.28061294555664
2025-07-14 15:34:51,990 - GOAT - DEBUG - Location: lat=41.1011419, lon=28.5544623, alt=94.013, ground_speed=11.259671211242676, air_speed=19.075550079345703
2025-07-14 15:34:52,391 - GOAT - DEBUG - Location: lat=41.1011419, lon=28.5544623, alt=94.013, ground_speed=11.900688171386719, air_speed=18.892105102539062
2025-07-14 15:34:52,794 - GOAT - DEBUG - Location: lat=41.1011518, lon=28.5546004, alt=94.644, ground_speed=12.38691520690918, air_speed=18.894025802612305
2025-07-14 15:34:53,195 - GOAT - DEBUG - Location: lat=41.1011483, lon=28.5546744, alt=95.406, ground_speed=12.38691520690918, air_speed=18.894025802612305
2025-07-14 15:34:53,598 - GOAT - DEBUG - Location: lat=41.1011389, lon=28.5547492, alt=95.847, ground_speed=12.869173049926758, air_speed=20.908809661865234
2025-07-14 15:34:54,000 - GOAT - DEBUG - Location: lat=41.1011389, lon=28.5547492, alt=95.847, ground_speed=13.038691520690918, air_speed=20.664039611816406
2025-07-14 15:34:54,401 - GOAT - DEBUG - Location: lat=41.1011194, lon=28.5548284, alt=96.257, ground_speed=12.970956802368164, air_speed=19.029937744140625
2025-07-14 15:34:54,806 - GOAT - DEBUG - Location: lat=41.1010967, lon=28.5548922, alt=96.445, ground_speed=13.451891899108887, air_speed=18.597490310668945
2025-07-14 15:34:55,207 - GOAT - DEBUG - Location: lat=41.1010653, lon=28.5549599, alt=96.331, ground_speed=13.451891899108887, air_speed=18.597490310668945
2025-07-14 15:34:55,608 - GOAT - DEBUG - Location: lat=41.1010275, lon=28.555028, alt=95.99, ground_speed=14.16933536529541, air_speed=18.22712516784668
2025-07-14 15:34:56,010 - GOAT - DEBUG - Location: lat=41.1009791, lon=28.5551024, alt=95.528, ground_speed=15.124661445617676, air_speed=18.21729278564453
2025-07-14 15:34:56,411 - GOAT - DEBUG - Location: lat=41.1009791, lon=28.5551024, alt=95.528, ground_speed=16.056724548339844, air_speed=18.721927642822266
2025-07-14 15:34:56,812 - GOAT - DEBUG - Location: lat=41.1009321, lon=28.5551663, alt=94.943, ground_speed=17.104312896728516, air_speed=18.891643524169922
2025-07-14 15:34:57,214 - GOAT - DEBUG - Location: lat=41.1008742, lon=28.5552346, alt=94.462, ground_speed=18.303733825683594, air_speed=18.248687744140625
2025-07-14 15:34:57,615 - GOAT - DEBUG - Location: lat=41.1008077, lon=28.5553001, alt=94.041, ground_speed=19.126747131347656, air_speed=19.002843856811523
2025-07-14 15:34:58,017 - GOAT - DEBUG - Location: lat=41.1007214, lon=28.5553624, alt=93.62, ground_speed=20.107404708862305, air_speed=19.340559005737305
2025-07-14 15:34:58,419 - GOAT - DEBUG - Location: lat=41.1007214, lon=28.5553624, alt=93.62, ground_speed=21.850059509277344, air_speed=20.04475975036621
2025-07-14 15:34:58,822 - GOAT - DEBUG - Location: lat=41.1006353, lon=28.5554021, alt=93.509, ground_speed=23.500490188598633, air_speed=19.50261116027832
2025-07-14 15:34:59,223 - GOAT - DEBUG - Location: lat=41.1005311, lon=28.5554277, alt=93.352, ground_speed=24.42780303955078, air_speed=19.366588592529297
2025-07-14 15:34:59,625 - GOAT - DEBUG - Location: lat=41.1004175, lon=28.5554307, alt=93.341, ground_speed=25.88934898376465, air_speed=19.766586303710938
2025-07-14 15:35:00,028 - GOAT - DEBUG - Location: lat=41.1002892, lon=28.5554073, alt=93.118, ground_speed=26.55824851989746, air_speed=19.860097885131836
2025-07-14 15:35:00,430 - GOAT - DEBUG - Location: lat=41.1002892, lon=28.5554073, alt=93.118, ground_speed=27.77605438232422, air_speed=20.732810974121094
2025-07-14 15:35:00,831 - GOAT - DEBUG - Location: lat=41.1001803, lon=28.5553571, alt=93.139, ground_speed=28.165922164916992, air_speed=20.323030471801758
2025-07-14 15:35:01,234 - GOAT - DEBUG - Location: lat=41.1000692, lon=28.5552767, alt=93.078, ground_speed=27.916465759277344, air_speed=20.380619049072266
2025-07-14 15:35:01,635 - GOAT - DEBUG - Location: lat=41.0999745, lon=28.5551678, alt=93.375, ground_speed=27.549619674682617, air_speed=20.57359504699707
2025-07-14 15:35:02,037 - GOAT - DEBUG - Location: lat=41.0999745, lon=28.5551678, alt=93.375, ground_speed=27.056304931640625, air_speed=20.18210220336914
2025-07-14 15:35:02,440 - GOAT - DEBUG - Location: lat=41.0999745, lon=28.5551678, alt=93.375, ground_speed=25.590286254882812, air_speed=19.025712966918945
2025-07-14 15:35:02,842 - GOAT - DEBUG - Location: lat=41.0998531, lon=28.5549009, alt=94.726, ground_speed=23.73603057861328, air_speed=19.336454391479492
2025-07-14 15:35:03,243 - GOAT - DEBUG - Location: lat=41.0998304, lon=28.5547621, alt=95.867, ground_speed=21.641109466552734, air_speed=20.00975799560547
2025-07-14 15:35:03,644 - GOAT - DEBUG - Location: lat=41.0998277, lon=28.5546328, alt=96.871, ground_speed=21.641109466552734, air_speed=20.00975799560547
2025-07-14 15:35:04,045 - GOAT - DEBUG - Location: lat=41.0998386, lon=28.5545095, alt=97.626, ground_speed=19.41806411743164, air_speed=19.567228317260742
2025-07-14 15:35:04,093 - GOAT - DEBUG - Connection closed.
