2025-07-14 15:32:03,391 - GOAT - DEBUG - Mission state is NEUTRAL.
2025-07-14 15:32:03,391 - GOAT - DEBUG - target_lat: 41.1015841, target_lon: 28.5525204
2025-07-14 15:32:03,391 - GOAT - DEBUG - start_altitude: 105target_altitude: 70stable_altitude: 80
2025-07-14 15:32:03,391 - GOAT - DEBUG - diving_distance: 100
2025-07-14 15:32:09,103 - GOAT - DEBUG - Connected to the aircraft.
2025-07-14 15:32:09,104 - GOAT - DEBUG - Location: lat=41.1014116, lon=28.5534078, alt=75.992, ground_speed=12.910971641540527, air_speed=22.680526733398438
2025-07-14 15:32:09,505 - GOAT - DEBUG - Location: lat=41.1014116, lon=28.5534078, alt=75.992, ground_speed=12.910971641540527, air_speed=22.680526733398438
2025-07-14 15:32:09,907 - GOAT - DEBUG - Location: lat=41.1014701, lon=28.5534096, alt=76.04, ground_speed=13.064102172851562, air_speed=22.702795028686523
2025-07-14 15:32:10,309 - GOAT - DEBUG - Location: lat=41.1015337, lon=28.5534102, alt=76.507, ground_speed=13.233552932739258, air_speed=23.230628967285156
2025-07-14 15:32:10,712 - GOAT - DEBUG - Location: lat=41.1015885, lon=28.5534078, alt=77.134, ground_speed=13.599920272827148, air_speed=22.564828872680664
2025-07-14 15:32:11,116 - GOAT - DEBUG - Location: lat=41.1016493, lon=28.5534025, alt=77.536, ground_speed=13.599920272827148, air_speed=22.564828872680664
2025-07-14 15:32:11,517 - GOAT - DEBUG - Location: lat=41.1017118, lon=28.5533959, alt=77.476, ground_speed=13.893133163452148, air_speed=22.51212501525879
2025-07-14 15:32:11,918 - GOAT - DEBUG - Location: lat=41.1017118, lon=28.5533959, alt=77.476, ground_speed=14.089556694030762, air_speed=23.17316436767578
2025-07-14 15:32:12,319 - GOAT - DEBUG - Location: lat=41.1017802, lon=28.5533893, alt=76.855, ground_speed=14.04919147491455, air_speed=23.600391387939453
2025-07-14 15:32:12,720 - GOAT - DEBUG - Location: lat=41.1018381, lon=28.5533857, alt=76.315, ground_speed=13.765470504760742, air_speed=23.99555206298828
2025-07-14 15:32:13,121 - GOAT - DEBUG - Location: lat=41.1018996, lon=28.5533864, alt=75.842, ground_speed=13.765470504760742, air_speed=23.99555206298828
2025-07-14 15:32:13,524 - GOAT - DEBUG - Location: lat=41.1019599, lon=28.5533951, alt=75.713, ground_speed=13.534915924072266, air_speed=23.416418075561523
2025-07-14 15:32:13,927 - GOAT - DEBUG - Location: lat=41.1020235, lon=28.553414, alt=75.168, ground_speed=13.405385971069336, air_speed=22.864665985107422
2025-07-14 15:32:14,331 - GOAT - DEBUG - Location: lat=41.1020235, lon=28.553414, alt=75.168, ground_speed=13.479276657104492, air_speed=22.1082820892334
2025-07-14 15:32:14,732 - GOAT - DEBUG - Location: lat=41.1020759, lon=28.5534414, alt=74.564, ground_speed=13.682687759399414, air_speed=22.607959747314453
2025-07-14 15:32:15,133 - GOAT - DEBUG - Location: lat=41.1021281, lon=28.5534858, alt=73.973, ground_speed=13.828756332397461, air_speed=22.61209487915039
2025-07-14 15:32:15,534 - GOAT - DEBUG - Location: lat=41.1021742, lon=28.5535441, alt=73.422, ground_speed=13.978094100952148, air_speed=22.77606773376465
2025-07-14 15:32:15,936 - GOAT - DEBUG - Location: lat=41.1021742, lon=28.5535441, alt=73.422, ground_speed=14.560232162475586, air_speed=22.850109100341797
2025-07-14 15:32:16,337 - GOAT - DEBUG - Location: lat=41.1022139, lon=28.5536226, alt=73.441, ground_speed=15.304920196533203, air_speed=22.841371536254883
2025-07-14 15:32:16,722 - GOAT - DEBUG - Received start command from Redis.
2025-07-14 15:32:16,739 - GOAT - DEBUG - Location: lat=41.1022382, lon=28.5537013, alt=73.622, ground_speed=16.30276870727539, air_speed=23.31466293334961
2025-07-14 15:32:17,141 - GOAT - DEBUG - Location: lat=41.1022526, lon=28.5537971, alt=74.134, ground_speed=16.30276870727539, air_speed=23.31466293334961
2025-07-14 15:32:17,543 - GOAT - DEBUG - Location: lat=41.1022556, lon=28.5538995, alt=74.765, ground_speed=17.248035430908203, air_speed=23.581899642944336
2025-07-14 15:32:17,944 - GOAT - DEBUG - Location: lat=41.1022556, lon=28.5538995, alt=74.765, ground_speed=17.693830490112305, air_speed=24.495975494384766
2025-07-14 15:32:18,346 - GOAT - DEBUG - Location: lat=41.1022491, lon=28.5540123, alt=74.826, ground_speed=18.42219352722168, air_speed=24.54413414001465
2025-07-14 15:32:18,749 - GOAT - DEBUG - Location: lat=41.102233, lon=28.5541098, alt=74.714, ground_speed=19.369348526000977, air_speed=24.845428466796875
2025-07-14 15:32:19,150 - GOAT - DEBUG - Location: lat=41.1022023, lon=28.5542154, alt=74.778, ground_speed=20.200796127319336, air_speed=24.971956253051758
2025-07-14 15:32:19,551 - GOAT - DEBUG - Location: lat=41.1021587, lon=28.5543196, alt=74.77, ground_speed=20.595077514648438, air_speed=24.672035217285156
2025-07-14 15:32:19,952 - GOAT - DEBUG - Location: lat=41.1021587, lon=28.5543196, alt=74.77, ground_speed=20.94878578186035, air_speed=24.638656616210938
2025-07-14 15:32:20,354 - GOAT - DEBUG - Location: lat=41.1020997, lon=28.5544282, alt=74.458, ground_speed=21.898813247680664, air_speed=24.623497009277344
2025-07-14 15:32:20,755 - GOAT - DEBUG - Location: lat=41.1020392, lon=28.5545162, alt=74.055, ground_speed=22.87985610961914, air_speed=24.510574340820312
2025-07-14 15:32:21,156 - GOAT - DEBUG - Location: lat=41.1019626, lon=28.5546053, alt=73.635, ground_speed=24.013427734375, air_speed=24.267623901367188
2025-07-14 15:32:21,558 - GOAT - DEBUG - Location: lat=41.1018739, lon=28.5546863, alt=73.193, ground_speed=24.61979103088379, air_speed=24.14190673828125
2025-07-14 15:32:21,959 - GOAT - DEBUG - Location: lat=41.1018739, lon=28.5546863, alt=73.193, ground_speed=25.169925689697266, air_speed=24.00918197631836
2025-07-14 15:32:22,360 - GOAT - DEBUG - Location: lat=41.1017657, lon=28.5547622, alt=72.642, ground_speed=26.294677734375, air_speed=23.9317626953125
2025-07-14 15:32:22,761 - GOAT - DEBUG - Location: lat=41.1016647, lon=28.5548164, alt=72.114, ground_speed=27.35157012939453, air_speed=23.706789016723633
2025-07-14 15:32:23,163 - GOAT - DEBUG - Location: lat=41.1016647, lon=28.5548164, alt=72.114, ground_speed=27.896663665771484, air_speed=23.855884552001953
2025-07-14 15:32:23,565 - GOAT - DEBUG - Location: lat=41.101421, lon=28.5548937, alt=70.936, ground_speed=28.898603439331055, air_speed=23.58770179748535
2025-07-14 15:32:23,968 - GOAT - DEBUG - Location: lat=41.101421, lon=28.5548937, alt=70.936, ground_speed=29.3300724029541, air_speed=23.561580657958984
2025-07-14 15:32:24,369 - GOAT - DEBUG - Location: lat=41.1012786, lon=28.5549091, alt=70.389, ground_speed=30.200590133666992, air_speed=23.92102813720703
2025-07-14 15:32:24,770 - GOAT - DEBUG - Location: lat=41.1011537, lon=28.5549055, alt=70.037, ground_speed=30.840694427490234, air_speed=23.78958511352539
2025-07-14 15:32:25,173 - GOAT - DEBUG - Location: lat=41.1010157, lon=28.5548866, alt=69.597, ground_speed=31.341657638549805, air_speed=23.802244186401367
2025-07-14 15:32:25,574 - GOAT - DEBUG - Location: lat=41.1008765, lon=28.5548537, alt=69.085, ground_speed=31.341657638549805, air_speed=23.802244186401367
2025-07-14 15:32:25,976 - GOAT - DEBUG - Location: lat=41.100727, lon=28.554805, alt=68.517, ground_speed=31.73716163635254, air_speed=23.607067108154297
2025-07-14 15:32:26,378 - GOAT - DEBUG - Location: lat=41.100727, lon=28.554805, alt=68.517, ground_speed=32.08895492553711, air_speed=23.557186126708984
2025-07-14 15:32:26,780 - GOAT - DEBUG - Location: lat=41.1006006, lon=28.5547524, alt=68.082, ground_speed=32.22549057006836, air_speed=24.37464714050293
2025-07-14 15:32:27,182 - GOAT - DEBUG - Location: lat=41.1004656, lon=28.5546839, alt=67.732, ground_speed=32.24367141723633, air_speed=24.52422332763672
2025-07-14 15:32:27,584 - GOAT - DEBUG - Location: lat=41.1003335, lon=28.5546057, alt=67.132, ground_speed=32.24367141723633, air_speed=24.52422332763672
2025-07-14 15:32:27,986 - GOAT - DEBUG - Location: lat=41.1003335, lon=28.5546057, alt=67.132, ground_speed=32.24177932739258, air_speed=24.61773681640625
2025-07-14 15:32:28,388 - GOAT - DEBUG - Location: lat=41.1001941, lon=28.5545125, alt=66.346, ground_speed=32.158687591552734, air_speed=24.944700241088867
2025-07-14 15:32:28,788 - GOAT - DEBUG - Location: lat=41.1000771, lon=28.5544293, alt=65.847, ground_speed=32.04535675048828, air_speed=24.448442459106445
2025-07-14 15:32:29,190 - GOAT - DEBUG - Location: lat=41.0999504, lon=28.5543389, alt=65.592, ground_speed=31.8015193939209, air_speed=23.92483139038086
2025-07-14 15:32:29,592 - GOAT - DEBUG - Location: lat=41.0998248, lon=28.5542491, alt=65.763, ground_speed=31.627971649169922, air_speed=23.66119384765625
2025-07-14 15:32:29,994 - GOAT - DEBUG - Location: lat=41.0996911, lon=28.5541521, alt=66.582, ground_speed=31.480934143066406, air_speed=23.412662506103516
2025-07-14 15:32:30,395 - GOAT - DEBUG - Location: lat=41.0996911, lon=28.5541521, alt=66.582, ground_speed=31.258647918701172, air_speed=22.82610511779785
2025-07-14 15:32:30,796 - GOAT - DEBUG - Location: lat=41.0995777, lon=28.5540705, alt=67.088, ground_speed=31.14066505432129, air_speed=22.668943405151367
2025-07-14 15:32:31,198 - GOAT - DEBUG - Location: lat=41.0994558, lon=28.5539824, alt=67.24, ground_speed=31.192832946777344, air_speed=22.73796272277832
2025-07-14 15:32:31,599 - GOAT - DEBUG - Location: lat=41.099334, lon=28.5538896, alt=67.014, ground_speed=31.192832946777344, air_speed=22.73796272277832
2025-07-14 15:32:32,000 - GOAT - DEBUG - Location: lat=41.0992048, lon=28.5537824, alt=66.873, ground_speed=31.192832946777344, air_speed=22.73796272277832
2025-07-14 15:32:32,401 - GOAT - DEBUG - Location: lat=41.0990975, lon=28.5536879, alt=67.412, ground_speed=31.087112426757812, air_speed=22.66569709777832
2025-07-14 15:32:32,804 - GOAT - DEBUG - Location: lat=41.0990975, lon=28.5536879, alt=67.412, ground_speed=30.47859764099121, air_speed=22.69759178161621
2025-07-14 15:32:33,209 - GOAT - DEBUG - Location: lat=41.0989847, lon=28.5535838, alt=68.679, ground_speed=30.195201873779297, air_speed=21.838088989257812
2025-07-14 15:32:33,613 - GOAT - DEBUG - Location: lat=41.0988755, lon=28.5534764, alt=69.485, ground_speed=30.195201873779297, air_speed=21.838088989257812
2025-07-14 15:32:34,015 - GOAT - DEBUG - Location: lat=41.0987618, lon=28.5533525, alt=69.737, ground_speed=30.202655792236328, air_speed=21.383628845214844
2025-07-14 15:32:34,418 - GOAT - DEBUG - Location: lat=41.0987618, lon=28.5533525, alt=69.737, ground_speed=30.36922836303711, air_speed=21.527565002441406
2025-07-14 15:32:34,819 - GOAT - DEBUG - Location: lat=41.0987618, lon=28.5533525, alt=69.737, ground_speed=30.404123306274414, air_speed=21.886119842529297
2025-07-14 15:32:35,223 - GOAT - DEBUG - Location: lat=41.098576, lon=28.5531053, alt=69.142, ground_speed=29.97915267944336, air_speed=21.99793243408203
2025-07-14 15:32:35,626 - GOAT - DEBUG - Location: lat=41.0984964, lon=28.5529602, alt=69.412, ground_speed=29.97915267944336, air_speed=21.99793243408203
2025-07-14 15:32:36,028 - GOAT - DEBUG - Location: lat=41.0984964, lon=28.5529602, alt=69.412, ground_speed=29.338565826416016, air_speed=22.063316345214844
2025-07-14 15:32:36,431 - GOAT - DEBUG - Location: lat=41.0983718, lon=28.552655, alt=70.252, ground_speed=28.809249877929688, air_speed=21.595579147338867
2025-07-14 15:32:36,834 - GOAT - DEBUG - Location: lat=41.0983718, lon=28.552655, alt=70.252, ground_speed=28.561420440673828, air_speed=21.035552978515625
2025-07-14 15:32:37,235 - GOAT - DEBUG - Location: lat=41.0983718, lon=28.552655, alt=70.252, ground_speed=28.256942749023438, air_speed=21.45468521118164
2025-07-14 15:32:37,637 - GOAT - DEBUG - Location: lat=41.0982784, lon=28.5523394, alt=70.04, ground_speed=27.90395736694336, air_speed=21.69918441772461
2025-07-14 15:32:38,041 - GOAT - DEBUG - Location: lat=41.0982432, lon=28.5521685, alt=70.543, ground_speed=27.504032135009766, air_speed=21.663585662841797
2025-07-14 15:32:38,445 - GOAT - DEBUG - Location: lat=41.0982213, lon=28.5520256, alt=71.138, ground_speed=26.663476943969727, air_speed=21.45198631286621
2025-07-14 15:32:38,846 - GOAT - DEBUG - Location: lat=41.0982213, lon=28.5520256, alt=71.138, ground_speed=25.948394775390625, air_speed=21.39805030822754
2025-07-14 15:32:39,248 - GOAT - DEBUG - Location: lat=41.0982044, lon=28.5518732, alt=71.649, ground_speed=25.145469665527344, air_speed=21.42930030822754
2025-07-14 15:32:39,651 - GOAT - DEBUG - Location: lat=41.0981949, lon=28.5517246, alt=72.053, ground_speed=25.145469665527344, air_speed=21.42930030822754
2025-07-14 15:32:40,052 - GOAT - DEBUG - Location: lat=41.0981949, lon=28.5517246, alt=72.053, ground_speed=24.790414810180664, air_speed=21.28331756591797
2025-07-14 15:32:40,455 - GOAT - DEBUG - Location: lat=41.0981968, lon=28.5514393, alt=73.089, ground_speed=23.719099044799805, air_speed=21.288469314575195
2025-07-14 15:32:40,858 - GOAT - DEBUG - Location: lat=41.0981968, lon=28.5514393, alt=73.089, ground_speed=23.233373641967773, air_speed=21.355113983154297
2025-07-14 15:32:41,260 - GOAT - DEBUG - Location: lat=41.0981968, lon=28.5514393, alt=73.089, ground_speed=22.919336318969727, air_speed=22.25910186767578
2025-07-14 15:32:41,661 - GOAT - DEBUG - Location: lat=41.0982212, lon=28.5511672, alt=73.319, ground_speed=22.31144905090332, air_speed=22.484493255615234
2025-07-14 15:32:42,063 - GOAT - DEBUG - Location: lat=41.0982439, lon=28.5510278, alt=72.94, ground_speed=22.31144905090332, air_speed=22.484493255615234
2025-07-14 15:32:42,465 - GOAT - DEBUG - Location: lat=41.0982699, lon=28.550917, alt=72.993, ground_speed=21.367952346801758, air_speed=21.95366668701172
2025-07-14 15:32:42,866 - GOAT - DEBUG - Location: lat=41.0982699, lon=28.550917, alt=72.993, ground_speed=20.16697883605957, air_speed=21.88774299621582
2025-07-14 15:32:43,267 - GOAT - DEBUG - Location: lat=41.098306, lon=28.5508078, alt=73.274, ground_speed=19.477968215942383, air_speed=21.863401412963867
2025-07-14 15:32:43,668 - GOAT - DEBUG - Location: lat=41.0983495, lon=28.5507112, alt=73.791, ground_speed=18.509721755981445, air_speed=21.852895736694336
2025-07-14 15:32:44,070 - GOAT - DEBUG - Location: lat=41.0984012, lon=28.5506166, alt=74.106, ground_speed=18.170475006103516, air_speed=22.0590877532959
2025-07-14 15:32:44,471 - GOAT - DEBUG - Location: lat=41.0984481, lon=28.5505417, alt=74.009, ground_speed=17.768775939941406, air_speed=21.809900283813477
2025-07-14 15:32:44,875 - GOAT - DEBUG - Location: lat=41.0984481, lon=28.5505417, alt=74.009, ground_speed=17.35825538635254, air_speed=21.60059356689453
2025-07-14 15:32:45,277 - GOAT - DEBUG - Location: lat=41.0985027, lon=28.5504677, alt=73.544, ground_speed=17.017757415771484, air_speed=21.569252014160156
2025-07-14 15:32:45,680 - GOAT - DEBUG - Location: lat=41.0985607, lon=28.5504012, alt=73.051, ground_speed=17.017757415771484, air_speed=21.569252014160156
2025-07-14 15:32:46,080 - GOAT - DEBUG - Location: lat=41.098626, lon=28.550338, alt=72.417, ground_speed=17.017757415771484, air_speed=21.569252014160156
2025-07-14 15:32:46,481 - GOAT - DEBUG - Location: lat=41.0986833, lon=28.5502936, alt=71.905, ground_speed=17.017757415771484, air_speed=21.569252014160156
2025-07-14 15:32:46,884 - GOAT - DEBUG - Location: lat=41.0986833, lon=28.5502936, alt=71.905, ground_speed=15.509095191955566, air_speed=22.263118743896484
2025-07-14 15:32:47,287 - GOAT - DEBUG - Location: lat=41.0987466, lon=28.5502558, alt=71.524, ground_speed=14.75076961517334, air_speed=22.707311630249023
2025-07-14 15:32:47,689 - GOAT - DEBUG - Location: lat=41.0988093, lon=28.5502285, alt=71.295, ground_speed=13.941783905029297, air_speed=22.648780822753906
2025-07-14 15:32:48,091 - GOAT - DEBUG - Location: lat=41.098875, lon=28.5502101, alt=71.082, ground_speed=13.941783905029297, air_speed=22.648780822753906
2025-07-14 15:32:48,494 - GOAT - DEBUG - Location: lat=41.098875, lon=28.5502101, alt=71.082, ground_speed=13.941783905029297, air_speed=22.648780822753906
2025-07-14 15:32:48,895 - GOAT - DEBUG - Location: lat=41.098875, lon=28.5502101, alt=71.082, ground_speed=12.661906242370605, air_speed=21.686588287353516
2025-07-14 15:32:49,296 - GOAT - DEBUG - Location: lat=41.0989855, lon=28.5502043, alt=70.731, ground_speed=12.022697448730469, air_speed=21.935436248779297
2025-07-14 15:32:49,697 - GOAT - DEBUG - Location: lat=41.0990385, lon=28.5502179, alt=71.038, ground_speed=11.642647743225098, air_speed=21.71263885498047
2025-07-14 15:32:50,099 - GOAT - DEBUG - Location: lat=41.0990919, lon=28.5502428, alt=71.563, ground_speed=11.510013580322266, air_speed=20.929468154907227
2025-07-14 15:32:50,500 - GOAT - DEBUG - Location: lat=41.099135, lon=28.55027, alt=71.656, ground_speed=11.510013580322266, air_speed=20.929468154907227
2025-07-14 15:32:50,902 - GOAT - DEBUG - Location: lat=41.099135, lon=28.55027, alt=71.656, ground_speed=11.49380111694336, air_speed=21.291091918945312
2025-07-14 15:32:51,303 - GOAT - DEBUG - Location: lat=41.0991791, lon=28.550306, alt=71.95, ground_speed=11.41640853881836, air_speed=21.465055465698242
2025-07-14 15:32:51,704 - GOAT - DEBUG - Location: lat=41.0992218, lon=28.5503443, alt=72.307, ground_speed=11.41640853881836, air_speed=21.465055465698242
2025-07-14 15:32:52,106 - GOAT - DEBUG - Location: lat=41.0992665, lon=28.5503866, alt=72.391, ground_speed=11.2798433303833, air_speed=21.2113094329834
2025-07-14 15:32:52,510 - GOAT - DEBUG - Location: lat=41.0993042, lon=28.5504225, alt=72.19, ground_speed=11.182052612304688, air_speed=20.61725616455078
2025-07-14 15:32:52,912 - GOAT - DEBUG - Location: lat=41.0993042, lon=28.5504225, alt=72.19, ground_speed=11.220640182495117, air_speed=20.572328567504883
2025-07-14 15:32:53,314 - GOAT - DEBUG - Location: lat=41.0993453, lon=28.5504614, alt=71.934, ground_speed=11.300516128540039, air_speed=20.99590301513672
2025-07-14 15:32:53,715 - GOAT - DEBUG - Location: lat=41.0993867, lon=28.5505003, alt=72.02, ground_speed=11.090161323547363, air_speed=21.335411071777344
2025-07-14 15:32:54,116 - GOAT - DEBUG - Location: lat=41.0994301, lon=28.5505421, alt=72.883, ground_speed=11.090161323547363, air_speed=21.335411071777344
2025-07-14 15:32:54,518 - GOAT - DEBUG - Location: lat=41.0994653, lon=28.5505761, alt=73.45, ground_speed=11.090161323547363, air_speed=21.335411071777344
2025-07-14 15:32:54,920 - GOAT - DEBUG - Location: lat=41.0994653, lon=28.5505761, alt=73.45, ground_speed=10.198620796203613, air_speed=20.745786666870117
2025-07-14 15:32:55,322 - GOAT - DEBUG - Location: lat=41.0995022, lon=28.5506117, alt=73.985, ground_speed=10.198620796203613, air_speed=20.745786666870117
2025-07-14 15:32:55,723 - GOAT - DEBUG - Location: lat=41.099538, lon=28.550646, alt=74.283, ground_speed=9.561210632324219, air_speed=19.573806762695312
2025-07-14 15:32:56,125 - GOAT - DEBUG - Location: lat=41.099575, lon=28.5506827, alt=75.03, ground_speed=9.434636116027832, air_speed=19.125991821289062
2025-07-14 15:32:56,527 - GOAT - DEBUG - Location: lat=41.0996058, lon=28.5507135, alt=75.899, ground_speed=9.345879554748535, air_speed=18.926528930664062
2025-07-14 15:32:56,929 - GOAT - DEBUG - Location: lat=41.0996384, lon=28.5507469, alt=76.781, ground_speed=9.151671409606934, air_speed=18.915184020996094
2025-07-14 15:32:57,333 - GOAT - DEBUG - Location: lat=41.0996384, lon=28.5507469, alt=76.781, ground_speed=8.958739280700684, air_speed=19.003437042236328
2025-07-14 15:32:57,734 - GOAT - DEBUG - Location: lat=41.09967, lon=28.5507805, alt=77.695, ground_speed=8.846820831298828, air_speed=19.43166732788086
2025-07-14 15:32:58,137 - GOAT - DEBUG - Location: lat=41.0997029, lon=28.5508181, alt=78.263, ground_speed=8.936421394348145, air_speed=18.832096099853516
2025-07-14 15:32:58,540 - GOAT - DEBUG - Location: lat=41.099731, lon=28.5508513, alt=78.261, ground_speed=8.936421394348145, air_speed=18.832096099853516
2025-07-14 15:32:58,942 - GOAT - DEBUG - Location: lat=41.0997632, lon=28.5508876, alt=78.456, ground_speed=9.239301681518555, air_speed=18.131376266479492
2025-07-14 15:32:59,345 - GOAT - DEBUG - Location: lat=41.0997632, lon=28.5508876, alt=78.456, ground_speed=9.48887825012207, air_speed=18.039567947387695
2025-07-14 15:32:59,746 - GOAT - DEBUG - Location: lat=41.099796, lon=28.5509254, alt=78.479, ground_speed=9.63182258605957, air_speed=18.584230422973633
2025-07-14 15:33:00,147 - GOAT - DEBUG - Location: lat=41.0998319, lon=28.5509671, alt=77.912, ground_speed=9.615168571472168, air_speed=19.883325576782227
2025-07-14 15:33:00,548 - GOAT - DEBUG - Location: lat=41.099862, lon=28.5510019, alt=77.639, ground_speed=9.516411781311035, air_speed=21.008466720581055
2025-07-14 15:33:00,950 - GOAT - DEBUG - Location: lat=41.0998922, lon=28.5510404, alt=77.879, ground_speed=9.198381423950195, air_speed=20.4502010345459
2025-07-14 15:33:01,351 - GOAT - DEBUG - Location: lat=41.0998922, lon=28.5510404, alt=77.879, ground_speed=9.247235298156738, air_speed=19.608814239501953
2025-07-14 15:33:01,752 - GOAT - DEBUG - Location: lat=41.0999221, lon=28.5510797, alt=78.084, ground_speed=9.37181282043457, air_speed=19.539474487304688
2025-07-14 15:33:02,154 - GOAT - DEBUG - Location: lat=41.0999545, lon=28.5511235, alt=78.281, ground_speed=9.55746841430664, air_speed=20.0626163482666
2025-07-14 15:33:02,557 - GOAT - DEBUG - Location: lat=41.0999817, lon=28.5511627, alt=78.426, ground_speed=9.55746841430664, air_speed=20.0626163482666
2025-07-14 15:33:02,961 - GOAT - DEBUG - Location: lat=41.1000114, lon=28.5512054, alt=78.883, ground_speed=9.628515243530273, air_speed=21.212316513061523
2025-07-14 15:33:03,363 - GOAT - DEBUG - Location: lat=41.1000114, lon=28.5512054, alt=78.883, ground_speed=9.549308776855469, air_speed=21.58338165283203
2025-07-14 15:33:03,766 - GOAT - DEBUG - Location: lat=41.1000417, lon=28.5512468, alt=79.398, ground_speed=9.538104057312012, air_speed=21.634658813476562
2025-07-14 15:33:04,167 - GOAT - DEBUG - Location: lat=41.100075, lon=28.5512902, alt=79.416, ground_speed=9.554975509643555, air_speed=21.947433471679688
2025-07-14 15:33:04,568 - GOAT - DEBUG - Location: lat=41.1001033, lon=28.5513273, alt=78.994, ground_speed=9.554975509643555, air_speed=21.947433471679688
2025-07-14 15:33:04,970 - GOAT - DEBUG - Location: lat=41.1001338, lon=28.5513683, alt=78.506, ground_speed=9.576764106750488, air_speed=22.38922691345215
2025-07-14 15:33:05,371 - GOAT - DEBUG - Location: lat=41.1001338, lon=28.5513683, alt=78.506, ground_speed=9.814172744750977, air_speed=22.487960815429688
2025-07-14 15:33:05,772 - GOAT - DEBUG - Location: lat=41.1001648, lon=28.5514107, alt=78.164, ground_speed=10.022306442260742, air_speed=22.548194885253906
2025-07-14 15:33:06,173 - GOAT - DEBUG - Location: lat=41.1001993, lon=28.551457, alt=78.06, ground_speed=10.056482315063477, air_speed=22.772302627563477
2025-07-14 15:33:06,574 - GOAT - DEBUG - Location: lat=41.1002289, lon=28.5514962, alt=78.16, ground_speed=10.056482315063477, air_speed=22.772302627563477
2025-07-14 15:33:06,976 - GOAT - DEBUG - Location: lat=41.1002614, lon=28.5515381, alt=78.296, ground_speed=10.037497520446777, air_speed=22.766138076782227
2025-07-14 15:33:07,378 - GOAT - DEBUG - Location: lat=41.1002614, lon=28.5515381, alt=78.296, ground_speed=10.003283500671387, air_speed=22.74468994140625
2025-07-14 15:33:07,779 - GOAT - DEBUG - Location: lat=41.1002942, lon=28.5515791, alt=78.478, ground_speed=9.916181564331055, air_speed=23.04433822631836
2025-07-14 15:33:08,180 - GOAT - DEBUG - Location: lat=41.1003293, lon=28.551623, alt=78.609, ground_speed=9.916181564331055, air_speed=23.04433822631836
2025-07-14 15:33:08,581 - GOAT - DEBUG - Location: lat=41.1003592, lon=28.5516608, alt=78.413, ground_speed=9.945472717285156, air_speed=22.79263687133789
2025-07-14 15:33:08,983 - GOAT - DEBUG - Location: lat=41.1003915, lon=28.5517034, alt=78.156, ground_speed=10.093937873840332, air_speed=22.377347946166992
2025-07-14 15:33:09,384 - GOAT - DEBUG - Location: lat=41.1003915, lon=28.5517034, alt=78.156, ground_speed=10.19754409790039, air_speed=22.45030403137207
2025-07-14 15:33:09,788 - GOAT - DEBUG - Location: lat=41.1004238, lon=28.5517469, alt=78.273, ground_speed=10.257711410522461, air_speed=22.337581634521484
2025-07-14 15:33:10,191 - GOAT - DEBUG - Location: lat=41.1004591, lon=28.5517939, alt=78.605, ground_speed=10.275368690490723, air_speed=22.253585815429688
2025-07-14 15:33:10,592 - GOAT - DEBUG - Location: lat=41.1004895, lon=28.5518336, alt=78.729, ground_speed=10.262968063354492, air_speed=22.32708740234375
2025-07-14 15:33:10,994 - GOAT - DEBUG - Location: lat=41.1004895, lon=28.5518336, alt=78.729, ground_speed=10.262968063354492, air_speed=22.32708740234375
2025-07-14 15:33:11,396 - GOAT - DEBUG - Location: lat=41.1004895, lon=28.5518336, alt=78.729, ground_speed=10.037348747253418, air_speed=22.820695877075195
2025-07-14 15:33:11,798 - GOAT - DEBUG - Location: lat=41.1005544, lon=28.5519186, alt=79.174, ground_speed=10.261406898498535, air_speed=22.61629295349121
2025-07-14 15:33:12,200 - GOAT - DEBUG - Location: lat=41.10059, lon=28.5519655, alt=79.393, ground_speed=10.261406898498535, air_speed=22.61629295349121
2025-07-14 15:33:12,602 - GOAT - DEBUG - Location: lat=41.1006211, lon=28.5520055, alt=79.558, ground_speed=10.491250991821289, air_speed=22.537185668945312
2025-07-14 15:33:13,004 - GOAT - DEBUG - Location: lat=41.1006559, lon=28.5520488, alt=79.672, ground_speed=10.581416130065918, air_speed=22.383821487426758
2025-07-14 15:33:13,406 - GOAT - DEBUG - Location: lat=41.1006559, lon=28.5520488, alt=79.672, ground_speed=10.795297622680664, air_speed=22.63734245300293
2025-07-14 15:33:13,809 - GOAT - DEBUG - Location: lat=41.1006918, lon=28.5520928, alt=79.575, ground_speed=10.795297622680664, air_speed=22.63734245300293
2025-07-14 15:33:14,212 - GOAT - DEBUG - Location: lat=41.1007317, lon=28.5521412, alt=78.928, ground_speed=11.25413990020752, air_speed=22.487102508544922
2025-07-14 15:33:14,616 - GOAT - DEBUG - Location: lat=41.1007665, lon=28.5521824, alt=78.627, ground_speed=11.241642951965332, air_speed=22.575117111206055
2025-07-14 15:33:15,019 - GOAT - DEBUG - Location: lat=41.1008041, lon=28.5522267, alt=79.087, ground_speed=11.152202606201172, air_speed=22.69934844970703
2025-07-14 15:33:15,423 - GOAT - DEBUG - Location: lat=41.1008041, lon=28.5522267, alt=79.087, ground_speed=11.224858283996582, air_speed=22.706256866455078
2025-07-14 15:33:15,826 - GOAT - DEBUG - Location: lat=41.1008419, lon=28.5522709, alt=79.119, ground_speed=11.37142562866211, air_speed=22.686649322509766
2025-07-14 15:33:16,227 - GOAT - DEBUG - Location: lat=41.1008838, lon=28.5523185, alt=79.031, ground_speed=11.488941192626953, air_speed=22.729272842407227
2025-07-14 15:33:16,629 - GOAT - DEBUG - Location: lat=41.1009214, lon=28.552357, alt=79.195, ground_speed=11.560559272766113, air_speed=22.874441146850586
2025-07-14 15:33:17,034 - GOAT - DEBUG - Location: lat=41.100964, lon=28.552396, alt=79.568, ground_speed=11.576473236083984, air_speed=22.860294342041016
2025-07-14 15:33:17,435 - GOAT - DEBUG - Location: lat=41.100964, lon=28.552396, alt=79.568, ground_speed=11.571614265441895, air_speed=23.58588218688965
2025-07-14 15:33:17,838 - GOAT - DEBUG - Location: lat=41.1010068, lon=28.5524343, alt=79.908, ground_speed=11.700260162353516, air_speed=23.529069900512695
2025-07-14 15:33:18,239 - GOAT - DEBUG - Location: lat=41.1010532, lon=28.5524768, alt=79.809, ground_speed=11.700260162353516, air_speed=23.529069900512695
2025-07-14 15:33:18,641 - GOAT - DEBUG - Location: lat=41.1010929, lon=28.5525133, alt=80.013, ground_speed=11.749351501464844, air_speed=23.589847564697266
2025-07-14 15:33:19,044 - GOAT - DEBUG - Location: lat=41.1011358, lon=28.5525533, alt=80.582, ground_speed=11.749351501464844, air_speed=23.589847564697266
2025-07-14 15:33:19,444 - GOAT - DEBUG - Location: lat=41.1011795, lon=28.5525923, alt=81.421, ground_speed=11.762431144714355, air_speed=23.133316040039062
2025-07-14 15:33:19,846 - GOAT - DEBUG - Location: lat=41.1011795, lon=28.5525923, alt=81.421, ground_speed=11.7034330368042, air_speed=23.694778442382812
2025-07-14 15:33:20,248 - GOAT - DEBUG - Location: lat=41.1012278, lon=28.5526317, alt=82.5, ground_speed=11.787969589233398, air_speed=23.63852882385254
2025-07-14 15:33:20,650 - GOAT - DEBUG - Location: lat=41.1012693, lon=28.5526653, alt=83.172, ground_speed=11.90634822845459, air_speed=23.507177352905273
2025-07-14 15:33:21,053 - GOAT - DEBUG - Location: lat=41.1013148, lon=28.5527032, alt=83.688, ground_speed=11.966198921203613, air_speed=23.48644256591797
2025-07-14 15:33:21,454 - GOAT - DEBUG - Location: lat=41.1013148, lon=28.5527032, alt=83.688, ground_speed=12.079055786132812, air_speed=23.292768478393555
2025-07-14 15:33:21,857 - GOAT - DEBUG - Location: lat=41.101361, lon=28.5527413, alt=84.223, ground_speed=12.125536918640137, air_speed=22.858238220214844
2025-07-14 15:33:22,261 - GOAT - DEBUG - Location: lat=41.1014117, lon=28.5527811, alt=84.878, ground_speed=12.10405445098877, air_speed=22.193382263183594
2025-07-14 15:33:22,663 - GOAT - DEBUG - Location: lat=41.1014555, lon=28.5528135, alt=85.17, ground_speed=11.990853309631348, air_speed=22.847408294677734
2025-07-14 15:33:23,064 - GOAT - DEBUG - Location: lat=41.1015023, lon=28.5528492, alt=85.838, ground_speed=11.990853309631348, air_speed=22.847408294677734
2025-07-14 15:33:23,465 - GOAT - DEBUG - Location: lat=41.1015467, lon=28.5528851, alt=87.158, ground_speed=11.609768867492676, air_speed=22.523447036743164
2025-07-14 15:33:23,867 - GOAT - DEBUG - Location: lat=41.1015467, lon=28.5528851, alt=87.158, ground_speed=11.286781311035156, air_speed=22.19404411315918
2025-07-14 15:33:24,268 - GOAT - DEBUG - Location: lat=41.1015932, lon=28.5529233, alt=88.541, ground_speed=10.972358703613281, air_speed=22.553422927856445
2025-07-14 15:33:24,669 - GOAT - DEBUG - Location: lat=41.1016314, lon=28.5529553, alt=89.496, ground_speed=10.779289245605469, air_speed=22.64714813232422
2025-07-14 15:33:25,072 - GOAT - DEBUG - Location: lat=41.1016314, lon=28.5529553, alt=89.496, ground_speed=10.549931526184082, air_speed=22.445051193237305
2025-07-14 15:33:25,474 - GOAT - DEBUG - Location: lat=41.1017106, lon=28.5530207, alt=92.463, ground_speed=10.216383934020996, air_speed=21.748445510864258
2025-07-14 15:33:25,877 - GOAT - DEBUG - Location: lat=41.1017106, lon=28.5530207, alt=92.463, ground_speed=10.126144409179688, air_speed=21.892990112304688
2025-07-14 15:33:26,279 - GOAT - DEBUG - Location: lat=41.1017529, lon=28.5530548, alt=93.631, ground_speed=9.962617874145508, air_speed=22.023597717285156
2025-07-14 15:33:26,681 - GOAT - DEBUG - Location: lat=41.1017881, lon=28.5530843, alt=94.896, ground_speed=9.961050033569336, air_speed=21.237892150878906
2025-07-14 15:33:27,085 - GOAT - DEBUG - Location: lat=41.1018264, lon=28.553116, alt=96.114, ground_speed=9.961050033569336, air_speed=21.237892150878906
2025-07-14 15:33:27,487 - GOAT - DEBUG - Location: lat=41.1018653, lon=28.5531479, alt=97.521, ground_speed=10.077716827392578, air_speed=19.627717971801758
2025-07-14 15:33:27,892 - GOAT - DEBUG - Location: lat=41.1018653, lon=28.5531479, alt=97.521, ground_speed=10.177139282226562, air_speed=20.613183975219727
2025-07-14 15:33:28,294 - GOAT - DEBUG - Location: lat=41.1019077, lon=28.5531831, alt=98.931, ground_speed=10.237564086914062, air_speed=20.89471435546875
2025-07-14 15:33:28,696 - GOAT - DEBUG - Location: lat=41.1019437, lon=28.553214, alt=100.235, ground_speed=10.34304141998291, air_speed=21.386138916015625
2025-07-14 15:33:29,099 - GOAT - DEBUG - Location: lat=41.101982, lon=28.5532499, alt=101.678, ground_speed=10.34304141998291, air_speed=21.386138916015625
2025-07-14 15:33:29,501 - GOAT - DEBUG - Location: lat=41.1020198, lon=28.5532875, alt=103.382, ground_speed=10.431992530822754, air_speed=21.232919692993164
2025-07-14 15:33:29,902 - GOAT - DEBUG - Location: lat=41.1020198, lon=28.5532875, alt=103.382, ground_speed=10.290410995483398, air_speed=22.207218170166016
2025-07-14 15:33:30,303 - GOAT - DEBUG - Location: lat=41.1020606, lon=28.5533261, alt=105.393, ground_speed=10.255226135253906, air_speed=22.521303176879883
2025-07-14 15:33:30,705 - GOAT - DEBUG - Location: lat=41.1020955, lon=28.553358, alt=106.657, ground_speed=10.557947158813477, air_speed=21.6760311126709
2025-07-14 15:33:31,107 - GOAT - DEBUG - Location: lat=41.1021338, lon=28.5533951, alt=107.041, ground_speed=10.557947158813477, air_speed=21.6760311126709
2025-07-14 15:33:31,508 - GOAT - DEBUG - Location: lat=41.1021716, lon=28.5534371, alt=106.809, ground_speed=10.924507141113281, air_speed=21.642087936401367
2025-07-14 15:33:31,909 - GOAT - DEBUG - Location: lat=41.1021716, lon=28.5534371, alt=106.809, ground_speed=11.128154754638672, air_speed=22.441417694091797
2025-07-14 15:33:32,312 - GOAT - DEBUG - Location: lat=41.1022079, lon=28.5534904, alt=106.874, ground_speed=11.121561050415039, air_speed=22.506649017333984
2025-07-14 15:33:32,714 - GOAT - DEBUG - Location: lat=41.1022322, lon=28.5535425, alt=107.237, ground_speed=11.372291564941406, air_speed=22.331056594848633
2025-07-14 15:33:33,116 - GOAT - DEBUG - Location: lat=41.1022512, lon=28.5536059, alt=107.519, ground_speed=11.372291564941406, air_speed=22.331056594848633
2025-07-14 15:33:33,517 - GOAT - DEBUG - Location: lat=41.1022648, lon=28.5536747, alt=107.404, ground_speed=11.372291564941406, air_speed=22.331056594848633
2025-07-14 15:33:33,919 - GOAT - DEBUG - Location: lat=41.1022743, lon=28.5537548, alt=106.534, ground_speed=12.461512565612793, air_speed=21.552331924438477
2025-07-14 15:33:34,321 - GOAT - DEBUG - Location: lat=41.1022743, lon=28.5537548, alt=106.534, ground_speed=13.506217002868652, air_speed=21.92713165283203
2025-07-14 15:33:34,723 - GOAT - DEBUG - Location: lat=41.1022754, lon=28.5538293, alt=105.622, ground_speed=14.682843208312988, air_speed=21.854402542114258
2025-07-14 15:33:35,125 - GOAT - DEBUG - Location: lat=41.1022675, lon=28.5539159, alt=104.711, ground_speed=14.682843208312988, air_speed=21.854402542114258
2025-07-14 15:33:35,530 - GOAT - DEBUG - Location: lat=41.1022472, lon=28.5540069, alt=104.044, ground_speed=16.424646377563477, air_speed=22.00667381286621
2025-07-14 15:33:35,931 - GOAT - DEBUG - Location: lat=41.1022123, lon=28.5541056, alt=103.552, ground_speed=16.962669372558594, air_speed=22.40534782409668
2025-07-14 15:33:36,332 - GOAT - DEBUG - Location: lat=41.1022123, lon=28.5541056, alt=103.552, ground_speed=18.05893898010254, air_speed=22.941938400268555
2025-07-14 15:33:36,734 - GOAT - DEBUG - Location: lat=41.1021712, lon=28.554188, alt=103.247, ground_speed=19.50160026550293, air_speed=22.915138244628906
2025-07-14 15:33:37,137 - GOAT - DEBUG - Location: lat=41.1021133, lon=28.5542736, alt=103.293, ground_speed=19.50160026550293, air_speed=22.915138244628906
2025-07-14 15:33:37,542 - GOAT - DEBUG - Location: lat=41.1020475, lon=28.5543556, alt=102.979, ground_speed=20.186147689819336, air_speed=22.338947296142578
2025-07-14 15:33:37,944 - GOAT - DEBUG - Location: lat=41.1019679, lon=28.55444, alt=102.347, ground_speed=21.119304656982422, air_speed=22.100522994995117
2025-07-14 15:33:38,346 - GOAT - DEBUG - Location: lat=41.1019679, lon=28.55444, alt=102.347, ground_speed=22.226606369018555, air_speed=21.57012367248535
2025-07-14 15:33:38,747 - GOAT - DEBUG - Location: lat=41.1018921, lon=28.5545078, alt=101.723, ground_speed=23.37175941467285, air_speed=21.576114654541016
2025-07-14 15:33:39,148 - GOAT - DEBUG - Location: lat=41.101801, lon=28.5545758, alt=100.912, ground_speed=24.765155792236328, air_speed=21.64316177368164
2025-07-14 15:33:39,550 - GOAT - DEBUG - Location: lat=41.1016995, lon=28.5546344, alt=100.248, ground_speed=24.765155792236328, air_speed=21.64316177368164
2025-07-14 15:33:39,951 - GOAT - DEBUG - Location: lat=41.1016995, lon=28.5546344, alt=100.248, ground_speed=26.07986831665039, air_speed=22.058507919311523
2025-07-14 15:33:40,353 - GOAT - DEBUG - Location: lat=41.101579, lon=28.5546843, alt=99.428, ground_speed=27.118764877319336, air_speed=21.923418045043945
2025-07-14 15:33:40,758 - GOAT - DEBUG - Location: lat=41.1014696, lon=28.5547157, alt=98.637, ground_speed=28.05715560913086, air_speed=22.11827850341797
2025-07-14 15:33:41,159 - GOAT - DEBUG - Location: lat=41.1013449, lon=28.5547368, alt=98.073, ground_speed=28.56534767150879, air_speed=22.034027099609375
2025-07-14 15:33:41,562 - GOAT - DEBUG - Location: lat=41.1012142, lon=28.5547433, alt=97.54, ground_speed=28.9536075592041, air_speed=22.092632293701172
2025-07-14 15:33:41,965 - GOAT - DEBUG - Location: lat=41.1012142, lon=28.5547433, alt=97.54, ground_speed=29.748310089111328, air_speed=22.354759216308594
2025-07-14 15:33:42,366 - GOAT - DEBUG - Location: lat=41.10107, lon=28.554733, alt=96.901, ground_speed=30.406919479370117, air_speed=22.308101654052734
2025-07-14 15:33:42,768 - GOAT - DEBUG - Location: lat=41.1009457, lon=28.5547083, alt=96.259, ground_speed=31.08806037902832, air_speed=22.23650360107422
2025-07-14 15:33:43,170 - GOAT - DEBUG - Location: lat=41.1008105, lon=28.5546623, alt=95.666, ground_speed=31.349576950073242, air_speed=22.374300003051758
2025-07-14 15:33:43,572 - GOAT - DEBUG - Location: lat=41.1006763, lon=28.5546028, alt=95.225, ground_speed=31.517663955688477, air_speed=22.390113830566406
2025-07-14 15:33:43,976 - GOAT - DEBUG - Location: lat=41.1006763, lon=28.5546028, alt=95.225, ground_speed=31.54652214050293, air_speed=22.34884262084961
2025-07-14 15:33:44,379 - GOAT - DEBUG - Location: lat=41.100532, lon=28.554535, alt=94.583, ground_speed=31.552011489868164, air_speed=21.795753479003906
2025-07-14 15:33:44,781 - GOAT - DEBUG - Location: lat=41.1004094, lon=28.5544775, alt=93.923, ground_speed=31.232236862182617, air_speed=21.495115280151367
2025-07-14 15:33:45,184 - GOAT - DEBUG - Location: lat=41.100281, lon=28.554407, alt=93.117, ground_speed=30.65076446533203, air_speed=19.423200607299805
2025-07-14 15:33:45,585 - GOAT - DEBUG - Location: lat=41.1001591, lon=28.5543226, alt=91.582, ground_speed=31.075363159179688, air_speed=19.596717834472656
2025-07-14 15:33:45,987 - GOAT - DEBUG - Location: lat=41.1000344, lon=28.5542051, alt=89.518, ground_speed=31.538116455078125, air_speed=20.10677719116211
2025-07-14 15:33:46,388 - GOAT - DEBUG - Location: lat=41.1000344, lon=28.5542051, alt=89.518, ground_speed=31.736642837524414, air_speed=21.052932739257812
2025-07-14 15:33:46,791 - GOAT - DEBUG - Location: lat=41.099944, lon=28.5540788, alt=88.283, ground_speed=30.37249755859375, air_speed=20.85940933227539
2025-07-14 15:33:47,193 - GOAT - DEBUG - Location: lat=41.0998722, lon=28.5539242, alt=87.904, ground_speed=29.59033203125, air_speed=21.0407657623291
2025-07-14 15:33:47,594 - GOAT - DEBUG - Location: lat=41.0998268, lon=28.5537592, alt=88.062, ground_speed=29.423093795776367, air_speed=21.488262176513672
2025-07-14 15:33:47,996 - GOAT - DEBUG - Location: lat=41.0998052, lon=28.5535732, alt=88.88, ground_speed=29.081275939941406, air_speed=22.89467430114746
2025-07-14 15:33:48,400 - GOAT - DEBUG - Location: lat=41.0998052, lon=28.5535732, alt=88.88, ground_speed=27.52701187133789, air_speed=23.805437088012695
2025-07-14 15:33:48,802 - GOAT - DEBUG - Location: lat=41.0998101, lon=28.5534237, alt=90.081, ground_speed=25.686220169067383, air_speed=24.572561264038086
2025-07-14 15:33:49,203 - GOAT - DEBUG - Location: lat=41.0998361, lon=28.5532861, alt=92.07, ground_speed=20.41385841369629, air_speed=24.6766414642334
2025-07-14 15:33:49,604 - GOAT - DEBUG - Location: lat=41.0998715, lon=28.5531759, alt=93.907, ground_speed=20.41385841369629, air_speed=24.6766414642334
2025-07-14 15:33:50,006 - GOAT - DEBUG - Location: lat=41.0998715, lon=28.5531759, alt=93.907, ground_speed=20.41385841369629, air_speed=24.6766414642334
2025-07-14 15:33:50,408 - GOAT - DEBUG - Location: lat=41.0998715, lon=28.5531759, alt=93.907, ground_speed=13.559195518493652, air_speed=20.5413875579834
2025-07-14 15:33:50,811 - GOAT - DEBUG - Location: lat=41.0999508, lon=28.5530342, alt=95.989, ground_speed=10.462560653686523, air_speed=19.900693893432617
2025-07-14 15:33:51,212 - GOAT - DEBUG - Location: lat=41.0999893, lon=28.5529997, alt=96.135, ground_speed=8.989270210266113, air_speed=19.185993194580078
2025-07-14 15:33:51,614 - GOAT - DEBUG - Location: lat=41.1000226, lon=28.5529859, alt=96.086, ground_speed=7.890044689178467, air_speed=18.697885513305664
2025-07-14 15:33:52,015 - GOAT - DEBUG - Location: lat=41.1000226, lon=28.5529859, alt=96.086, ground_speed=6.544366836547852, air_speed=17.466941833496094
2025-07-14 15:33:52,417 - GOAT - DEBUG - Location: lat=41.1000779, lon=28.5529896, alt=94.461, ground_speed=5.93257999420166, air_speed=17.625377655029297
2025-07-14 15:33:52,819 - GOAT - DEBUG - Location: lat=41.1000779, lon=28.5529896, alt=94.461, ground_speed=5.942958831787109, air_speed=18.06595802307129
2025-07-14 15:33:53,223 - GOAT - DEBUG - Location: lat=41.1001021, lon=28.5530048, alt=93.477, ground_speed=6.149819374084473, air_speed=19.127155303955078
2025-07-14 15:33:53,627 - GOAT - DEBUG - Location: lat=41.1001233, lon=28.5530276, alt=92.963, ground_speed=6.149819374084473, air_speed=19.127155303955078
2025-07-14 15:33:54,028 - GOAT - DEBUG - Location: lat=41.1001233, lon=28.5530276, alt=92.963, ground_speed=6.033811092376709, air_speed=19.720317840576172
2025-07-14 15:33:54,429 - GOAT - DEBUG - Location: lat=41.1001547, lon=28.5530842, alt=92.152, ground_speed=5.9788818359375, air_speed=19.360998153686523
2025-07-14 15:33:54,831 - GOAT - DEBUG - Location: lat=41.1001547, lon=28.5530842, alt=92.152, ground_speed=5.9640583992004395, air_speed=18.857683181762695
2025-07-14 15:33:55,235 - GOAT - DEBUG - Location: lat=41.1001659, lon=28.5531159, alt=91.713, ground_speed=6.042987823486328, air_speed=18.607807159423828
2025-07-14 15:33:55,639 - GOAT - DEBUG - Location: lat=41.1001766, lon=28.5531492, alt=91.344, ground_speed=6.042987823486328, air_speed=18.607807159423828
2025-07-14 15:33:56,043 - GOAT - DEBUG - Location: lat=41.1001884, lon=28.5531873, alt=91.248, ground_speed=6.337106704711914, air_speed=18.4856014251709
2025-07-14 15:33:56,444 - GOAT - DEBUG - Location: lat=41.1001992, lon=28.5532207, alt=91.497, ground_speed=6.554622650146484, air_speed=18.708887100219727
2025-07-14 15:33:56,846 - GOAT - DEBUG - Location: lat=41.1001992, lon=28.5532207, alt=91.497, ground_speed=6.720447540283203, air_speed=18.179176330566406
2025-07-14 15:33:57,247 - GOAT - DEBUG - Location: lat=41.1002114, lon=28.553258, alt=91.919, ground_speed=7.016226291656494, air_speed=18.929819107055664
2025-07-14 15:33:57,648 - GOAT - DEBUG - Location: lat=41.1002238, lon=28.5532968, alt=92.194, ground_speed=7.016226291656494, air_speed=18.929819107055664
2025-07-14 15:33:58,049 - GOAT - DEBUG - Location: lat=41.1002363, lon=28.5533407, alt=92.489, ground_speed=7.236109733581543, air_speed=19.146154403686523
2025-07-14 15:33:58,451 - GOAT - DEBUG - Location: lat=41.1002363, lon=28.5533407, alt=92.489, ground_speed=7.274285793304443, air_speed=19.23612403869629
2025-07-14 15:33:58,852 - GOAT - DEBUG - Location: lat=41.1002459, lon=28.5533785, alt=92.884, ground_speed=7.230226993560791, air_speed=18.70197296142578
2025-07-14 15:33:59,255 - GOAT - DEBUG - Location: lat=41.1002556, lon=28.5534199, alt=93.031, ground_speed=7.551710605621338, air_speed=17.87056541442871
2025-07-14 15:33:59,657 - GOAT - DEBUG - Location: lat=41.1002668, lon=28.553463, alt=92.119, ground_speed=7.551710605621338, air_speed=17.87056541442871
2025-07-14 15:34:00,060 - GOAT - DEBUG - Location: lat=41.1002794, lon=28.553514, alt=92.184, ground_speed=7.551710605621338, air_speed=17.87056541442871
2025-07-14 15:34:00,462 - GOAT - DEBUG - Location: lat=41.1002794, lon=28.553514, alt=92.184, ground_speed=7.551710605621338, air_speed=17.87056541442871
2025-07-14 15:34:00,863 - GOAT - DEBUG - Location: lat=41.1002903, lon=28.5535578, alt=92.807, ground_speed=8.176472663879395, air_speed=19.171659469604492
2025-07-14 15:34:01,266 - GOAT - DEBUG - Location: lat=41.1003036, lon=28.5536034, alt=93.302, ground_speed=7.95932149887085, air_speed=19.30732536315918
2025-07-14 15:34:01,668 - GOAT - DEBUG - Location: lat=41.1003193, lon=28.5536458, alt=93.655, ground_speed=7.95932149887085, air_speed=19.30732536315918
2025-07-14 15:34:02,071 - GOAT - DEBUG - Location: lat=41.1003394, lon=28.5536862, alt=94.013, ground_speed=7.60883092880249, air_speed=19.474077224731445
2025-07-14 15:34:02,472 - GOAT - DEBUG - Location: lat=41.1003394, lon=28.5536862, alt=94.013, ground_speed=7.256338119506836, air_speed=19.21641731262207
2025-07-14 15:34:02,873 - GOAT - DEBUG - Location: lat=41.1003593, lon=28.5537149, alt=94.132, ground_speed=7.072479248046875, air_speed=19.07349967956543
2025-07-14 15:34:03,278 - GOAT - DEBUG - Location: lat=41.1003838, lon=28.5537403, alt=94.076, ground_speed=7.046482563018799, air_speed=18.552255630493164
2025-07-14 15:34:03,680 - GOAT - DEBUG - Location: lat=41.1004112, lon=28.5537588, alt=94.092, ground_speed=7.0782246589660645, air_speed=18.547452926635742
2025-07-14 15:34:04,081 - GOAT - DEBUG - Location: lat=41.1004434, lon=28.5537726, alt=93.81, ground_speed=7.153677463531494, air_speed=18.628591537475586
2025-07-14 15:34:04,483 - GOAT - DEBUG - Location: lat=41.1004729, lon=28.5537803, alt=93.541, ground_speed=7.467250347137451, air_speed=18.866901397705078
2025-07-14 15:34:04,884 - GOAT - DEBUG - Location: lat=41.1004729, lon=28.5537803, alt=93.541, ground_speed=7.644683837890625, air_speed=19.237516403198242
2025-07-14 15:34:05,286 - GOAT - DEBUG - Location: lat=41.100506, lon=28.5537846, alt=93.91, ground_speed=7.468865871429443, air_speed=19.076513290405273
2025-07-14 15:34:05,687 - GOAT - DEBUG - Location: lat=41.1005386, lon=28.5537872, alt=94.135, ground_speed=7.468865871429443, air_speed=19.076513290405273
2025-07-14 15:34:06,088 - GOAT - DEBUG - Location: lat=41.1005734, lon=28.5537909, alt=93.716, ground_speed=7.355953693389893, air_speed=18.940044403076172
2025-07-14 15:34:06,490 - GOAT - DEBUG - Location: lat=41.1006035, lon=28.5537943, alt=93.33, ground_speed=7.400382995605469, air_speed=19.363996505737305
2025-07-14 15:34:06,894 - GOAT - DEBUG - Location: lat=41.1006035, lon=28.5537943, alt=93.33, ground_speed=7.3883161544799805, air_speed=19.253141403198242
2025-07-14 15:34:07,298 - GOAT - DEBUG - Location: lat=41.1006363, lon=28.553799, alt=93.213, ground_speed=7.3883161544799805, air_speed=19.253141403198242
2025-07-14 15:34:07,700 - GOAT - DEBUG - Location: lat=41.1006692, lon=28.5538056, alt=93.279, ground_speed=7.390556335449219, air_speed=18.515487670898438
2025-07-14 15:34:08,102 - GOAT - DEBUG - Location: lat=41.1007051, lon=28.5538166, alt=93.32, ground_speed=7.390556335449219, air_speed=18.515487670898438
2025-07-14 15:34:08,506 - GOAT - DEBUG - Location: lat=41.1007358, lon=28.5538299, alt=93.385, ground_speed=7.521493911743164, air_speed=19.458189010620117
2025-07-14 15:34:08,910 - GOAT - DEBUG - Location: lat=41.1007358, lon=28.5538299, alt=93.385, ground_speed=7.360005855560303, air_speed=20.179712295532227
2025-07-14 15:34:09,312 - GOAT - DEBUG - Location: lat=41.1007678, lon=28.5538461, alt=93.65, ground_speed=6.831902503967285, air_speed=20.15139389038086
2025-07-14 15:34:09,714 - GOAT - DEBUG - Location: lat=41.100797, lon=28.5538629, alt=94.309, ground_speed=6.380681991577148, air_speed=19.02170181274414
2025-07-14 15:34:10,115 - GOAT - DEBUG - Location: lat=41.1008262, lon=28.5538804, alt=94.467, ground_speed=6.380681991577148, air_speed=19.02170181274414
2025-07-14 15:34:10,518 - GOAT - DEBUG - Location: lat=41.1008507, lon=28.5538965, alt=94.028, ground_speed=6.356319904327393, air_speed=18.513036727905273
2025-07-14 15:34:10,920 - GOAT - DEBUG - Location: lat=41.1008507, lon=28.5538965, alt=94.028, ground_speed=6.631644248962402, air_speed=18.922788619995117
2025-07-14 15:34:11,322 - GOAT - DEBUG - Location: lat=41.1008779, lon=28.5539162, alt=93.293, ground_speed=7.062283039093018, air_speed=18.733890533447266
2025-07-14 15:34:11,723 - GOAT - DEBUG - Location: lat=41.1009059, lon=28.5539388, alt=92.618, ground_speed=7.267565727233887, air_speed=19.391965866088867
2025-07-14 15:34:12,125 - GOAT - DEBUG - Location: lat=41.1009362, lon=28.5539657, alt=93.108, ground_speed=7.2252068519592285, air_speed=19.069746017456055
2025-07-14 15:34:12,527 - GOAT - DEBUG - Location: lat=41.1009608, lon=28.5539893, alt=93.741, ground_speed=7.191623210906982, air_speed=18.773591995239258
2025-07-14 15:34:12,930 - GOAT - DEBUG - Location: lat=41.1009608, lon=28.5539893, alt=93.741, ground_speed=7.378284454345703, air_speed=18.34617805480957
2025-07-14 15:34:13,332 - GOAT - DEBUG - Location: lat=41.1009873, lon=28.5540169, alt=93.878, ground_speed=7.752894878387451, air_speed=18.838912963867188
2025-07-14 15:34:13,733 - GOAT - DEBUG - Location: lat=41.1010133, lon=28.5540485, alt=93.845, ground_speed=7.896092414855957, air_speed=19.333600997924805
2025-07-14 15:34:14,137 - GOAT - DEBUG - Location: lat=41.1010396, lon=28.5540865, alt=94.304, ground_speed=7.973461151123047, air_speed=18.677005767822266
2025-07-14 15:34:14,541 - GOAT - DEBUG - Location: lat=41.1010594, lon=28.5541217, alt=94.862, ground_speed=8.015199661254883, air_speed=18.59783935546875
2025-07-14 15:34:14,942 - GOAT - DEBUG - Location: lat=41.1010594, lon=28.5541217, alt=94.862, ground_speed=8.108418464660645, air_speed=18.676197052001953
2025-07-14 15:34:15,344 - GOAT - DEBUG - Location: lat=41.1010779, lon=28.554163, alt=95.522, ground_speed=8.164094924926758, air_speed=18.425310134887695
2025-07-14 15:34:15,746 - GOAT - DEBUG - Location: lat=41.1010779, lon=28.554163, alt=95.522, ground_speed=8.53541088104248, air_speed=18.491376876831055
2025-07-14 15:34:16,148 - GOAT - DEBUG - Location: lat=41.1011138, lon=28.5542548, alt=94.77, ground_speed=8.85251522064209, air_speed=18.610931396484375
2025-07-14 15:34:16,549 - GOAT - DEBUG - Location: lat=41.1011272, lon=28.5543012, alt=94.351, ground_speed=9.070152282714844, air_speed=18.752105712890625
2025-07-14 15:34:16,950 - GOAT - DEBUG - Location: lat=41.1011402, lon=28.5543558, alt=93.882, ground_speed=9.636826515197754, air_speed=18.11199378967285
2025-07-14 15:34:17,351 - GOAT - DEBUG - Location: lat=41.1011402, lon=28.5543558, alt=93.882, ground_speed=10.315157890319824, air_speed=18.950260162353516
2025-07-14 15:34:17,752 - GOAT - DEBUG - Location: lat=41.1011516, lon=28.5544151, alt=93.673, ground_speed=10.848692893981934, air_speed=19.268754959106445
2025-07-14 15:34:17,912 - GOAT - DEBUG - Connection closed.
