2025-07-13 14:46:01,292 - GOAT - DEBUG - Mission state is NEUTRAL.
2025-07-13 14:46:01,292 - GOAT - DEBUG - target_lat: 41.102904, target_lon: 28.5456026
2025-07-13 14:46:01,292 - GOAT - DEBUG - start_altitude: 90target_altitude: 30stable_altitude: 100
2025-07-13 14:46:01,292 - GOAT - DEBUG - diving_distance: 81.03636398680558
2025-07-13 14:46:01,895 - GOAT - DEBUG - Connected to the aircraft.
2025-07-13 14:46:04,700 - GOAT - DEBUG - Received start command from Redis.
2025-07-13 14:46:04,701 - GOAT - DEBUG - Loiter radius set to 20 for kamikaze mission.
2025-07-13 14:46:04,802 - GOAT - DEBUG - going to approach destination
2025-07-13 14:46:05,702 - GOAT - DEBUG - self.state: MissionState.GOING_TO_TARGET
2025-07-13 14:46:06,703 - GOAT - DEBUG - self.state: MissionState.GOING_TO_TARGET
2025-07-13 14:46:07,704 - GOAT - DEBUG - self.state: MissionState.GOING_TO_TARGET
2025-07-13 14:46:08,705 - GOAT - DEBUG - self.state: MissionState.GOING_TO_TARGET
2025-07-13 14:46:09,020 - GOAT - DEBUG - Reached approach destination.
2025-07-13 14:46:09,020 - GOAT - DEBUG - going to target destination
2025-07-13 14:46:09,705 - GOAT - DEBUG - self.state: MissionState.GOING_TO_TARGET
2025-07-13 14:46:10,707 - GOAT - DEBUG - self.state: MissionState.GOING_TO_TARGET
2025-07-13 14:46:11,707 - GOAT - DEBUG - self.state: MissionState.GOING_TO_TARGET
2025-07-13 14:46:12,708 - GOAT - DEBUG - self.state: MissionState.GOING_TO_TARGET
2025-07-13 14:46:13,709 - GOAT - DEBUG - self.state: MissionState.GOING_TO_TARGET
2025-07-13 14:46:14,709 - GOAT - DEBUG - self.state: MissionState.GOING_TO_TARGET
2025-07-13 14:46:15,709 - GOAT - DEBUG - self.state: MissionState.GOING_TO_TARGET
2025-07-13 14:46:16,710 - GOAT - DEBUG - self.state: MissionState.GOING_TO_TARGET
2025-07-13 14:46:17,711 - GOAT - DEBUG - self.state: MissionState.GOING_TO_TARGET
2025-07-13 14:46:18,712 - GOAT - DEBUG - self.state: MissionState.GOING_TO_TARGET
2025-07-13 14:46:19,713 - GOAT - DEBUG - self.state: MissionState.GOING_TO_TARGET
2025-07-13 14:46:20,714 - GOAT - DEBUG - self.state: MissionState.GOING_TO_TARGET
2025-07-13 14:46:21,714 - GOAT - DEBUG - self.state: MissionState.GOING_TO_TARGET
2025-07-13 14:46:22,715 - GOAT - DEBUG - self.state: MissionState.GOING_TO_TARGET
2025-07-13 14:46:23,716 - GOAT - DEBUG - self.state: MissionState.GOING_TO_TARGET
2025-07-13 14:46:24,717 - GOAT - DEBUG - self.state: MissionState.GOING_TO_TARGET
2025-07-13 14:46:25,718 - GOAT - DEBUG - self.state: MissionState.GOING_TO_TARGET
2025-07-13 14:46:26,719 - GOAT - DEBUG - self.state: MissionState.GOING_TO_TARGET
2025-07-13 14:46:27,720 - GOAT - DEBUG - self.state: MissionState.GOING_TO_TARGET
2025-07-13 14:46:28,721 - GOAT - DEBUG - self.state: MissionState.GOING_TO_TARGET
2025-07-13 14:46:29,722 - GOAT - DEBUG - self.state: MissionState.GOING_TO_TARGET
2025-07-13 14:46:30,723 - GOAT - DEBUG - self.state: MissionState.GOING_TO_TARGET
2025-07-13 14:46:31,724 - GOAT - DEBUG - self.state: MissionState.GOING_TO_TARGET
2025-07-13 14:46:32,725 - GOAT - DEBUG - self.state: MissionState.GOING_TO_TARGET
2025-07-13 14:46:33,726 - GOAT - DEBUG - self.state: MissionState.GOING_TO_TARGET
2025-07-13 14:46:34,727 - GOAT - DEBUG - self.state: MissionState.GOING_TO_TARGET
2025-07-13 14:46:35,727 - GOAT - DEBUG - self.state: MissionState.GOING_TO_TARGET
2025-07-13 14:46:36,729 - GOAT - DEBUG - self.state: MissionState.GOING_TO_TARGET
2025-07-13 14:46:37,142 - GOAT - DEBUG - Reached target destination.
2025-07-13 14:46:37,142 - GOAT - DEBUG - Target reached, diving in.
2025-07-13 14:46:37,142 - GOAT - DEBUG - state == MissionState.DIVING_IN
2025-07-13 14:46:37,729 - GOAT - DEBUG - self.state: MissionState.DIVING_IN
2025-07-13 14:46:37,729 - GOAT - DEBUG - Diving in
2025-07-13 14:46:37,730 - GOAT - ERROR - Error while saving frame: OpenCV(4.10.0) /io/opencv/modules/imgcodecs/src/loadsave.cpp:798: error: (-215:Assertion failed) !_img.empty() in function 'imwrite'

2025-07-13 14:46:37,730 - GOAT - DEBUG - altitude: 89.92
2025-07-13 14:46:38,731 - GOAT - DEBUG - self.state: MissionState.DIVING_IN
2025-07-13 14:46:38,731 - GOAT - DEBUG - Diving in
2025-07-13 14:46:38,732 - GOAT - ERROR - Error while saving frame: OpenCV(4.10.0) /io/opencv/modules/imgcodecs/src/loadsave.cpp:798: error: (-215:Assertion failed) !_img.empty() in function 'imwrite'

2025-07-13 14:46:38,732 - GOAT - DEBUG - altitude: 88.678
2025-07-13 14:46:39,732 - GOAT - DEBUG - self.state: MissionState.DIVING_IN
2025-07-13 14:46:39,732 - GOAT - DEBUG - Diving in
2025-07-13 14:46:39,733 - GOAT - ERROR - Error while saving frame: OpenCV(4.10.0) /io/opencv/modules/imgcodecs/src/loadsave.cpp:798: error: (-215:Assertion failed) !_img.empty() in function 'imwrite'

2025-07-13 14:46:39,733 - GOAT - DEBUG - altitude: 83.172
2025-07-13 14:46:40,734 - GOAT - DEBUG - self.state: MissionState.DIVING_IN
2025-07-13 14:46:40,734 - GOAT - DEBUG - Diving in
2025-07-13 14:46:40,735 - GOAT - ERROR - Error while saving frame: OpenCV(4.10.0) /io/opencv/modules/imgcodecs/src/loadsave.cpp:798: error: (-215:Assertion failed) !_img.empty() in function 'imwrite'

2025-07-13 14:46:40,735 - GOAT - DEBUG - altitude: 78.156
2025-07-13 14:46:41,736 - GOAT - DEBUG - self.state: MissionState.DIVING_IN
2025-07-13 14:46:41,736 - GOAT - DEBUG - Diving in
2025-07-13 14:46:41,737 - GOAT - ERROR - Error while saving frame: OpenCV(4.10.0) /io/opencv/modules/imgcodecs/src/loadsave.cpp:798: error: (-215:Assertion failed) !_img.empty() in function 'imwrite'

2025-07-13 14:46:41,737 - GOAT - DEBUG - altitude: 73.455
2025-07-13 14:46:42,737 - GOAT - DEBUG - self.state: MissionState.DIVING_IN
2025-07-13 14:46:42,737 - GOAT - DEBUG - Diving in
2025-07-13 14:46:42,738 - GOAT - ERROR - Error while saving frame: OpenCV(4.10.0) /io/opencv/modules/imgcodecs/src/loadsave.cpp:798: error: (-215:Assertion failed) !_img.empty() in function 'imwrite'

2025-07-13 14:46:42,738 - GOAT - DEBUG - altitude: 68.584
2025-07-13 14:46:43,739 - GOAT - DEBUG - self.state: MissionState.DIVING_IN
2025-07-13 14:46:43,739 - GOAT - DEBUG - Diving in
2025-07-13 14:46:43,739 - GOAT - ERROR - Error while saving frame: OpenCV(4.10.0) /io/opencv/modules/imgcodecs/src/loadsave.cpp:798: error: (-215:Assertion failed) !_img.empty() in function 'imwrite'

2025-07-13 14:46:43,739 - GOAT - DEBUG - altitude: 63.835
2025-07-13 14:46:44,740 - GOAT - DEBUG - self.state: MissionState.DIVING_IN
2025-07-13 14:46:44,740 - GOAT - DEBUG - Diving in
2025-07-13 14:46:44,740 - GOAT - ERROR - Error while saving frame: OpenCV(4.10.0) /io/opencv/modules/imgcodecs/src/loadsave.cpp:798: error: (-215:Assertion failed) !_img.empty() in function 'imwrite'

2025-07-13 14:46:44,741 - GOAT - DEBUG - altitude: 59.095
2025-07-13 14:46:45,741 - GOAT - DEBUG - self.state: MissionState.DIVING_IN
2025-07-13 14:46:45,742 - GOAT - DEBUG - Diving in
2025-07-13 14:46:45,742 - GOAT - ERROR - Error while saving frame: OpenCV(4.10.0) /io/opencv/modules/imgcodecs/src/loadsave.cpp:798: error: (-215:Assertion failed) !_img.empty() in function 'imwrite'

2025-07-13 14:46:45,742 - GOAT - DEBUG - altitude: 54.373
2025-07-13 14:46:46,743 - GOAT - DEBUG - self.state: MissionState.DIVING_IN
2025-07-13 14:46:46,743 - GOAT - DEBUG - Diving in
2025-07-13 14:46:46,744 - GOAT - ERROR - Error while saving frame: OpenCV(4.10.0) /io/opencv/modules/imgcodecs/src/loadsave.cpp:798: error: (-215:Assertion failed) !_img.empty() in function 'imwrite'

2025-07-13 14:46:46,744 - GOAT - DEBUG - altitude: 49.708
2025-07-13 14:46:47,744 - GOAT - DEBUG - self.state: MissionState.DIVING_IN
2025-07-13 14:46:47,745 - GOAT - DEBUG - Diving in
2025-07-13 14:46:47,745 - GOAT - ERROR - Error while saving frame: OpenCV(4.10.0) /io/opencv/modules/imgcodecs/src/loadsave.cpp:798: error: (-215:Assertion failed) !_img.empty() in function 'imwrite'

2025-07-13 14:46:47,745 - GOAT - DEBUG - altitude: 45.084
2025-07-13 14:46:48,746 - GOAT - DEBUG - self.state: MissionState.DIVING_IN
2025-07-13 14:46:48,746 - GOAT - DEBUG - Diving in
2025-07-13 14:46:48,746 - GOAT - ERROR - Error while saving frame: OpenCV(4.10.0) /io/opencv/modules/imgcodecs/src/loadsave.cpp:798: error: (-215:Assertion failed) !_img.empty() in function 'imwrite'

2025-07-13 14:46:48,747 - GOAT - DEBUG - altitude: 40.494
2025-07-13 14:46:49,747 - GOAT - DEBUG - self.state: MissionState.DIVING_IN
2025-07-13 14:46:49,747 - GOAT - DEBUG - Diving in
2025-07-13 14:46:49,748 - GOAT - ERROR - Error while saving frame: OpenCV(4.10.0) /io/opencv/modules/imgcodecs/src/loadsave.cpp:798: error: (-215:Assertion failed) !_img.empty() in function 'imwrite'

2025-07-13 14:46:49,748 - GOAT - DEBUG - altitude: 35.96
2025-07-13 14:46:50,748 - GOAT - DEBUG - self.state: MissionState.DIVING_IN
2025-07-13 14:46:50,748 - GOAT - DEBUG - Diving in
2025-07-13 14:46:50,749 - GOAT - ERROR - Error while saving frame: OpenCV(4.10.0) /io/opencv/modules/imgcodecs/src/loadsave.cpp:798: error: (-215:Assertion failed) !_img.empty() in function 'imwrite'

2025-07-13 14:46:50,749 - GOAT - DEBUG - altitude: 31.464
2025-07-13 14:46:51,750 - GOAT - DEBUG - self.state: MissionState.DIVING_IN
2025-07-13 14:46:51,750 - GOAT - DEBUG - Diving in
2025-07-13 14:46:51,750 - GOAT - DEBUG - Altitude is less than 30 meters
2025-07-13 14:46:51,750 - GOAT - DEBUG - altitude: 26.959
2025-07-13 14:46:51,757 - GOAT - DEBUG - Diving out
2025-07-13 14:46:51,758 - GOAT - DEBUG - self.alt: 26.959
2025-07-13 14:46:51,858 - GOAT - DEBUG - Diving out
2025-07-13 14:46:51,858 - GOAT - DEBUG - self.alt: 26.959
2025-07-13 14:46:51,958 - GOAT - DEBUG - Diving out
2025-07-13 14:46:51,958 - GOAT - DEBUG - self.alt: 25.879
2025-07-13 14:46:52,059 - GOAT - DEBUG - Diving out
2025-07-13 14:46:52,059 - GOAT - DEBUG - self.alt: 25.879
2025-07-13 14:46:52,159 - GOAT - DEBUG - Diving out
2025-07-13 14:46:52,159 - GOAT - DEBUG - self.alt: 24.772
2025-07-13 14:46:52,260 - GOAT - DEBUG - Diving out
2025-07-13 14:46:52,260 - GOAT - DEBUG - self.alt: 24.772
2025-07-13 14:46:52,361 - GOAT - DEBUG - Diving out
2025-07-13 14:46:52,361 - GOAT - DEBUG - self.alt: 24.772
2025-07-13 14:46:52,461 - GOAT - DEBUG - Diving out
2025-07-13 14:46:52,461 - GOAT - DEBUG - self.alt: 24.049
2025-07-13 14:46:52,562 - GOAT - DEBUG - Diving out
2025-07-13 14:46:52,562 - GOAT - DEBUG - self.alt: 24.049
2025-07-13 14:46:52,662 - GOAT - DEBUG - Diving out
2025-07-13 14:46:52,662 - GOAT - DEBUG - self.alt: 23.829
2025-07-13 14:46:52,751 - GOAT - DEBUG - self.state: MissionState.DIVING_OUT
2025-07-13 14:46:52,763 - GOAT - DEBUG - Diving out
2025-07-13 14:46:52,763 - GOAT - DEBUG - self.alt: 23.829
2025-07-13 14:46:52,863 - GOAT - DEBUG - Diving out
2025-07-13 14:46:52,863 - GOAT - DEBUG - self.alt: 23.829
2025-07-13 14:46:52,964 - GOAT - DEBUG - Diving out
2025-07-13 14:46:52,964 - GOAT - DEBUG - self.alt: 24.216
2025-07-13 14:46:53,064 - GOAT - DEBUG - Diving out
2025-07-13 14:46:53,064 - GOAT - DEBUG - self.alt: 24.216
2025-07-13 14:46:53,165 - GOAT - DEBUG - Diving out
2025-07-13 14:46:53,165 - GOAT - DEBUG - self.alt: 25.149
2025-07-13 14:46:53,265 - GOAT - DEBUG - Diving out
2025-07-13 14:46:53,265 - GOAT - DEBUG - self.alt: 25.149
2025-07-13 14:46:53,366 - GOAT - DEBUG - Diving out
2025-07-13 14:46:53,366 - GOAT - DEBUG - self.alt: 25.149
2025-07-13 14:46:53,466 - GOAT - DEBUG - Diving out
2025-07-13 14:46:53,466 - GOAT - DEBUG - self.alt: 26.256
2025-07-13 14:46:53,567 - GOAT - DEBUG - Diving out
2025-07-13 14:46:53,567 - GOAT - DEBUG - self.alt: 26.256
2025-07-13 14:46:53,667 - GOAT - DEBUG - Diving out
2025-07-13 14:46:53,668 - GOAT - DEBUG - self.alt: 27.476
2025-07-13 14:46:53,751 - GOAT - DEBUG - self.state: MissionState.DIVING_OUT
2025-07-13 14:46:53,768 - GOAT - DEBUG - Diving out
2025-07-13 14:46:53,768 - GOAT - DEBUG - self.alt: 27.476
2025-07-13 14:46:53,869 - GOAT - DEBUG - Diving out
2025-07-13 14:46:53,869 - GOAT - DEBUG - self.alt: 27.476
2025-07-13 14:46:53,969 - GOAT - DEBUG - Diving out
2025-07-13 14:46:53,969 - GOAT - DEBUG - self.alt: 28.463
2025-07-13 14:46:54,070 - GOAT - DEBUG - Diving out
2025-07-13 14:46:54,070 - GOAT - DEBUG - self.alt: 28.463
2025-07-13 14:46:54,170 - GOAT - DEBUG - Diving out
2025-07-13 14:46:54,170 - GOAT - DEBUG - self.alt: 29.309
2025-07-13 14:46:54,270 - GOAT - DEBUG - Diving out
2025-07-13 14:46:54,271 - GOAT - DEBUG - self.alt: 29.309
2025-07-13 14:46:54,371 - GOAT - DEBUG - Diving out
2025-07-13 14:46:54,371 - GOAT - DEBUG - self.alt: 29.309
2025-07-13 14:46:54,471 - GOAT - DEBUG - Diving out
2025-07-13 14:46:54,471 - GOAT - DEBUG - self.alt: 29.892
2025-07-13 14:46:54,572 - GOAT - DEBUG - Diving out
2025-07-13 14:46:54,572 - GOAT - DEBUG - self.alt: 29.892
2025-07-13 14:46:54,672 - GOAT - DEBUG - Diving out
2025-07-13 14:46:54,672 - GOAT - DEBUG - self.alt: 30.38
2025-07-13 14:46:54,752 - GOAT - DEBUG - self.state: MissionState.DIVING_OUT
2025-07-13 14:46:54,773 - GOAT - DEBUG - Diving out
2025-07-13 14:46:54,773 - GOAT - DEBUG - self.alt: 30.38
2025-07-13 14:46:54,873 - GOAT - DEBUG - Diving out
2025-07-13 14:46:54,873 - GOAT - DEBUG - self.alt: 30.38
2025-07-13 14:46:54,974 - GOAT - DEBUG - Diving out
2025-07-13 14:46:54,974 - GOAT - DEBUG - self.alt: 30.798
2025-07-13 14:46:55,074 - GOAT - DEBUG - Diving out
2025-07-13 14:46:55,074 - GOAT - DEBUG - self.alt: 30.798
2025-07-13 14:46:55,175 - GOAT - DEBUG - Diving out
2025-07-13 14:46:55,175 - GOAT - DEBUG - self.alt: 31.306
2025-07-13 14:46:55,276 - GOAT - DEBUG - Diving out
2025-07-13 14:46:55,276 - GOAT - DEBUG - self.alt: 31.306
2025-07-13 14:46:55,376 - GOAT - DEBUG - Diving out
2025-07-13 14:46:55,376 - GOAT - DEBUG - self.alt: 31.306
2025-07-13 14:46:55,476 - GOAT - DEBUG - Diving out
2025-07-13 14:46:55,477 - GOAT - DEBUG - self.alt: 31.868
2025-07-13 14:46:55,577 - GOAT - DEBUG - Diving out
2025-07-13 14:46:55,577 - GOAT - DEBUG - self.alt: 31.868
2025-07-13 14:46:55,677 - GOAT - DEBUG - Diving out
2025-07-13 14:46:55,677 - GOAT - DEBUG - self.alt: 32.57
2025-07-13 14:46:55,753 - GOAT - DEBUG - self.state: MissionState.DIVING_OUT
2025-07-13 14:46:55,778 - GOAT - DEBUG - Diving out
2025-07-13 14:46:55,778 - GOAT - DEBUG - self.alt: 32.57
2025-07-13 14:46:55,878 - GOAT - DEBUG - Diving out
2025-07-13 14:46:55,878 - GOAT - DEBUG - self.alt: 32.57
2025-07-13 14:46:55,979 - GOAT - DEBUG - Diving out
2025-07-13 14:46:55,979 - GOAT - DEBUG - self.alt: 33.277
2025-07-13 14:46:56,079 - GOAT - DEBUG - Diving out
2025-07-13 14:46:56,079 - GOAT - DEBUG - self.alt: 33.277
2025-07-13 14:46:56,180 - GOAT - DEBUG - Diving out
2025-07-13 14:46:56,180 - GOAT - DEBUG - self.alt: 34.063
2025-07-13 14:46:56,280 - GOAT - DEBUG - Diving out
2025-07-13 14:46:56,280 - GOAT - DEBUG - self.alt: 34.063
2025-07-13 14:46:56,381 - GOAT - DEBUG - Diving out
2025-07-13 14:46:56,381 - GOAT - DEBUG - self.alt: 34.063
2025-07-13 14:46:56,481 - GOAT - DEBUG - Diving out
2025-07-13 14:46:56,481 - GOAT - DEBUG - self.alt: 34.775
2025-07-13 14:46:56,582 - GOAT - DEBUG - Diving out
2025-07-13 14:46:56,582 - GOAT - DEBUG - self.alt: 34.775
2025-07-13 14:46:56,682 - GOAT - DEBUG - Diving out
2025-07-13 14:46:56,682 - GOAT - DEBUG - self.alt: 35.507
2025-07-13 14:46:56,753 - GOAT - DEBUG - self.state: MissionState.DIVING_OUT
2025-07-13 14:46:56,783 - GOAT - DEBUG - Diving out
2025-07-13 14:46:56,783 - GOAT - DEBUG - self.alt: 35.507
2025-07-13 14:46:56,883 - GOAT - DEBUG - Diving out
2025-07-13 14:46:56,883 - GOAT - DEBUG - self.alt: 35.507
2025-07-13 14:46:56,984 - GOAT - DEBUG - Diving out
2025-07-13 14:46:56,984 - GOAT - DEBUG - self.alt: 36.148
2025-07-13 14:46:57,084 - GOAT - DEBUG - Diving out
2025-07-13 14:46:57,085 - GOAT - DEBUG - self.alt: 36.148
2025-07-13 14:46:57,185 - GOAT - DEBUG - Diving out
2025-07-13 14:46:57,185 - GOAT - DEBUG - self.alt: 36.814
2025-07-13 14:46:57,285 - GOAT - DEBUG - Diving out
2025-07-13 14:46:57,285 - GOAT - DEBUG - self.alt: 36.814
2025-07-13 14:46:57,386 - GOAT - DEBUG - Diving out
2025-07-13 14:46:57,386 - GOAT - DEBUG - self.alt: 36.814
2025-07-13 14:46:57,487 - GOAT - DEBUG - Diving out
2025-07-13 14:46:57,487 - GOAT - DEBUG - self.alt: 37.425
2025-07-13 14:46:57,587 - GOAT - DEBUG - Diving out
2025-07-13 14:46:57,587 - GOAT - DEBUG - self.alt: 37.425
2025-07-13 14:46:57,688 - GOAT - DEBUG - Diving out
2025-07-13 14:46:57,688 - GOAT - DEBUG - self.alt: 38.097
2025-07-13 14:46:57,754 - GOAT - DEBUG - self.state: MissionState.DIVING_OUT
2025-07-13 14:46:57,788 - GOAT - DEBUG - Diving out
2025-07-13 14:46:57,788 - GOAT - DEBUG - self.alt: 38.097
2025-07-13 14:46:57,889 - GOAT - DEBUG - Diving out
2025-07-13 14:46:57,889 - GOAT - DEBUG - self.alt: 38.097
2025-07-13 14:46:57,989 - GOAT - DEBUG - Diving out
2025-07-13 14:46:57,989 - GOAT - DEBUG - self.alt: 38.729
2025-07-13 14:46:58,090 - GOAT - DEBUG - Diving out
2025-07-13 14:46:58,090 - GOAT - DEBUG - self.alt: 38.729
2025-07-13 14:46:58,190 - GOAT - DEBUG - Diving out
2025-07-13 14:46:58,190 - GOAT - DEBUG - self.alt: 39.433
2025-07-13 14:46:58,291 - GOAT - DEBUG - Diving out
2025-07-13 14:46:58,291 - GOAT - DEBUG - self.alt: 39.433
2025-07-13 14:46:58,391 - GOAT - DEBUG - Diving out
2025-07-13 14:46:58,391 - GOAT - DEBUG - self.alt: 39.433
2025-07-13 14:46:58,492 - GOAT - DEBUG - Diving out
2025-07-13 14:46:58,492 - GOAT - DEBUG - self.alt: 40.093
2025-07-13 14:46:58,592 - GOAT - DEBUG - Diving out
2025-07-13 14:46:58,592 - GOAT - DEBUG - self.alt: 40.093
2025-07-13 14:46:58,693 - GOAT - DEBUG - Diving out
2025-07-13 14:46:58,693 - GOAT - DEBUG - self.alt: 40.813
2025-07-13 14:46:58,755 - GOAT - DEBUG - self.state: MissionState.DIVING_OUT
2025-07-13 14:46:58,794 - GOAT - DEBUG - Diving out
2025-07-13 14:46:58,794 - GOAT - DEBUG - self.alt: 40.813
2025-07-13 14:46:58,894 - GOAT - DEBUG - Diving out
2025-07-13 14:46:58,894 - GOAT - DEBUG - self.alt: 40.813
2025-07-13 14:46:58,995 - GOAT - DEBUG - Diving out
2025-07-13 14:46:58,995 - GOAT - DEBUG - self.alt: 41.477
2025-07-13 14:46:59,095 - GOAT - DEBUG - Diving out
2025-07-13 14:46:59,095 - GOAT - DEBUG - self.alt: 41.477
2025-07-13 14:46:59,196 - GOAT - DEBUG - Diving out
2025-07-13 14:46:59,196 - GOAT - DEBUG - self.alt: 42.191
2025-07-13 14:46:59,296 - GOAT - DEBUG - Diving out
2025-07-13 14:46:59,297 - GOAT - DEBUG - self.alt: 42.191
2025-07-13 14:46:59,397 - GOAT - DEBUG - Diving out
2025-07-13 14:46:59,397 - GOAT - DEBUG - self.alt: 42.191
2025-07-13 14:46:59,497 - GOAT - DEBUG - Diving out
2025-07-13 14:46:59,497 - GOAT - DEBUG - self.alt: 42.844
2025-07-13 14:46:59,598 - GOAT - DEBUG - Diving out
2025-07-13 14:46:59,598 - GOAT - DEBUG - self.alt: 42.844
2025-07-13 14:46:59,698 - GOAT - DEBUG - Diving out
2025-07-13 14:46:59,699 - GOAT - DEBUG - self.alt: 43.551
2025-07-13 14:46:59,756 - GOAT - DEBUG - self.state: MissionState.DIVING_OUT
2025-07-13 14:46:59,799 - GOAT - DEBUG - Diving out
2025-07-13 14:46:59,799 - GOAT - DEBUG - self.alt: 43.551
2025-07-13 14:46:59,900 - GOAT - DEBUG - Diving out
2025-07-13 14:46:59,900 - GOAT - DEBUG - self.alt: 43.551
2025-07-13 14:47:00,000 - GOAT - DEBUG - Diving out
2025-07-13 14:47:00,000 - GOAT - DEBUG - self.alt: 44.205
2025-07-13 14:47:00,101 - GOAT - DEBUG - Diving out
2025-07-13 14:47:00,101 - GOAT - DEBUG - self.alt: 44.205
2025-07-13 14:47:00,201 - GOAT - DEBUG - Diving out
2025-07-13 14:47:00,201 - GOAT - DEBUG - self.alt: 44.915
2025-07-13 14:47:00,302 - GOAT - DEBUG - Diving out
2025-07-13 14:47:00,302 - GOAT - DEBUG - self.alt: 44.915
2025-07-13 14:47:00,403 - GOAT - DEBUG - Diving out
2025-07-13 14:47:00,403 - GOAT - DEBUG - self.alt: 44.915
2025-07-13 14:47:00,503 - GOAT - DEBUG - Diving out
2025-07-13 14:47:00,503 - GOAT - DEBUG - self.alt: 45.569
2025-07-13 14:47:00,604 - GOAT - DEBUG - Diving out
2025-07-13 14:47:00,604 - GOAT - DEBUG - self.alt: 45.569
2025-07-13 14:47:00,704 - GOAT - DEBUG - Diving out
2025-07-13 14:47:00,704 - GOAT - DEBUG - self.alt: 46.279
2025-07-13 14:47:00,757 - GOAT - DEBUG - self.state: MissionState.DIVING_OUT
2025-07-13 14:47:00,805 - GOAT - DEBUG - Diving out
2025-07-13 14:47:00,805 - GOAT - DEBUG - self.alt: 46.279
2025-07-13 14:47:00,905 - GOAT - DEBUG - Diving out
2025-07-13 14:47:00,905 - GOAT - DEBUG - self.alt: 46.279
2025-07-13 14:47:01,005 - GOAT - DEBUG - Diving out
2025-07-13 14:47:01,006 - GOAT - DEBUG - self.alt: 46.94
2025-07-13 14:47:01,106 - GOAT - DEBUG - Diving out
2025-07-13 14:47:01,106 - GOAT - DEBUG - self.alt: 46.94
2025-07-13 14:47:01,207 - GOAT - DEBUG - Diving out
2025-07-13 14:47:01,207 - GOAT - DEBUG - self.alt: 47.654
2025-07-13 14:47:01,307 - GOAT - DEBUG - Diving out
2025-07-13 14:47:01,307 - GOAT - DEBUG - self.alt: 47.654
2025-07-13 14:47:01,408 - GOAT - DEBUG - Diving out
2025-07-13 14:47:01,408 - GOAT - DEBUG - self.alt: 47.654
2025-07-13 14:47:01,508 - GOAT - DEBUG - Diving out
2025-07-13 14:47:01,508 - GOAT - DEBUG - self.alt: 48.312
2025-07-13 14:47:01,609 - GOAT - DEBUG - Diving out
2025-07-13 14:47:01,609 - GOAT - DEBUG - self.alt: 48.312
2025-07-13 14:47:01,709 - GOAT - DEBUG - Diving out
2025-07-13 14:47:01,709 - GOAT - DEBUG - self.alt: 49.028
2025-07-13 14:47:01,757 - GOAT - DEBUG - self.state: MissionState.DIVING_OUT
2025-07-13 14:47:01,810 - GOAT - DEBUG - Diving out
2025-07-13 14:47:01,810 - GOAT - DEBUG - self.alt: 49.028
2025-07-13 14:47:01,911 - GOAT - DEBUG - Diving out
2025-07-13 14:47:01,911 - GOAT - DEBUG - self.alt: 49.028
2025-07-13 14:47:02,011 - GOAT - DEBUG - Diving out
2025-07-13 14:47:02,011 - GOAT - DEBUG - self.alt: 49.69
2025-07-13 14:47:02,112 - GOAT - DEBUG - Diving out
2025-07-13 14:47:02,112 - GOAT - DEBUG - self.alt: 49.69
2025-07-13 14:47:02,212 - GOAT - DEBUG - Diving out
2025-07-13 14:47:02,212 - GOAT - DEBUG - self.alt: 50.404
2025-07-13 14:47:02,312 - GOAT - DEBUG - Diving out
2025-07-13 14:47:02,313 - GOAT - DEBUG - self.alt: 50.404
2025-07-13 14:47:02,413 - GOAT - DEBUG - Diving out
2025-07-13 14:47:02,413 - GOAT - DEBUG - self.alt: 50.404
2025-07-13 14:47:02,513 - GOAT - DEBUG - Diving out
2025-07-13 14:47:02,514 - GOAT - DEBUG - self.alt: 51.063
2025-07-13 14:47:02,614 - GOAT - DEBUG - Diving out
2025-07-13 14:47:02,614 - GOAT - DEBUG - self.alt: 51.063
2025-07-13 14:47:02,714 - GOAT - DEBUG - Diving out
2025-07-13 14:47:02,715 - GOAT - DEBUG - self.alt: 51.779
2025-07-13 14:47:02,758 - GOAT - DEBUG - self.state: MissionState.DIVING_OUT
2025-07-13 14:47:02,815 - GOAT - DEBUG - Diving out
2025-07-13 14:47:02,815 - GOAT - DEBUG - self.alt: 51.779
2025-07-13 14:47:02,915 - GOAT - DEBUG - Diving out
2025-07-13 14:47:02,916 - GOAT - DEBUG - self.alt: 51.779
2025-07-13 14:47:03,016 - GOAT - DEBUG - Diving out
2025-07-13 14:47:03,016 - GOAT - DEBUG - self.alt: 52.446
2025-07-13 14:47:03,117 - GOAT - DEBUG - Diving out
2025-07-13 14:47:03,117 - GOAT - DEBUG - self.alt: 52.446
2025-07-13 14:47:03,217 - GOAT - DEBUG - Diving out
2025-07-13 14:47:03,217 - GOAT - DEBUG - self.alt: 53.167
2025-07-13 14:47:03,317 - GOAT - DEBUG - Diving out
2025-07-13 14:47:03,318 - GOAT - DEBUG - self.alt: 53.167
2025-07-13 14:47:03,418 - GOAT - DEBUG - Diving out
2025-07-13 14:47:03,418 - GOAT - DEBUG - self.alt: 53.167
2025-07-13 14:47:03,518 - GOAT - DEBUG - Diving out
2025-07-13 14:47:03,519 - GOAT - DEBUG - self.alt: 53.828
2025-07-13 14:47:03,619 - GOAT - DEBUG - Diving out
2025-07-13 14:47:03,619 - GOAT - DEBUG - self.alt: 53.828
2025-07-13 14:47:03,719 - GOAT - DEBUG - Diving out
2025-07-13 14:47:03,719 - GOAT - DEBUG - self.alt: 54.547
2025-07-13 14:47:03,759 - GOAT - DEBUG - self.state: MissionState.DIVING_OUT
2025-07-13 14:47:03,820 - GOAT - DEBUG - Diving out
2025-07-13 14:47:03,820 - GOAT - DEBUG - self.alt: 54.547
2025-07-13 14:47:03,920 - GOAT - DEBUG - Diving out
2025-07-13 14:47:03,920 - GOAT - DEBUG - self.alt: 54.547
2025-07-13 14:47:04,021 - GOAT - DEBUG - Diving out
2025-07-13 14:47:04,021 - GOAT - DEBUG - self.alt: 55.215
2025-07-13 14:47:04,121 - GOAT - DEBUG - Diving out
2025-07-13 14:47:04,121 - GOAT - DEBUG - self.alt: 55.215
2025-07-13 14:47:04,222 - GOAT - DEBUG - Diving out
2025-07-13 14:47:04,222 - GOAT - DEBUG - self.alt: 55.943
2025-07-13 14:47:04,322 - GOAT - DEBUG - Diving out
2025-07-13 14:47:04,322 - GOAT - DEBUG - self.alt: 55.943
2025-07-13 14:47:04,423 - GOAT - DEBUG - Diving out
2025-07-13 14:47:04,423 - GOAT - DEBUG - self.alt: 55.943
2025-07-13 14:47:04,523 - GOAT - DEBUG - Diving out
2025-07-13 14:47:04,524 - GOAT - DEBUG - self.alt: 56.616
2025-07-13 14:47:04,624 - GOAT - DEBUG - Diving out
2025-07-13 14:47:04,624 - GOAT - DEBUG - self.alt: 56.616
2025-07-13 14:47:04,724 - GOAT - DEBUG - Diving out
2025-07-13 14:47:04,724 - GOAT - DEBUG - self.alt: 57.343
2025-07-13 14:47:04,759 - GOAT - DEBUG - self.state: MissionState.DIVING_OUT
2025-07-13 14:47:04,825 - GOAT - DEBUG - Diving out
2025-07-13 14:47:04,825 - GOAT - DEBUG - self.alt: 57.343
2025-07-13 14:47:04,925 - GOAT - DEBUG - Diving out
2025-07-13 14:47:04,925 - GOAT - DEBUG - self.alt: 57.343
2025-07-13 14:47:05,026 - GOAT - DEBUG - Diving out
2025-07-13 14:47:05,026 - GOAT - DEBUG - self.alt: 58.018
2025-07-13 14:47:05,126 - GOAT - DEBUG - Diving out
2025-07-13 14:47:05,127 - GOAT - DEBUG - self.alt: 58.018
2025-07-13 14:47:05,227 - GOAT - DEBUG - Diving out
2025-07-13 14:47:05,227 - GOAT - DEBUG - self.alt: 58.745
2025-07-13 14:47:05,328 - GOAT - DEBUG - Diving out
2025-07-13 14:47:05,328 - GOAT - DEBUG - self.alt: 58.745
2025-07-13 14:47:05,428 - GOAT - DEBUG - Diving out
2025-07-13 14:47:05,428 - GOAT - DEBUG - self.alt: 58.745
2025-07-13 14:47:05,529 - GOAT - DEBUG - Diving out
2025-07-13 14:47:05,529 - GOAT - DEBUG - self.alt: 59.415
2025-07-13 14:47:05,629 - GOAT - DEBUG - Diving out
2025-07-13 14:47:05,629 - GOAT - DEBUG - self.alt: 59.415
2025-07-13 14:47:05,730 - GOAT - DEBUG - Diving out
2025-07-13 14:47:05,730 - GOAT - DEBUG - self.alt: 60.145
2025-07-13 14:47:05,760 - GOAT - DEBUG - self.state: MissionState.DIVING_OUT
2025-07-13 14:47:05,830 - GOAT - DEBUG - Diving out
2025-07-13 14:47:05,830 - GOAT - DEBUG - self.alt: 60.145
2025-07-13 14:47:05,931 - GOAT - DEBUG - Diving out
2025-07-13 14:47:05,931 - GOAT - DEBUG - self.alt: 60.145
2025-07-13 14:47:06,032 - GOAT - DEBUG - Diving out
2025-07-13 14:47:06,032 - GOAT - DEBUG - self.alt: 60.818
2025-07-13 14:47:06,132 - GOAT - DEBUG - Diving out
2025-07-13 14:47:06,132 - GOAT - DEBUG - self.alt: 60.818
2025-07-13 14:47:06,233 - GOAT - DEBUG - Diving out
2025-07-13 14:47:06,233 - GOAT - DEBUG - self.alt: 61.549
2025-07-13 14:47:06,333 - GOAT - DEBUG - Diving out
2025-07-13 14:47:06,334 - GOAT - DEBUG - self.alt: 61.549
2025-07-13 14:47:06,434 - GOAT - DEBUG - Diving out
2025-07-13 14:47:06,434 - GOAT - DEBUG - self.alt: 62.225
2025-07-13 14:47:06,535 - GOAT - DEBUG - Diving out
2025-07-13 14:47:06,535 - GOAT - DEBUG - self.alt: 62.225
2025-07-13 14:47:06,635 - GOAT - DEBUG - Diving out
2025-07-13 14:47:06,635 - GOAT - DEBUG - self.alt: 62.225
2025-07-13 14:47:06,736 - GOAT - DEBUG - Diving out
2025-07-13 14:47:06,736 - GOAT - DEBUG - self.alt: 62.961
2025-07-13 14:47:06,761 - GOAT - DEBUG - self.state: MissionState.DIVING_OUT
2025-07-13 14:47:06,836 - GOAT - DEBUG - Diving out
2025-07-13 14:47:06,836 - GOAT - DEBUG - self.alt: 62.961
2025-07-13 14:47:06,937 - GOAT - DEBUG - Diving out
2025-07-13 14:47:06,937 - GOAT - DEBUG - self.alt: 62.961
2025-07-13 14:47:07,037 - GOAT - DEBUG - Diving out
2025-07-13 14:47:07,037 - GOAT - DEBUG - self.alt: 63.638
2025-07-13 14:47:07,138 - GOAT - DEBUG - Diving out
2025-07-13 14:47:07,138 - GOAT - DEBUG - self.alt: 63.638
2025-07-13 14:47:07,238 - GOAT - DEBUG - Diving out
2025-07-13 14:47:07,238 - GOAT - DEBUG - self.alt: 64.37
2025-07-13 14:47:07,339 - GOAT - DEBUG - Diving out
2025-07-13 14:47:07,339 - GOAT - DEBUG - self.alt: 64.37
2025-07-13 14:47:07,439 - GOAT - DEBUG - Diving out
2025-07-13 14:47:07,439 - GOAT - DEBUG - self.alt: 64.37
2025-07-13 14:47:07,540 - GOAT - DEBUG - Diving out
2025-07-13 14:47:07,540 - GOAT - DEBUG - self.alt: 65.05
2025-07-13 14:47:07,640 - GOAT - DEBUG - Diving out
2025-07-13 14:47:07,640 - GOAT - DEBUG - self.alt: 65.05
2025-07-13 14:47:07,741 - GOAT - DEBUG - Diving out
2025-07-13 14:47:07,741 - GOAT - DEBUG - self.alt: 65.787
2025-07-13 14:47:07,762 - GOAT - DEBUG - self.state: MissionState.DIVING_OUT
2025-07-13 14:47:07,841 - GOAT - DEBUG - Diving out
2025-07-13 14:47:07,841 - GOAT - DEBUG - self.alt: 65.787
2025-07-13 14:47:07,942 - GOAT - DEBUG - Diving out
2025-07-13 14:47:07,942 - GOAT - DEBUG - self.alt: 65.787
2025-07-13 14:47:08,042 - GOAT - DEBUG - Diving out
2025-07-13 14:47:08,042 - GOAT - DEBUG - self.alt: 66.465
2025-07-13 14:47:08,143 - GOAT - DEBUG - Diving out
2025-07-13 14:47:08,143 - GOAT - DEBUG - self.alt: 66.465
2025-07-13 14:47:08,243 - GOAT - DEBUG - Diving out
2025-07-13 14:47:08,243 - GOAT - DEBUG - self.alt: 67.201
2025-07-13 14:47:08,344 - GOAT - DEBUG - Diving out
2025-07-13 14:47:08,344 - GOAT - DEBUG - self.alt: 67.201
2025-07-13 14:47:08,444 - GOAT - DEBUG - Diving out
2025-07-13 14:47:08,444 - GOAT - DEBUG - self.alt: 67.201
2025-07-13 14:47:08,545 - GOAT - DEBUG - Diving out
2025-07-13 14:47:08,545 - GOAT - DEBUG - self.alt: 67.878
2025-07-13 14:47:08,645 - GOAT - DEBUG - Diving out
2025-07-13 14:47:08,645 - GOAT - DEBUG - self.alt: 67.878
2025-07-13 14:47:08,746 - GOAT - DEBUG - Diving out
2025-07-13 14:47:08,746 - GOAT - DEBUG - self.alt: 68.611
2025-07-13 14:47:08,763 - GOAT - DEBUG - self.state: MissionState.DIVING_OUT
2025-07-13 14:47:08,846 - GOAT - DEBUG - Diving out
2025-07-13 14:47:08,846 - GOAT - DEBUG - self.alt: 68.611
2025-07-13 14:47:08,947 - GOAT - DEBUG - Diving out
2025-07-13 14:47:08,947 - GOAT - DEBUG - self.alt: 68.611
2025-07-13 14:47:09,047 - GOAT - DEBUG - Diving out
2025-07-13 14:47:09,047 - GOAT - DEBUG - self.alt: 69.287
2025-07-13 14:47:09,148 - GOAT - DEBUG - Diving out
2025-07-13 14:47:09,148 - GOAT - DEBUG - self.alt: 69.287
2025-07-13 14:47:09,248 - GOAT - DEBUG - Diving out
2025-07-13 14:47:09,248 - GOAT - DEBUG - self.alt: 70.015
2025-07-13 14:47:09,349 - GOAT - DEBUG - Diving out
2025-07-13 14:47:09,349 - GOAT - DEBUG - self.alt: 70.015
2025-07-13 14:47:09,449 - GOAT - DEBUG - Diving out
2025-07-13 14:47:09,449 - GOAT - DEBUG - self.alt: 70.015
2025-07-13 14:47:09,550 - GOAT - DEBUG - Diving out
2025-07-13 14:47:09,550 - GOAT - DEBUG - self.alt: 70.687
2025-07-13 14:47:09,650 - GOAT - DEBUG - Diving out
2025-07-13 14:47:09,650 - GOAT - DEBUG - self.alt: 70.687
2025-07-13 14:47:09,751 - GOAT - DEBUG - Diving out
2025-07-13 14:47:09,751 - GOAT - DEBUG - self.alt: 71.418
2025-07-13 14:47:09,764 - GOAT - DEBUG - self.state: MissionState.DIVING_OUT
2025-07-13 14:47:09,851 - GOAT - DEBUG - Diving out
2025-07-13 14:47:09,851 - GOAT - DEBUG - self.alt: 71.418
2025-07-13 14:47:09,952 - GOAT - DEBUG - Diving out
2025-07-13 14:47:09,952 - GOAT - DEBUG - self.alt: 71.418
2025-07-13 14:47:10,052 - GOAT - DEBUG - Diving out
2025-07-13 14:47:10,052 - GOAT - DEBUG - self.alt: 72.097
2025-07-13 14:47:10,153 - GOAT - DEBUG - Diving out
2025-07-13 14:47:10,153 - GOAT - DEBUG - self.alt: 72.097
2025-07-13 14:47:10,253 - GOAT - DEBUG - Diving out
2025-07-13 14:47:10,253 - GOAT - DEBUG - self.alt: 72.831
2025-07-13 14:47:10,354 - GOAT - DEBUG - Diving out
2025-07-13 14:47:10,354 - GOAT - DEBUG - self.alt: 72.831
2025-07-13 14:47:10,454 - GOAT - DEBUG - Diving out
2025-07-13 14:47:10,454 - GOAT - DEBUG - self.alt: 72.831
2025-07-13 14:47:10,555 - GOAT - DEBUG - Diving out
2025-07-13 14:47:10,555 - GOAT - DEBUG - self.alt: 73.513
2025-07-13 14:47:10,655 - GOAT - DEBUG - Diving out
2025-07-13 14:47:10,655 - GOAT - DEBUG - self.alt: 73.513
2025-07-13 14:47:10,756 - GOAT - DEBUG - Diving out
2025-07-13 14:47:10,756 - GOAT - DEBUG - self.alt: 74.252
2025-07-13 14:47:10,764 - GOAT - DEBUG - self.state: MissionState.DIVING_OUT
2025-07-13 14:47:10,856 - GOAT - DEBUG - Diving out
2025-07-13 14:47:10,856 - GOAT - DEBUG - self.alt: 74.252
2025-07-13 14:47:10,957 - GOAT - DEBUG - Diving out
2025-07-13 14:47:10,957 - GOAT - DEBUG - self.alt: 74.252
2025-07-13 14:47:11,057 - GOAT - DEBUG - Diving out
2025-07-13 14:47:11,057 - GOAT - DEBUG - self.alt: 74.932
2025-07-13 14:47:11,158 - GOAT - DEBUG - Diving out
2025-07-13 14:47:11,158 - GOAT - DEBUG - self.alt: 74.932
2025-07-13 14:47:11,258 - GOAT - DEBUG - Diving out
2025-07-13 14:47:11,258 - GOAT - DEBUG - self.alt: 75.674
2025-07-13 14:47:11,359 - GOAT - DEBUG - Diving out
2025-07-13 14:47:11,359 - GOAT - DEBUG - self.alt: 75.674
2025-07-13 14:47:11,459 - GOAT - DEBUG - Diving out
2025-07-13 14:47:11,459 - GOAT - DEBUG - self.alt: 75.674
2025-07-13 14:47:11,560 - GOAT - DEBUG - Diving out
2025-07-13 14:47:11,560 - GOAT - DEBUG - self.alt: 76.358
2025-07-13 14:47:11,661 - GOAT - DEBUG - Diving out
2025-07-13 14:47:11,661 - GOAT - DEBUG - self.alt: 76.358
2025-07-13 14:47:11,761 - GOAT - DEBUG - Diving out
2025-07-13 14:47:11,761 - GOAT - DEBUG - self.alt: 77.092
2025-07-13 14:47:11,766 - GOAT - DEBUG - self.state: MissionState.DIVING_OUT
2025-07-13 14:47:11,861 - GOAT - DEBUG - Diving out
2025-07-13 14:47:11,861 - GOAT - DEBUG - self.alt: 77.092
2025-07-13 14:47:11,962 - GOAT - DEBUG - Diving out
2025-07-13 14:47:11,962 - GOAT - DEBUG - self.alt: 77.092
2025-07-13 14:47:12,062 - GOAT - DEBUG - Diving out
2025-07-13 14:47:12,063 - GOAT - DEBUG - self.alt: 77.773
2025-07-13 14:47:12,163 - GOAT - DEBUG - Diving out
2025-07-13 14:47:12,163 - GOAT - DEBUG - self.alt: 77.773
2025-07-13 14:47:12,264 - GOAT - DEBUG - Diving out
2025-07-13 14:47:12,264 - GOAT - DEBUG - self.alt: 78.516
2025-07-13 14:47:12,364 - GOAT - DEBUG - Diving out
2025-07-13 14:47:12,364 - GOAT - DEBUG - self.alt: 78.516
2025-07-13 14:47:12,465 - GOAT - DEBUG - Diving out
2025-07-13 14:47:12,465 - GOAT - DEBUG - self.alt: 79.206
2025-07-13 14:47:12,566 - GOAT - DEBUG - Diving out
2025-07-13 14:47:12,566 - GOAT - DEBUG - self.alt: 79.206
2025-07-13 14:47:12,667 - GOAT - DEBUG - Diving out
2025-07-13 14:47:12,667 - GOAT - DEBUG - self.alt: 79.206
2025-07-13 14:47:12,767 - GOAT - DEBUG - self.state: MissionState.DIVING_OUT
2025-07-13 14:47:12,767 - GOAT - DEBUG - Diving out
2025-07-13 14:47:12,767 - GOAT - DEBUG - self.alt: 79.955
2025-07-13 14:47:12,868 - GOAT - DEBUG - Diving out
2025-07-13 14:47:12,868 - GOAT - DEBUG - self.alt: 79.955
2025-07-13 14:47:12,968 - GOAT - DEBUG - Diving out
2025-07-13 14:47:12,968 - GOAT - DEBUG - self.alt: 80.647
2025-07-13 14:47:13,069 - GOAT - DEBUG - Diving out
2025-07-13 14:47:13,069 - GOAT - DEBUG - self.alt: 80.647
2025-07-13 14:47:13,170 - GOAT - DEBUG - Diving out
2025-07-13 14:47:13,170 - GOAT - DEBUG - self.alt: 80.647
2025-07-13 14:47:13,270 - GOAT - DEBUG - Diving out
2025-07-13 14:47:13,270 - GOAT - DEBUG - self.alt: 81.392
2025-07-13 14:47:13,371 - GOAT - DEBUG - Diving out
2025-07-13 14:47:13,371 - GOAT - DEBUG - self.alt: 81.392
2025-07-13 14:47:13,471 - GOAT - DEBUG - Diving out
2025-07-13 14:47:13,471 - GOAT - DEBUG - self.alt: 82.078
2025-07-13 14:47:13,572 - GOAT - DEBUG - Diving out
2025-07-13 14:47:13,572 - GOAT - DEBUG - self.alt: 82.078
2025-07-13 14:47:13,672 - GOAT - DEBUG - Diving out
2025-07-13 14:47:13,673 - GOAT - DEBUG - self.alt: 82.078
2025-07-13 14:47:13,767 - GOAT - DEBUG - self.state: MissionState.DIVING_OUT
2025-07-13 14:47:13,773 - GOAT - DEBUG - Diving out
2025-07-13 14:47:13,773 - GOAT - DEBUG - self.alt: 82.821
2025-07-13 14:47:13,873 - GOAT - DEBUG - Diving out
2025-07-13 14:47:13,873 - GOAT - DEBUG - self.alt: 82.821
2025-07-13 14:47:13,974 - GOAT - DEBUG - Diving out
2025-07-13 14:47:13,974 - GOAT - DEBUG - self.alt: 83.502
2025-07-13 14:47:14,075 - GOAT - DEBUG - Diving out
2025-07-13 14:47:14,075 - GOAT - DEBUG - self.alt: 83.502
2025-07-13 14:47:14,175 - GOAT - DEBUG - Diving out
2025-07-13 14:47:14,175 - GOAT - DEBUG - self.alt: 83.502
2025-07-13 14:47:14,276 - GOAT - DEBUG - Diving out
2025-07-13 14:47:14,276 - GOAT - DEBUG - self.alt: 84.24
2025-07-13 14:47:14,377 - GOAT - DEBUG - Diving out
2025-07-13 14:47:14,377 - GOAT - DEBUG - self.alt: 84.24
2025-07-13 14:47:14,477 - GOAT - DEBUG - Diving out
2025-07-13 14:47:14,477 - GOAT - DEBUG - self.alt: 84.922
2025-07-13 14:47:14,577 - GOAT - DEBUG - Diving out
2025-07-13 14:47:14,578 - GOAT - DEBUG - self.alt: 84.922
2025-07-13 14:47:14,678 - GOAT - DEBUG - Diving out
2025-07-13 14:47:14,678 - GOAT - DEBUG - self.alt: 84.922
2025-07-13 14:47:14,768 - GOAT - DEBUG - self.state: MissionState.DIVING_OUT
2025-07-13 14:47:14,778 - GOAT - DEBUG - Diving out
2025-07-13 14:47:14,779 - GOAT - DEBUG - self.alt: 85.658
2025-07-13 14:47:14,879 - GOAT - DEBUG - Diving out
2025-07-13 14:47:14,879 - GOAT - DEBUG - self.alt: 85.658
2025-07-13 14:47:14,980 - GOAT - DEBUG - Diving out
2025-07-13 14:47:14,980 - GOAT - DEBUG - self.alt: 86.34
2025-07-13 14:47:15,081 - GOAT - DEBUG - Diving out
2025-07-13 14:47:15,081 - GOAT - DEBUG - self.alt: 86.34
2025-07-13 14:47:15,181 - GOAT - DEBUG - Diving out
2025-07-13 14:47:15,181 - GOAT - DEBUG - self.alt: 86.34
2025-07-13 14:47:15,282 - GOAT - DEBUG - Diving out
2025-07-13 14:47:15,282 - GOAT - DEBUG - self.alt: 87.077
2025-07-13 14:47:15,383 - GOAT - DEBUG - Diving out
2025-07-13 14:47:15,383 - GOAT - DEBUG - self.alt: 87.077
2025-07-13 14:47:15,484 - GOAT - DEBUG - Diving out
2025-07-13 14:47:15,484 - GOAT - DEBUG - self.alt: 87.077
2025-07-13 14:47:15,584 - GOAT - DEBUG - Diving out
2025-07-13 14:47:15,584 - GOAT - DEBUG - self.alt: 87.762
2025-07-13 14:47:15,685 - GOAT - DEBUG - Diving out
2025-07-13 14:47:15,685 - GOAT - DEBUG - self.alt: 87.762
2025-07-13 14:47:15,769 - GOAT - DEBUG - self.state: MissionState.DIVING_OUT
2025-07-13 14:47:15,786 - GOAT - DEBUG - Diving out
2025-07-13 14:47:15,786 - GOAT - DEBUG - self.alt: 88.51
2025-07-13 14:47:15,886 - GOAT - DEBUG - Diving out
2025-07-13 14:47:15,886 - GOAT - DEBUG - self.alt: 88.51
2025-07-13 14:47:15,987 - GOAT - DEBUG - Diving out
2025-07-13 14:47:15,987 - GOAT - DEBUG - self.alt: 88.51
2025-07-13 14:47:16,087 - GOAT - DEBUG - Diving out
2025-07-13 14:47:16,087 - GOAT - DEBUG - self.alt: 89.2
2025-07-13 14:47:16,188 - GOAT - DEBUG - Diving out
2025-07-13 14:47:16,188 - GOAT - DEBUG - self.alt: 89.2
2025-07-13 14:47:16,288 - GOAT - DEBUG - Diving out
2025-07-13 14:47:16,288 - GOAT - DEBUG - self.alt: 89.947
2025-07-13 14:47:16,389 - GOAT - DEBUG - Diving out
2025-07-13 14:47:16,389 - GOAT - DEBUG - self.alt: 89.947
2025-07-13 14:47:16,489 - GOAT - DEBUG - Diving out
2025-07-13 14:47:16,490 - GOAT - DEBUG - self.alt: 89.947
2025-07-13 14:47:16,590 - GOAT - DEBUG - Diving out
2025-07-13 14:47:16,590 - GOAT - DEBUG - self.alt: 90.632
2025-07-13 14:47:16,691 - GOAT - DEBUG - Diving out
2025-07-13 14:47:16,691 - GOAT - DEBUG - self.alt: 90.632
2025-07-13 14:47:16,769 - GOAT - DEBUG - self.state: MissionState.DIVING_OUT
2025-07-13 14:47:16,791 - GOAT - DEBUG - Diving out
2025-07-13 14:47:16,791 - GOAT - DEBUG - self.alt: 91.376
2025-07-13 14:47:16,892 - GOAT - DEBUG - Diving out
2025-07-13 14:47:16,892 - GOAT - DEBUG - self.alt: 91.376
2025-07-13 14:47:16,992 - GOAT - DEBUG - Diving out
2025-07-13 14:47:16,992 - GOAT - DEBUG - self.alt: 91.376
2025-07-13 14:47:17,093 - GOAT - DEBUG - Diving out
2025-07-13 14:47:17,093 - GOAT - DEBUG - self.alt: 92.062
2025-07-13 14:47:17,193 - GOAT - DEBUG - Diving out
2025-07-13 14:47:17,193 - GOAT - DEBUG - self.alt: 92.062
2025-07-13 14:47:17,294 - GOAT - DEBUG - Diving out
2025-07-13 14:47:17,294 - GOAT - DEBUG - self.alt: 92.812
2025-07-13 14:47:17,395 - GOAT - DEBUG - Diving out
2025-07-13 14:47:17,395 - GOAT - DEBUG - self.alt: 92.812
2025-07-13 14:47:17,495 - GOAT - DEBUG - Diving out
2025-07-13 14:47:17,495 - GOAT - DEBUG - self.alt: 92.812
2025-07-13 14:47:17,596 - GOAT - DEBUG - Diving out
2025-07-13 14:47:17,596 - GOAT - DEBUG - self.alt: 93.505
2025-07-13 14:47:17,696 - GOAT - DEBUG - Diving out
2025-07-13 14:47:17,696 - GOAT - DEBUG - self.alt: 93.505
2025-07-13 14:47:17,770 - GOAT - DEBUG - self.state: MissionState.DIVING_OUT
2025-07-13 14:47:17,797 - GOAT - DEBUG - Diving out
2025-07-13 14:47:17,797 - GOAT - DEBUG - self.alt: 94.256
2025-07-13 14:47:17,897 - GOAT - DEBUG - Diving out
2025-07-13 14:47:17,898 - GOAT - DEBUG - self.alt: 94.256
2025-07-13 14:47:17,998 - GOAT - DEBUG - Diving out
2025-07-13 14:47:17,998 - GOAT - DEBUG - self.alt: 94.256
2025-07-13 14:47:18,099 - GOAT - DEBUG - Diving out
2025-07-13 14:47:18,099 - GOAT - DEBUG - self.alt: 94.945
2025-07-13 14:47:18,199 - GOAT - DEBUG - Diving out
2025-07-13 14:47:18,199 - GOAT - DEBUG - self.alt: 94.945
2025-07-13 14:47:18,300 - GOAT - DEBUG - Diving out
2025-07-13 14:47:18,300 - GOAT - DEBUG - self.alt: 95.689
2025-07-13 14:47:18,400 - GOAT - DEBUG - Diving out
2025-07-13 14:47:18,400 - GOAT - DEBUG - self.alt: 95.689
2025-07-13 14:47:18,501 - GOAT - DEBUG - Diving out
2025-07-13 14:47:18,501 - GOAT - DEBUG - self.alt: 95.689
2025-07-13 14:47:18,601 - GOAT - DEBUG - Diving out
2025-07-13 14:47:18,601 - GOAT - DEBUG - self.alt: 96.376
2025-07-13 14:47:18,702 - GOAT - DEBUG - Diving out
2025-07-13 14:47:18,702 - GOAT - DEBUG - self.alt: 96.376
2025-07-13 14:47:18,771 - GOAT - DEBUG - self.state: MissionState.DIVING_OUT
2025-07-13 14:47:18,802 - GOAT - DEBUG - Diving out
2025-07-13 14:47:18,802 - GOAT - DEBUG - self.alt: 97.12
2025-07-13 14:47:18,903 - GOAT - DEBUG - Diving out
2025-07-13 14:47:18,903 - GOAT - DEBUG - self.alt: 97.12
2025-07-13 14:47:19,004 - GOAT - DEBUG - Diving out
2025-07-13 14:47:19,004 - GOAT - DEBUG - self.alt: 97.81
2025-07-13 14:47:19,104 - GOAT - DEBUG - Diving out
2025-07-13 14:47:19,104 - GOAT - DEBUG - self.alt: 97.81
2025-07-13 14:47:19,205 - GOAT - DEBUG - Diving out
2025-07-13 14:47:19,205 - GOAT - DEBUG - self.alt: 97.81
2025-07-13 14:47:19,305 - GOAT - DEBUG - Diving out
2025-07-13 14:47:19,305 - GOAT - DEBUG - self.alt: 98.553
2025-07-13 14:47:19,406 - GOAT - DEBUG - Diving out
2025-07-13 14:47:19,406 - GOAT - DEBUG - self.alt: 98.553
2025-07-13 14:47:19,507 - GOAT - DEBUG - Diving out
2025-07-13 14:47:19,507 - GOAT - DEBUG - self.alt: 99.242
2025-07-13 14:47:19,608 - GOAT - DEBUG - Diving out
2025-07-13 14:47:19,608 - GOAT - DEBUG - self.alt: 99.242
2025-07-13 14:47:19,709 - GOAT - DEBUG - Diving out
2025-07-13 14:47:19,709 - GOAT - DEBUG - self.alt: 99.242
2025-07-13 14:47:19,772 - GOAT - DEBUG - self.state: MissionState.DIVING_OUT
2025-07-13 14:47:19,809 - GOAT - DEBUG - Diving out
2025-07-13 14:47:19,809 - GOAT - DEBUG - self.alt: 99.988
2025-07-13 14:47:19,910 - GOAT - DEBUG - Diving out
2025-07-13 14:47:19,910 - GOAT - DEBUG - self.alt: 99.988
2025-07-13 14:47:20,010 - GOAT - DEBUG - Diving out
2025-07-13 14:47:20,011 - GOAT - DEBUG - self.alt: 99.988
2025-07-13 14:47:20,111 - GOAT - DEBUG - Dive out complete.
2025-07-13 14:47:20,193 - GOAT - DEBUG - going to approach destination
2025-07-13 14:47:20,773 - GOAT - DEBUG - self.state: MissionState.GOING_TO_TARGET
2025-07-13 14:47:21,774 - GOAT - DEBUG - self.state: MissionState.GOING_TO_TARGET
2025-07-13 14:47:22,774 - GOAT - DEBUG - self.state: MissionState.GOING_TO_TARGET
2025-07-13 14:47:23,775 - GOAT - DEBUG - self.state: MissionState.GOING_TO_TARGET
2025-07-13 14:47:24,776 - GOAT - DEBUG - self.state: MissionState.GOING_TO_TARGET
2025-07-13 14:47:25,777 - GOAT - DEBUG - self.state: MissionState.GOING_TO_TARGET
2025-07-13 14:47:26,778 - GOAT - DEBUG - self.state: MissionState.GOING_TO_TARGET
2025-07-13 14:47:27,779 - GOAT - DEBUG - self.state: MissionState.GOING_TO_TARGET
2025-07-13 14:47:28,779 - GOAT - DEBUG - self.state: MissionState.GOING_TO_TARGET
2025-07-13 14:47:29,780 - GOAT - DEBUG - self.state: MissionState.GOING_TO_TARGET
2025-07-13 14:47:30,781 - GOAT - DEBUG - self.state: MissionState.GOING_TO_TARGET
2025-07-13 14:47:31,782 - GOAT - DEBUG - self.state: MissionState.GOING_TO_TARGET
2025-07-13 14:47:32,783 - GOAT - DEBUG - self.state: MissionState.GOING_TO_TARGET
2025-07-13 14:47:33,783 - GOAT - DEBUG - self.state: MissionState.GOING_TO_TARGET
2025-07-13 14:47:34,784 - GOAT - DEBUG - self.state: MissionState.GOING_TO_TARGET
2025-07-13 14:47:35,785 - GOAT - DEBUG - self.state: MissionState.GOING_TO_TARGET
2025-07-13 14:47:36,786 - GOAT - DEBUG - self.state: MissionState.GOING_TO_TARGET
2025-07-13 14:47:37,787 - GOAT - DEBUG - self.state: MissionState.GOING_TO_TARGET
2025-07-13 14:47:38,788 - GOAT - DEBUG - self.state: MissionState.GOING_TO_TARGET
2025-07-13 14:47:39,789 - GOAT - DEBUG - self.state: MissionState.GOING_TO_TARGET
2025-07-13 14:47:40,790 - GOAT - DEBUG - self.state: MissionState.GOING_TO_TARGET
2025-07-13 14:47:41,791 - GOAT - DEBUG - self.state: MissionState.GOING_TO_TARGET
2025-07-13 14:47:42,792 - GOAT - DEBUG - self.state: MissionState.GOING_TO_TARGET
2025-07-13 14:47:43,792 - GOAT - DEBUG - self.state: MissionState.GOING_TO_TARGET
2025-07-13 14:47:44,793 - GOAT - DEBUG - self.state: MissionState.GOING_TO_TARGET
2025-07-13 14:47:45,794 - GOAT - DEBUG - self.state: MissionState.GOING_TO_TARGET
2025-07-13 14:47:46,795 - GOAT - DEBUG - self.state: MissionState.GOING_TO_TARGET
2025-07-13 14:47:47,796 - GOAT - DEBUG - self.state: MissionState.GOING_TO_TARGET
2025-07-13 14:47:48,797 - GOAT - DEBUG - self.state: MissionState.GOING_TO_TARGET
2025-07-13 14:47:49,798 - GOAT - DEBUG - self.state: MissionState.GOING_TO_TARGET
2025-07-13 14:47:50,799 - GOAT - DEBUG - self.state: MissionState.GOING_TO_TARGET
2025-07-13 14:47:51,800 - GOAT - DEBUG - self.state: MissionState.GOING_TO_TARGET
2025-07-13 14:47:52,800 - GOAT - DEBUG - self.state: MissionState.GOING_TO_TARGET
2025-07-13 14:47:53,801 - GOAT - DEBUG - self.state: MissionState.GOING_TO_TARGET
2025-07-13 14:47:54,802 - GOAT - DEBUG - self.state: MissionState.GOING_TO_TARGET
2025-07-13 14:47:55,803 - GOAT - DEBUG - self.state: MissionState.GOING_TO_TARGET
2025-07-13 14:47:56,803 - GOAT - DEBUG - self.state: MissionState.GOING_TO_TARGET
2025-07-13 14:47:57,804 - GOAT - DEBUG - self.state: MissionState.GOING_TO_TARGET
2025-07-13 14:47:58,805 - GOAT - DEBUG - self.state: MissionState.GOING_TO_TARGET
2025-07-13 14:47:59,806 - GOAT - DEBUG - self.state: MissionState.GOING_TO_TARGET
2025-07-13 14:48:00,807 - GOAT - DEBUG - self.state: MissionState.GOING_TO_TARGET
2025-07-13 14:48:01,808 - GOAT - DEBUG - self.state: MissionState.GOING_TO_TARGET
2025-07-13 14:48:02,809 - GOAT - DEBUG - self.state: MissionState.GOING_TO_TARGET
2025-07-13 14:48:03,810 - GOAT - DEBUG - self.state: MissionState.GOING_TO_TARGET
2025-07-13 14:48:04,811 - GOAT - DEBUG - self.state: MissionState.GOING_TO_TARGET
2025-07-13 14:48:05,812 - GOAT - DEBUG - self.state: MissionState.GOING_TO_TARGET
2025-07-13 14:48:06,813 - GOAT - DEBUG - self.state: MissionState.GOING_TO_TARGET
2025-07-13 14:48:07,813 - GOAT - DEBUG - self.state: MissionState.GOING_TO_TARGET
2025-07-13 14:48:08,814 - GOAT - DEBUG - self.state: MissionState.GOING_TO_TARGET
2025-07-13 14:48:09,815 - GOAT - DEBUG - self.state: MissionState.GOING_TO_TARGET
2025-07-13 14:48:10,816 - GOAT - DEBUG - self.state: MissionState.GOING_TO_TARGET
2025-07-13 14:48:11,817 - GOAT - DEBUG - self.state: MissionState.GOING_TO_TARGET
2025-07-13 14:48:12,817 - GOAT - DEBUG - self.state: MissionState.GOING_TO_TARGET
2025-07-13 14:48:13,818 - GOAT - DEBUG - self.state: MissionState.GOING_TO_TARGET
2025-07-13 14:48:14,819 - GOAT - DEBUG - self.state: MissionState.GOING_TO_TARGET
2025-07-13 14:48:15,820 - GOAT - DEBUG - self.state: MissionState.GOING_TO_TARGET
2025-07-13 14:48:16,821 - GOAT - DEBUG - self.state: MissionState.GOING_TO_TARGET
2025-07-13 14:48:17,822 - GOAT - DEBUG - self.state: MissionState.GOING_TO_TARGET
2025-07-13 14:48:18,823 - GOAT - DEBUG - self.state: MissionState.GOING_TO_TARGET
2025-07-13 14:48:19,824 - GOAT - DEBUG - self.state: MissionState.GOING_TO_TARGET
2025-07-13 14:48:20,825 - GOAT - DEBUG - self.state: MissionState.GOING_TO_TARGET
2025-07-13 14:48:21,825 - GOAT - DEBUG - self.state: MissionState.GOING_TO_TARGET
2025-07-13 14:48:22,826 - GOAT - DEBUG - self.state: MissionState.GOING_TO_TARGET
2025-07-13 14:48:23,827 - GOAT - DEBUG - self.state: MissionState.GOING_TO_TARGET
2025-07-13 14:48:24,071 - GOAT - DEBUG - Connection closed.
