2025-07-13 16:39:40,252 - GOAT - DEBUG - Mission state is NEUTRAL.
2025-07-13 16:39:40,252 - GOAT - DEBUG - target_lat: 41.102904, target_lon: 28.5456026
2025-07-13 16:39:40,252 - GOAT - DEBUG - start_altitude: 90target_altitude: 40stable_altitude: 100
2025-07-13 16:39:40,253 - GOAT - DEBUG - diving_distance: 160
2025-07-13 16:39:41,056 - GOAT - DEBUG - Connected to the aircraft.
2025-07-13 16:39:48,669 - GOAT - DEBUG - Received start command from Redis.
2025-07-13 16:39:48,670 - GOAT - DEBUG - Loiter radius set to 20 for kamikaze mission.
2025-07-13 16:39:48,771 - GOAT - DEBUG - going to approach destination
2025-07-13 16:39:49,672 - GOAT - DEBUG - self.state: MissionState.GOING_TO_TARGET
2025-07-13 16:39:50,673 - GOAT - DEBUG - self.state: MissionState.GOING_TO_TARGET
2025-07-13 16:39:51,673 - GOAT - DEBUG - self.state: MissionState.GOING_TO_TARGET
2025-07-13 16:39:52,674 - GOAT - DEBUG - self.state: MissionState.GOING_TO_TARGET
2025-07-13 16:39:53,675 - GOAT - DEBUG - self.state: MissionState.GOING_TO_TARGET
2025-07-13 16:39:54,675 - GOAT - DEBUG - self.state: MissionState.GOING_TO_TARGET
2025-07-13 16:39:55,677 - GOAT - DEBUG - self.state: MissionState.GOING_TO_TARGET
2025-07-13 16:39:56,677 - GOAT - DEBUG - self.state: MissionState.GOING_TO_TARGET
2025-07-13 16:39:57,678 - GOAT - DEBUG - self.state: MissionState.GOING_TO_TARGET
2025-07-13 16:39:58,679 - GOAT - DEBUG - self.state: MissionState.GOING_TO_TARGET
2025-07-13 16:39:59,680 - GOAT - DEBUG - self.state: MissionState.GOING_TO_TARGET
2025-07-13 16:40:00,681 - GOAT - DEBUG - self.state: MissionState.GOING_TO_TARGET
2025-07-13 16:40:01,682 - GOAT - DEBUG - self.state: MissionState.GOING_TO_TARGET
2025-07-13 16:40:02,683 - GOAT - DEBUG - self.state: MissionState.GOING_TO_TARGET
2025-07-13 16:40:03,684 - GOAT - DEBUG - self.state: MissionState.GOING_TO_TARGET
2025-07-13 16:40:04,685 - GOAT - DEBUG - self.state: MissionState.GOING_TO_TARGET
2025-07-13 16:40:05,686 - GOAT - DEBUG - self.state: MissionState.GOING_TO_TARGET
2025-07-13 16:40:06,686 - GOAT - DEBUG - self.state: MissionState.GOING_TO_TARGET
2025-07-13 16:40:07,687 - GOAT - DEBUG - self.state: MissionState.GOING_TO_TARGET
2025-07-13 16:40:08,688 - GOAT - DEBUG - self.state: MissionState.GOING_TO_TARGET
2025-07-13 16:40:09,689 - GOAT - DEBUG - self.state: MissionState.GOING_TO_TARGET
2025-07-13 16:40:10,690 - GOAT - DEBUG - self.state: MissionState.GOING_TO_TARGET
2025-07-13 16:40:11,691 - GOAT - DEBUG - self.state: MissionState.GOING_TO_TARGET
2025-07-13 16:40:12,691 - GOAT - DEBUG - self.state: MissionState.GOING_TO_TARGET
2025-07-13 16:40:13,693 - GOAT - DEBUG - self.state: MissionState.GOING_TO_TARGET
2025-07-13 16:40:14,694 - GOAT - DEBUG - self.state: MissionState.GOING_TO_TARGET
2025-07-13 16:40:15,695 - GOAT - DEBUG - self.state: MissionState.GOING_TO_TARGET
2025-07-13 16:40:16,003 - GOAT - DEBUG - Reached approach destination.
2025-07-13 16:40:16,003 - GOAT - DEBUG - going to target destination
2025-07-13 16:40:16,696 - GOAT - DEBUG - self.state: MissionState.GOING_TO_TARGET
2025-07-13 16:40:17,696 - GOAT - DEBUG - self.state: MissionState.GOING_TO_TARGET
2025-07-13 16:40:18,697 - GOAT - DEBUG - self.state: MissionState.GOING_TO_TARGET
2025-07-13 16:40:19,699 - GOAT - DEBUG - self.state: MissionState.GOING_TO_TARGET
2025-07-13 16:40:20,699 - GOAT - DEBUG - self.state: MissionState.GOING_TO_TARGET
2025-07-13 16:40:21,700 - GOAT - DEBUG - self.state: MissionState.GOING_TO_TARGET
2025-07-13 16:40:22,700 - GOAT - DEBUG - self.state: MissionState.GOING_TO_TARGET
2025-07-13 16:40:23,700 - GOAT - DEBUG - self.state: MissionState.GOING_TO_TARGET
2025-07-13 16:40:24,702 - GOAT - DEBUG - self.state: MissionState.GOING_TO_TARGET
2025-07-13 16:40:25,703 - GOAT - DEBUG - self.state: MissionState.GOING_TO_TARGET
2025-07-13 16:40:26,704 - GOAT - DEBUG - self.state: MissionState.GOING_TO_TARGET
2025-07-13 16:40:27,704 - GOAT - DEBUG - self.state: MissionState.GOING_TO_TARGET
2025-07-13 16:40:28,705 - GOAT - DEBUG - self.state: MissionState.GOING_TO_TARGET
2025-07-13 16:40:29,705 - GOAT - DEBUG - self.state: MissionState.GOING_TO_TARGET
2025-07-13 16:40:30,706 - GOAT - DEBUG - self.state: MissionState.GOING_TO_TARGET
2025-07-13 16:40:31,707 - GOAT - DEBUG - self.state: MissionState.GOING_TO_TARGET
2025-07-13 16:40:32,708 - GOAT - DEBUG - self.state: MissionState.GOING_TO_TARGET
2025-07-13 16:40:33,709 - GOAT - DEBUG - self.state: MissionState.GOING_TO_TARGET
2025-07-13 16:40:34,709 - GOAT - DEBUG - self.state: MissionState.GOING_TO_TARGET
2025-07-13 16:40:35,710 - GOAT - DEBUG - self.state: MissionState.GOING_TO_TARGET
2025-07-13 16:40:36,711 - GOAT - DEBUG - self.state: MissionState.GOING_TO_TARGET
2025-07-13 16:40:37,510 - GOAT - DEBUG - Reached target destination.
2025-07-13 16:40:37,510 - GOAT - DEBUG - Target reached, diving in.
2025-07-13 16:40:37,712 - GOAT - DEBUG - self.state: MissionState.DIVING_IN
2025-07-13 16:40:37,712 - GOAT - DEBUG - Diving in
2025-07-13 16:40:37,712 - GOAT - DEBUG -  RADİAN PITCH == 0.8726646259971648
2025-07-13 16:40:37,713 - GOAT - DEBUG - altitude: 89.917
2025-07-13 16:40:38,714 - GOAT - DEBUG - self.state: MissionState.DIVING_IN
2025-07-13 16:40:38,714 - GOAT - DEBUG - Diving in
2025-07-13 16:40:38,714 - GOAT - DEBUG -  RADİAN PITCH == 0.8726646259971648
2025-07-13 16:40:38,714 - GOAT - DEBUG - altitude: 89.139
2025-07-13 16:40:39,715 - GOAT - DEBUG - self.state: MissionState.DIVING_IN
2025-07-13 16:40:39,715 - GOAT - DEBUG - Diving in
2025-07-13 16:40:39,715 - GOAT - DEBUG -  RADİAN PITCH == 0.8726646259971648
2025-07-13 16:40:39,715 - GOAT - DEBUG - altitude: 81.123
2025-07-13 16:40:40,716 - GOAT - DEBUG - self.state: MissionState.DIVING_IN
2025-07-13 16:40:40,716 - GOAT - DEBUG - Diving in
2025-07-13 16:40:40,716 - GOAT - DEBUG -  RADİAN PITCH == 0.8726646259971648
2025-07-13 16:40:40,717 - GOAT - DEBUG - altitude: 64.755
2025-07-13 16:40:41,717 - GOAT - DEBUG - self.state: MissionState.DIVING_IN
2025-07-13 16:40:41,717 - GOAT - DEBUG - Diving in
2025-07-13 16:40:41,717 - GOAT - DEBUG -  RADİAN PITCH == 0.8726646259971648
2025-07-13 16:40:41,717 - GOAT - DEBUG - altitude: 47.144
2025-07-13 16:40:42,718 - GOAT - DEBUG - self.state: MissionState.DIVING_IN
2025-07-13 16:40:42,718 - GOAT - DEBUG - Diving in
2025-07-13 16:40:42,718 - GOAT - DEBUG - Altitude is less than 40 meters
2025-07-13 16:40:42,718 - GOAT - DEBUG - altitude: 29.504
2025-07-13 16:40:42,740 - GOAT - DEBUG - Diving out
2025-07-13 16:40:42,740 - GOAT - DEBUG - self.alt: 29.504
2025-07-13 16:40:42,841 - GOAT - DEBUG - Diving out
2025-07-13 16:40:42,841 - GOAT - DEBUG - self.alt: 25.081
2025-07-13 16:40:42,942 - GOAT - DEBUG - Diving out
2025-07-13 16:40:42,942 - GOAT - DEBUG - self.alt: 25.081
2025-07-13 16:40:43,042 - GOAT - DEBUG - Diving out
2025-07-13 16:40:43,042 - GOAT - DEBUG - self.alt: 25.081
2025-07-13 16:40:43,143 - GOAT - DEBUG - Diving out
2025-07-13 16:40:43,143 - GOAT - DEBUG - self.alt: 20.362
2025-07-13 16:40:43,243 - GOAT - DEBUG - Diving out
2025-07-13 16:40:43,243 - GOAT - DEBUG - self.alt: 20.362
2025-07-13 16:40:43,344 - GOAT - DEBUG - Diving out
2025-07-13 16:40:43,344 - GOAT - DEBUG - self.alt: 20.362
2025-07-13 16:40:43,445 - GOAT - DEBUG - Diving out
2025-07-13 16:40:43,445 - GOAT - DEBUG - self.alt: 16.634
2025-07-13 16:40:43,545 - GOAT - DEBUG - Diving out
2025-07-13 16:40:43,545 - GOAT - DEBUG - self.alt: 16.634
2025-07-13 16:40:43,646 - GOAT - DEBUG - Diving out
2025-07-13 16:40:43,646 - GOAT - DEBUG - self.alt: 13.812
2025-07-13 16:40:43,719 - GOAT - DEBUG - self.state: MissionState.DIVING_OUT
2025-07-13 16:40:43,747 - GOAT - DEBUG - Diving out
2025-07-13 16:40:43,747 - GOAT - DEBUG - self.alt: 13.812
2025-07-13 16:40:43,847 - GOAT - DEBUG - Diving out
2025-07-13 16:40:43,847 - GOAT - DEBUG - self.alt: 13.812
2025-07-13 16:40:43,948 - GOAT - DEBUG - Diving out
2025-07-13 16:40:43,948 - GOAT - DEBUG - self.alt: 12.567
2025-07-13 16:40:44,049 - GOAT - DEBUG - Diving out
2025-07-13 16:40:44,049 - GOAT - DEBUG - self.alt: 12.567
2025-07-13 16:40:44,149 - GOAT - DEBUG - Diving out
2025-07-13 16:40:44,150 - GOAT - DEBUG - self.alt: 12.567
2025-07-13 16:40:44,250 - GOAT - DEBUG - Diving out
2025-07-13 16:40:44,250 - GOAT - DEBUG - self.alt: 12.675
2025-07-13 16:40:44,351 - GOAT - DEBUG - Diving out
2025-07-13 16:40:44,351 - GOAT - DEBUG - self.alt: 12.675
2025-07-13 16:40:44,451 - GOAT - DEBUG - Diving out
2025-07-13 16:40:44,452 - GOAT - DEBUG - self.alt: 13.802
2025-07-13 16:40:44,552 - GOAT - DEBUG - Diving out
2025-07-13 16:40:44,552 - GOAT - DEBUG - self.alt: 13.802
2025-07-13 16:40:44,653 - GOAT - DEBUG - Diving out
2025-07-13 16:40:44,653 - GOAT - DEBUG - self.alt: 13.802
2025-07-13 16:40:44,720 - GOAT - DEBUG - self.state: MissionState.DIVING_OUT
2025-07-13 16:40:44,754 - GOAT - DEBUG - Diving out
2025-07-13 16:40:44,754 - GOAT - DEBUG - self.alt: 15.594
2025-07-13 16:40:44,854 - GOAT - DEBUG - Diving out
2025-07-13 16:40:44,854 - GOAT - DEBUG - self.alt: 15.594
2025-07-13 16:40:44,955 - GOAT - DEBUG - Diving out
2025-07-13 16:40:44,955 - GOAT - DEBUG - self.alt: 15.594
2025-07-13 16:40:45,056 - GOAT - DEBUG - Diving out
2025-07-13 16:40:45,056 - GOAT - DEBUG - self.alt: 17.364
2025-07-13 16:40:45,156 - GOAT - DEBUG - Diving out
2025-07-13 16:40:45,156 - GOAT - DEBUG - self.alt: 17.364
2025-07-13 16:40:45,257 - GOAT - DEBUG - Diving out
2025-07-13 16:40:45,257 - GOAT - DEBUG - self.alt: 19.113
2025-07-13 16:40:45,357 - GOAT - DEBUG - Diving out
2025-07-13 16:40:45,357 - GOAT - DEBUG - self.alt: 19.113
2025-07-13 16:40:45,458 - GOAT - DEBUG - Diving out
2025-07-13 16:40:45,458 - GOAT - DEBUG - self.alt: 19.113
2025-07-13 16:40:45,558 - GOAT - DEBUG - Diving out
2025-07-13 16:40:45,559 - GOAT - DEBUG - self.alt: 20.41
2025-07-13 16:40:45,659 - GOAT - DEBUG - Diving out
2025-07-13 16:40:45,659 - GOAT - DEBUG - self.alt: 20.41
2025-07-13 16:40:45,721 - GOAT - DEBUG - self.state: MissionState.DIVING_OUT
2025-07-13 16:40:45,760 - GOAT - DEBUG - Diving out
2025-07-13 16:40:45,760 - GOAT - DEBUG - self.alt: 20.41
2025-07-13 16:40:45,861 - GOAT - DEBUG - Diving out
2025-07-13 16:40:45,861 - GOAT - DEBUG - self.alt: 21.461
2025-07-13 16:40:45,961 - GOAT - DEBUG - Diving out
2025-07-13 16:40:45,961 - GOAT - DEBUG - self.alt: 21.461
2025-07-13 16:40:46,062 - GOAT - DEBUG - Diving out
2025-07-13 16:40:46,062 - GOAT - DEBUG - self.alt: 22.154
2025-07-13 16:40:46,163 - GOAT - DEBUG - Diving out
2025-07-13 16:40:46,163 - GOAT - DEBUG - self.alt: 22.154
2025-07-13 16:40:46,263 - GOAT - DEBUG - Diving out
2025-07-13 16:40:46,264 - GOAT - DEBUG - self.alt: 22.154
2025-07-13 16:40:46,364 - GOAT - DEBUG - Diving out
2025-07-13 16:40:46,364 - GOAT - DEBUG - self.alt: 22.718
2025-07-13 16:40:46,465 - GOAT - DEBUG - Diving out
2025-07-13 16:40:46,465 - GOAT - DEBUG - self.alt: 22.718
2025-07-13 16:40:46,565 - GOAT - DEBUG - Diving out
2025-07-13 16:40:46,565 - GOAT - DEBUG - self.alt: 23.174
2025-07-13 16:40:46,666 - GOAT - DEBUG - Diving out
2025-07-13 16:40:46,666 - GOAT - DEBUG - self.alt: 23.174
2025-07-13 16:40:46,722 - GOAT - DEBUG - self.state: MissionState.DIVING_OUT
2025-07-13 16:40:46,766 - GOAT - DEBUG - Diving out
2025-07-13 16:40:46,766 - GOAT - DEBUG - self.alt: 23.174
2025-07-13 16:40:46,867 - GOAT - DEBUG - Diving out
2025-07-13 16:40:46,867 - GOAT - DEBUG - self.alt: 23.693
2025-07-13 16:40:46,968 - GOAT - DEBUG - Diving out
2025-07-13 16:40:46,968 - GOAT - DEBUG - self.alt: 23.693
2025-07-13 16:40:47,069 - GOAT - DEBUG - Diving out
2025-07-13 16:40:47,070 - GOAT - DEBUG - self.alt: 24.238
2025-07-13 16:40:47,170 - GOAT - DEBUG - Diving out
2025-07-13 16:40:47,170 - GOAT - DEBUG - self.alt: 24.238
2025-07-13 16:40:47,272 - GOAT - DEBUG - Diving out
2025-07-13 16:40:47,272 - GOAT - DEBUG - self.alt: 24.238
2025-07-13 16:40:47,372 - GOAT - DEBUG - Diving out
2025-07-13 16:40:47,373 - GOAT - DEBUG - self.alt: 24.898
2025-07-13 16:40:47,473 - GOAT - DEBUG - Diving out
2025-07-13 16:40:47,473 - GOAT - DEBUG - self.alt: 24.898
2025-07-13 16:40:47,574 - GOAT - DEBUG - Diving out
2025-07-13 16:40:47,574 - GOAT - DEBUG - self.alt: 25.548
2025-07-13 16:40:47,675 - GOAT - DEBUG - Diving out
2025-07-13 16:40:47,675 - GOAT - DEBUG - self.alt: 25.548
2025-07-13 16:40:47,723 - GOAT - DEBUG - self.state: MissionState.DIVING_OUT
2025-07-13 16:40:47,775 - GOAT - DEBUG - Diving out
2025-07-13 16:40:47,776 - GOAT - DEBUG - self.alt: 25.548
2025-07-13 16:40:47,878 - GOAT - DEBUG - Diving out
2025-07-13 16:40:47,878 - GOAT - DEBUG - self.alt: 26.264
2025-07-13 16:40:47,979 - GOAT - DEBUG - Diving out
2025-07-13 16:40:47,979 - GOAT - DEBUG - self.alt: 26.264
2025-07-13 16:40:48,079 - GOAT - DEBUG - Diving out
2025-07-13 16:40:48,079 - GOAT - DEBUG - self.alt: 26.264
2025-07-13 16:40:48,180 - GOAT - DEBUG - Diving out
2025-07-13 16:40:48,180 - GOAT - DEBUG - self.alt: 26.914
2025-07-13 16:40:48,281 - GOAT - DEBUG - Diving out
2025-07-13 16:40:48,281 - GOAT - DEBUG - self.alt: 26.914
2025-07-13 16:40:48,382 - GOAT - DEBUG - Diving out
2025-07-13 16:40:48,382 - GOAT - DEBUG - self.alt: 26.914
2025-07-13 16:40:48,483 - GOAT - DEBUG - Diving out
2025-07-13 16:40:48,483 - GOAT - DEBUG - self.alt: 27.589
2025-07-13 16:40:48,580 - GOAT - DEBUG - Connection closed.
