2025-07-14 17:14:30,359 - GOAT - DEBUG - Mission state is NEUTRAL.
2025-07-14 17:14:30,359 - GOAT - DEBUG - target_lat: 41.1015841, target_lon: 28.5525204
2025-07-14 17:14:30,360 - GOAT - DEBUG - start_altitude: 105target_altitude: 70stable_altitude: 80
2025-07-14 17:14:30,360 - GOAT - DEBUG - diving_distance: 100
2025-07-14 17:14:50,394 - GOAT - DEBUG - Connected to the aircraft.
2025-07-14 17:14:56,411 - GOAT - DEBUG - Received start command from Redis.
2025-07-14 17:14:56,412 - GOAT - DEBUG - start mission
2025-07-14 17:14:56,512 - GOAT - DEBUG - going to approach destination
2025-07-14 17:14:57,413 - GOAT - DEBUG - self.state: MissionState.GOING_TO_TARGET
2025-07-14 17:14:58,415 - GOAT - DEBUG - self.state: MissionState.GOING_TO_TARGET
2025-07-14 17:14:59,416 - GOAT - DEBUG - self.state: MissionState.GOING_TO_TARGET
2025-07-14 17:15:00,418 - GOAT - DEBUG - self.state: MissionState.GOING_TO_TARGET
2025-07-14 17:15:01,419 - GOAT - DEBUG - self.state: MissionState.GOING_TO_TARGET
2025-07-14 17:15:02,420 - GOAT - DEBUG - self.state: MissionState.GOING_TO_TARGET
2025-07-14 17:15:03,421 - GOAT - DEBUG - self.state: MissionState.GOING_TO_TARGET
2025-07-14 17:15:04,422 - GOAT - DEBUG - self.state: MissionState.GOING_TO_TARGET
2025-07-14 17:15:05,423 - GOAT - DEBUG - self.state: MissionState.GOING_TO_TARGET
2025-07-14 17:15:06,424 - GOAT - DEBUG - self.state: MissionState.GOING_TO_TARGET
2025-07-14 17:15:07,425 - GOAT - DEBUG - self.state: MissionState.GOING_TO_TARGET
2025-07-14 17:15:08,426 - GOAT - DEBUG - self.state: MissionState.GOING_TO_TARGET
2025-07-14 17:15:09,427 - GOAT - DEBUG - self.state: MissionState.GOING_TO_TARGET
2025-07-14 17:15:10,428 - GOAT - DEBUG - self.state: MissionState.GOING_TO_TARGET
2025-07-14 17:15:11,430 - GOAT - DEBUG - self.state: MissionState.GOING_TO_TARGET
2025-07-14 17:15:12,432 - GOAT - DEBUG - self.state: MissionState.GOING_TO_TARGET
2025-07-14 17:15:13,433 - GOAT - DEBUG - self.state: MissionState.GOING_TO_TARGET
2025-07-14 17:15:14,436 - GOAT - DEBUG - self.state: MissionState.GOING_TO_TARGET
2025-07-14 17:15:15,438 - GOAT - DEBUG - self.state: MissionState.GOING_TO_TARGET
2025-07-14 17:15:16,439 - GOAT - DEBUG - self.state: MissionState.GOING_TO_TARGET
2025-07-14 17:15:17,440 - GOAT - DEBUG - self.state: MissionState.GOING_TO_TARGET
2025-07-14 17:15:18,441 - GOAT - DEBUG - self.state: MissionState.GOING_TO_TARGET
2025-07-14 17:15:19,442 - GOAT - DEBUG - self.state: MissionState.GOING_TO_TARGET
2025-07-14 17:15:20,443 - GOAT - DEBUG - self.state: MissionState.GOING_TO_TARGET
2025-07-14 17:15:21,444 - GOAT - DEBUG - self.state: MissionState.GOING_TO_TARGET
2025-07-14 17:15:22,445 - GOAT - DEBUG - self.state: MissionState.GOING_TO_TARGET
2025-07-14 17:15:23,446 - GOAT - DEBUG - self.state: MissionState.GOING_TO_TARGET
2025-07-14 17:15:24,448 - GOAT - DEBUG - self.state: MissionState.GOING_TO_TARGET
2025-07-14 17:15:25,449 - GOAT - DEBUG - self.state: MissionState.GOING_TO_TARGET
2025-07-14 17:15:26,450 - GOAT - DEBUG - self.state: MissionState.GOING_TO_TARGET
2025-07-14 17:15:27,451 - GOAT - DEBUG - self.state: MissionState.GOING_TO_TARGET
2025-07-14 17:15:28,452 - GOAT - DEBUG - self.state: MissionState.GOING_TO_TARGET
2025-07-14 17:15:29,453 - GOAT - DEBUG - self.state: MissionState.GOING_TO_TARGET
2025-07-14 17:15:30,454 - GOAT - DEBUG - self.state: MissionState.GOING_TO_TARGET
2025-07-14 17:15:31,455 - GOAT - DEBUG - self.state: MissionState.GOING_TO_TARGET
2025-07-14 17:15:32,456 - GOAT - DEBUG - self.state: MissionState.GOING_TO_TARGET
2025-07-14 17:15:33,456 - GOAT - DEBUG - self.state: MissionState.GOING_TO_TARGET
2025-07-14 17:15:34,458 - GOAT - DEBUG - self.state: MissionState.GOING_TO_TARGET
2025-07-14 17:15:35,460 - GOAT - DEBUG - self.state: MissionState.GOING_TO_TARGET
2025-07-14 17:15:36,461 - GOAT - DEBUG - self.state: MissionState.GOING_TO_TARGET
2025-07-14 17:15:37,462 - GOAT - DEBUG - self.state: MissionState.GOING_TO_TARGET
2025-07-14 17:15:38,463 - GOAT - DEBUG - self.state: MissionState.GOING_TO_TARGET
2025-07-14 17:15:39,464 - GOAT - DEBUG - self.state: MissionState.GOING_TO_TARGET
2025-07-14 17:15:40,465 - GOAT - DEBUG - self.state: MissionState.GOING_TO_TARGET
2025-07-14 17:15:41,466 - GOAT - DEBUG - self.state: MissionState.GOING_TO_TARGET
2025-07-14 17:15:42,467 - GOAT - DEBUG - self.state: MissionState.GOING_TO_TARGET
2025-07-14 17:15:43,468 - GOAT - DEBUG - self.state: MissionState.GOING_TO_TARGET
2025-07-14 17:15:44,469 - GOAT - DEBUG - self.state: MissionState.GOING_TO_TARGET
2025-07-14 17:15:45,470 - GOAT - DEBUG - self.state: MissionState.GOING_TO_TARGET
2025-07-14 17:15:46,471 - GOAT - DEBUG - self.state: MissionState.GOING_TO_TARGET
2025-07-14 17:15:47,472 - GOAT - DEBUG - self.state: MissionState.GOING_TO_TARGET
2025-07-14 17:15:48,473 - GOAT - DEBUG - self.state: MissionState.GOING_TO_TARGET
2025-07-14 17:15:49,475 - GOAT - DEBUG - self.state: MissionState.GOING_TO_TARGET
2025-07-14 17:15:50,476 - GOAT - DEBUG - self.state: MissionState.GOING_TO_TARGET
2025-07-14 17:15:51,477 - GOAT - DEBUG - self.state: MissionState.GOING_TO_TARGET
2025-07-14 17:15:52,478 - GOAT - DEBUG - self.state: MissionState.GOING_TO_TARGET
2025-07-14 17:15:53,479 - GOAT - DEBUG - self.state: MissionState.GOING_TO_TARGET
2025-07-14 17:15:54,481 - GOAT - DEBUG - self.state: MissionState.GOING_TO_TARGET
2025-07-14 17:15:55,483 - GOAT - DEBUG - self.state: MissionState.GOING_TO_TARGET
2025-07-14 17:15:56,484 - GOAT - DEBUG - self.state: MissionState.GOING_TO_TARGET
2025-07-14 17:15:57,485 - GOAT - DEBUG - self.state: MissionState.GOING_TO_TARGET
2025-07-14 17:15:58,486 - GOAT - DEBUG - self.state: MissionState.GOING_TO_TARGET
2025-07-14 17:15:59,487 - GOAT - DEBUG - self.state: MissionState.GOING_TO_TARGET
2025-07-14 17:16:00,488 - GOAT - DEBUG - self.state: MissionState.GOING_TO_TARGET
2025-07-14 17:16:01,489 - GOAT - DEBUG - self.state: MissionState.GOING_TO_TARGET
2025-07-14 17:16:02,490 - GOAT - DEBUG - self.state: MissionState.GOING_TO_TARGET
2025-07-14 17:16:03,492 - GOAT - DEBUG - self.state: MissionState.GOING_TO_TARGET
2025-07-14 17:16:04,493 - GOAT - DEBUG - self.state: MissionState.GOING_TO_TARGET
2025-07-14 17:16:05,494 - GOAT - DEBUG - self.state: MissionState.GOING_TO_TARGET
2025-07-14 17:16:06,496 - GOAT - DEBUG - self.state: MissionState.GOING_TO_TARGET
2025-07-14 17:16:07,497 - GOAT - DEBUG - self.state: MissionState.GOING_TO_TARGET
2025-07-14 17:16:08,498 - GOAT - DEBUG - self.state: MissionState.GOING_TO_TARGET
2025-07-14 17:16:09,499 - GOAT - DEBUG - self.state: MissionState.GOING_TO_TARGET
2025-07-14 17:16:10,501 - GOAT - DEBUG - self.state: MissionState.GOING_TO_TARGET
2025-07-14 17:16:11,502 - GOAT - DEBUG - self.state: MissionState.GOING_TO_TARGET
2025-07-14 17:16:12,504 - GOAT - DEBUG - self.state: MissionState.GOING_TO_TARGET
2025-07-14 17:16:13,505 - GOAT - DEBUG - self.state: MissionState.GOING_TO_TARGET
2025-07-14 17:16:14,507 - GOAT - DEBUG - self.state: MissionState.GOING_TO_TARGET
2025-07-14 17:16:15,508 - GOAT - DEBUG - self.state: MissionState.GOING_TO_TARGET
2025-07-14 17:16:16,509 - GOAT - DEBUG - self.state: MissionState.GOING_TO_TARGET
2025-07-14 17:16:17,510 - GOAT - DEBUG - self.state: MissionState.GOING_TO_TARGET
2025-07-14 17:16:18,511 - GOAT - DEBUG - self.state: MissionState.GOING_TO_TARGET
2025-07-14 17:16:19,512 - GOAT - DEBUG - self.state: MissionState.GOING_TO_TARGET
2025-07-14 17:16:20,513 - GOAT - DEBUG - self.state: MissionState.GOING_TO_TARGET
2025-07-14 17:16:21,514 - GOAT - DEBUG - self.state: MissionState.GOING_TO_TARGET
2025-07-14 17:16:22,516 - GOAT - DEBUG - self.state: MissionState.GOING_TO_TARGET
2025-07-14 17:16:23,517 - GOAT - DEBUG - self.state: MissionState.GOING_TO_TARGET
2025-07-14 17:16:24,519 - GOAT - DEBUG - self.state: MissionState.GOING_TO_TARGET
2025-07-14 17:16:25,520 - GOAT - DEBUG - self.state: MissionState.GOING_TO_TARGET
2025-07-14 17:16:26,522 - GOAT - DEBUG - self.state: MissionState.GOING_TO_TARGET
2025-07-14 17:16:27,523 - GOAT - DEBUG - self.state: MissionState.GOING_TO_TARGET
2025-07-14 17:16:28,524 - GOAT - DEBUG - self.state: MissionState.GOING_TO_TARGET
2025-07-14 17:16:29,525 - GOAT - DEBUG - self.state: MissionState.GOING_TO_TARGET
2025-07-14 17:16:30,526 - GOAT - DEBUG - self.state: MissionState.GOING_TO_TARGET
2025-07-14 17:16:31,529 - GOAT - DEBUG - self.state: MissionState.GOING_TO_TARGET
2025-07-14 17:16:32,530 - GOAT - DEBUG - self.state: MissionState.GOING_TO_TARGET
2025-07-14 17:16:33,531 - GOAT - DEBUG - self.state: MissionState.GOING_TO_TARGET
2025-07-14 17:16:34,534 - GOAT - DEBUG - self.state: MissionState.GOING_TO_TARGET
2025-07-14 17:16:35,536 - GOAT - DEBUG - self.state: MissionState.GOING_TO_TARGET
2025-07-14 17:16:36,537 - GOAT - DEBUG - self.state: MissionState.GOING_TO_TARGET
2025-07-14 17:16:37,538 - GOAT - DEBUG - self.state: MissionState.GOING_TO_TARGET
2025-07-14 17:16:38,540 - GOAT - DEBUG - self.state: MissionState.GOING_TO_TARGET
2025-07-14 17:16:39,541 - GOAT - DEBUG - self.state: MissionState.GOING_TO_TARGET
2025-07-14 17:16:40,542 - GOAT - DEBUG - self.state: MissionState.GOING_TO_TARGET
2025-07-14 17:16:41,543 - GOAT - DEBUG - self.state: MissionState.GOING_TO_TARGET
2025-07-14 17:16:42,544 - GOAT - DEBUG - self.state: MissionState.GOING_TO_TARGET
2025-07-14 17:16:43,545 - GOAT - DEBUG - self.state: MissionState.GOING_TO_TARGET
2025-07-14 17:16:44,546 - GOAT - DEBUG - self.state: MissionState.GOING_TO_TARGET
2025-07-14 17:16:45,547 - GOAT - DEBUG - self.state: MissionState.GOING_TO_TARGET
2025-07-14 17:16:46,548 - GOAT - DEBUG - self.state: MissionState.GOING_TO_TARGET
2025-07-14 17:16:47,549 - GOAT - DEBUG - self.state: MissionState.GOING_TO_TARGET
2025-07-14 17:16:48,550 - GOAT - DEBUG - self.state: MissionState.GOING_TO_TARGET
2025-07-14 17:16:49,551 - GOAT - DEBUG - self.state: MissionState.GOING_TO_TARGET
2025-07-14 17:16:50,554 - GOAT - DEBUG - self.state: MissionState.GOING_TO_TARGET
2025-07-14 17:16:51,556 - GOAT - DEBUG - self.state: MissionState.GOING_TO_TARGET
2025-07-14 17:16:52,558 - GOAT - DEBUG - self.state: MissionState.GOING_TO_TARGET
2025-07-14 17:16:53,559 - GOAT - DEBUG - self.state: MissionState.GOING_TO_TARGET
2025-07-14 17:16:54,560 - GOAT - DEBUG - self.state: MissionState.GOING_TO_TARGET
2025-07-14 17:16:55,561 - GOAT - DEBUG - self.state: MissionState.GOING_TO_TARGET
2025-07-14 17:16:56,562 - GOAT - DEBUG - self.state: MissionState.GOING_TO_TARGET
2025-07-14 17:16:57,563 - GOAT - DEBUG - self.state: MissionState.GOING_TO_TARGET
2025-07-14 17:16:58,564 - GOAT - DEBUG - self.state: MissionState.GOING_TO_TARGET
2025-07-14 17:16:59,565 - GOAT - DEBUG - self.state: MissionState.GOING_TO_TARGET
2025-07-14 17:17:00,567 - GOAT - DEBUG - self.state: MissionState.GOING_TO_TARGET
2025-07-14 17:17:01,569 - GOAT - DEBUG - self.state: MissionState.GOING_TO_TARGET
2025-07-14 17:17:02,571 - GOAT - DEBUG - self.state: MissionState.GOING_TO_TARGET
2025-07-14 17:17:03,572 - GOAT - DEBUG - self.state: MissionState.GOING_TO_TARGET
2025-07-14 17:17:04,572 - GOAT - DEBUG - self.state: MissionState.GOING_TO_TARGET
2025-07-14 17:17:05,573 - GOAT - DEBUG - self.state: MissionState.GOING_TO_TARGET
2025-07-14 17:17:06,574 - GOAT - DEBUG - self.state: MissionState.GOING_TO_TARGET
2025-07-14 17:17:07,575 - GOAT - DEBUG - self.state: MissionState.GOING_TO_TARGET
2025-07-14 17:17:08,576 - GOAT - DEBUG - self.state: MissionState.GOING_TO_TARGET
2025-07-14 17:17:09,577 - GOAT - DEBUG - self.state: MissionState.GOING_TO_TARGET
2025-07-14 17:17:10,578 - GOAT - DEBUG - self.state: MissionState.GOING_TO_TARGET
2025-07-14 17:17:11,580 - GOAT - DEBUG - self.state: MissionState.GOING_TO_TARGET
2025-07-14 17:17:12,581 - GOAT - DEBUG - self.state: MissionState.GOING_TO_TARGET
2025-07-14 17:17:13,582 - GOAT - DEBUG - self.state: MissionState.GOING_TO_TARGET
2025-07-14 17:17:14,583 - GOAT - DEBUG - self.state: MissionState.GOING_TO_TARGET
2025-07-14 17:17:15,584 - GOAT - DEBUG - self.state: MissionState.GOING_TO_TARGET
2025-07-14 17:17:16,585 - GOAT - DEBUG - self.state: MissionState.GOING_TO_TARGET
2025-07-14 17:17:17,587 - GOAT - DEBUG - self.state: MissionState.GOING_TO_TARGET
2025-07-14 17:17:18,588 - GOAT - DEBUG - self.state: MissionState.GOING_TO_TARGET
2025-07-14 17:17:19,589 - GOAT - DEBUG - self.state: MissionState.GOING_TO_TARGET
2025-07-14 17:17:20,590 - GOAT - DEBUG - self.state: MissionState.GOING_TO_TARGET
2025-07-14 17:17:21,592 - GOAT - DEBUG - self.state: MissionState.GOING_TO_TARGET
2025-07-14 17:17:22,593 - GOAT - DEBUG - self.state: MissionState.GOING_TO_TARGET
2025-07-14 17:17:23,594 - GOAT - DEBUG - self.state: MissionState.GOING_TO_TARGET
2025-07-14 17:17:24,595 - GOAT - DEBUG - self.state: MissionState.GOING_TO_TARGET
2025-07-14 17:17:25,596 - GOAT - DEBUG - self.state: MissionState.GOING_TO_TARGET
2025-07-14 17:17:26,597 - GOAT - DEBUG - self.state: MissionState.GOING_TO_TARGET
2025-07-14 17:17:27,598 - GOAT - DEBUG - self.state: MissionState.GOING_TO_TARGET
2025-07-14 17:17:28,599 - GOAT - DEBUG - self.state: MissionState.GOING_TO_TARGET
2025-07-14 17:17:29,600 - GOAT - DEBUG - self.state: MissionState.GOING_TO_TARGET
2025-07-14 17:17:30,601 - GOAT - DEBUG - self.state: MissionState.GOING_TO_TARGET
2025-07-14 17:17:31,602 - GOAT - DEBUG - self.state: MissionState.GOING_TO_TARGET
2025-07-14 17:17:32,603 - GOAT - DEBUG - self.state: MissionState.GOING_TO_TARGET
2025-07-14 17:17:32,646 - GOAT - DEBUG - Reached approach destination.
2025-07-14 17:17:32,647 - GOAT - DEBUG - going to target destination
2025-07-14 17:17:33,604 - GOAT - DEBUG - self.state: MissionState.GOING_TO_TARGET
2025-07-14 17:17:34,605 - GOAT - DEBUG - self.state: MissionState.GOING_TO_TARGET
2025-07-14 17:17:35,607 - GOAT - DEBUG - self.state: MissionState.GOING_TO_TARGET
2025-07-14 17:17:36,608 - GOAT - DEBUG - self.state: MissionState.GOING_TO_TARGET
2025-07-14 17:17:37,609 - GOAT - DEBUG - self.state: MissionState.GOING_TO_TARGET
2025-07-14 17:17:38,611 - GOAT - DEBUG - self.state: MissionState.GOING_TO_TARGET
2025-07-14 17:17:39,613 - GOAT - DEBUG - self.state: MissionState.GOING_TO_TARGET
2025-07-14 17:17:40,207 - GOAT - DEBUG - Reached target destination.
2025-07-14 17:17:40,207 - GOAT - DEBUG - Target reached, diving in.
2025-07-14 17:17:40,614 - GOAT - DEBUG - self.state: MissionState.DIVING_IN
2025-07-14 17:17:40,615 - GOAT - DEBUG - Diving in
2025-07-14 17:17:40,615 - GOAT - DEBUG - Altitude is less than 70 meters
2025-07-14 17:17:40,615 - GOAT - DEBUG - altitude: 7.061
2025-07-14 17:17:40,700 - GOAT - DEBUG - Diving out
2025-07-14 17:17:40,700 - GOAT - DEBUG - self.alt: 5.543
2025-07-14 17:17:40,802 - GOAT - DEBUG - Diving out
2025-07-14 17:17:40,802 - GOAT - DEBUG - self.alt: 5.543
2025-07-14 17:17:40,905 - GOAT - DEBUG - Diving out
2025-07-14 17:17:40,905 - GOAT - DEBUG - self.alt: 5.543
2025-07-14 17:17:41,006 - GOAT - DEBUG - Diving out
2025-07-14 17:17:41,006 - GOAT - DEBUG - self.alt: 5.543
2025-07-14 17:17:41,107 - GOAT - DEBUG - Diving out
2025-07-14 17:17:41,107 - GOAT - DEBUG - self.alt: 4.281
2025-07-14 17:17:41,208 - GOAT - DEBUG - Diving out
2025-07-14 17:17:41,208 - GOAT - DEBUG - self.alt: 4.281
2025-07-14 17:17:41,309 - GOAT - DEBUG - Diving out
2025-07-14 17:17:41,310 - GOAT - DEBUG - self.alt: 4.281
2025-07-14 17:17:41,410 - GOAT - DEBUG - Diving out
2025-07-14 17:17:41,410 - GOAT - DEBUG - self.alt: 4.281
2025-07-14 17:17:41,511 - GOAT - DEBUG - Diving out
2025-07-14 17:17:41,511 - GOAT - DEBUG - self.alt: 4.281
2025-07-14 17:17:41,612 - GOAT - DEBUG - Diving out
2025-07-14 17:17:41,613 - GOAT - DEBUG - self.alt: 2.767
2025-07-14 17:17:41,616 - GOAT - DEBUG - self.state: MissionState.DIVING_OUT
2025-07-14 17:17:41,714 - GOAT - DEBUG - Diving out
2025-07-14 17:17:41,714 - GOAT - DEBUG - self.alt: 2.767
2025-07-14 17:17:41,815 - GOAT - DEBUG - Diving out
2025-07-14 17:17:41,815 - GOAT - DEBUG - self.alt: 2.767
2025-07-14 17:17:41,916 - GOAT - DEBUG - Diving out
2025-07-14 17:17:41,917 - GOAT - DEBUG - self.alt: 2.767
2025-07-14 17:17:42,017 - GOAT - DEBUG - Diving out
2025-07-14 17:17:42,017 - GOAT - DEBUG - self.alt: 2.767
2025-07-14 17:17:42,119 - GOAT - DEBUG - Diving out
2025-07-14 17:17:42,119 - GOAT - DEBUG - self.alt: 2.767
2025-07-14 17:17:42,220 - GOAT - DEBUG - Diving out
2025-07-14 17:17:42,220 - GOAT - DEBUG - self.alt: 1.527
2025-07-14 17:17:42,321 - GOAT - DEBUG - Diving out
2025-07-14 17:17:42,321 - GOAT - DEBUG - self.alt: 1.527
2025-07-14 17:17:42,422 - GOAT - DEBUG - Diving out
2025-07-14 17:17:42,422 - GOAT - DEBUG - self.alt: 1.527
2025-07-14 17:17:42,523 - GOAT - DEBUG - Diving out
2025-07-14 17:17:42,523 - GOAT - DEBUG - self.alt: 1.527
2025-07-14 17:17:42,617 - GOAT - DEBUG - self.state: MissionState.DIVING_OUT
2025-07-14 17:17:42,624 - GOAT - DEBUG - Diving out
2025-07-14 17:17:42,624 - GOAT - DEBUG - self.alt: 1.239
2025-07-14 17:17:42,724 - GOAT - DEBUG - Diving out
2025-07-14 17:17:42,724 - GOAT - DEBUG - self.alt: 1.239
2025-07-14 17:17:42,825 - GOAT - DEBUG - Diving out
2025-07-14 17:17:42,825 - GOAT - DEBUG - self.alt: 1.239
2025-07-14 17:17:42,926 - GOAT - DEBUG - Diving out
2025-07-14 17:17:42,926 - GOAT - DEBUG - self.alt: 1.239
2025-07-14 17:17:43,026 - GOAT - DEBUG - Diving out
2025-07-14 17:17:43,026 - GOAT - DEBUG - self.alt: 1.239
2025-07-14 17:17:43,128 - GOAT - DEBUG - Diving out
2025-07-14 17:17:43,128 - GOAT - DEBUG - self.alt: 1.259
2025-07-14 17:17:43,229 - GOAT - DEBUG - Diving out
2025-07-14 17:17:43,229 - GOAT - DEBUG - self.alt: 1.259
2025-07-14 17:17:43,330 - GOAT - DEBUG - Diving out
2025-07-14 17:17:43,331 - GOAT - DEBUG - self.alt: 1.259
2025-07-14 17:17:43,431 - GOAT - DEBUG - Diving out
2025-07-14 17:17:43,432 - GOAT - DEBUG - self.alt: 1.259
2025-07-14 17:17:43,532 - GOAT - DEBUG - Diving out
2025-07-14 17:17:43,532 - GOAT - DEBUG - self.alt: 1.259
2025-07-14 17:17:43,618 - GOAT - DEBUG - self.state: MissionState.DIVING_OUT
2025-07-14 17:17:43,633 - GOAT - DEBUG - Diving out
2025-07-14 17:17:43,633 - GOAT - DEBUG - self.alt: 1.165
2025-07-14 17:17:43,734 - GOAT - DEBUG - Diving out
2025-07-14 17:17:43,734 - GOAT - DEBUG - self.alt: 1.165
2025-07-14 17:17:43,834 - GOAT - DEBUG - Diving out
2025-07-14 17:17:43,834 - GOAT - DEBUG - self.alt: 1.165
2025-07-14 17:17:43,935 - GOAT - DEBUG - Diving out
2025-07-14 17:17:43,936 - GOAT - DEBUG - self.alt: 1.165
2025-07-14 17:17:44,037 - GOAT - DEBUG - Diving out
2025-07-14 17:17:44,037 - GOAT - DEBUG - self.alt: 1.165
2025-07-14 17:17:44,137 - GOAT - DEBUG - Diving out
2025-07-14 17:17:44,138 - GOAT - DEBUG - self.alt: 0.811
2025-07-14 17:17:44,238 - GOAT - DEBUG - Diving out
2025-07-14 17:17:44,238 - GOAT - DEBUG - self.alt: 0.811
2025-07-14 17:17:44,339 - GOAT - DEBUG - Diving out
2025-07-14 17:17:44,339 - GOAT - DEBUG - self.alt: 0.811
2025-07-14 17:17:44,442 - GOAT - DEBUG - Diving out
2025-07-14 17:17:44,442 - GOAT - DEBUG - self.alt: 0.811
2025-07-14 17:17:44,544 - GOAT - DEBUG - Diving out
2025-07-14 17:17:44,544 - GOAT - DEBUG - self.alt: 0.811
2025-07-14 17:17:44,620 - GOAT - DEBUG - self.state: MissionState.DIVING_OUT
2025-07-14 17:17:44,645 - GOAT - DEBUG - Diving out
2025-07-14 17:17:44,645 - GOAT - DEBUG - self.alt: 0.811
2025-07-14 17:17:44,746 - GOAT - DEBUG - Diving out
2025-07-14 17:17:44,746 - GOAT - DEBUG - self.alt: 0.728
2025-07-14 17:17:44,847 - GOAT - DEBUG - Diving out
2025-07-14 17:17:44,847 - GOAT - DEBUG - self.alt: 0.728
2025-07-14 17:17:44,947 - GOAT - DEBUG - Diving out
2025-07-14 17:17:44,947 - GOAT - DEBUG - self.alt: 0.728
2025-07-14 17:17:45,048 - GOAT - DEBUG - Diving out
2025-07-14 17:17:45,048 - GOAT - DEBUG - self.alt: 0.728
2025-07-14 17:17:45,148 - GOAT - DEBUG - Diving out
2025-07-14 17:17:45,148 - GOAT - DEBUG - self.alt: 0.728
2025-07-14 17:17:45,250 - GOAT - DEBUG - Diving out
2025-07-14 17:17:45,250 - GOAT - DEBUG - self.alt: 0.632
2025-07-14 17:17:45,351 - GOAT - DEBUG - Diving out
2025-07-14 17:17:45,351 - GOAT - DEBUG - self.alt: 0.632
2025-07-14 17:17:45,451 - GOAT - DEBUG - Diving out
2025-07-14 17:17:45,451 - GOAT - DEBUG - self.alt: 0.632
2025-07-14 17:17:45,552 - GOAT - DEBUG - Diving out
2025-07-14 17:17:45,552 - GOAT - DEBUG - self.alt: 0.632
2025-07-14 17:17:45,621 - GOAT - DEBUG - self.state: MissionState.DIVING_OUT
2025-07-14 17:17:45,652 - GOAT - DEBUG - Diving out
2025-07-14 17:17:45,652 - GOAT - DEBUG - self.alt: 0.632
2025-07-14 17:17:45,754 - GOAT - DEBUG - Diving out
2025-07-14 17:17:45,754 - GOAT - DEBUG - self.alt: 0.534
2025-07-14 17:17:45,855 - GOAT - DEBUG - Diving out
2025-07-14 17:17:45,855 - GOAT - DEBUG - self.alt: 0.534
2025-07-14 17:17:45,956 - GOAT - DEBUG - Diving out
2025-07-14 17:17:45,956 - GOAT - DEBUG - self.alt: 0.534
2025-07-14 17:17:46,057 - GOAT - DEBUG - Diving out
2025-07-14 17:17:46,057 - GOAT - DEBUG - self.alt: 0.534
2025-07-14 17:17:46,157 - GOAT - DEBUG - Diving out
2025-07-14 17:17:46,157 - GOAT - DEBUG - self.alt: 0.489
2025-07-14 17:17:46,258 - GOAT - DEBUG - Diving out
2025-07-14 17:17:46,258 - GOAT - DEBUG - self.alt: 0.489
2025-07-14 17:17:46,358 - GOAT - DEBUG - Diving out
2025-07-14 17:17:46,358 - GOAT - DEBUG - self.alt: 0.489
2025-07-14 17:17:46,459 - GOAT - DEBUG - Diving out
2025-07-14 17:17:46,459 - GOAT - DEBUG - self.alt: 0.489
2025-07-14 17:17:46,561 - GOAT - DEBUG - Diving out
2025-07-14 17:17:46,562 - GOAT - DEBUG - self.alt: 0.489
2025-07-14 17:17:46,623 - GOAT - DEBUG - self.state: MissionState.DIVING_OUT
2025-07-14 17:17:46,662 - GOAT - DEBUG - Diving out
2025-07-14 17:17:46,662 - GOAT - DEBUG - self.alt: 0.535
2025-07-14 17:17:46,763 - GOAT - DEBUG - Diving out
2025-07-14 17:17:46,763 - GOAT - DEBUG - self.alt: 0.535
2025-07-14 17:17:46,864 - GOAT - DEBUG - Diving out
2025-07-14 17:17:46,865 - GOAT - DEBUG - self.alt: 0.535
2025-07-14 17:17:46,965 - GOAT - DEBUG - Diving out
2025-07-14 17:17:46,965 - GOAT - DEBUG - self.alt: 0.535
2025-07-14 17:17:47,066 - GOAT - DEBUG - Diving out
2025-07-14 17:17:47,066 - GOAT - DEBUG - self.alt: 0.535
2025-07-14 17:17:47,167 - GOAT - DEBUG - Diving out
2025-07-14 17:17:47,168 - GOAT - DEBUG - self.alt: 0.617
2025-07-14 17:17:47,268 - GOAT - DEBUG - Diving out
2025-07-14 17:17:47,268 - GOAT - DEBUG - self.alt: 0.617
2025-07-14 17:17:47,369 - GOAT - DEBUG - Diving out
2025-07-14 17:17:47,369 - GOAT - DEBUG - self.alt: 0.617
2025-07-14 17:17:47,470 - GOAT - DEBUG - Diving out
2025-07-14 17:17:47,470 - GOAT - DEBUG - self.alt: 0.617
2025-07-14 17:17:47,571 - GOAT - DEBUG - Diving out
2025-07-14 17:17:47,572 - GOAT - DEBUG - self.alt: 0.617
2025-07-14 17:17:47,624 - GOAT - DEBUG - self.state: MissionState.DIVING_OUT
2025-07-14 17:17:47,673 - GOAT - DEBUG - Diving out
2025-07-14 17:17:47,673 - GOAT - DEBUG - self.alt: 0.617
2025-07-14 17:17:47,774 - GOAT - DEBUG - Diving out
2025-07-14 17:17:47,774 - GOAT - DEBUG - self.alt: 0.671
2025-07-14 17:17:47,875 - GOAT - DEBUG - Diving out
2025-07-14 17:17:47,875 - GOAT - DEBUG - self.alt: 0.671
2025-07-14 17:17:47,975 - GOAT - DEBUG - Diving out
2025-07-14 17:17:47,976 - GOAT - DEBUG - self.alt: 0.671
2025-07-14 17:17:48,077 - GOAT - DEBUG - Diving out
2025-07-14 17:17:48,077 - GOAT - DEBUG - self.alt: 0.671
2025-07-14 17:17:48,178 - GOAT - DEBUG - Diving out
2025-07-14 17:17:48,178 - GOAT - DEBUG - self.alt: 0.671
2025-07-14 17:17:48,279 - GOAT - DEBUG - Diving out
2025-07-14 17:17:48,279 - GOAT - DEBUG - self.alt: 0.742
2025-07-14 17:17:48,380 - GOAT - DEBUG - Diving out
2025-07-14 17:17:48,380 - GOAT - DEBUG - self.alt: 0.742
2025-07-14 17:17:48,480 - GOAT - DEBUG - Diving out
2025-07-14 17:17:48,480 - GOAT - DEBUG - self.alt: 0.742
2025-07-14 17:17:48,581 - GOAT - DEBUG - Diving out
2025-07-14 17:17:48,581 - GOAT - DEBUG - self.alt: 0.808
2025-07-14 17:17:48,625 - GOAT - DEBUG - self.state: MissionState.DIVING_OUT
2025-07-14 17:17:48,681 - GOAT - DEBUG - Diving out
2025-07-14 17:17:48,681 - GOAT - DEBUG - self.alt: 0.808
2025-07-14 17:17:48,782 - GOAT - DEBUG - Diving out
2025-07-14 17:17:48,782 - GOAT - DEBUG - self.alt: 0.808
2025-07-14 17:17:48,883 - GOAT - DEBUG - Diving out
2025-07-14 17:17:48,884 - GOAT - DEBUG - self.alt: 0.808
2025-07-14 17:17:48,984 - GOAT - DEBUG - Diving out
2025-07-14 17:17:48,984 - GOAT - DEBUG - self.alt: 0.808
2025-07-14 17:17:49,085 - GOAT - DEBUG - Diving out
2025-07-14 17:17:49,085 - GOAT - DEBUG - self.alt: 0.808
2025-07-14 17:17:49,186 - GOAT - DEBUG - Diving out
2025-07-14 17:17:49,186 - GOAT - DEBUG - self.alt: 0.876
2025-07-14 17:17:49,288 - GOAT - DEBUG - Diving out
2025-07-14 17:17:49,289 - GOAT - DEBUG - self.alt: 0.876
2025-07-14 17:17:49,391 - GOAT - DEBUG - Diving out
2025-07-14 17:17:49,391 - GOAT - DEBUG - self.alt: 0.876
2025-07-14 17:17:49,492 - GOAT - DEBUG - Diving out
2025-07-14 17:17:49,492 - GOAT - DEBUG - self.alt: 0.876
2025-07-14 17:17:49,593 - GOAT - DEBUG - Diving out
2025-07-14 17:17:49,593 - GOAT - DEBUG - self.alt: 0.876
2025-07-14 17:17:49,626 - GOAT - DEBUG - self.state: MissionState.DIVING_OUT
2025-07-14 17:17:49,693 - GOAT - DEBUG - Diving out
2025-07-14 17:17:49,693 - GOAT - DEBUG - self.alt: 0.914
2025-07-14 17:17:49,794 - GOAT - DEBUG - Diving out
2025-07-14 17:17:49,795 - GOAT - DEBUG - self.alt: 0.914
2025-07-14 17:17:49,895 - GOAT - DEBUG - Diving out
2025-07-14 17:17:49,895 - GOAT - DEBUG - self.alt: 0.914
2025-07-14 17:17:49,997 - GOAT - DEBUG - Diving out
2025-07-14 17:17:49,997 - GOAT - DEBUG - self.alt: 0.914
2025-07-14 17:17:50,100 - GOAT - DEBUG - Diving out
2025-07-14 17:17:50,100 - GOAT - DEBUG - self.alt: 0.914
2025-07-14 17:17:50,200 - GOAT - DEBUG - Diving out
2025-07-14 17:17:50,200 - GOAT - DEBUG - self.alt: 0.941
2025-07-14 17:17:50,302 - GOAT - DEBUG - Diving out
2025-07-14 17:17:50,302 - GOAT - DEBUG - self.alt: 0.941
2025-07-14 17:17:50,403 - GOAT - DEBUG - Diving out
2025-07-14 17:17:50,403 - GOAT - DEBUG - self.alt: 0.941
2025-07-14 17:17:50,504 - GOAT - DEBUG - Diving out
2025-07-14 17:17:50,504 - GOAT - DEBUG - self.alt: 0.941
2025-07-14 17:17:50,605 - GOAT - DEBUG - Diving out
2025-07-14 17:17:50,606 - GOAT - DEBUG - self.alt: 0.941
2025-07-14 17:17:50,627 - GOAT - DEBUG - self.state: MissionState.DIVING_OUT
2025-07-14 17:17:50,706 - GOAT - DEBUG - Diving out
2025-07-14 17:17:50,706 - GOAT - DEBUG - self.alt: 0.949
2025-07-14 17:17:50,807 - GOAT - DEBUG - Diving out
2025-07-14 17:17:50,807 - GOAT - DEBUG - self.alt: 0.949
2025-07-14 17:17:50,908 - GOAT - DEBUG - Diving out
2025-07-14 17:17:50,908 - GOAT - DEBUG - self.alt: 0.949
2025-07-14 17:17:51,008 - GOAT - DEBUG - Diving out
2025-07-14 17:17:51,008 - GOAT - DEBUG - self.alt: 0.949
2025-07-14 17:17:51,109 - GOAT - DEBUG - Diving out
2025-07-14 17:17:51,109 - GOAT - DEBUG - self.alt: 0.943
2025-07-14 17:17:51,211 - GOAT - DEBUG - Diving out
2025-07-14 17:17:51,212 - GOAT - DEBUG - self.alt: 0.943
2025-07-14 17:17:51,313 - GOAT - DEBUG - Diving out
2025-07-14 17:17:51,313 - GOAT - DEBUG - self.alt: 0.943
2025-07-14 17:17:51,414 - GOAT - DEBUG - Diving out
2025-07-14 17:17:51,414 - GOAT - DEBUG - self.alt: 0.943
2025-07-14 17:17:51,515 - GOAT - DEBUG - Diving out
2025-07-14 17:17:51,515 - GOAT - DEBUG - self.alt: 0.943
2025-07-14 17:17:51,616 - GOAT - DEBUG - Diving out
2025-07-14 17:17:51,616 - GOAT - DEBUG - self.alt: 0.943
2025-07-14 17:17:51,629 - GOAT - DEBUG - self.state: MissionState.DIVING_OUT
2025-07-14 17:17:51,716 - GOAT - DEBUG - Diving out
2025-07-14 17:17:51,716 - GOAT - DEBUG - self.alt: 0.858
2025-07-14 17:17:51,818 - GOAT - DEBUG - Diving out
2025-07-14 17:17:51,818 - GOAT - DEBUG - self.alt: 0.858
2025-07-14 17:17:51,919 - GOAT - DEBUG - Diving out
2025-07-14 17:17:51,920 - GOAT - DEBUG - self.alt: 0.858
2025-07-14 17:17:52,021 - GOAT - DEBUG - Diving out
2025-07-14 17:17:52,022 - GOAT - DEBUG - self.alt: 0.858
2025-07-14 17:17:52,123 - GOAT - DEBUG - Diving out
2025-07-14 17:17:52,123 - GOAT - DEBUG - self.alt: 0.858
2025-07-14 17:17:52,223 - GOAT - DEBUG - Diving out
2025-07-14 17:17:52,224 - GOAT - DEBUG - self.alt: 1.275
2025-07-14 17:17:52,324 - GOAT - DEBUG - Diving out
2025-07-14 17:17:52,324 - GOAT - DEBUG - self.alt: 1.275
2025-07-14 17:17:52,425 - GOAT - DEBUG - Diving out
2025-07-14 17:17:52,425 - GOAT - DEBUG - self.alt: 1.275
2025-07-14 17:17:52,528 - GOAT - DEBUG - Diving out
2025-07-14 17:17:52,528 - GOAT - DEBUG - self.alt: 1.275
2025-07-14 17:17:52,629 - GOAT - DEBUG - Diving out
2025-07-14 17:17:52,629 - GOAT - DEBUG - self.alt: 1.275
2025-07-14 17:17:52,630 - GOAT - DEBUG - self.state: MissionState.DIVING_OUT
2025-07-14 17:17:52,730 - GOAT - DEBUG - Diving out
2025-07-14 17:17:52,730 - GOAT - DEBUG - self.alt: 1.299
2025-07-14 17:17:52,830 - GOAT - DEBUG - Diving out
2025-07-14 17:17:52,830 - GOAT - DEBUG - self.alt: 1.299
2025-07-14 17:17:52,931 - GOAT - DEBUG - Diving out
2025-07-14 17:17:52,931 - GOAT - DEBUG - self.alt: 1.299
2025-07-14 17:17:53,032 - GOAT - DEBUG - Diving out
2025-07-14 17:17:53,032 - GOAT - DEBUG - self.alt: 1.299
2025-07-14 17:17:53,133 - GOAT - DEBUG - Diving out
2025-07-14 17:17:53,133 - GOAT - DEBUG - self.alt: 1.299
2025-07-14 17:17:53,234 - GOAT - DEBUG - Diving out
2025-07-14 17:17:53,234 - GOAT - DEBUG - self.alt: 1.283
2025-07-14 17:17:53,334 - GOAT - DEBUG - Diving out
2025-07-14 17:17:53,334 - GOAT - DEBUG - self.alt: 1.283
2025-07-14 17:17:53,435 - GOAT - DEBUG - Diving out
2025-07-14 17:17:53,435 - GOAT - DEBUG - self.alt: 1.283
2025-07-14 17:17:53,536 - GOAT - DEBUG - Diving out
2025-07-14 17:17:53,536 - GOAT - DEBUG - self.alt: 1.283
2025-07-14 17:17:53,631 - GOAT - DEBUG - self.state: MissionState.DIVING_OUT
2025-07-14 17:17:53,637 - GOAT - DEBUG - Diving out
2025-07-14 17:17:53,637 - GOAT - DEBUG - self.alt: 1.265
2025-07-14 17:17:53,738 - GOAT - DEBUG - Diving out
2025-07-14 17:17:53,738 - GOAT - DEBUG - self.alt: 1.265
2025-07-14 17:17:53,839 - GOAT - DEBUG - Diving out
2025-07-14 17:17:53,839 - GOAT - DEBUG - self.alt: 1.265
2025-07-14 17:17:53,941 - GOAT - DEBUG - Diving out
2025-07-14 17:17:53,942 - GOAT - DEBUG - self.alt: 1.265
2025-07-14 17:17:54,043 - GOAT - DEBUG - Diving out
2025-07-14 17:17:54,043 - GOAT - DEBUG - self.alt: 1.264
2025-07-14 17:17:54,143 - GOAT - DEBUG - Diving out
2025-07-14 17:17:54,143 - GOAT - DEBUG - self.alt: 1.264
2025-07-14 17:17:54,244 - GOAT - DEBUG - Diving out
2025-07-14 17:17:54,245 - GOAT - DEBUG - self.alt: 1.264
2025-07-14 17:17:54,346 - GOAT - DEBUG - Diving out
2025-07-14 17:17:54,347 - GOAT - DEBUG - self.alt: 1.264
2025-07-14 17:17:54,447 - GOAT - DEBUG - Diving out
2025-07-14 17:17:54,447 - GOAT - DEBUG - self.alt: 1.264
2025-07-14 17:17:54,548 - GOAT - DEBUG - Diving out
2025-07-14 17:17:54,548 - GOAT - DEBUG - self.alt: 1.264
2025-07-14 17:17:54,632 - GOAT - DEBUG - self.state: MissionState.DIVING_OUT
2025-07-14 17:17:54,648 - GOAT - DEBUG - Diving out
2025-07-14 17:17:54,648 - GOAT - DEBUG - self.alt: 1.259
2025-07-14 17:17:54,750 - GOAT - DEBUG - Diving out
2025-07-14 17:17:54,750 - GOAT - DEBUG - self.alt: 1.259
2025-07-14 17:17:54,851 - GOAT - DEBUG - Diving out
2025-07-14 17:17:54,851 - GOAT - DEBUG - self.alt: 1.259
2025-07-14 17:17:54,951 - GOAT - DEBUG - Diving out
2025-07-14 17:17:54,951 - GOAT - DEBUG - self.alt: 1.259
2025-07-14 17:17:55,052 - GOAT - DEBUG - Diving out
2025-07-14 17:17:55,052 - GOAT - DEBUG - self.alt: 1.259
2025-07-14 17:17:55,152 - GOAT - DEBUG - Diving out
2025-07-14 17:17:55,152 - GOAT - DEBUG - self.alt: 1.259
2025-07-14 17:17:55,253 - GOAT - DEBUG - Diving out
2025-07-14 17:17:55,253 - GOAT - DEBUG - self.alt: 1.262
2025-07-14 17:17:55,354 - GOAT - DEBUG - Diving out
2025-07-14 17:17:55,355 - GOAT - DEBUG - self.alt: 1.262
2025-07-14 17:17:55,456 - GOAT - DEBUG - Diving out
2025-07-14 17:17:55,457 - GOAT - DEBUG - self.alt: 1.262
2025-07-14 17:17:55,559 - GOAT - DEBUG - Diving out
2025-07-14 17:17:55,560 - GOAT - DEBUG - self.alt: 1.262
2025-07-14 17:17:55,633 - GOAT - DEBUG - self.state: MissionState.DIVING_OUT
2025-07-14 17:17:55,661 - GOAT - DEBUG - Diving out
2025-07-14 17:17:55,661 - GOAT - DEBUG - self.alt: 1.262
2025-07-14 17:17:55,762 - GOAT - DEBUG - Diving out
2025-07-14 17:17:55,762 - GOAT - DEBUG - self.alt: 1.252
2025-07-14 17:17:55,863 - GOAT - DEBUG - Diving out
2025-07-14 17:17:55,863 - GOAT - DEBUG - self.alt: 1.252
2025-07-14 17:17:55,964 - GOAT - DEBUG - Diving out
2025-07-14 17:17:55,964 - GOAT - DEBUG - self.alt: 1.252
2025-07-14 17:17:56,065 - GOAT - DEBUG - Diving out
2025-07-14 17:17:56,066 - GOAT - DEBUG - self.alt: 1.252
2025-07-14 17:17:56,168 - GOAT - DEBUG - Diving out
2025-07-14 17:17:56,168 - GOAT - DEBUG - self.alt: 1.23
2025-07-14 17:17:56,269 - GOAT - DEBUG - Diving out
2025-07-14 17:17:56,269 - GOAT - DEBUG - self.alt: 1.23
2025-07-14 17:17:56,370 - GOAT - DEBUG - Diving out
2025-07-14 17:17:56,370 - GOAT - DEBUG - self.alt: 1.23
2025-07-14 17:17:56,470 - GOAT - DEBUG - Diving out
2025-07-14 17:17:56,470 - GOAT - DEBUG - self.alt: 1.23
2025-07-14 17:17:56,571 - GOAT - DEBUG - Diving out
2025-07-14 17:17:56,571 - GOAT - DEBUG - self.alt: 1.214
2025-07-14 17:17:56,634 - GOAT - DEBUG - self.state: MissionState.DIVING_OUT
2025-07-14 17:17:56,672 - GOAT - DEBUG - Diving out
2025-07-14 17:17:56,672 - GOAT - DEBUG - self.alt: 1.214
2025-07-14 17:17:56,772 - GOAT - DEBUG - Diving out
2025-07-14 17:17:56,773 - GOAT - DEBUG - self.alt: 1.214
2025-07-14 17:17:56,873 - GOAT - DEBUG - Diving out
2025-07-14 17:17:56,873 - GOAT - DEBUG - self.alt: 1.214
2025-07-14 17:17:56,975 - GOAT - DEBUG - Diving out
2025-07-14 17:17:56,975 - GOAT - DEBUG - self.alt: 1.214
2025-07-14 17:17:57,076 - GOAT - DEBUG - Diving out
2025-07-14 17:17:57,076 - GOAT - DEBUG - self.alt: 1.214
2025-07-14 17:17:57,177 - GOAT - DEBUG - Diving out
2025-07-14 17:17:57,177 - GOAT - DEBUG - self.alt: 1.193
2025-07-14 17:17:57,278 - GOAT - DEBUG - Diving out
2025-07-14 17:17:57,278 - GOAT - DEBUG - self.alt: 1.193
2025-07-14 17:17:57,378 - GOAT - DEBUG - Diving out
2025-07-14 17:17:57,378 - GOAT - DEBUG - self.alt: 1.193
2025-07-14 17:17:57,480 - GOAT - DEBUG - Diving out
2025-07-14 17:17:57,480 - GOAT - DEBUG - self.alt: 1.193
2025-07-14 17:17:57,580 - GOAT - DEBUG - Diving out
2025-07-14 17:17:57,581 - GOAT - DEBUG - self.alt: 1.193
2025-07-14 17:17:57,636 - GOAT - DEBUG - self.state: MissionState.DIVING_OUT
2025-07-14 17:17:57,681 - GOAT - DEBUG - Diving out
2025-07-14 17:17:57,681 - GOAT - DEBUG - self.alt: 1.313
2025-07-14 17:17:57,782 - GOAT - DEBUG - Diving out
2025-07-14 17:17:57,782 - GOAT - DEBUG - self.alt: 1.313
2025-07-14 17:17:57,884 - GOAT - DEBUG - Diving out
2025-07-14 17:17:57,885 - GOAT - DEBUG - self.alt: 1.313
2025-07-14 17:17:57,985 - GOAT - DEBUG - Diving out
2025-07-14 17:17:57,985 - GOAT - DEBUG - self.alt: 1.313
2025-07-14 17:17:58,086 - GOAT - DEBUG - Diving out
2025-07-14 17:17:58,086 - GOAT - DEBUG - self.alt: 1.346
2025-07-14 17:17:58,187 - GOAT - DEBUG - Diving out
2025-07-14 17:17:58,187 - GOAT - DEBUG - self.alt: 1.346
2025-07-14 17:17:58,287 - GOAT - DEBUG - Diving out
2025-07-14 17:17:58,287 - GOAT - DEBUG - self.alt: 1.346
2025-07-14 17:17:58,389 - GOAT - DEBUG - Diving out
2025-07-14 17:17:58,389 - GOAT - DEBUG - self.alt: 1.346
2025-07-14 17:17:58,490 - GOAT - DEBUG - Diving out
2025-07-14 17:17:58,490 - GOAT - DEBUG - self.alt: 1.346
2025-07-14 17:17:58,591 - GOAT - DEBUG - Diving out
2025-07-14 17:17:58,591 - GOAT - DEBUG - self.alt: 1.346
2025-07-14 17:17:58,637 - GOAT - DEBUG - self.state: MissionState.DIVING_OUT
2025-07-14 17:17:58,691 - GOAT - DEBUG - Diving out
2025-07-14 17:17:58,691 - GOAT - DEBUG - self.alt: 1.369
2025-07-14 17:17:58,792 - GOAT - DEBUG - Diving out
2025-07-14 17:17:58,792 - GOAT - DEBUG - self.alt: 1.369
2025-07-14 17:17:58,893 - GOAT - DEBUG - Diving out
2025-07-14 17:17:58,893 - GOAT - DEBUG - self.alt: 1.369
2025-07-14 17:17:58,994 - GOAT - DEBUG - Diving out
2025-07-14 17:17:58,994 - GOAT - DEBUG - self.alt: 1.369
2025-07-14 17:17:59,094 - GOAT - DEBUG - Diving out
2025-07-14 17:17:59,094 - GOAT - DEBUG - self.alt: 1.369
2025-07-14 17:17:59,195 - GOAT - DEBUG - Diving out
2025-07-14 17:17:59,195 - GOAT - DEBUG - self.alt: 1.383
2025-07-14 17:17:59,295 - GOAT - DEBUG - Diving out
2025-07-14 17:17:59,295 - GOAT - DEBUG - self.alt: 1.383
2025-07-14 17:17:59,397 - GOAT - DEBUG - Diving out
2025-07-14 17:17:59,397 - GOAT - DEBUG - self.alt: 1.383
2025-07-14 17:17:59,498 - GOAT - DEBUG - Diving out
2025-07-14 17:17:59,498 - GOAT - DEBUG - self.alt: 1.383
2025-07-14 17:17:59,599 - GOAT - DEBUG - Diving out
2025-07-14 17:17:59,599 - GOAT - DEBUG - self.alt: 1.383
2025-07-14 17:17:59,638 - GOAT - DEBUG - self.state: MissionState.DIVING_OUT
2025-07-14 17:17:59,700 - GOAT - DEBUG - Diving out
2025-07-14 17:17:59,700 - GOAT - DEBUG - self.alt: 1.383
2025-07-14 17:17:59,801 - GOAT - DEBUG - Diving out
2025-07-14 17:17:59,802 - GOAT - DEBUG - self.alt: 1.388
2025-07-14 17:17:59,902 - GOAT - DEBUG - Diving out
2025-07-14 17:17:59,902 - GOAT - DEBUG - self.alt: 1.388
2025-07-14 17:18:00,003 - GOAT - DEBUG - Diving out
2025-07-14 17:18:00,003 - GOAT - DEBUG - self.alt: 1.388
2025-07-14 17:18:00,104 - GOAT - DEBUG - Diving out
2025-07-14 17:18:00,105 - GOAT - DEBUG - self.alt: 1.386
2025-07-14 17:18:00,206 - GOAT - DEBUG - Diving out
2025-07-14 17:18:00,206 - GOAT - DEBUG - self.alt: 1.386
2025-07-14 17:18:00,307 - GOAT - DEBUG - Diving out
2025-07-14 17:18:00,307 - GOAT - DEBUG - self.alt: 1.386
2025-07-14 17:18:00,407 - GOAT - DEBUG - Diving out
2025-07-14 17:18:00,407 - GOAT - DEBUG - self.alt: 1.386
2025-07-14 17:18:00,508 - GOAT - DEBUG - Diving out
2025-07-14 17:18:00,508 - GOAT - DEBUG - self.alt: 1.386
2025-07-14 17:18:00,609 - GOAT - DEBUG - Diving out
2025-07-14 17:18:00,609 - GOAT - DEBUG - self.alt: 1.386
2025-07-14 17:18:00,640 - GOAT - DEBUG - self.state: MissionState.DIVING_OUT
2025-07-14 17:18:00,710 - GOAT - DEBUG - Diving out
2025-07-14 17:18:00,710 - GOAT - DEBUG - self.alt: 1.381
2025-07-14 17:18:00,810 - GOAT - DEBUG - Diving out
2025-07-14 17:18:00,811 - GOAT - DEBUG - self.alt: 1.381
2025-07-14 17:18:00,911 - GOAT - DEBUG - Diving out
2025-07-14 17:18:00,911 - GOAT - DEBUG - self.alt: 1.381
2025-07-14 17:18:01,012 - GOAT - DEBUG - Diving out
2025-07-14 17:18:01,012 - GOAT - DEBUG - self.alt: 1.381
2025-07-14 17:18:01,113 - GOAT - DEBUG - Diving out
2025-07-14 17:18:01,113 - GOAT - DEBUG - self.alt: 1.401
2025-07-14 17:18:01,214 - GOAT - DEBUG - Diving out
2025-07-14 17:18:01,214 - GOAT - DEBUG - self.alt: 1.401
2025-07-14 17:18:01,315 - GOAT - DEBUG - Diving out
2025-07-14 17:18:01,315 - GOAT - DEBUG - self.alt: 1.401
2025-07-14 17:18:01,416 - GOAT - DEBUG - Diving out
2025-07-14 17:18:01,416 - GOAT - DEBUG - self.alt: 1.401
2025-07-14 17:18:01,517 - GOAT - DEBUG - Diving out
2025-07-14 17:18:01,517 - GOAT - DEBUG - self.alt: 1.401
2025-07-14 17:18:01,618 - GOAT - DEBUG - Diving out
2025-07-14 17:18:01,619 - GOAT - DEBUG - self.alt: 1.401
2025-07-14 17:18:01,641 - GOAT - DEBUG - self.state: MissionState.DIVING_OUT
2025-07-14 17:18:01,719 - GOAT - DEBUG - Diving out
2025-07-14 17:18:01,720 - GOAT - DEBUG - self.alt: 1.402
2025-07-14 17:18:01,820 - GOAT - DEBUG - Diving out
2025-07-14 17:18:01,820 - GOAT - DEBUG - self.alt: 1.402
2025-07-14 17:18:01,921 - GOAT - DEBUG - Diving out
2025-07-14 17:18:01,922 - GOAT - DEBUG - self.alt: 1.402
2025-07-14 17:18:02,024 - GOAT - DEBUG - Diving out
2025-07-14 17:18:02,024 - GOAT - DEBUG - self.alt: 1.402
2025-07-14 17:18:02,125 - GOAT - DEBUG - Diving out
2025-07-14 17:18:02,125 - GOAT - DEBUG - self.alt: 1.401
2025-07-14 17:18:02,226 - GOAT - DEBUG - Diving out
2025-07-14 17:18:02,226 - GOAT - DEBUG - self.alt: 1.401
2025-07-14 17:18:02,326 - GOAT - DEBUG - Diving out
2025-07-14 17:18:02,327 - GOAT - DEBUG - self.alt: 1.401
2025-07-14 17:18:02,427 - GOAT - DEBUG - Diving out
2025-07-14 17:18:02,427 - GOAT - DEBUG - self.alt: 1.401
2025-07-14 17:18:02,528 - GOAT - DEBUG - Diving out
2025-07-14 17:18:02,528 - GOAT - DEBUG - self.alt: 1.401
2025-07-14 17:18:02,628 - GOAT - DEBUG - Diving out
2025-07-14 17:18:02,629 - GOAT - DEBUG - self.alt: 1.359
2025-07-14 17:18:02,642 - GOAT - DEBUG - self.state: MissionState.DIVING_OUT
2025-07-14 17:18:02,730 - GOAT - DEBUG - Diving out
2025-07-14 17:18:02,730 - GOAT - DEBUG - self.alt: 1.359
2025-07-14 17:18:02,831 - GOAT - DEBUG - Diving out
2025-07-14 17:18:02,831 - GOAT - DEBUG - self.alt: 1.359
2025-07-14 17:18:02,931 - GOAT - DEBUG - Diving out
2025-07-14 17:18:02,931 - GOAT - DEBUG - self.alt: 1.359
2025-07-14 17:18:03,032 - GOAT - DEBUG - Diving out
2025-07-14 17:18:03,032 - GOAT - DEBUG - self.alt: 1.359
2025-07-14 17:18:03,133 - GOAT - DEBUG - Diving out
2025-07-14 17:18:03,133 - GOAT - DEBUG - self.alt: 1.359
2025-07-14 17:18:03,234 - GOAT - DEBUG - Diving out
2025-07-14 17:18:03,234 - GOAT - DEBUG - self.alt: 1.327
2025-07-14 17:18:03,335 - GOAT - DEBUG - Diving out
2025-07-14 17:18:03,335 - GOAT - DEBUG - self.alt: 1.327
2025-07-14 17:18:03,435 - GOAT - DEBUG - Diving out
2025-07-14 17:18:03,436 - GOAT - DEBUG - self.alt: 1.327
2025-07-14 17:18:03,536 - GOAT - DEBUG - Diving out
2025-07-14 17:18:03,537 - GOAT - DEBUG - self.alt: 1.327
2025-07-14 17:18:03,638 - GOAT - DEBUG - Diving out
2025-07-14 17:18:03,638 - GOAT - DEBUG - self.alt: 1.327
2025-07-14 17:18:03,643 - GOAT - DEBUG - self.state: MissionState.DIVING_OUT
2025-07-14 17:18:03,739 - GOAT - DEBUG - Diving out
2025-07-14 17:18:03,739 - GOAT - DEBUG - self.alt: 1.327
2025-07-14 17:18:03,839 - GOAT - DEBUG - Diving out
2025-07-14 17:18:03,839 - GOAT - DEBUG - self.alt: 1.311
2025-07-14 17:18:03,940 - GOAT - DEBUG - Diving out
2025-07-14 17:18:03,940 - GOAT - DEBUG - self.alt: 1.311
2025-07-14 17:18:04,041 - GOAT - DEBUG - Diving out
2025-07-14 17:18:04,041 - GOAT - DEBUG - self.alt: 1.311
2025-07-14 17:18:04,141 - GOAT - DEBUG - Diving out
2025-07-14 17:18:04,141 - GOAT - DEBUG - self.alt: 1.311
2025-07-14 17:18:04,242 - GOAT - DEBUG - Diving out
2025-07-14 17:18:04,242 - GOAT - DEBUG - self.alt: 1.298
2025-07-14 17:18:04,343 - GOAT - DEBUG - Diving out
2025-07-14 17:18:04,343 - GOAT - DEBUG - self.alt: 1.298
2025-07-14 17:18:04,444 - GOAT - DEBUG - Diving out
2025-07-14 17:18:04,444 - GOAT - DEBUG - self.alt: 1.298
2025-07-14 17:18:04,545 - GOAT - DEBUG - Diving out
2025-07-14 17:18:04,545 - GOAT - DEBUG - self.alt: 1.298
2025-07-14 17:18:04,644 - GOAT - DEBUG - self.state: MissionState.DIVING_OUT
2025-07-14 17:18:04,645 - GOAT - DEBUG - Diving out
2025-07-14 17:18:04,645 - GOAT - DEBUG - self.alt: 1.278
2025-07-14 17:18:04,746 - GOAT - DEBUG - Diving out
2025-07-14 17:18:04,746 - GOAT - DEBUG - self.alt: 1.278
2025-07-14 17:18:04,846 - GOAT - DEBUG - Diving out
2025-07-14 17:18:04,846 - GOAT - DEBUG - self.alt: 1.278
2025-07-14 17:18:04,948 - GOAT - DEBUG - Diving out
2025-07-14 17:18:04,948 - GOAT - DEBUG - self.alt: 1.278
2025-07-14 17:18:05,049 - GOAT - DEBUG - Diving out
2025-07-14 17:18:05,049 - GOAT - DEBUG - self.alt: 1.278
2025-07-14 17:18:05,149 - GOAT - DEBUG - Diving out
2025-07-14 17:18:05,149 - GOAT - DEBUG - self.alt: 1.26
2025-07-14 17:18:05,250 - GOAT - DEBUG - Diving out
2025-07-14 17:18:05,250 - GOAT - DEBUG - self.alt: 1.26
2025-07-14 17:18:05,351 - GOAT - DEBUG - Diving out
2025-07-14 17:18:05,351 - GOAT - DEBUG - self.alt: 1.26
2025-07-14 17:18:05,451 - GOAT - DEBUG - Diving out
2025-07-14 17:18:05,451 - GOAT - DEBUG - self.alt: 1.26
2025-07-14 17:18:05,552 - GOAT - DEBUG - Diving out
2025-07-14 17:18:05,552 - GOAT - DEBUG - self.alt: 1.236
2025-07-14 17:18:05,645 - GOAT - DEBUG - self.state: MissionState.DIVING_OUT
2025-07-14 17:18:05,653 - GOAT - DEBUG - Diving out
2025-07-14 17:18:05,654 - GOAT - DEBUG - self.alt: 1.236
2025-07-14 17:18:05,755 - GOAT - DEBUG - Diving out
2025-07-14 17:18:05,755 - GOAT - DEBUG - self.alt: 1.236
2025-07-14 17:18:05,855 - GOAT - DEBUG - Diving out
2025-07-14 17:18:05,855 - GOAT - DEBUG - self.alt: 1.236
2025-07-14 17:18:05,956 - GOAT - DEBUG - Diving out
2025-07-14 17:18:05,956 - GOAT - DEBUG - self.alt: 1.236
2025-07-14 17:18:06,056 - GOAT - DEBUG - Diving out
2025-07-14 17:18:06,057 - GOAT - DEBUG - self.alt: 1.236
2025-07-14 17:18:06,157 - GOAT - DEBUG - Diving out
2025-07-14 17:18:06,157 - GOAT - DEBUG - self.alt: 1.214
2025-07-14 17:18:06,258 - GOAT - DEBUG - Diving out
2025-07-14 17:18:06,258 - GOAT - DEBUG - self.alt: 1.214
2025-07-14 17:18:06,359 - GOAT - DEBUG - Diving out
2025-07-14 17:18:06,360 - GOAT - DEBUG - self.alt: 1.214
2025-07-14 17:18:06,460 - GOAT - DEBUG - Diving out
2025-07-14 17:18:06,460 - GOAT - DEBUG - self.alt: 1.214
2025-07-14 17:18:06,561 - GOAT - DEBUG - Diving out
2025-07-14 17:18:06,561 - GOAT - DEBUG - self.alt: 1.214
2025-07-14 17:18:06,647 - GOAT - DEBUG - self.state: MissionState.DIVING_OUT
2025-07-14 17:18:06,662 - GOAT - DEBUG - Diving out
2025-07-14 17:18:06,662 - GOAT - DEBUG - self.alt: 1.214
2025-07-14 17:18:06,763 - GOAT - DEBUG - Diving out
2025-07-14 17:18:06,763 - GOAT - DEBUG - self.alt: 1.201
2025-07-14 17:18:06,864 - GOAT - DEBUG - Diving out
2025-07-14 17:18:06,864 - GOAT - DEBUG - self.alt: 1.201
2025-07-14 17:18:06,964 - GOAT - DEBUG - Diving out
2025-07-14 17:18:06,964 - GOAT - DEBUG - self.alt: 1.201
2025-07-14 17:18:07,065 - GOAT - DEBUG - Diving out
2025-07-14 17:18:07,065 - GOAT - DEBUG - self.alt: 1.201
2025-07-14 17:18:07,166 - GOAT - DEBUG - Diving out
2025-07-14 17:18:07,166 - GOAT - DEBUG - self.alt: 1.201
2025-07-14 17:18:07,267 - GOAT - DEBUG - Diving out
2025-07-14 17:18:07,267 - GOAT - DEBUG - self.alt: 1.177
2025-07-14 17:18:07,368 - GOAT - DEBUG - Diving out
2025-07-14 17:18:07,368 - GOAT - DEBUG - self.alt: 1.177
2025-07-14 17:18:07,469 - GOAT - DEBUG - Diving out
2025-07-14 17:18:07,469 - GOAT - DEBUG - self.alt: 1.177
2025-07-14 17:18:07,572 - GOAT - DEBUG - Diving out
2025-07-14 17:18:07,572 - GOAT - DEBUG - self.alt: 1.151
2025-07-14 17:18:07,648 - GOAT - DEBUG - self.state: MissionState.DIVING_OUT
2025-07-14 17:18:07,672 - GOAT - DEBUG - Diving out
2025-07-14 17:18:07,673 - GOAT - DEBUG - self.alt: 1.151
2025-07-14 17:18:07,773 - GOAT - DEBUG - Diving out
2025-07-14 17:18:07,773 - GOAT - DEBUG - self.alt: 1.151
2025-07-14 17:18:07,874 - GOAT - DEBUG - Diving out
2025-07-14 17:18:07,874 - GOAT - DEBUG - self.alt: 1.151
2025-07-14 17:18:07,976 - GOAT - DEBUG - Diving out
2025-07-14 17:18:07,978 - GOAT - DEBUG - self.alt: 1.151
2025-07-14 17:18:08,078 - GOAT - DEBUG - Diving out
2025-07-14 17:18:08,078 - GOAT - DEBUG - self.alt: 1.151
2025-07-14 17:18:08,180 - GOAT - DEBUG - Diving out
2025-07-14 17:18:08,180 - GOAT - DEBUG - self.alt: 1.106
2025-07-14 17:18:08,281 - GOAT - DEBUG - Diving out
2025-07-14 17:18:08,281 - GOAT - DEBUG - self.alt: 1.106
2025-07-14 17:18:08,381 - GOAT - DEBUG - Diving out
2025-07-14 17:18:08,381 - GOAT - DEBUG - self.alt: 1.106
2025-07-14 17:18:08,483 - GOAT - DEBUG - Diving out
2025-07-14 17:18:08,483 - GOAT - DEBUG - self.alt: 1.106
2025-07-14 17:18:08,584 - GOAT - DEBUG - Diving out
2025-07-14 17:18:08,584 - GOAT - DEBUG - self.alt: 1.106
2025-07-14 17:18:08,649 - GOAT - DEBUG - self.state: MissionState.DIVING_OUT
2025-07-14 17:18:08,684 - GOAT - DEBUG - Diving out
2025-07-14 17:18:08,685 - GOAT - DEBUG - self.alt: 1.106
2025-07-14 17:18:08,786 - GOAT - DEBUG - Diving out
2025-07-14 17:18:08,786 - GOAT - DEBUG - self.alt: 1.268
2025-07-14 17:18:08,888 - GOAT - DEBUG - Diving out
2025-07-14 17:18:08,888 - GOAT - DEBUG - self.alt: 1.268
2025-07-14 17:18:08,989 - GOAT - DEBUG - Diving out
2025-07-14 17:18:08,989 - GOAT - DEBUG - self.alt: 1.268
2025-07-14 17:18:09,090 - GOAT - DEBUG - Diving out
2025-07-14 17:18:09,090 - GOAT - DEBUG - self.alt: 1.268
2025-07-14 17:18:09,190 - GOAT - DEBUG - Diving out
2025-07-14 17:18:09,191 - GOAT - DEBUG - self.alt: 1.268
2025-07-14 17:18:09,291 - GOAT - DEBUG - Diving out
2025-07-14 17:18:09,291 - GOAT - DEBUG - self.alt: 1.348
2025-07-14 17:18:09,392 - GOAT - DEBUG - Diving out
2025-07-14 17:18:09,392 - GOAT - DEBUG - self.alt: 1.348
2025-07-14 17:18:09,492 - GOAT - DEBUG - Diving out
2025-07-14 17:18:09,492 - GOAT - DEBUG - self.alt: 1.348
2025-07-14 17:18:09,593 - GOAT - DEBUG - Diving out
2025-07-14 17:18:09,594 - GOAT - DEBUG - self.alt: 1.348
2025-07-14 17:18:09,650 - GOAT - DEBUG - self.state: MissionState.DIVING_OUT
2025-07-14 17:18:09,694 - GOAT - DEBUG - Diving out
2025-07-14 17:18:09,694 - GOAT - DEBUG - self.alt: 1.401
2025-07-14 17:18:09,795 - GOAT - DEBUG - Diving out
2025-07-14 17:18:09,795 - GOAT - DEBUG - self.alt: 1.401
2025-07-14 17:18:09,895 - GOAT - DEBUG - Diving out
2025-07-14 17:18:09,895 - GOAT - DEBUG - self.alt: 1.401
2025-07-14 17:18:09,997 - GOAT - DEBUG - Diving out
2025-07-14 17:18:09,997 - GOAT - DEBUG - self.alt: 1.401
2025-07-14 17:18:10,097 - GOAT - DEBUG - Diving out
2025-07-14 17:18:10,097 - GOAT - DEBUG - self.alt: 1.401
2025-07-14 17:18:10,198 - GOAT - DEBUG - Diving out
2025-07-14 17:18:10,198 - GOAT - DEBUG - self.alt: 1.413
2025-07-14 17:18:10,300 - GOAT - DEBUG - Diving out
2025-07-14 17:18:10,300 - GOAT - DEBUG - self.alt: 1.413
2025-07-14 17:18:10,401 - GOAT - DEBUG - Diving out
2025-07-14 17:18:10,401 - GOAT - DEBUG - self.alt: 1.413
2025-07-14 17:18:10,501 - GOAT - DEBUG - Diving out
2025-07-14 17:18:10,501 - GOAT - DEBUG - self.alt: 1.413
2025-07-14 17:18:10,602 - GOAT - DEBUG - Diving out
2025-07-14 17:18:10,602 - GOAT - DEBUG - self.alt: 1.413
2025-07-14 17:18:10,652 - GOAT - DEBUG - self.state: MissionState.DIVING_OUT
2025-07-14 17:18:10,703 - GOAT - DEBUG - Diving out
2025-07-14 17:18:10,703 - GOAT - DEBUG - self.alt: 1.413
2025-07-14 17:18:10,804 - GOAT - DEBUG - Diving out
2025-07-14 17:18:10,804 - GOAT - DEBUG - self.alt: 1.429
2025-07-14 17:18:10,905 - GOAT - DEBUG - Diving out
2025-07-14 17:18:10,905 - GOAT - DEBUG - self.alt: 1.429
2025-07-14 17:18:11,006 - GOAT - DEBUG - Diving out
2025-07-14 17:18:11,007 - GOAT - DEBUG - self.alt: 1.429
2025-07-14 17:18:11,107 - GOAT - DEBUG - Diving out
2025-07-14 17:18:11,107 - GOAT - DEBUG - self.alt: 1.429
2025-07-14 17:18:11,208 - GOAT - DEBUG - Diving out
2025-07-14 17:18:11,208 - GOAT - DEBUG - self.alt: 1.429
2025-07-14 17:18:11,311 - GOAT - DEBUG - Diving out
2025-07-14 17:18:11,311 - GOAT - DEBUG - self.alt: 1.453
2025-07-14 17:18:11,411 - GOAT - DEBUG - Diving out
2025-07-14 17:18:11,411 - GOAT - DEBUG - self.alt: 1.453
2025-07-14 17:18:11,512 - GOAT - DEBUG - Diving out
2025-07-14 17:18:11,512 - GOAT - DEBUG - self.alt: 1.453
2025-07-14 17:18:11,613 - GOAT - DEBUG - Diving out
2025-07-14 17:18:11,613 - GOAT - DEBUG - self.alt: 1.474
2025-07-14 17:18:11,653 - GOAT - DEBUG - self.state: MissionState.DIVING_OUT
2025-07-14 17:18:11,713 - GOAT - DEBUG - Diving out
2025-07-14 17:18:11,713 - GOAT - DEBUG - self.alt: 1.474
2025-07-14 17:18:11,814 - GOAT - DEBUG - Diving out
2025-07-14 17:18:11,815 - GOAT - DEBUG - self.alt: 1.474
2025-07-14 17:18:11,915 - GOAT - DEBUG - Diving out
2025-07-14 17:18:11,916 - GOAT - DEBUG - self.alt: 1.474
2025-07-14 17:18:12,016 - GOAT - DEBUG - Diving out
2025-07-14 17:18:12,016 - GOAT - DEBUG - self.alt: 1.474
2025-07-14 17:18:12,117 - GOAT - DEBUG - Diving out
2025-07-14 17:18:12,117 - GOAT - DEBUG - self.alt: 1.474
2025-07-14 17:18:12,218 - GOAT - DEBUG - Diving out
2025-07-14 17:18:12,218 - GOAT - DEBUG - self.alt: 1.496
2025-07-14 17:18:12,318 - GOAT - DEBUG - Diving out
2025-07-14 17:18:12,318 - GOAT - DEBUG - self.alt: 1.496
2025-07-14 17:18:12,420 - GOAT - DEBUG - Diving out
2025-07-14 17:18:12,420 - GOAT - DEBUG - self.alt: 1.496
2025-07-14 17:18:12,521 - GOAT - DEBUG - Diving out
2025-07-14 17:18:12,521 - GOAT - DEBUG - self.alt: 1.496
2025-07-14 17:18:12,622 - GOAT - DEBUG - Diving out
2025-07-14 17:18:12,623 - GOAT - DEBUG - self.alt: 1.496
2025-07-14 17:18:12,654 - GOAT - DEBUG - self.state: MissionState.DIVING_OUT
2025-07-14 17:18:12,724 - GOAT - DEBUG - Diving out
2025-07-14 17:18:12,724 - GOAT - DEBUG - self.alt: 1.805
2025-07-14 17:18:12,825 - GOAT - DEBUG - Diving out
2025-07-14 17:18:12,825 - GOAT - DEBUG - self.alt: 1.805
2025-07-14 17:18:12,926 - GOAT - DEBUG - Diving out
2025-07-14 17:18:12,926 - GOAT - DEBUG - self.alt: 1.805
2025-07-14 17:18:13,026 - GOAT - DEBUG - Diving out
2025-07-14 17:18:13,027 - GOAT - DEBUG - self.alt: 1.805
2025-07-14 17:18:13,127 - GOAT - DEBUG - Diving out
2025-07-14 17:18:13,127 - GOAT - DEBUG - self.alt: 1.805
2025-07-14 17:18:13,224 - GOAT - DEBUG - Connection closed.
