2025-07-14 12:17:30,767 - GOAT - DEBUG - Mission state is NEUTRAL.
2025-07-14 12:17:30,768 - GOAT - DEBUG - target_lat: 41.1015841, target_lon: 28.5525204
2025-07-14 12:17:30,768 - GOAT - DEBUG - start_altitude: 105target_altitude: 70stable_altitude: 80
2025-07-14 12:17:30,768 - GOAT - DEBUG - diving_distance: 100
2025-07-14 12:17:42,288 - GOAT - DEBUG - Connected to the aircraft.
2025-07-14 12:17:53,514 - GOAT - DEBUG - Received start command from Redis.
2025-07-14 12:18:55,843 - GOAT - DEBUG - ALTITUDE LOG ZERO !!!
2025-07-14 12:18:55,854 - GOAT - DEBUG - ALTITUDE LOG ZERO !!!
2025-07-14 12:18:55,864 - GOAT - DEBUG - ALTITUDE LOG ZERO !!!
2025-07-14 12:18:55,875 - GOAT - DEBUG - ALTITUDE LOG ZERO !!!
2025-07-14 12:18:55,887 - GOAT - DEBUG - ALTITUDE LOG ZERO !!!
2025-07-14 12:18:55,897 - GOAT - DEBUG - ALTITUDE LOG ZERO !!!
2025-07-14 12:18:55,908 - GOAT - DEBUG - ALTITUDE LOG ZERO !!!
2025-07-14 12:18:55,918 - GOAT - DEBUG - ALTITUDE LOG ZERO !!!
2025-07-14 12:18:55,929 - GOAT - DEBUG - ALTITUDE LOG ZERO !!!
2025-07-14 12:18:55,940 - GOAT - DEBUG - ALTITUDE LOG ZERO !!!
2025-07-14 12:18:55,951 - GOAT - DEBUG - ALTITUDE LOG ZERO !!!
2025-07-14 12:18:55,962 - GOAT - DEBUG - ALTITUDE LOG ZERO !!!
2025-07-14 12:18:55,972 - GOAT - DEBUG - ALTITUDE LOG ZERO !!!
2025-07-14 12:18:55,983 - GOAT - DEBUG - ALTITUDE LOG ZERO !!!
2025-07-14 12:18:55,996 - GOAT - DEBUG - ALTITUDE LOG ZERO !!!
2025-07-14 12:18:56,007 - GOAT - DEBUG - ALTITUDE LOG ZERO !!!
2025-07-14 12:18:56,017 - GOAT - DEBUG - ALTITUDE LOG ZERO !!!
2025-07-14 12:18:56,028 - GOAT - DEBUG - ALTITUDE LOG ZERO !!!
2025-07-14 12:18:56,038 - GOAT - DEBUG - ALTITUDE LOG ZERO !!!
2025-07-14 12:18:56,049 - GOAT - DEBUG - ALTITUDE LOG ZERO !!!
2025-07-14 12:18:56,059 - GOAT - DEBUG - ALTITUDE LOG ZERO !!!
2025-07-14 12:18:56,071 - GOAT - DEBUG - ALTITUDE LOG ZERO !!!
2025-07-14 12:18:56,081 - GOAT - DEBUG - ALTITUDE LOG ZERO !!!
2025-07-14 12:18:56,092 - GOAT - DEBUG - ALTITUDE LOG ZERO !!!
2025-07-14 12:18:56,103 - GOAT - DEBUG - ALTITUDE LOG ZERO !!!
2025-07-14 12:18:56,114 - GOAT - DEBUG - ALTITUDE LOG ZERO !!!
2025-07-14 12:18:56,124 - GOAT - DEBUG - ALTITUDE LOG ZERO !!!
2025-07-14 12:18:56,135 - GOAT - DEBUG - ALTITUDE LOG ZERO !!!
2025-07-14 12:18:56,146 - GOAT - DEBUG - ALTITUDE LOG ZERO !!!
2025-07-14 12:18:56,157 - GOAT - DEBUG - ALTITUDE LOG ZERO !!!
2025-07-14 12:18:56,168 - GOAT - DEBUG - ALTITUDE LOG ZERO !!!
2025-07-14 12:18:56,179 - GOAT - DEBUG - ALTITUDE LOG ZERO !!!
2025-07-14 12:18:56,190 - GOAT - DEBUG - ALTITUDE LOG ZERO !!!
2025-07-14 12:18:56,201 - GOAT - DEBUG - ALTITUDE LOG ZERO !!!
2025-07-14 12:18:56,211 - GOAT - DEBUG - ALTITUDE LOG ZERO !!!
2025-07-14 12:18:56,222 - GOAT - DEBUG - ALTITUDE LOG ZERO !!!
2025-07-14 12:18:56,233 - GOAT - DEBUG - ALTITUDE LOG ZERO !!!
2025-07-14 12:18:56,243 - GOAT - DEBUG - ALTITUDE LOG ZERO !!!
2025-07-14 12:18:56,254 - GOAT - DEBUG - ALTITUDE LOG ZERO !!!
2025-07-14 12:18:56,265 - GOAT - DEBUG - ALTITUDE LOG ZERO !!!
2025-07-14 12:18:56,276 - GOAT - DEBUG - ALTITUDE LOG ZERO !!!
2025-07-14 12:18:56,287 - GOAT - DEBUG - ALTITUDE LOG ZERO !!!
2025-07-14 12:18:56,297 - GOAT - DEBUG - ALTITUDE LOG ZERO !!!
2025-07-14 12:18:56,308 - GOAT - DEBUG - ALTITUDE LOG ZERO !!!
2025-07-14 12:18:56,320 - GOAT - DEBUG - ALTITUDE LOG ZERO !!!
2025-07-14 12:18:56,330 - GOAT - DEBUG - ALTITUDE LOG ZERO !!!
2025-07-14 12:18:56,341 - GOAT - DEBUG - ALTITUDE LOG ZERO !!!
2025-07-14 12:18:56,351 - GOAT - DEBUG - ALTITUDE LOG ZERO !!!
2025-07-14 12:18:56,362 - GOAT - DEBUG - ALTITUDE LOG ZERO !!!
2025-07-14 12:18:56,373 - GOAT - DEBUG - ALTITUDE LOG ZERO !!!
2025-07-14 12:18:56,383 - GOAT - DEBUG - ALTITUDE LOG ZERO !!!
2025-07-14 12:18:56,394 - GOAT - DEBUG - ALTITUDE LOG ZERO !!!
2025-07-14 12:18:56,405 - GOAT - DEBUG - ALTITUDE LOG ZERO !!!
2025-07-14 12:18:56,415 - GOAT - DEBUG - ALTITUDE LOG ZERO !!!
2025-07-14 12:18:58,436 - GOAT - DEBUG - ALTITUDE LOG ZERO !!!
2025-07-14 12:18:58,447 - GOAT - DEBUG - ALTITUDE LOG ZERO !!!
2025-07-14 12:18:58,458 - GOAT - DEBUG - ALTITUDE LOG ZERO !!!
2025-07-14 12:18:58,470 - GOAT - DEBUG - ALTITUDE LOG ZERO !!!
2025-07-14 12:18:58,480 - GOAT - DEBUG - ALTITUDE LOG ZERO !!!
2025-07-14 12:18:58,491 - GOAT - DEBUG - ALTITUDE LOG ZERO !!!
2025-07-14 12:18:58,502 - GOAT - DEBUG - ALTITUDE LOG ZERO !!!
2025-07-14 12:18:58,512 - GOAT - DEBUG - ALTITUDE LOG ZERO !!!
2025-07-14 12:18:58,523 - GOAT - DEBUG - ALTITUDE LOG ZERO !!!
2025-07-14 12:18:58,534 - GOAT - DEBUG - ALTITUDE LOG ZERO !!!
2025-07-14 12:18:58,545 - GOAT - DEBUG - ALTITUDE LOG ZERO !!!
2025-07-14 12:18:58,556 - GOAT - DEBUG - ALTITUDE LOG ZERO !!!
2025-07-14 12:18:58,567 - GOAT - DEBUG - ALTITUDE LOG ZERO !!!
2025-07-14 12:18:58,578 - GOAT - DEBUG - ALTITUDE LOG ZERO !!!
2025-07-14 12:18:58,589 - GOAT - DEBUG - ALTITUDE LOG ZERO !!!
2025-07-14 12:18:58,600 - GOAT - DEBUG - ALTITUDE LOG ZERO !!!
2025-07-14 12:18:58,611 - GOAT - DEBUG - ALTITUDE LOG ZERO !!!
2025-07-14 12:18:58,622 - GOAT - DEBUG - ALTITUDE LOG ZERO !!!
2025-07-14 12:18:58,633 - GOAT - DEBUG - ALTITUDE LOG ZERO !!!
2025-07-14 12:18:58,644 - GOAT - DEBUG - ALTITUDE LOG ZERO !!!
2025-07-14 12:18:58,655 - GOAT - DEBUG - ALTITUDE LOG ZERO !!!
2025-07-14 12:18:58,666 - GOAT - DEBUG - ALTITUDE LOG ZERO !!!
2025-07-14 12:18:58,677 - GOAT - DEBUG - ALTITUDE LOG ZERO !!!
2025-07-14 12:18:58,688 - GOAT - DEBUG - ALTITUDE LOG ZERO !!!
2025-07-14 12:18:58,698 - GOAT - DEBUG - ALTITUDE LOG ZERO !!!
2025-07-14 12:18:58,709 - GOAT - DEBUG - ALTITUDE LOG ZERO !!!
2025-07-14 12:18:58,721 - GOAT - DEBUG - ALTITUDE LOG ZERO !!!
2025-07-14 12:18:58,731 - GOAT - DEBUG - ALTITUDE LOG ZERO !!!
2025-07-14 12:18:58,743 - GOAT - DEBUG - ALTITUDE LOG ZERO !!!
2025-07-14 12:18:58,753 - GOAT - DEBUG - ALTITUDE LOG ZERO !!!
2025-07-14 12:18:58,764 - GOAT - DEBUG - ALTITUDE LOG ZERO !!!
2025-07-14 12:18:58,775 - GOAT - DEBUG - ALTITUDE LOG ZERO !!!
2025-07-14 12:18:58,786 - GOAT - DEBUG - ALTITUDE LOG ZERO !!!
2025-07-14 12:18:58,797 - GOAT - DEBUG - ALTITUDE LOG ZERO !!!
2025-07-14 12:18:58,808 - GOAT - DEBUG - ALTITUDE LOG ZERO !!!
2025-07-14 12:18:58,818 - GOAT - DEBUG - ALTITUDE LOG ZERO !!!
2025-07-14 12:18:58,829 - GOAT - DEBUG - ALTITUDE LOG ZERO !!!
2025-07-14 12:18:58,839 - GOAT - DEBUG - ALTITUDE LOG ZERO !!!
2025-07-14 12:18:58,850 - GOAT - DEBUG - ALTITUDE LOG ZERO !!!
2025-07-14 12:18:58,861 - GOAT - DEBUG - ALTITUDE LOG ZERO !!!
2025-07-14 12:18:58,872 - GOAT - DEBUG - ALTITUDE LOG ZERO !!!
2025-07-14 12:18:58,882 - GOAT - DEBUG - ALTITUDE LOG ZERO !!!
2025-07-14 12:18:58,894 - GOAT - DEBUG - ALTITUDE LOG ZERO !!!
2025-07-14 12:18:58,905 - GOAT - DEBUG - ALTITUDE LOG ZERO !!!
2025-07-14 12:18:58,916 - GOAT - DEBUG - ALTITUDE LOG ZERO !!!
2025-07-14 12:18:58,928 - GOAT - DEBUG - ALTITUDE LOG ZERO !!!
2025-07-14 12:18:58,938 - GOAT - DEBUG - ALTITUDE LOG ZERO !!!
2025-07-14 12:18:58,949 - GOAT - DEBUG - ALTITUDE LOG ZERO !!!
2025-07-14 12:18:58,959 - GOAT - DEBUG - ALTITUDE LOG ZERO !!!
2025-07-14 12:18:58,970 - GOAT - DEBUG - ALTITUDE LOG ZERO !!!
2025-07-14 12:18:58,981 - GOAT - DEBUG - ALTITUDE LOG ZERO !!!
2025-07-14 12:18:58,992 - GOAT - DEBUG - ALTITUDE LOG ZERO !!!
2025-07-14 12:20:12,152 - GOAT - DEBUG - ALTITUDE LOG ZERO !!!
2025-07-14 12:20:12,162 - GOAT - DEBUG - ALTITUDE LOG ZERO !!!
2025-07-14 12:20:12,173 - GOAT - DEBUG - ALTITUDE LOG ZERO !!!
2025-07-14 12:20:12,184 - GOAT - DEBUG - ALTITUDE LOG ZERO !!!
2025-07-14 12:20:12,194 - GOAT - DEBUG - ALTITUDE LOG ZERO !!!
2025-07-14 12:20:12,207 - GOAT - DEBUG - ALTITUDE LOG ZERO !!!
2025-07-14 12:20:12,218 - GOAT - DEBUG - ALTITUDE LOG ZERO !!!
2025-07-14 12:20:12,229 - GOAT - DEBUG - ALTITUDE LOG ZERO !!!
2025-07-14 12:20:12,240 - GOAT - DEBUG - ALTITUDE LOG ZERO !!!
2025-07-14 12:20:12,251 - GOAT - DEBUG - ALTITUDE LOG ZERO !!!
2025-07-14 12:20:12,262 - GOAT - DEBUG - ALTITUDE LOG ZERO !!!
2025-07-14 12:20:12,272 - GOAT - DEBUG - ALTITUDE LOG ZERO !!!
2025-07-14 12:20:12,283 - GOAT - DEBUG - ALTITUDE LOG ZERO !!!
2025-07-14 12:20:12,294 - GOAT - DEBUG - ALTITUDE LOG ZERO !!!
2025-07-14 12:20:12,304 - GOAT - DEBUG - ALTITUDE LOG ZERO !!!
2025-07-14 12:20:12,315 - GOAT - DEBUG - ALTITUDE LOG ZERO !!!
2025-07-14 12:20:12,327 - GOAT - DEBUG - ALTITUDE LOG ZERO !!!
2025-07-14 12:20:12,338 - GOAT - DEBUG - ALTITUDE LOG ZERO !!!
2025-07-14 12:20:12,350 - GOAT - DEBUG - ALTITUDE LOG ZERO !!!
2025-07-14 12:20:12,360 - GOAT - DEBUG - ALTITUDE LOG ZERO !!!
2025-07-14 12:20:12,371 - GOAT - DEBUG - ALTITUDE LOG ZERO !!!
2025-07-14 12:20:12,382 - GOAT - DEBUG - ALTITUDE LOG ZERO !!!
2025-07-14 12:20:12,392 - GOAT - DEBUG - ALTITUDE LOG ZERO !!!
2025-07-14 12:20:12,403 - GOAT - DEBUG - ALTITUDE LOG ZERO !!!
2025-07-14 12:20:12,413 - GOAT - DEBUG - ALTITUDE LOG ZERO !!!
2025-07-14 12:20:12,425 - GOAT - DEBUG - ALTITUDE LOG ZERO !!!
2025-07-14 12:20:12,436 - GOAT - DEBUG - ALTITUDE LOG ZERO !!!
2025-07-14 12:20:12,446 - GOAT - DEBUG - ALTITUDE LOG ZERO !!!
2025-07-14 12:20:12,457 - GOAT - DEBUG - ALTITUDE LOG ZERO !!!
2025-07-14 12:20:12,468 - GOAT - DEBUG - ALTITUDE LOG ZERO !!!
2025-07-14 12:20:12,479 - GOAT - DEBUG - ALTITUDE LOG ZERO !!!
2025-07-14 12:21:11,192 - GOAT - DEBUG - ALTITUDE LOG ZERO !!!
2025-07-14 12:21:11,203 - GOAT - DEBUG - ALTITUDE LOG ZERO !!!
2025-07-14 12:21:11,214 - GOAT - DEBUG - ALTITUDE LOG ZERO !!!
2025-07-14 12:21:11,226 - GOAT - DEBUG - ALTITUDE LOG ZERO !!!
2025-07-14 12:21:11,237 - GOAT - DEBUG - ALTITUDE LOG ZERO !!!
2025-07-14 12:21:11,248 - GOAT - DEBUG - ALTITUDE LOG ZERO !!!
2025-07-14 12:21:11,259 - GOAT - DEBUG - ALTITUDE LOG ZERO !!!
2025-07-14 12:21:11,270 - GOAT - DEBUG - ALTITUDE LOG ZERO !!!
2025-07-14 12:21:11,281 - GOAT - DEBUG - ALTITUDE LOG ZERO !!!
2025-07-14 12:21:11,293 - GOAT - DEBUG - ALTITUDE LOG ZERO !!!
2025-07-14 12:21:11,304 - GOAT - DEBUG - ALTITUDE LOG ZERO !!!
2025-07-14 12:21:11,315 - GOAT - DEBUG - ALTITUDE LOG ZERO !!!
2025-07-14 12:21:11,326 - GOAT - DEBUG - ALTITUDE LOG ZERO !!!
2025-07-14 12:21:11,336 - GOAT - DEBUG - ALTITUDE LOG ZERO !!!
2025-07-14 12:21:11,347 - GOAT - DEBUG - ALTITUDE LOG ZERO !!!
2025-07-14 12:21:11,358 - GOAT - DEBUG - ALTITUDE LOG ZERO !!!
2025-07-14 12:21:11,370 - GOAT - DEBUG - ALTITUDE LOG ZERO !!!
2025-07-14 12:21:11,380 - GOAT - DEBUG - ALTITUDE LOG ZERO !!!
2025-07-14 12:21:11,391 - GOAT - DEBUG - ALTITUDE LOG ZERO !!!
2025-07-14 12:21:11,401 - GOAT - DEBUG - ALTITUDE LOG ZERO !!!
2025-07-14 12:21:11,412 - GOAT - DEBUG - ALTITUDE LOG ZERO !!!
2025-07-14 12:21:11,423 - GOAT - DEBUG - ALTITUDE LOG ZERO !!!
2025-07-14 12:21:11,434 - GOAT - DEBUG - ALTITUDE LOG ZERO !!!
2025-07-14 12:21:11,446 - GOAT - DEBUG - ALTITUDE LOG ZERO !!!
2025-07-14 12:21:11,457 - GOAT - DEBUG - ALTITUDE LOG ZERO !!!
2025-07-14 12:21:11,467 - GOAT - DEBUG - ALTITUDE LOG ZERO !!!
2025-07-14 12:21:11,478 - GOAT - DEBUG - ALTITUDE LOG ZERO !!!
2025-07-14 12:21:11,489 - GOAT - DEBUG - ALTITUDE LOG ZERO !!!
2025-07-14 12:21:11,500 - GOAT - DEBUG - ALTITUDE LOG ZERO !!!
2025-07-14 12:21:11,511 - GOAT - DEBUG - ALTITUDE LOG ZERO !!!
2025-07-14 12:21:11,522 - GOAT - DEBUG - ALTITUDE LOG ZERO !!!
2025-07-14 12:21:11,532 - GOAT - DEBUG - ALTITUDE LOG ZERO !!!
2025-07-14 12:21:11,543 - GOAT - DEBUG - ALTITUDE LOG ZERO !!!
2025-07-14 12:21:11,555 - GOAT - DEBUG - ALTITUDE LOG ZERO !!!
2025-07-14 12:21:11,566 - GOAT - DEBUG - ALTITUDE LOG ZERO !!!
2025-07-14 12:22:45,603 - GOAT - DEBUG - ALTITUDE LOG ZERO !!!
2025-07-14 12:22:45,614 - GOAT - DEBUG - ALTITUDE LOG ZERO !!!
2025-07-14 12:22:45,625 - GOAT - DEBUG - ALTITUDE LOG ZERO !!!
2025-07-14 12:22:45,637 - GOAT - DEBUG - ALTITUDE LOG ZERO !!!
2025-07-14 12:22:45,648 - GOAT - DEBUG - ALTITUDE LOG ZERO !!!
2025-07-14 12:22:45,660 - GOAT - DEBUG - ALTITUDE LOG ZERO !!!
2025-07-14 12:22:45,670 - GOAT - DEBUG - ALTITUDE LOG ZERO !!!
2025-07-14 12:22:45,681 - GOAT - DEBUG - ALTITUDE LOG ZERO !!!
2025-07-14 12:22:45,693 - GOAT - DEBUG - ALTITUDE LOG ZERO !!!
2025-07-14 12:22:45,704 - GOAT - DEBUG - ALTITUDE LOG ZERO !!!
2025-07-14 12:22:45,715 - GOAT - DEBUG - ALTITUDE LOG ZERO !!!
2025-07-14 12:22:45,726 - GOAT - DEBUG - ALTITUDE LOG ZERO !!!
2025-07-14 12:22:45,736 - GOAT - DEBUG - ALTITUDE LOG ZERO !!!
2025-07-14 12:22:45,747 - GOAT - DEBUG - ALTITUDE LOG ZERO !!!
2025-07-14 12:22:45,758 - GOAT - DEBUG - ALTITUDE LOG ZERO !!!
2025-07-14 12:22:45,770 - GOAT - DEBUG - ALTITUDE LOG ZERO !!!
2025-07-14 12:22:45,781 - GOAT - DEBUG - ALTITUDE LOG ZERO !!!
2025-07-14 12:22:45,792 - GOAT - DEBUG - ALTITUDE LOG ZERO !!!
2025-07-14 12:22:45,802 - GOAT - DEBUG - ALTITUDE LOG ZERO !!!
2025-07-14 12:22:45,813 - GOAT - DEBUG - ALTITUDE LOG ZERO !!!
2025-07-14 12:22:45,824 - GOAT - DEBUG - ALTITUDE LOG ZERO !!!
2025-07-14 12:22:45,834 - GOAT - DEBUG - ALTITUDE LOG ZERO !!!
2025-07-14 12:22:45,846 - GOAT - DEBUG - ALTITUDE LOG ZERO !!!
2025-07-14 12:22:45,857 - GOAT - DEBUG - ALTITUDE LOG ZERO !!!
2025-07-14 12:22:45,868 - GOAT - DEBUG - ALTITUDE LOG ZERO !!!
2025-07-14 12:22:45,879 - GOAT - DEBUG - ALTITUDE LOG ZERO !!!
2025-07-14 12:22:45,890 - GOAT - DEBUG - ALTITUDE LOG ZERO !!!
2025-07-14 12:22:45,901 - GOAT - DEBUG - ALTITUDE LOG ZERO !!!
2025-07-14 12:22:45,912 - GOAT - DEBUG - ALTITUDE LOG ZERO !!!
2025-07-14 12:22:45,923 - GOAT - DEBUG - ALTITUDE LOG ZERO !!!
2025-07-14 12:22:45,935 - GOAT - DEBUG - ALTITUDE LOG ZERO !!!
2025-07-14 12:22:45,946 - GOAT - DEBUG - ALTITUDE LOG ZERO !!!
2025-07-14 12:22:45,956 - GOAT - DEBUG - ALTITUDE LOG ZERO !!!
2025-07-14 12:22:45,968 - GOAT - DEBUG - ALTITUDE LOG ZERO !!!
2025-07-14 12:22:45,979 - GOAT - DEBUG - ALTITUDE LOG ZERO !!!
2025-07-14 12:22:45,990 - GOAT - DEBUG - ALTITUDE LOG ZERO !!!
2025-07-14 12:22:46,001 - GOAT - DEBUG - ALTITUDE LOG ZERO !!!
2025-07-14 12:22:46,011 - GOAT - DEBUG - ALTITUDE LOG ZERO !!!
2025-07-14 12:22:46,022 - GOAT - DEBUG - ALTITUDE LOG ZERO !!!
2025-07-14 12:22:46,034 - GOAT - DEBUG - ALTITUDE LOG ZERO !!!
2025-07-14 12:22:46,045 - GOAT - DEBUG - ALTITUDE LOG ZERO !!!
2025-07-14 12:22:46,055 - GOAT - DEBUG - ALTITUDE LOG ZERO !!!
2025-07-14 12:22:46,066 - GOAT - DEBUG - ALTITUDE LOG ZERO !!!
2025-07-14 12:22:46,077 - GOAT - DEBUG - ALTITUDE LOG ZERO !!!
2025-07-14 12:22:46,089 - GOAT - DEBUG - ALTITUDE LOG ZERO !!!
2025-07-14 12:22:46,100 - GOAT - DEBUG - ALTITUDE LOG ZERO !!!
2025-07-14 12:22:46,111 - GOAT - DEBUG - ALTITUDE LOG ZERO !!!
2025-07-14 12:22:46,121 - GOAT - DEBUG - ALTITUDE LOG ZERO !!!
2025-07-14 12:22:46,132 - GOAT - DEBUG - ALTITUDE LOG ZERO !!!
2025-07-14 12:22:46,143 - GOAT - DEBUG - ALTITUDE LOG ZERO !!!
2025-07-14 12:23:13,397 - GOAT - DEBUG - ALTITUDE LOG ZERO !!!
2025-07-14 12:23:13,408 - GOAT - DEBUG - ALTITUDE LOG ZERO !!!
2025-07-14 12:23:13,419 - GOAT - DEBUG - ALTITUDE LOG ZERO !!!
2025-07-14 12:23:13,431 - GOAT - DEBUG - ALTITUDE LOG ZERO !!!
2025-07-14 12:23:13,442 - GOAT - DEBUG - ALTITUDE LOG ZERO !!!
2025-07-14 12:23:13,452 - GOAT - DEBUG - ALTITUDE LOG ZERO !!!
2025-07-14 12:23:13,463 - GOAT - DEBUG - ALTITUDE LOG ZERO !!!
2025-07-14 12:23:13,475 - GOAT - DEBUG - ALTITUDE LOG ZERO !!!
2025-07-14 12:23:13,486 - GOAT - DEBUG - ALTITUDE LOG ZERO !!!
2025-07-14 12:23:13,496 - GOAT - DEBUG - ALTITUDE LOG ZERO !!!
2025-07-14 12:23:13,507 - GOAT - DEBUG - ALTITUDE LOG ZERO !!!
2025-07-14 12:23:13,517 - GOAT - DEBUG - ALTITUDE LOG ZERO !!!
2025-07-14 12:23:13,528 - GOAT - DEBUG - ALTITUDE LOG ZERO !!!
2025-07-14 12:23:13,539 - GOAT - DEBUG - ALTITUDE LOG ZERO !!!
2025-07-14 12:23:13,550 - GOAT - DEBUG - ALTITUDE LOG ZERO !!!
2025-07-14 12:23:13,562 - GOAT - DEBUG - ALTITUDE LOG ZERO !!!
2025-07-14 12:23:13,572 - GOAT - DEBUG - ALTITUDE LOG ZERO !!!
2025-07-14 12:23:13,583 - GOAT - DEBUG - ALTITUDE LOG ZERO !!!
2025-07-14 12:23:13,593 - GOAT - DEBUG - ALTITUDE LOG ZERO !!!
2025-07-14 12:23:13,604 - GOAT - DEBUG - ALTITUDE LOG ZERO !!!
2025-07-14 12:23:13,617 - GOAT - DEBUG - ALTITUDE LOG ZERO !!!
2025-07-14 12:23:13,627 - GOAT - DEBUG - ALTITUDE LOG ZERO !!!
2025-07-14 12:23:13,638 - GOAT - DEBUG - ALTITUDE LOG ZERO !!!
2025-07-14 12:23:13,648 - GOAT - DEBUG - ALTITUDE LOG ZERO !!!
2025-07-14 12:23:13,659 - GOAT - DEBUG - ALTITUDE LOG ZERO !!!
2025-07-14 12:23:13,670 - GOAT - DEBUG - ALTITUDE LOG ZERO !!!
2025-07-14 12:23:13,681 - GOAT - DEBUG - ALTITUDE LOG ZERO !!!
2025-07-14 12:23:13,692 - GOAT - DEBUG - ALTITUDE LOG ZERO !!!
2025-07-14 12:23:13,703 - GOAT - DEBUG - ALTITUDE LOG ZERO !!!
2025-07-14 12:23:13,714 - GOAT - DEBUG - ALTITUDE LOG ZERO !!!
2025-07-14 12:23:13,725 - GOAT - DEBUG - ALTITUDE LOG ZERO !!!
2025-07-14 12:23:13,736 - GOAT - DEBUG - ALTITUDE LOG ZERO !!!
2025-07-14 12:23:13,747 - GOAT - DEBUG - ALTITUDE LOG ZERO !!!
2025-07-14 12:23:13,758 - GOAT - DEBUG - ALTITUDE LOG ZERO !!!
2025-07-14 12:23:13,769 - GOAT - DEBUG - ALTITUDE LOG ZERO !!!
2025-07-14 12:23:13,779 - GOAT - DEBUG - ALTITUDE LOG ZERO !!!
2025-07-14 12:23:13,791 - GOAT - DEBUG - ALTITUDE LOG ZERO !!!
2025-07-14 12:23:13,801 - GOAT - DEBUG - ALTITUDE LOG ZERO !!!
2025-07-14 12:23:13,812 - GOAT - DEBUG - ALTITUDE LOG ZERO !!!
2025-07-14 12:23:13,823 - GOAT - DEBUG - ALTITUDE LOG ZERO !!!
2025-07-14 12:23:13,833 - GOAT - DEBUG - ALTITUDE LOG ZERO !!!
2025-07-14 12:23:13,845 - GOAT - DEBUG - ALTITUDE LOG ZERO !!!
2025-07-14 12:23:13,856 - GOAT - DEBUG - ALTITUDE LOG ZERO !!!
2025-07-14 12:23:13,866 - GOAT - DEBUG - ALTITUDE LOG ZERO !!!
2025-07-14 12:23:13,877 - GOAT - DEBUG - ALTITUDE LOG ZERO !!!
2025-07-14 12:23:13,888 - GOAT - DEBUG - ALTITUDE LOG ZERO !!!
2025-07-14 12:23:13,899 - GOAT - DEBUG - ALTITUDE LOG ZERO !!!
2025-07-14 12:23:13,910 - GOAT - DEBUG - ALTITUDE LOG ZERO !!!
2025-07-14 12:23:13,921 - GOAT - DEBUG - ALTITUDE LOG ZERO !!!
2025-07-14 12:23:13,932 - GOAT - DEBUG - ALTITUDE LOG ZERO !!!
2025-07-14 12:25:29,445 - GOAT - DEBUG - ALTITUDE LOG ZERO !!!
2025-07-14 12:25:29,456 - GOAT - DEBUG - ALTITUDE LOG ZERO !!!
2025-07-14 12:25:29,467 - GOAT - DEBUG - ALTITUDE LOG ZERO !!!
2025-07-14 12:25:29,478 - GOAT - DEBUG - ALTITUDE LOG ZERO !!!
2025-07-14 12:25:29,489 - GOAT - DEBUG - ALTITUDE LOG ZERO !!!
2025-07-14 12:25:29,501 - GOAT - DEBUG - ALTITUDE LOG ZERO !!!
2025-07-14 12:25:29,512 - GOAT - DEBUG - ALTITUDE LOG ZERO !!!
2025-07-14 12:25:29,523 - GOAT - DEBUG - ALTITUDE LOG ZERO !!!
2025-07-14 12:25:29,534 - GOAT - DEBUG - ALTITUDE LOG ZERO !!!
2025-07-14 12:25:29,546 - GOAT - DEBUG - ALTITUDE LOG ZERO !!!
2025-07-14 12:25:29,556 - GOAT - DEBUG - ALTITUDE LOG ZERO !!!
2025-07-14 12:25:29,567 - GOAT - DEBUG - ALTITUDE LOG ZERO !!!
2025-07-14 12:25:29,579 - GOAT - DEBUG - ALTITUDE LOG ZERO !!!
2025-07-14 12:25:29,590 - GOAT - DEBUG - ALTITUDE LOG ZERO !!!
2025-07-14 12:25:29,602 - GOAT - DEBUG - ALTITUDE LOG ZERO !!!
2025-07-14 12:25:29,612 - GOAT - DEBUG - ALTITUDE LOG ZERO !!!
2025-07-14 12:25:29,623 - GOAT - DEBUG - ALTITUDE LOG ZERO !!!
2025-07-14 12:25:29,634 - GOAT - DEBUG - ALTITUDE LOG ZERO !!!
2025-07-14 12:25:29,645 - GOAT - DEBUG - ALTITUDE LOG ZERO !!!
2025-07-14 12:25:29,656 - GOAT - DEBUG - ALTITUDE LOG ZERO !!!
2025-07-14 12:25:29,667 - GOAT - DEBUG - ALTITUDE LOG ZERO !!!
2025-07-14 12:25:29,677 - GOAT - DEBUG - ALTITUDE LOG ZERO !!!
2025-07-14 12:25:29,688 - GOAT - DEBUG - ALTITUDE LOG ZERO !!!
2025-07-14 12:25:29,699 - GOAT - DEBUG - ALTITUDE LOG ZERO !!!
2025-07-14 12:25:29,710 - GOAT - DEBUG - ALTITUDE LOG ZERO !!!
2025-07-14 12:25:29,721 - GOAT - DEBUG - ALTITUDE LOG ZERO !!!
2025-07-14 12:25:29,733 - GOAT - DEBUG - ALTITUDE LOG ZERO !!!
2025-07-14 12:25:29,743 - GOAT - DEBUG - ALTITUDE LOG ZERO !!!
2025-07-14 12:25:29,754 - GOAT - DEBUG - ALTITUDE LOG ZERO !!!
2025-07-14 12:25:29,765 - GOAT - DEBUG - ALTITUDE LOG ZERO !!!
2025-07-14 12:25:29,776 - GOAT - DEBUG - ALTITUDE LOG ZERO !!!
2025-07-14 12:25:29,787 - GOAT - DEBUG - ALTITUDE LOG ZERO !!!
2025-07-14 12:25:29,797 - GOAT - DEBUG - ALTITUDE LOG ZERO !!!
2025-07-14 12:25:29,808 - GOAT - DEBUG - ALTITUDE LOG ZERO !!!
2025-07-14 12:25:29,819 - GOAT - DEBUG - ALTITUDE LOG ZERO !!!
2025-07-14 12:25:29,830 - GOAT - DEBUG - ALTITUDE LOG ZERO !!!
2025-07-14 12:25:29,841 - GOAT - DEBUG - ALTITUDE LOG ZERO !!!
2025-07-14 12:25:29,852 - GOAT - DEBUG - ALTITUDE LOG ZERO !!!
2025-07-14 12:25:29,863 - GOAT - DEBUG - ALTITUDE LOG ZERO !!!
2025-07-14 12:25:29,874 - GOAT - DEBUG - ALTITUDE LOG ZERO !!!
2025-07-14 12:25:29,885 - GOAT - DEBUG - ALTITUDE LOG ZERO !!!
2025-07-14 12:25:29,897 - GOAT - DEBUG - ALTITUDE LOG ZERO !!!
2025-07-14 12:25:29,908 - GOAT - DEBUG - ALTITUDE LOG ZERO !!!
2025-07-14 12:25:29,918 - GOAT - DEBUG - ALTITUDE LOG ZERO !!!
2025-07-14 12:25:29,929 - GOAT - DEBUG - ALTITUDE LOG ZERO !!!
2025-07-14 12:25:29,940 - GOAT - DEBUG - ALTITUDE LOG ZERO !!!
2025-07-14 12:25:29,952 - GOAT - DEBUG - ALTITUDE LOG ZERO !!!
2025-07-14 12:25:30,807 - GOAT - DEBUG - ALTITUDE LOG ZERO !!!
2025-07-14 12:25:30,817 - GOAT - DEBUG - ALTITUDE LOG ZERO !!!
2025-07-14 12:25:30,828 - GOAT - DEBUG - ALTITUDE LOG ZERO !!!
2025-07-14 12:25:30,839 - GOAT - DEBUG - ALTITUDE LOG ZERO !!!
2025-07-14 12:25:30,850 - GOAT - DEBUG - ALTITUDE LOG ZERO !!!
2025-07-14 12:25:30,861 - GOAT - DEBUG - ALTITUDE LOG ZERO !!!
2025-07-14 12:25:30,873 - GOAT - DEBUG - ALTITUDE LOG ZERO !!!
2025-07-14 12:25:30,884 - GOAT - DEBUG - ALTITUDE LOG ZERO !!!
2025-07-14 12:25:30,894 - GOAT - DEBUG - ALTITUDE LOG ZERO !!!
2025-07-14 12:25:30,905 - GOAT - DEBUG - ALTITUDE LOG ZERO !!!
2025-07-14 12:25:30,915 - GOAT - DEBUG - ALTITUDE LOG ZERO !!!
2025-07-14 12:25:30,926 - GOAT - DEBUG - ALTITUDE LOG ZERO !!!
2025-07-14 12:25:30,937 - GOAT - DEBUG - ALTITUDE LOG ZERO !!!
2025-07-14 12:25:30,948 - GOAT - DEBUG - ALTITUDE LOG ZERO !!!
2025-07-14 12:25:30,958 - GOAT - DEBUG - ALTITUDE LOG ZERO !!!
2025-07-14 12:25:30,969 - GOAT - DEBUG - ALTITUDE LOG ZERO !!!
2025-07-14 12:25:30,980 - GOAT - DEBUG - ALTITUDE LOG ZERO !!!
2025-07-14 12:25:30,992 - GOAT - DEBUG - ALTITUDE LOG ZERO !!!
2025-07-14 12:25:31,003 - GOAT - DEBUG - ALTITUDE LOG ZERO !!!
2025-07-14 12:25:31,015 - GOAT - DEBUG - ALTITUDE LOG ZERO !!!
2025-07-14 12:25:31,026 - GOAT - DEBUG - ALTITUDE LOG ZERO !!!
2025-07-14 12:25:31,037 - GOAT - DEBUG - ALTITUDE LOG ZERO !!!
2025-07-14 12:25:31,048 - GOAT - DEBUG - ALTITUDE LOG ZERO !!!
2025-07-14 12:25:31,059 - GOAT - DEBUG - ALTITUDE LOG ZERO !!!
2025-07-14 12:25:31,070 - GOAT - DEBUG - ALTITUDE LOG ZERO !!!
2025-07-14 12:25:31,081 - GOAT - DEBUG - ALTITUDE LOG ZERO !!!
2025-07-14 12:25:31,093 - GOAT - DEBUG - ALTITUDE LOG ZERO !!!
2025-07-14 12:25:31,104 - GOAT - DEBUG - ALTITUDE LOG ZERO !!!
2025-07-14 12:25:31,116 - GOAT - DEBUG - ALTITUDE LOG ZERO !!!
2025-07-14 12:25:31,127 - GOAT - DEBUG - ALTITUDE LOG ZERO !!!
2025-07-14 12:25:31,139 - GOAT - DEBUG - ALTITUDE LOG ZERO !!!
2025-07-14 12:25:31,150 - GOAT - DEBUG - ALTITUDE LOG ZERO !!!
2025-07-14 12:25:31,160 - GOAT - DEBUG - ALTITUDE LOG ZERO !!!
2025-07-14 12:25:31,172 - GOAT - DEBUG - ALTITUDE LOG ZERO !!!
2025-07-14 12:25:31,183 - GOAT - DEBUG - ALTITUDE LOG ZERO !!!
2025-07-14 12:25:31,195 - GOAT - DEBUG - ALTITUDE LOG ZERO !!!
2025-07-14 12:25:31,206 - GOAT - DEBUG - ALTITUDE LOG ZERO !!!
2025-07-14 12:25:31,216 - GOAT - DEBUG - ALTITUDE LOG ZERO !!!
2025-07-14 12:25:31,227 - GOAT - DEBUG - ALTITUDE LOG ZERO !!!
2025-07-14 12:25:31,238 - GOAT - DEBUG - ALTITUDE LOG ZERO !!!
2025-07-14 12:25:31,249 - GOAT - DEBUG - ALTITUDE LOG ZERO !!!
2025-07-14 12:25:31,260 - GOAT - DEBUG - ALTITUDE LOG ZERO !!!
2025-07-14 12:25:31,271 - GOAT - DEBUG - ALTITUDE LOG ZERO !!!
2025-07-14 12:25:31,282 - GOAT - DEBUG - ALTITUDE LOG ZERO !!!
2025-07-14 12:25:31,293 - GOAT - DEBUG - ALTITUDE LOG ZERO !!!
2025-07-14 12:25:31,303 - GOAT - DEBUG - ALTITUDE LOG ZERO !!!
2025-07-14 12:25:31,314 - GOAT - DEBUG - ALTITUDE LOG ZERO !!!
2025-07-14 12:25:31,325 - GOAT - DEBUG - ALTITUDE LOG ZERO !!!
2025-07-14 12:25:37,467 - GOAT - DEBUG - ALTITUDE LOG ZERO !!!
2025-07-14 12:25:37,478 - GOAT - DEBUG - ALTITUDE LOG ZERO !!!
2025-07-14 12:25:37,489 - GOAT - DEBUG - ALTITUDE LOG ZERO !!!
2025-07-14 12:25:37,500 - GOAT - DEBUG - ALTITUDE LOG ZERO !!!
2025-07-14 12:25:37,511 - GOAT - DEBUG - ALTITUDE LOG ZERO !!!
2025-07-14 12:25:37,522 - GOAT - DEBUG - ALTITUDE LOG ZERO !!!
2025-07-14 12:25:37,533 - GOAT - DEBUG - ALTITUDE LOG ZERO !!!
2025-07-14 12:25:37,544 - GOAT - DEBUG - ALTITUDE LOG ZERO !!!
2025-07-14 12:25:37,555 - GOAT - DEBUG - ALTITUDE LOG ZERO !!!
2025-07-14 12:25:37,565 - GOAT - DEBUG - ALTITUDE LOG ZERO !!!
2025-07-14 12:25:37,576 - GOAT - DEBUG - ALTITUDE LOG ZERO !!!
2025-07-14 12:25:37,587 - GOAT - DEBUG - ALTITUDE LOG ZERO !!!
2025-07-14 12:25:37,598 - GOAT - DEBUG - ALTITUDE LOG ZERO !!!
2025-07-14 12:25:37,609 - GOAT - DEBUG - ALTITUDE LOG ZERO !!!
2025-07-14 12:25:37,619 - GOAT - DEBUG - ALTITUDE LOG ZERO !!!
2025-07-14 12:25:37,630 - GOAT - DEBUG - ALTITUDE LOG ZERO !!!
2025-07-14 12:25:37,642 - GOAT - DEBUG - ALTITUDE LOG ZERO !!!
2025-07-14 12:25:37,653 - GOAT - DEBUG - ALTITUDE LOG ZERO !!!
2025-07-14 12:25:37,663 - GOAT - DEBUG - ALTITUDE LOG ZERO !!!
2025-07-14 12:25:37,675 - GOAT - DEBUG - ALTITUDE LOG ZERO !!!
2025-07-14 12:25:37,686 - GOAT - DEBUG - ALTITUDE LOG ZERO !!!
2025-07-14 12:25:37,697 - GOAT - DEBUG - ALTITUDE LOG ZERO !!!
2025-07-14 12:25:37,708 - GOAT - DEBUG - ALTITUDE LOG ZERO !!!
2025-07-14 12:25:37,719 - GOAT - DEBUG - ALTITUDE LOG ZERO !!!
2025-07-14 12:25:37,730 - GOAT - DEBUG - ALTITUDE LOG ZERO !!!
2025-07-14 12:25:37,741 - GOAT - DEBUG - ALTITUDE LOG ZERO !!!
2025-07-14 12:25:37,752 - GOAT - DEBUG - ALTITUDE LOG ZERO !!!
2025-07-14 12:25:37,763 - GOAT - DEBUG - ALTITUDE LOG ZERO !!!
2025-07-14 12:25:37,774 - GOAT - DEBUG - ALTITUDE LOG ZERO !!!
2025-07-14 12:25:37,784 - GOAT - DEBUG - ALTITUDE LOG ZERO !!!
2025-07-14 12:25:37,796 - GOAT - DEBUG - ALTITUDE LOG ZERO !!!
2025-07-14 12:25:37,807 - GOAT - DEBUG - ALTITUDE LOG ZERO !!!
2025-07-14 12:25:37,818 - GOAT - DEBUG - ALTITUDE LOG ZERO !!!
2025-07-14 12:25:37,829 - GOAT - DEBUG - ALTITUDE LOG ZERO !!!
2025-07-14 12:25:37,839 - GOAT - DEBUG - ALTITUDE LOG ZERO !!!
2025-07-14 12:25:37,849 - GOAT - DEBUG - ALTITUDE LOG ZERO !!!
2025-07-14 12:25:37,860 - GOAT - DEBUG - ALTITUDE LOG ZERO !!!
2025-07-14 12:25:37,872 - GOAT - DEBUG - ALTITUDE LOG ZERO !!!
2025-07-14 12:25:37,882 - GOAT - DEBUG - ALTITUDE LOG ZERO !!!
2025-07-14 12:25:37,893 - GOAT - DEBUG - ALTITUDE LOG ZERO !!!
2025-07-14 12:25:37,905 - GOAT - DEBUG - ALTITUDE LOG ZERO !!!
2025-07-14 12:25:37,918 - GOAT - DEBUG - ALTITUDE LOG ZERO !!!
2025-07-14 12:26:16,506 - GOAT - DEBUG - ALTITUDE LOG ZERO !!!
2025-07-14 12:26:16,516 - GOAT - DEBUG - ALTITUDE LOG ZERO !!!
2025-07-14 12:26:16,527 - GOAT - DEBUG - ALTITUDE LOG ZERO !!!
2025-07-14 12:26:16,538 - GOAT - DEBUG - ALTITUDE LOG ZERO !!!
2025-07-14 12:26:16,549 - GOAT - DEBUG - ALTITUDE LOG ZERO !!!
2025-07-14 12:26:16,560 - GOAT - DEBUG - ALTITUDE LOG ZERO !!!
2025-07-14 12:26:16,571 - GOAT - DEBUG - ALTITUDE LOG ZERO !!!
2025-07-14 12:26:16,582 - GOAT - DEBUG - ALTITUDE LOG ZERO !!!
2025-07-14 12:26:16,593 - GOAT - DEBUG - ALTITUDE LOG ZERO !!!
2025-07-14 12:26:16,605 - GOAT - DEBUG - ALTITUDE LOG ZERO !!!
2025-07-14 12:26:16,615 - GOAT - DEBUG - ALTITUDE LOG ZERO !!!
2025-07-14 12:26:16,626 - GOAT - DEBUG - ALTITUDE LOG ZERO !!!
2025-07-14 12:26:16,637 - GOAT - DEBUG - ALTITUDE LOG ZERO !!!
2025-07-14 12:26:16,648 - GOAT - DEBUG - ALTITUDE LOG ZERO !!!
2025-07-14 12:26:16,659 - GOAT - DEBUG - ALTITUDE LOG ZERO !!!
2025-07-14 12:26:16,670 - GOAT - DEBUG - ALTITUDE LOG ZERO !!!
2025-07-14 12:26:16,681 - GOAT - DEBUG - ALTITUDE LOG ZERO !!!
2025-07-14 12:26:16,692 - GOAT - DEBUG - ALTITUDE LOG ZERO !!!
2025-07-14 12:26:16,703 - GOAT - DEBUG - ALTITUDE LOG ZERO !!!
2025-07-14 12:26:16,715 - GOAT - DEBUG - ALTITUDE LOG ZERO !!!
2025-07-14 12:26:16,726 - GOAT - DEBUG - ALTITUDE LOG ZERO !!!
2025-07-14 12:26:16,737 - GOAT - DEBUG - ALTITUDE LOG ZERO !!!
2025-07-14 12:26:16,748 - GOAT - DEBUG - ALTITUDE LOG ZERO !!!
2025-07-14 12:26:16,759 - GOAT - DEBUG - ALTITUDE LOG ZERO !!!
2025-07-14 12:26:16,771 - GOAT - DEBUG - ALTITUDE LOG ZERO !!!
2025-07-14 12:26:16,782 - GOAT - DEBUG - ALTITUDE LOG ZERO !!!
2025-07-14 12:26:16,793 - GOAT - DEBUG - ALTITUDE LOG ZERO !!!
2025-07-14 12:26:16,804 - GOAT - DEBUG - ALTITUDE LOG ZERO !!!
2025-07-14 12:26:16,815 - GOAT - DEBUG - ALTITUDE LOG ZERO !!!
2025-07-14 12:26:16,826 - GOAT - DEBUG - ALTITUDE LOG ZERO !!!
2025-07-14 12:26:16,837 - GOAT - DEBUG - ALTITUDE LOG ZERO !!!
2025-07-14 12:26:16,848 - GOAT - DEBUG - ALTITUDE LOG ZERO !!!
2025-07-14 12:26:16,860 - GOAT - DEBUG - ALTITUDE LOG ZERO !!!
2025-07-14 12:26:16,871 - GOAT - DEBUG - ALTITUDE LOG ZERO !!!
2025-07-14 12:26:16,882 - GOAT - DEBUG - ALTITUDE LOG ZERO !!!
2025-07-14 12:26:42,414 - GOAT - DEBUG - ALTITUDE LOG ZERO !!!
2025-07-14 12:26:42,425 - GOAT - DEBUG - ALTITUDE LOG ZERO !!!
2025-07-14 12:26:42,437 - GOAT - DEBUG - ALTITUDE LOG ZERO !!!
2025-07-14 12:26:42,448 - GOAT - DEBUG - ALTITUDE LOG ZERO !!!
2025-07-14 12:26:42,459 - GOAT - DEBUG - ALTITUDE LOG ZERO !!!
2025-07-14 12:26:42,469 - GOAT - DEBUG - ALTITUDE LOG ZERO !!!
2025-07-14 12:26:42,480 - GOAT - DEBUG - ALTITUDE LOG ZERO !!!
2025-07-14 12:26:42,491 - GOAT - DEBUG - ALTITUDE LOG ZERO !!!
2025-07-14 12:26:42,502 - GOAT - DEBUG - ALTITUDE LOG ZERO !!!
2025-07-14 12:26:42,512 - GOAT - DEBUG - ALTITUDE LOG ZERO !!!
2025-07-14 12:26:42,523 - GOAT - DEBUG - ALTITUDE LOG ZERO !!!
2025-07-14 12:26:42,534 - GOAT - DEBUG - ALTITUDE LOG ZERO !!!
2025-07-14 12:26:42,545 - GOAT - DEBUG - ALTITUDE LOG ZERO !!!
2025-07-14 12:26:42,556 - GOAT - DEBUG - ALTITUDE LOG ZERO !!!
2025-07-14 12:26:42,566 - GOAT - DEBUG - ALTITUDE LOG ZERO !!!
2025-07-14 12:26:42,577 - GOAT - DEBUG - ALTITUDE LOG ZERO !!!
2025-07-14 12:26:42,588 - GOAT - DEBUG - ALTITUDE LOG ZERO !!!
2025-07-14 12:26:42,599 - GOAT - DEBUG - ALTITUDE LOG ZERO !!!
2025-07-14 12:26:42,610 - GOAT - DEBUG - ALTITUDE LOG ZERO !!!
2025-07-14 12:26:42,621 - GOAT - DEBUG - ALTITUDE LOG ZERO !!!
2025-07-14 12:26:42,631 - GOAT - DEBUG - ALTITUDE LOG ZERO !!!
2025-07-14 12:26:42,642 - GOAT - DEBUG - ALTITUDE LOG ZERO !!!
2025-07-14 12:26:42,652 - GOAT - DEBUG - ALTITUDE LOG ZERO !!!
2025-07-14 12:26:42,664 - GOAT - DEBUG - ALTITUDE LOG ZERO !!!
2025-07-14 12:26:42,675 - GOAT - DEBUG - ALTITUDE LOG ZERO !!!
2025-07-14 12:26:42,685 - GOAT - DEBUG - ALTITUDE LOG ZERO !!!
2025-07-14 12:26:42,696 - GOAT - DEBUG - ALTITUDE LOG ZERO !!!
2025-07-14 12:26:42,707 - GOAT - DEBUG - ALTITUDE LOG ZERO !!!
2025-07-14 12:26:42,718 - GOAT - DEBUG - ALTITUDE LOG ZERO !!!
2025-07-14 12:26:42,729 - GOAT - DEBUG - ALTITUDE LOG ZERO !!!
2025-07-14 12:26:42,739 - GOAT - DEBUG - ALTITUDE LOG ZERO !!!
2025-07-14 12:26:42,750 - GOAT - DEBUG - ALTITUDE LOG ZERO !!!
2025-07-14 12:26:42,761 - GOAT - DEBUG - ALTITUDE LOG ZERO !!!
2025-07-14 12:26:42,771 - GOAT - DEBUG - ALTITUDE LOG ZERO !!!
2025-07-14 12:26:42,782 - GOAT - DEBUG - ALTITUDE LOG ZERO !!!
2025-07-14 12:26:42,793 - GOAT - DEBUG - ALTITUDE LOG ZERO !!!
2025-07-14 12:26:42,804 - GOAT - DEBUG - ALTITUDE LOG ZERO !!!
2025-07-14 12:26:42,816 - GOAT - DEBUG - ALTITUDE LOG ZERO !!!
2025-07-14 12:26:42,827 - GOAT - DEBUG - ALTITUDE LOG ZERO !!!
2025-07-14 12:26:42,837 - GOAT - DEBUG - ALTITUDE LOG ZERO !!!
2025-07-14 12:26:42,848 - GOAT - DEBUG - ALTITUDE LOG ZERO !!!
2025-07-14 12:26:42,859 - GOAT - DEBUG - ALTITUDE LOG ZERO !!!
2025-07-14 12:26:42,870 - GOAT - DEBUG - ALTITUDE LOG ZERO !!!
2025-07-14 12:26:42,881 - GOAT - DEBUG - ALTITUDE LOG ZERO !!!
2025-07-14 12:26:42,892 - GOAT - DEBUG - ALTITUDE LOG ZERO !!!
2025-07-14 12:26:42,903 - GOAT - DEBUG - ALTITUDE LOG ZERO !!!
2025-07-14 12:26:42,913 - GOAT - DEBUG - ALTITUDE LOG ZERO !!!
2025-07-14 12:26:42,924 - GOAT - DEBUG - ALTITUDE LOG ZERO !!!
2025-07-14 12:26:42,935 - GOAT - DEBUG - ALTITUDE LOG ZERO !!!
2025-07-14 12:26:42,946 - GOAT - DEBUG - ALTITUDE LOG ZERO !!!
2025-07-14 12:26:42,957 - GOAT - DEBUG - ALTITUDE LOG ZERO !!!
2025-07-14 12:26:42,967 - GOAT - DEBUG - ALTITUDE LOG ZERO !!!
2025-07-14 12:26:42,978 - GOAT - DEBUG - ALTITUDE LOG ZERO !!!
2025-07-14 12:27:13,859 - GOAT - DEBUG - ALTITUDE LOG ZERO !!!
2025-07-14 12:27:13,870 - GOAT - DEBUG - ALTITUDE LOG ZERO !!!
2025-07-14 12:27:13,882 - GOAT - DEBUG - ALTITUDE LOG ZERO !!!
2025-07-14 12:27:13,893 - GOAT - DEBUG - ALTITUDE LOG ZERO !!!
2025-07-14 12:27:13,905 - GOAT - DEBUG - ALTITUDE LOG ZERO !!!
2025-07-14 12:27:13,915 - GOAT - DEBUG - ALTITUDE LOG ZERO !!!
2025-07-14 12:27:13,926 - GOAT - DEBUG - ALTITUDE LOG ZERO !!!
2025-07-14 12:27:13,938 - GOAT - DEBUG - ALTITUDE LOG ZERO !!!
2025-07-14 12:27:13,949 - GOAT - DEBUG - ALTITUDE LOG ZERO !!!
2025-07-14 12:27:13,960 - GOAT - DEBUG - ALTITUDE LOG ZERO !!!
2025-07-14 12:27:13,971 - GOAT - DEBUG - ALTITUDE LOG ZERO !!!
2025-07-14 12:27:13,981 - GOAT - DEBUG - ALTITUDE LOG ZERO !!!
2025-07-14 12:27:13,993 - GOAT - DEBUG - ALTITUDE LOG ZERO !!!
2025-07-14 12:27:14,004 - GOAT - DEBUG - ALTITUDE LOG ZERO !!!
2025-07-14 12:27:14,015 - GOAT - DEBUG - ALTITUDE LOG ZERO !!!
2025-07-14 12:27:14,026 - GOAT - DEBUG - ALTITUDE LOG ZERO !!!
2025-07-14 12:27:14,037 - GOAT - DEBUG - ALTITUDE LOG ZERO !!!
2025-07-14 12:27:14,048 - GOAT - DEBUG - ALTITUDE LOG ZERO !!!
2025-07-14 12:27:14,059 - GOAT - DEBUG - ALTITUDE LOG ZERO !!!
2025-07-14 12:27:14,070 - GOAT - DEBUG - ALTITUDE LOG ZERO !!!
2025-07-14 12:27:14,081 - GOAT - DEBUG - ALTITUDE LOG ZERO !!!
2025-07-14 12:27:14,092 - GOAT - DEBUG - ALTITUDE LOG ZERO !!!
2025-07-14 12:27:14,103 - GOAT - DEBUG - ALTITUDE LOG ZERO !!!
2025-07-14 12:27:14,113 - GOAT - DEBUG - ALTITUDE LOG ZERO !!!
2025-07-14 12:27:14,124 - GOAT - DEBUG - ALTITUDE LOG ZERO !!!
2025-07-14 12:27:14,135 - GOAT - DEBUG - ALTITUDE LOG ZERO !!!
2025-07-14 12:27:14,146 - GOAT - DEBUG - ALTITUDE LOG ZERO !!!
2025-07-14 12:27:14,157 - GOAT - DEBUG - ALTITUDE LOG ZERO !!!
2025-07-14 12:27:14,168 - GOAT - DEBUG - ALTITUDE LOG ZERO !!!
2025-07-14 12:27:14,179 - GOAT - DEBUG - ALTITUDE LOG ZERO !!!
2025-07-14 12:27:14,190 - GOAT - DEBUG - ALTITUDE LOG ZERO !!!
2025-07-14 12:27:14,201 - GOAT - DEBUG - ALTITUDE LOG ZERO !!!
2025-07-14 12:27:14,212 - GOAT - DEBUG - ALTITUDE LOG ZERO !!!
2025-07-14 12:27:14,224 - GOAT - DEBUG - ALTITUDE LOG ZERO !!!
2025-07-14 12:27:14,234 - GOAT - DEBUG - ALTITUDE LOG ZERO !!!
2025-07-14 12:27:14,245 - GOAT - DEBUG - ALTITUDE LOG ZERO !!!
2025-07-14 12:27:14,256 - GOAT - DEBUG - ALTITUDE LOG ZERO !!!
2025-07-14 12:27:14,267 - GOAT - DEBUG - ALTITUDE LOG ZERO !!!
2025-07-14 12:27:14,278 - GOAT - DEBUG - ALTITUDE LOG ZERO !!!
2025-07-14 12:27:14,289 - GOAT - DEBUG - ALTITUDE LOG ZERO !!!
2025-07-14 12:27:14,300 - GOAT - DEBUG - ALTITUDE LOG ZERO !!!
2025-07-14 12:27:14,311 - GOAT - DEBUG - ALTITUDE LOG ZERO !!!
2025-07-14 12:27:14,321 - GOAT - DEBUG - ALTITUDE LOG ZERO !!!
2025-07-14 12:27:14,332 - GOAT - DEBUG - ALTITUDE LOG ZERO !!!
2025-07-14 12:27:14,343 - GOAT - DEBUG - ALTITUDE LOG ZERO !!!
2025-07-14 12:27:14,355 - GOAT - DEBUG - ALTITUDE LOG ZERO !!!
2025-07-14 12:27:14,367 - GOAT - DEBUG - ALTITUDE LOG ZERO !!!
2025-07-14 12:27:14,378 - GOAT - DEBUG - ALTITUDE LOG ZERO !!!
2025-07-14 12:27:14,389 - GOAT - DEBUG - ALTITUDE LOG ZERO !!!
2025-07-14 12:27:14,400 - GOAT - DEBUG - ALTITUDE LOG ZERO !!!
2025-07-14 12:27:14,411 - GOAT - DEBUG - ALTITUDE LOG ZERO !!!
2025-07-14 12:27:41,924 - GOAT - DEBUG - Connection closed.
