2025-07-13 14:05:18,236 - GOAT - DEBUG - Mission state is NEUTRAL.
2025-07-13 14:05:18,236 - GOAT - DEBUG - target_lat: 41.102904, target_lon: 28.5456026
2025-07-13 14:05:18,236 - GOAT - DEBUG - start_altitude: 90target_altitude: 30stable_altitude: 100
2025-07-13 14:05:18,236 - GOAT - DEBUG - diving_distance: -193.00562284586027
2025-07-13 14:05:18,538 - GOAT - DEBUG - Connected to the aircraft.
2025-07-13 14:05:34,561 - GOAT - DEBUG - Received start command from Redis.
2025-07-13 14:05:34,561 - GOAT - DEBUG - Loiter radius set to 20 for kamikaze mission.
2025-07-13 14:05:34,662 - GOAT - DEBUG - going to approach destination
2025-07-13 14:05:34,763 - GOAT - DEBUG - Reached approach destination.
2025-07-13 14:05:34,763 - GOAT - DEBUG - going to target destination
2025-07-13 14:05:35,562 - GOAT - DEBUG - self.state: MissionState.GOING_TO_TARGET
2025-07-13 14:05:36,563 - GOAT - DEBUG - self.state: MissionState.GOING_TO_TARGET
2025-07-13 14:05:37,564 - GOAT - DEBUG - self.state: MissionState.GOING_TO_TARGET
2025-07-13 14:05:38,565 - GOAT - DEBUG - self.state: MissionState.GOING_TO_TARGET
2025-07-13 14:05:39,566 - GOAT - DEBUG - self.state: MissionState.GOING_TO_TARGET
2025-07-13 14:05:40,567 - GOAT - DEBUG - self.state: MissionState.GOING_TO_TARGET
2025-07-13 14:05:41,568 - GOAT - DEBUG - self.state: MissionState.GOING_TO_TARGET
2025-07-13 14:05:42,569 - GOAT - DEBUG - self.state: MissionState.GOING_TO_TARGET
2025-07-13 14:05:43,570 - GOAT - DEBUG - self.state: MissionState.GOING_TO_TARGET
2025-07-13 14:05:44,571 - GOAT - DEBUG - self.state: MissionState.GOING_TO_TARGET
2025-07-13 14:05:45,572 - GOAT - DEBUG - self.state: MissionState.GOING_TO_TARGET
2025-07-13 14:05:46,573 - GOAT - DEBUG - self.state: MissionState.GOING_TO_TARGET
2025-07-13 14:05:47,574 - GOAT - DEBUG - self.state: MissionState.GOING_TO_TARGET
2025-07-13 14:05:48,575 - GOAT - DEBUG - self.state: MissionState.GOING_TO_TARGET
2025-07-13 14:05:49,576 - GOAT - DEBUG - self.state: MissionState.GOING_TO_TARGET
2025-07-13 14:05:50,577 - GOAT - DEBUG - self.state: MissionState.GOING_TO_TARGET
2025-07-13 14:05:51,577 - GOAT - DEBUG - self.state: MissionState.GOING_TO_TARGET
2025-07-13 14:05:52,578 - GOAT - DEBUG - self.state: MissionState.GOING_TO_TARGET
2025-07-13 14:05:53,579 - GOAT - DEBUG - self.state: MissionState.GOING_TO_TARGET
2025-07-13 14:05:54,579 - GOAT - DEBUG - self.state: MissionState.GOING_TO_TARGET
2025-07-13 14:05:55,581 - GOAT - DEBUG - self.state: MissionState.GOING_TO_TARGET
2025-07-13 14:05:56,582 - GOAT - DEBUG - self.state: MissionState.GOING_TO_TARGET
2025-07-13 14:05:57,582 - GOAT - DEBUG - self.state: MissionState.GOING_TO_TARGET
2025-07-13 14:05:58,583 - GOAT - DEBUG - self.state: MissionState.GOING_TO_TARGET
2025-07-13 14:05:59,584 - GOAT - DEBUG - self.state: MissionState.GOING_TO_TARGET
2025-07-13 14:06:00,584 - GOAT - DEBUG - self.state: MissionState.GOING_TO_TARGET
2025-07-13 14:06:01,585 - GOAT - DEBUG - self.state: MissionState.GOING_TO_TARGET
2025-07-13 14:06:02,586 - GOAT - DEBUG - self.state: MissionState.GOING_TO_TARGET
2025-07-13 14:06:03,587 - GOAT - DEBUG - self.state: MissionState.GOING_TO_TARGET
2025-07-13 14:06:04,588 - GOAT - DEBUG - self.state: MissionState.GOING_TO_TARGET
2025-07-13 14:06:05,589 - GOAT - DEBUG - self.state: MissionState.GOING_TO_TARGET
2025-07-13 14:06:06,590 - GOAT - DEBUG - self.state: MissionState.GOING_TO_TARGET
2025-07-13 14:06:07,591 - GOAT - DEBUG - self.state: MissionState.GOING_TO_TARGET
2025-07-13 14:06:08,592 - GOAT - DEBUG - self.state: MissionState.GOING_TO_TARGET
2025-07-13 14:06:09,593 - GOAT - DEBUG - self.state: MissionState.GOING_TO_TARGET
2025-07-13 14:06:10,594 - GOAT - DEBUG - self.state: MissionState.GOING_TO_TARGET
2025-07-13 14:06:11,595 - GOAT - DEBUG - self.state: MissionState.GOING_TO_TARGET
2025-07-13 14:06:12,596 - GOAT - DEBUG - self.state: MissionState.GOING_TO_TARGET
2025-07-13 14:06:13,597 - GOAT - DEBUG - self.state: MissionState.GOING_TO_TARGET
2025-07-13 14:06:14,597 - GOAT - DEBUG - self.state: MissionState.GOING_TO_TARGET
2025-07-13 14:06:15,599 - GOAT - DEBUG - self.state: MissionState.GOING_TO_TARGET
2025-07-13 14:06:16,599 - GOAT - DEBUG - self.state: MissionState.GOING_TO_TARGET
2025-07-13 14:06:17,600 - GOAT - DEBUG - self.state: MissionState.GOING_TO_TARGET
2025-07-13 14:06:18,601 - GOAT - DEBUG - self.state: MissionState.GOING_TO_TARGET
2025-07-13 14:06:19,602 - GOAT - DEBUG - self.state: MissionState.GOING_TO_TARGET
2025-07-13 14:06:20,603 - GOAT - DEBUG - self.state: MissionState.GOING_TO_TARGET
2025-07-13 14:06:21,604 - GOAT - DEBUG - self.state: MissionState.GOING_TO_TARGET
2025-07-13 14:06:22,604 - GOAT - DEBUG - self.state: MissionState.GOING_TO_TARGET
2025-07-13 14:06:23,605 - GOAT - DEBUG - self.state: MissionState.GOING_TO_TARGET
2025-07-13 14:06:24,606 - GOAT - DEBUG - self.state: MissionState.GOING_TO_TARGET
2025-07-13 14:06:25,607 - GOAT - DEBUG - self.state: MissionState.GOING_TO_TARGET
2025-07-13 14:06:26,608 - GOAT - DEBUG - self.state: MissionState.GOING_TO_TARGET
2025-07-13 14:06:27,609 - GOAT - DEBUG - self.state: MissionState.GOING_TO_TARGET
2025-07-13 14:06:28,610 - GOAT - DEBUG - self.state: MissionState.GOING_TO_TARGET
2025-07-13 14:06:29,611 - GOAT - DEBUG - self.state: MissionState.GOING_TO_TARGET
2025-07-13 14:06:30,611 - GOAT - DEBUG - self.state: MissionState.GOING_TO_TARGET
2025-07-13 14:06:31,612 - GOAT - DEBUG - self.state: MissionState.GOING_TO_TARGET
2025-07-13 14:06:32,613 - GOAT - DEBUG - self.state: MissionState.GOING_TO_TARGET
2025-07-13 14:06:33,613 - GOAT - DEBUG - self.state: MissionState.GOING_TO_TARGET
2025-07-13 14:06:34,614 - GOAT - DEBUG - self.state: MissionState.GOING_TO_TARGET
2025-07-13 14:06:35,615 - GOAT - DEBUG - self.state: MissionState.GOING_TO_TARGET
2025-07-13 14:06:36,616 - GOAT - DEBUG - self.state: MissionState.GOING_TO_TARGET
2025-07-13 14:06:37,616 - GOAT - DEBUG - self.state: MissionState.GOING_TO_TARGET
2025-07-13 14:06:38,617 - GOAT - DEBUG - self.state: MissionState.GOING_TO_TARGET
2025-07-13 14:06:39,619 - GOAT - DEBUG - self.state: MissionState.GOING_TO_TARGET
2025-07-13 14:06:40,619 - GOAT - DEBUG - self.state: MissionState.GOING_TO_TARGET
2025-07-13 14:06:41,620 - GOAT - DEBUG - self.state: MissionState.GOING_TO_TARGET
2025-07-13 14:06:42,621 - GOAT - DEBUG - self.state: MissionState.GOING_TO_TARGET
2025-07-13 14:06:43,621 - GOAT - DEBUG - self.state: MissionState.GOING_TO_TARGET
2025-07-13 14:06:44,622 - GOAT - DEBUG - self.state: MissionState.GOING_TO_TARGET
2025-07-13 14:06:45,623 - GOAT - DEBUG - self.state: MissionState.GOING_TO_TARGET
2025-07-13 14:06:46,624 - GOAT - DEBUG - self.state: MissionState.GOING_TO_TARGET
2025-07-13 14:06:47,625 - GOAT - DEBUG - self.state: MissionState.GOING_TO_TARGET
2025-07-13 14:06:48,626 - GOAT - DEBUG - self.state: MissionState.GOING_TO_TARGET
2025-07-13 14:06:49,627 - GOAT - DEBUG - self.state: MissionState.GOING_TO_TARGET
2025-07-13 14:06:50,627 - GOAT - DEBUG - self.state: MissionState.GOING_TO_TARGET
2025-07-13 14:06:51,628 - GOAT - DEBUG - self.state: MissionState.GOING_TO_TARGET
2025-07-13 14:06:52,629 - GOAT - DEBUG - self.state: MissionState.GOING_TO_TARGET
2025-07-13 14:06:53,629 - GOAT - DEBUG - self.state: MissionState.GOING_TO_TARGET
2025-07-13 14:06:54,630 - GOAT - DEBUG - self.state: MissionState.GOING_TO_TARGET
2025-07-13 14:06:55,631 - GOAT - DEBUG - self.state: MissionState.GOING_TO_TARGET
2025-07-13 14:06:56,632 - GOAT - DEBUG - self.state: MissionState.GOING_TO_TARGET
2025-07-13 14:06:57,633 - GOAT - DEBUG - self.state: MissionState.GOING_TO_TARGET
2025-07-13 14:06:58,634 - GOAT - DEBUG - self.state: MissionState.GOING_TO_TARGET
2025-07-13 14:06:59,635 - GOAT - DEBUG - self.state: MissionState.GOING_TO_TARGET
2025-07-13 14:07:00,635 - GOAT - DEBUG - self.state: MissionState.GOING_TO_TARGET
2025-07-13 14:07:01,636 - GOAT - DEBUG - self.state: MissionState.GOING_TO_TARGET
2025-07-13 14:07:02,637 - GOAT - DEBUG - self.state: MissionState.GOING_TO_TARGET
2025-07-13 14:07:03,638 - GOAT - DEBUG - self.state: MissionState.GOING_TO_TARGET
2025-07-13 14:07:04,638 - GOAT - DEBUG - self.state: MissionState.GOING_TO_TARGET
2025-07-13 14:07:05,639 - GOAT - DEBUG - self.state: MissionState.GOING_TO_TARGET
2025-07-13 14:07:06,640 - GOAT - DEBUG - self.state: MissionState.GOING_TO_TARGET
2025-07-13 14:07:07,640 - GOAT - DEBUG - self.state: MissionState.GOING_TO_TARGET
2025-07-13 14:07:08,641 - GOAT - DEBUG - self.state: MissionState.GOING_TO_TARGET
2025-07-13 14:07:09,641 - GOAT - DEBUG - self.state: MissionState.GOING_TO_TARGET
2025-07-13 14:07:10,642 - GOAT - DEBUG - self.state: MissionState.GOING_TO_TARGET
2025-07-13 14:07:11,643 - GOAT - DEBUG - self.state: MissionState.GOING_TO_TARGET
2025-07-13 14:07:12,644 - GOAT - DEBUG - self.state: MissionState.GOING_TO_TARGET
2025-07-13 14:07:13,645 - GOAT - DEBUG - self.state: MissionState.GOING_TO_TARGET
2025-07-13 14:07:14,645 - GOAT - DEBUG - self.state: MissionState.GOING_TO_TARGET
2025-07-13 14:07:15,646 - GOAT - DEBUG - self.state: MissionState.GOING_TO_TARGET
2025-07-13 14:07:16,647 - GOAT - DEBUG - self.state: MissionState.GOING_TO_TARGET
2025-07-13 14:07:17,647 - GOAT - DEBUG - self.state: MissionState.GOING_TO_TARGET
2025-07-13 14:07:18,648 - GOAT - DEBUG - self.state: MissionState.GOING_TO_TARGET
2025-07-13 14:07:19,649 - GOAT - DEBUG - self.state: MissionState.GOING_TO_TARGET
2025-07-13 14:07:20,650 - GOAT - DEBUG - self.state: MissionState.GOING_TO_TARGET
2025-07-13 14:07:21,651 - GOAT - DEBUG - self.state: MissionState.GOING_TO_TARGET
2025-07-13 14:07:22,651 - GOAT - DEBUG - self.state: MissionState.GOING_TO_TARGET
2025-07-13 14:07:23,652 - GOAT - DEBUG - self.state: MissionState.GOING_TO_TARGET
2025-07-13 14:07:24,653 - GOAT - DEBUG - self.state: MissionState.GOING_TO_TARGET
2025-07-13 14:07:25,654 - GOAT - DEBUG - self.state: MissionState.GOING_TO_TARGET
2025-07-13 14:07:26,655 - GOAT - DEBUG - self.state: MissionState.GOING_TO_TARGET
2025-07-13 14:07:27,656 - GOAT - DEBUG - self.state: MissionState.GOING_TO_TARGET
2025-07-13 14:07:28,656 - GOAT - DEBUG - self.state: MissionState.GOING_TO_TARGET
2025-07-13 14:07:29,657 - GOAT - DEBUG - self.state: MissionState.GOING_TO_TARGET
2025-07-13 14:07:30,657 - GOAT - DEBUG - self.state: MissionState.GOING_TO_TARGET
2025-07-13 14:07:31,658 - GOAT - DEBUG - self.state: MissionState.GOING_TO_TARGET
2025-07-13 14:07:32,659 - GOAT - DEBUG - self.state: MissionState.GOING_TO_TARGET
2025-07-13 14:07:33,660 - GOAT - DEBUG - self.state: MissionState.GOING_TO_TARGET
2025-07-13 14:07:34,661 - GOAT - DEBUG - self.state: MissionState.GOING_TO_TARGET
2025-07-13 14:07:35,661 - GOAT - DEBUG - self.state: MissionState.GOING_TO_TARGET
2025-07-13 14:07:36,662 - GOAT - DEBUG - self.state: MissionState.GOING_TO_TARGET
2025-07-13 14:07:37,663 - GOAT - DEBUG - self.state: MissionState.GOING_TO_TARGET
2025-07-13 14:07:38,663 - GOAT - DEBUG - self.state: MissionState.GOING_TO_TARGET
2025-07-13 14:07:39,664 - GOAT - DEBUG - self.state: MissionState.GOING_TO_TARGET
2025-07-13 14:07:40,665 - GOAT - DEBUG - self.state: MissionState.GOING_TO_TARGET
2025-07-13 14:07:41,666 - GOAT - DEBUG - self.state: MissionState.GOING_TO_TARGET
2025-07-13 14:07:42,667 - GOAT - DEBUG - self.state: MissionState.GOING_TO_TARGET
2025-07-13 14:07:42,898 - GOAT - DEBUG - Connection closed.
