2025-07-14 15:35:06,233 - GOAT - DEBUG - Mission state is NEUTRAL.
2025-07-14 15:35:06,234 - GOAT - DEBUG - target_lat: 41.1015841, target_lon: 28.5525204
2025-07-14 15:35:06,234 - GOAT - DEBUG - start_altitude: 105target_altitude: 70stable_altitude: 80
2025-07-14 15:35:06,234 - GOAT - DEBUG - diving_distance: 100
2025-07-14 15:35:15,050 - GOAT - DEBUG - Connected to the aircraft.
2025-07-14 15:35:15,052 - GOAT - DEBUG - Location: lat=41.1006628, lon=28.5537704, alt=94.824, ground_speed=7.380109786987305, air_speed=19.347009658813477
2025-07-14 15:35:15,454 - GOAT - DEBUG - Location: lat=41.1006628, lon=28.5537704, alt=94.824, ground_speed=6.9363484382629395, air_speed=18.85247802734375
2025-07-14 15:35:15,855 - GOAT - DEBUG - Location: lat=41.1006925, lon=28.5537832, alt=95.52, ground_speed=6.7685980796813965, air_speed=17.498449325561523
2025-07-14 15:35:16,257 - GOAT - DEBUG - Location: lat=41.1007234, lon=28.5537982, alt=95.691, ground_speed=6.970835208892822, air_speed=17.3580322265625
2025-07-14 15:35:16,660 - GOAT - DEBUG - Location: lat=41.1007504, lon=28.5538135, alt=95.251, ground_speed=7.59865665435791, air_speed=17.529491424560547
2025-07-14 15:35:17,063 - GOAT - DEBUG - Location: lat=41.1007818, lon=28.5538336, alt=94.586, ground_speed=7.59865665435791, air_speed=17.529491424560547
2025-07-14 15:35:17,464 - GOAT - DEBUG - Location: lat=41.1008161, lon=28.5538574, alt=94.476, ground_speed=8.474395751953125, air_speed=17.891393661499023
2025-07-14 15:35:17,867 - GOAT - DEBUG - Location: lat=41.1008161, lon=28.5538574, alt=94.476, ground_speed=8.88623046875, air_speed=18.633852005004883
2025-07-14 15:35:18,268 - GOAT - DEBUG - Location: lat=41.1008542, lon=28.5538857, alt=95.047, ground_speed=8.859089851379395, air_speed=19.52939224243164
2025-07-14 15:35:18,669 - GOAT - DEBUG - Location: lat=41.100886, lon=28.5539107, alt=95.176, ground_speed=8.730952262878418, air_speed=20.26283073425293
2025-07-14 15:35:19,071 - GOAT - DEBUG - Location: lat=41.1009181, lon=28.5539405, alt=95.653, ground_speed=8.730952262878418, air_speed=20.26283073425293
2025-07-14 15:35:19,473 - GOAT - DEBUG - Location: lat=41.1009465, lon=28.553972, alt=96.103, ground_speed=8.247614860534668, air_speed=19.64394760131836
2025-07-14 15:35:19,875 - GOAT - DEBUG - Location: lat=41.1009465, lon=28.553972, alt=96.103, ground_speed=7.788140296936035, air_speed=18.855154037475586
2025-07-14 15:35:20,276 - GOAT - DEBUG - Location: lat=41.1009736, lon=28.5540062, alt=96.293, ground_speed=7.788140296936035, air_speed=18.855154037475586
2025-07-14 15:35:20,678 - GOAT - DEBUG - Location: lat=41.1009953, lon=28.5540361, alt=96.248, ground_speed=7.671130657196045, air_speed=18.470645904541016
2025-07-14 15:35:21,080 - GOAT - DEBUG - Location: lat=41.1010188, lon=28.5540701, alt=96.006, ground_speed=7.671130657196045, air_speed=18.470645904541016
2025-07-14 15:35:21,482 - GOAT - DEBUG - Location: lat=41.1010188, lon=28.5540701, alt=96.006, ground_speed=7.892039775848389, air_speed=18.366575241088867
2025-07-14 15:35:21,883 - GOAT - DEBUG - Location: lat=41.1010417, lon=28.5541065, alt=95.399, ground_speed=8.135536193847656, air_speed=19.113924026489258
2025-07-14 15:35:22,284 - GOAT - DEBUG - Location: lat=41.1010655, lon=28.5541492, alt=94.499, ground_speed=8.361705780029297, air_speed=20.244312286376953
2025-07-14 15:35:22,685 - GOAT - DEBUG - Location: lat=41.1010833, lon=28.5541889, alt=94.715, ground_speed=8.125732421875, air_speed=20.933523178100586
2025-07-14 15:35:23,070 - GOAT - DEBUG - Received start command from Redis.
2025-07-14 15:35:23,086 - GOAT - DEBUG - Location: lat=41.1010982, lon=28.5542337, alt=95.038, ground_speed=8.125732421875, air_speed=20.933523178100586
2025-07-14 15:35:23,488 - GOAT - DEBUG - Location: lat=41.1010982, lon=28.5542337, alt=95.038, ground_speed=7.72206449508667, air_speed=19.875110626220703
2025-07-14 15:35:23,892 - GOAT - DEBUG - Location: lat=41.1011096, lon=28.5542777, alt=94.973, ground_speed=7.408688068389893, air_speed=19.209718704223633
2025-07-14 15:35:24,293 - GOAT - DEBUG - Location: lat=41.1011189, lon=28.5543242, alt=94.576, ground_speed=7.423867225646973, air_speed=19.151348114013672
2025-07-14 15:35:24,695 - GOAT - DEBUG - Location: lat=41.1011248, lon=28.5543648, alt=93.764, ground_speed=7.762815952301025, air_speed=19.571331024169922
2025-07-14 15:35:25,096 - GOAT - DEBUG - Location: lat=41.1011291, lon=28.5544112, alt=93.604, ground_speed=7.762815952301025, air_speed=19.571331024169922
2025-07-14 15:35:25,497 - GOAT - DEBUG - Location: lat=41.1011317, lon=28.5544587, alt=93.346, ground_speed=7.814373016357422, air_speed=19.264156341552734
2025-07-14 15:35:25,898 - GOAT - DEBUG - Location: lat=41.1011317, lon=28.5544587, alt=93.346, ground_speed=7.814373016357422, air_speed=19.264156341552734
2025-07-14 15:35:26,300 - GOAT - DEBUG - Location: lat=41.1011329, lon=28.5545114, alt=92.544, ground_speed=8.42333984375, air_speed=18.962100982666016
2025-07-14 15:35:26,700 - GOAT - DEBUG - Location: lat=41.1011331, lon=28.5545586, alt=91.723, ground_speed=9.02235221862793, air_speed=18.964628219604492
2025-07-14 15:35:27,101 - GOAT - DEBUG - Location: lat=41.1011325, lon=28.5546132, alt=91.271, ground_speed=9.02235221862793, air_speed=18.964628219604492
2025-07-14 15:35:27,503 - GOAT - DEBUG - Location: lat=41.1011325, lon=28.5546132, alt=91.271, ground_speed=9.531970977783203, air_speed=18.96227264404297
2025-07-14 15:35:27,904 - GOAT - DEBUG - Location: lat=41.1011308, lon=28.5546709, alt=91.427, ground_speed=10.041535377502441, air_speed=19.131072998046875
2025-07-14 15:35:28,305 - GOAT - DEBUG - Location: lat=41.1011265, lon=28.5547358, alt=92.128, ground_speed=10.463587760925293, air_speed=19.110517501831055
2025-07-14 15:35:28,706 - GOAT - DEBUG - Location: lat=41.1011196, lon=28.5547926, alt=93.026, ground_speed=10.917449951171875, air_speed=18.63530731201172
2025-07-14 15:35:29,108 - GOAT - DEBUG - Location: lat=41.1011081, lon=28.5548558, alt=93.729, ground_speed=10.917449951171875, air_speed=18.63530731201172
2025-07-14 15:35:29,509 - GOAT - DEBUG - Location: lat=41.1010912, lon=28.554921, alt=94.092, ground_speed=11.583529472351074, air_speed=19.30352783203125
2025-07-14 15:35:29,910 - GOAT - DEBUG - Location: lat=41.101066, lon=28.5549926, alt=94.315, ground_speed=12.20883846282959, air_speed=19.027610778808594
2025-07-14 15:35:30,312 - GOAT - DEBUG - Location: lat=41.101066, lon=28.5549926, alt=94.315, ground_speed=12.971949577331543, air_speed=19.562307357788086
2025-07-14 15:35:30,714 - GOAT - DEBUG - Location: lat=41.1010376, lon=28.5550537, alt=94.611, ground_speed=13.862164497375488, air_speed=19.08638572692871
2025-07-14 15:35:31,116 - GOAT - DEBUG - Location: lat=41.1009991, lon=28.5551185, alt=94.98, ground_speed=13.862164497375488, air_speed=19.08638572692871
2025-07-14 15:35:31,517 - GOAT - DEBUG - Location: lat=41.1009991, lon=28.5551185, alt=94.98, ground_speed=14.68107795715332, air_speed=18.693880081176758
2025-07-14 15:35:31,918 - GOAT - DEBUG - Location: lat=41.1009532, lon=28.5551818, alt=95.094, ground_speed=14.68107795715332, air_speed=18.693880081176758
2025-07-14 15:35:32,319 - GOAT - DEBUG - Location: lat=41.1008951, lon=28.5552488, alt=94.986, ground_speed=17.043718338012695, air_speed=18.1082763671875
2025-07-14 15:35:32,720 - GOAT - DEBUG - Location: lat=41.100838, lon=28.555305, alt=94.707, ground_speed=18.722238540649414, air_speed=18.000797271728516
2025-07-14 15:35:33,122 - GOAT - DEBUG - Location: lat=41.1007662, lon=28.5553647, alt=94.352, ground_speed=18.722238540649414, air_speed=18.000797271728516
2025-07-14 15:35:33,526 - GOAT - DEBUG - Location: lat=41.1006818, lon=28.5554205, alt=94.114, ground_speed=20.80210304260254, air_speed=18.26347541809082
2025-07-14 15:35:33,927 - GOAT - DEBUG - Location: lat=41.1006818, lon=28.5554205, alt=94.114, ground_speed=23.34546661376953, air_speed=18.471067428588867
2025-07-14 15:35:34,329 - GOAT - DEBUG - Location: lat=41.1005733, lon=28.555469, alt=93.958, ground_speed=24.965620040893555, air_speed=18.8068790435791
2025-07-14 15:35:34,730 - GOAT - DEBUG - Location: lat=41.1004658, lon=28.5554913, alt=93.995, ground_speed=28.436731338500977, air_speed=20.584592819213867
2025-07-14 15:35:35,131 - GOAT - DEBUG - Location: lat=41.1003379, lon=28.5554845, alt=94.452, ground_speed=28.436731338500977, air_speed=20.584592819213867
2025-07-14 15:35:35,533 - GOAT - DEBUG - Location: lat=41.1002076, lon=28.5554422, alt=95.125, ground_speed=29.75649642944336, air_speed=20.694717407226562
2025-07-14 15:35:35,935 - GOAT - DEBUG - Location: lat=41.1002076, lon=28.5554422, alt=95.125, ground_speed=30.127283096313477, air_speed=20.176054000854492
2025-07-14 15:35:36,336 - GOAT - DEBUG - Location: lat=41.100074, lon=28.5553629, alt=95.756, ground_speed=29.785123825073242, air_speed=19.85873031616211
2025-07-14 15:35:36,737 - GOAT - DEBUG - Location: lat=41.0999709, lon=28.5552747, alt=96.118, ground_speed=29.18421745300293, air_speed=19.376001358032227
2025-07-14 15:35:37,139 - GOAT - DEBUG - Location: lat=41.0998712, lon=28.5551622, alt=96.123, ground_speed=29.18421745300293, air_speed=19.376001358032227
2025-07-14 15:35:37,540 - GOAT - DEBUG - Location: lat=41.0998712, lon=28.5551622, alt=96.123, ground_speed=28.355987548828125, air_speed=19.317216873168945
2025-07-14 15:35:37,941 - GOAT - DEBUG - Location: lat=41.0997883, lon=28.5550349, alt=95.762, ground_speed=26.88899040222168, air_speed=19.22222900390625
2025-07-14 15:35:38,343 - GOAT - DEBUG - Location: lat=41.0997257, lon=28.5548847, alt=95.39, ground_speed=24.980222702026367, air_speed=18.9281063079834
2025-07-14 15:35:38,744 - GOAT - DEBUG - Location: lat=41.0996956, lon=28.5547547, alt=95.108, ground_speed=24.980222702026367, air_speed=18.9281063079834
2025-07-14 15:35:39,146 - GOAT - DEBUG - Location: lat=41.0996848, lon=28.5546203, alt=94.861, ground_speed=24.980222702026367, air_speed=18.9281063079834
2025-07-14 15:35:39,548 - GOAT - DEBUG - Location: lat=41.099694, lon=28.5544991, alt=94.752, ground_speed=20.29911994934082, air_speed=18.413637161254883
2025-07-14 15:35:39,950 - GOAT - DEBUG - Location: lat=41.099694, lon=28.5544991, alt=94.752, ground_speed=18.221220016479492, air_speed=18.512495040893555
2025-07-14 15:35:40,351 - GOAT - DEBUG - Location: lat=41.099694, lon=28.5544991, alt=94.752, ground_speed=16.334896087646484, air_speed=18.857311248779297
2025-07-14 15:35:40,753 - GOAT - DEBUG - Location: lat=41.0997467, lon=28.5543047, alt=94.476, ground_speed=14.555718421936035, air_speed=19.036943435668945
2025-07-14 15:35:41,155 - GOAT - DEBUG - Location: lat=41.0997801, lon=28.5542296, alt=94.41, ground_speed=12.975910186767578, air_speed=18.765287399291992
2025-07-14 15:35:41,556 - GOAT - DEBUG - Location: lat=41.0998142, lon=28.554167, alt=94.561, ground_speed=12.975910186767578, air_speed=18.765287399291992
2025-07-14 15:35:41,960 - GOAT - DEBUG - Location: lat=41.0998142, lon=28.554167, alt=94.561, ground_speed=11.720141410827637, air_speed=18.91834259033203
2025-07-14 15:35:42,339 - GOAT - DEBUG - Connection closed.
