2025-07-14 14:57:34,183 - GOAT - DEBUG - Mission state is NEUTRAL.
2025-07-14 14:57:34,183 - GOAT - DEBUG - target_lat: 41.1015841, target_lon: 28.5525204
2025-07-14 14:57:34,183 - GOAT - DEBUG - start_altitude: 105target_altitude: 70stable_altitude: 80
2025-07-14 14:57:34,183 - GOAT - DEBUG - diving_distance: 100
2025-07-14 14:57:39,094 - GOAT - DEBUG - Connected to the aircraft.
2025-07-14 14:57:39,096 - GOAT - DEBUG - Location: lat=41.1014821, lon=28.5519253, alt=-0.064, ground_speed=0.005079713650047779, air_speed=0.37025606632232666
2025-07-14 14:57:40,098 - GOAT - DEBUG - Location: lat=41.1014821, lon=28.5519253, alt=-0.012, ground_speed=0.010674686171114445, air_speed=2.147657632827759
2025-07-14 14:57:41,101 - GOAT - DEBUG - Location: lat=41.1014822, lon=28.5519253, alt=-0.037, ground_speed=0.004596085287630558, air_speed=1.320968747138977
2025-07-14 14:57:42,104 - GOAT - DEBUG - Location: lat=41.1014822, lon=28.5519254, alt=-0.054, ground_speed=0.0014493491034954786, air_speed=2.2544336318969727
2025-07-14 14:57:43,106 - GOAT - DEBUG - Location: lat=41.101482, lon=28.5519255, alt=-0.078, ground_speed=0.007187348324805498, air_speed=1.4057302474975586
2025-07-14 14:57:44,108 - GOAT - DEBUG - Location: lat=41.101482, lon=28.5519255, alt=-0.125, ground_speed=0.002188482554629445, air_speed=0.2868947386741638
2025-07-14 14:57:45,111 - GOAT - DEBUG - Location: lat=41.101482, lon=28.5519256, alt=-0.151, ground_speed=0.0061003537848591805, air_speed=1.383142113685608
2025-07-14 14:57:46,113 - GOAT - DEBUG - Location: lat=41.101482, lon=28.5519256, alt=0.004, ground_speed=0.012801037169992924, air_speed=1.4088788032531738
2025-07-14 14:57:47,115 - GOAT - DEBUG - Location: lat=41.101482, lon=28.5519259, alt=0.085, ground_speed=0.010519707575440407, air_speed=1.5970057249069214
2025-07-14 14:57:48,116 - GOAT - DEBUG - Location: lat=41.1014818, lon=28.551926, alt=0.129, ground_speed=0.009113001637160778, air_speed=1.4091414213180542
2025-07-14 14:57:49,118 - GOAT - DEBUG - Location: lat=41.1014818, lon=28.551926, alt=0.1, ground_speed=0.0008883097907528281, air_speed=0.7424376606941223
2025-07-14 14:57:50,120 - GOAT - DEBUG - Location: lat=41.1014817, lon=28.5519263, alt=0.06, ground_speed=0.008220423012971878, air_speed=0.9307698011398315
2025-07-14 14:57:51,123 - GOAT - DEBUG - Location: lat=41.1014815, lon=28.5519264, alt=0.133, ground_speed=0.012195676565170288, air_speed=1.9937090873718262
2025-07-14 14:57:51,758 - GOAT - DEBUG - ALTITUDE LOG ZERO !!!
2025-07-14 14:57:51,769 - GOAT - DEBUG - ALTITUDE LOG ZERO !!!
2025-07-14 14:57:51,780 - GOAT - DEBUG - ALTITUDE LOG ZERO !!!
2025-07-14 14:57:51,791 - GOAT - DEBUG - ALTITUDE LOG ZERO !!!
2025-07-14 14:57:51,801 - GOAT - DEBUG - ALTITUDE LOG ZERO !!!
2025-07-14 14:57:51,812 - GOAT - DEBUG - ALTITUDE LOG ZERO !!!
2025-07-14 14:57:51,824 - GOAT - DEBUG - ALTITUDE LOG ZERO !!!
2025-07-14 14:57:51,835 - GOAT - DEBUG - ALTITUDE LOG ZERO !!!
2025-07-14 14:57:51,846 - GOAT - DEBUG - ALTITUDE LOG ZERO !!!
2025-07-14 14:57:51,857 - GOAT - DEBUG - ALTITUDE LOG ZERO !!!
2025-07-14 14:57:51,867 - GOAT - DEBUG - ALTITUDE LOG ZERO !!!
2025-07-14 14:57:51,878 - GOAT - DEBUG - ALTITUDE LOG ZERO !!!
2025-07-14 14:57:51,889 - GOAT - DEBUG - ALTITUDE LOG ZERO !!!
2025-07-14 14:57:51,900 - GOAT - DEBUG - ALTITUDE LOG ZERO !!!
2025-07-14 14:57:51,911 - GOAT - DEBUG - ALTITUDE LOG ZERO !!!
2025-07-14 14:57:51,922 - GOAT - DEBUG - ALTITUDE LOG ZERO !!!
2025-07-14 14:57:51,933 - GOAT - DEBUG - ALTITUDE LOG ZERO !!!
2025-07-14 14:57:51,944 - GOAT - DEBUG - ALTITUDE LOG ZERO !!!
2025-07-14 14:57:51,954 - GOAT - DEBUG - ALTITUDE LOG ZERO !!!
2025-07-14 14:57:51,965 - GOAT - DEBUG - ALTITUDE LOG ZERO !!!
2025-07-14 14:57:51,976 - GOAT - DEBUG - ALTITUDE LOG ZERO !!!
2025-07-14 14:57:51,986 - GOAT - DEBUG - ALTITUDE LOG ZERO !!!
2025-07-14 14:57:51,997 - GOAT - DEBUG - ALTITUDE LOG ZERO !!!
2025-07-14 14:57:52,007 - GOAT - DEBUG - ALTITUDE LOG ZERO !!!
2025-07-14 14:57:52,018 - GOAT - DEBUG - ALTITUDE LOG ZERO !!!
2025-07-14 14:57:52,029 - GOAT - DEBUG - ALTITUDE LOG ZERO !!!
2025-07-14 14:57:52,040 - GOAT - DEBUG - ALTITUDE LOG ZERO !!!
2025-07-14 14:57:52,051 - GOAT - DEBUG - ALTITUDE LOG ZERO !!!
2025-07-14 14:57:52,062 - GOAT - DEBUG - ALTITUDE LOG ZERO !!!
2025-07-14 14:57:52,073 - GOAT - DEBUG - ALTITUDE LOG ZERO !!!
2025-07-14 14:57:52,084 - GOAT - DEBUG - ALTITUDE LOG ZERO !!!
2025-07-14 14:57:52,095 - GOAT - DEBUG - ALTITUDE LOG ZERO !!!
2025-07-14 14:57:52,106 - GOAT - DEBUG - ALTITUDE LOG ZERO !!!
2025-07-14 14:57:52,116 - GOAT - DEBUG - ALTITUDE LOG ZERO !!!
2025-07-14 14:57:52,126 - GOAT - DEBUG - Location: lat=41.1014814, lon=28.5519266, alt=0.0, ground_speed=0.012011458165943623, air_speed=2.2973434925079346
2025-07-14 14:57:52,127 - GOAT - DEBUG - ALTITUDE LOG ZERO !!!
2025-07-14 14:57:52,138 - GOAT - DEBUG - ALTITUDE LOG ZERO !!!
2025-07-14 14:57:52,149 - GOAT - DEBUG - ALTITUDE LOG ZERO !!!
2025-07-14 14:57:52,160 - GOAT - DEBUG - ALTITUDE LOG ZERO !!!
2025-07-14 14:57:52,170 - GOAT - DEBUG - ALTITUDE LOG ZERO !!!
2025-07-14 14:57:52,181 - GOAT - DEBUG - ALTITUDE LOG ZERO !!!
2025-07-14 14:57:52,192 - GOAT - DEBUG - ALTITUDE LOG ZERO !!!
2025-07-14 14:57:52,202 - GOAT - DEBUG - ALTITUDE LOG ZERO !!!
2025-07-14 14:57:52,213 - GOAT - DEBUG - ALTITUDE LOG ZERO !!!
2025-07-14 14:57:52,223 - GOAT - DEBUG - ALTITUDE LOG ZERO !!!
2025-07-14 14:57:52,234 - GOAT - DEBUG - ALTITUDE LOG ZERO !!!
2025-07-14 14:57:52,245 - GOAT - DEBUG - ALTITUDE LOG ZERO !!!
2025-07-14 14:57:52,255 - GOAT - DEBUG - ALTITUDE LOG ZERO !!!
2025-07-14 14:57:52,266 - GOAT - DEBUG - ALTITUDE LOG ZERO !!!
2025-07-14 14:57:52,276 - GOAT - DEBUG - ALTITUDE LOG ZERO !!!
2025-07-14 14:57:52,287 - GOAT - DEBUG - ALTITUDE LOG ZERO !!!
2025-07-14 14:57:53,128 - GOAT - DEBUG - Location: lat=41.1014811, lon=28.5519267, alt=-0.038, ground_speed=0.015051291324198246, air_speed=1.6364837884902954
2025-07-14 14:57:54,130 - GOAT - DEBUG - Location: lat=41.1014812, lon=28.5519268, alt=-0.105, ground_speed=0.00635908218100667, air_speed=1.2522692680358887
2025-07-14 14:57:55,133 - GOAT - DEBUG - Location: lat=41.1014812, lon=28.551927, alt=-0.113, ground_speed=0.010560473427176476, air_speed=0.7678105235099792
2025-07-14 14:57:56,136 - GOAT - DEBUG - Location: lat=41.1014812, lon=28.5519273, alt=-0.1, ground_speed=0.012853526510298252, air_speed=1.1191737651824951
2025-07-14 14:57:57,137 - GOAT - DEBUG - Location: lat=41.1014812, lon=28.5519274, alt=-0.146, ground_speed=0.010819952934980392, air_speed=1.6477564573287964
2025-07-14 14:57:58,140 - GOAT - DEBUG - Location: lat=41.101481, lon=28.5519275, alt=-0.027, ground_speed=0.007027332205325365, air_speed=0.5204297304153442
2025-07-14 14:57:59,142 - GOAT - DEBUG - Location: lat=41.1014807, lon=28.5519276, alt=-0.063, ground_speed=0.014638588763773441, air_speed=2.090550184249878
2025-07-14 14:58:00,144 - GOAT - DEBUG - Location: lat=41.1014803, lon=28.5519276, alt=-0.07, ground_speed=0.025054173544049263, air_speed=2.665773391723633
2025-07-14 14:58:01,147 - GOAT - DEBUG - Location: lat=41.1014798, lon=28.5519276, alt=-0.021, ground_speed=0.02664197050035, air_speed=2.944826602935791
2025-07-14 14:58:02,149 - GOAT - DEBUG - Location: lat=41.1014797, lon=28.5519276, alt=-0.015, ground_speed=0.025203945115208626, air_speed=3.2625021934509277
2025-07-14 14:58:03,152 - GOAT - DEBUG - Location: lat=41.1014794, lon=28.5519275, alt=0.007, ground_speed=0.022395433858036995, air_speed=3.2103869915008545
2025-07-14 14:58:04,155 - GOAT - DEBUG - Location: lat=41.1014794, lon=28.5519275, alt=0.042, ground_speed=0.013630136847496033, air_speed=3.0670621395111084
2025-07-14 14:58:05,157 - GOAT - DEBUG - Location: lat=41.1014795, lon=28.5519273, alt=0.017, ground_speed=0.008841516450047493, air_speed=2.9621636867523193
2025-07-14 14:58:06,160 - GOAT - DEBUG - Location: lat=41.1014796, lon=28.5519274, alt=-0.031, ground_speed=0.019041504710912704, air_speed=2.4166998863220215
2025-07-14 14:58:07,163 - GOAT - DEBUG - Location: lat=41.1014799, lon=28.5519275, alt=0.032, ground_speed=0.020463410764932632, air_speed=3.0345561504364014
2025-07-14 14:58:08,164 - GOAT - DEBUG - Location: lat=41.10148, lon=28.5519277, alt=0.105, ground_speed=0.022827427834272385, air_speed=3.043771743774414
2025-07-14 14:58:09,167 - GOAT - DEBUG - Location: lat=41.1014801, lon=28.551928, alt=0.122, ground_speed=0.025307970121502876, air_speed=3.099595308303833
2025-07-14 14:58:10,168 - GOAT - DEBUG - Location: lat=41.10148, lon=28.5519283, alt=-0.008, ground_speed=0.020916780456900597, air_speed=3.282790422439575
2025-07-14 14:58:11,171 - GOAT - DEBUG - Location: lat=41.1014799, lon=28.5519284, alt=-0.046, ground_speed=0.017529843375086784, air_speed=3.16141939163208
2025-07-14 14:58:12,172 - GOAT - DEBUG - Location: lat=41.1014798, lon=28.5519285, alt=-0.026, ground_speed=0.006655225530266762, air_speed=3.385843276977539
2025-07-14 14:58:13,174 - GOAT - DEBUG - Location: lat=41.1014799, lon=28.5519286, alt=0.01, ground_speed=0.002740873722359538, air_speed=3.265141487121582
2025-07-14 14:58:14,176 - GOAT - DEBUG - Location: lat=41.1014799, lon=28.5519285, alt=0.057, ground_speed=0.010492019355297089, air_speed=2.6189894676208496
2025-07-14 14:58:15,178 - GOAT - DEBUG - Location: lat=41.1014798, lon=28.5519285, alt=0.078, ground_speed=0.009111883118748665, air_speed=1.9481395483016968
2025-07-14 14:58:16,180 - GOAT - DEBUG - Location: lat=41.1014799, lon=28.5519286, alt=0.035, ground_speed=0.00414867140352726, air_speed=2.844308614730835
2025-07-14 14:58:17,182 - GOAT - DEBUG - Location: lat=41.1014799, lon=28.5519286, alt=0.079, ground_speed=0.0025848890654742718, air_speed=2.6947309970855713
2025-07-14 14:58:18,184 - GOAT - DEBUG - Location: lat=41.1014799, lon=28.5519286, alt=0.07, ground_speed=0.014559720642864704, air_speed=3.031785488128662
2025-07-14 14:58:19,187 - GOAT - DEBUG - Location: lat=41.1014799, lon=28.5519286, alt=0.123, ground_speed=0.005678432062268257, air_speed=2.680206060409546
2025-07-14 14:58:20,188 - GOAT - DEBUG - Location: lat=41.1014799, lon=28.5519286, alt=0.084, ground_speed=0.006896135862916708, air_speed=2.951521396636963
2025-07-14 14:58:21,190 - GOAT - DEBUG - Location: lat=41.1014801, lon=28.5519286, alt=-0.07, ground_speed=0.008463338017463684, air_speed=3.556731700897217
2025-07-14 14:58:22,192 - GOAT - DEBUG - Location: lat=41.10148, lon=28.5519286, alt=-0.026, ground_speed=0.00897418987005949, air_speed=2.897840976715088
2025-07-14 14:58:22,432 - GOAT - DEBUG - ALTITUDE LOG ZERO !!!
2025-07-14 14:58:22,443 - GOAT - DEBUG - ALTITUDE LOG ZERO !!!
2025-07-14 14:58:22,453 - GOAT - DEBUG - ALTITUDE LOG ZERO !!!
2025-07-14 14:58:22,464 - GOAT - DEBUG - ALTITUDE LOG ZERO !!!
2025-07-14 14:58:22,475 - GOAT - DEBUG - ALTITUDE LOG ZERO !!!
2025-07-14 14:58:22,485 - GOAT - DEBUG - ALTITUDE LOG ZERO !!!
2025-07-14 14:58:22,496 - GOAT - DEBUG - ALTITUDE LOG ZERO !!!
2025-07-14 14:58:22,507 - GOAT - DEBUG - ALTITUDE LOG ZERO !!!
2025-07-14 14:58:22,517 - GOAT - DEBUG - ALTITUDE LOG ZERO !!!
2025-07-14 14:58:22,528 - GOAT - DEBUG - ALTITUDE LOG ZERO !!!
2025-07-14 14:58:22,538 - GOAT - DEBUG - ALTITUDE LOG ZERO !!!
2025-07-14 14:58:22,549 - GOAT - DEBUG - ALTITUDE LOG ZERO !!!
2025-07-14 14:58:22,559 - GOAT - DEBUG - ALTITUDE LOG ZERO !!!
2025-07-14 14:58:22,570 - GOAT - DEBUG - ALTITUDE LOG ZERO !!!
2025-07-14 14:58:22,580 - GOAT - DEBUG - ALTITUDE LOG ZERO !!!
2025-07-14 14:58:22,591 - GOAT - DEBUG - ALTITUDE LOG ZERO !!!
2025-07-14 14:58:22,602 - GOAT - DEBUG - ALTITUDE LOG ZERO !!!
2025-07-14 14:58:22,612 - GOAT - DEBUG - ALTITUDE LOG ZERO !!!
2025-07-14 14:58:22,623 - GOAT - DEBUG - ALTITUDE LOG ZERO !!!
2025-07-14 14:58:22,633 - GOAT - DEBUG - ALTITUDE LOG ZERO !!!
2025-07-14 14:58:22,644 - GOAT - DEBUG - ALTITUDE LOG ZERO !!!
2025-07-14 14:58:22,654 - GOAT - DEBUG - ALTITUDE LOG ZERO !!!
2025-07-14 14:58:22,665 - GOAT - DEBUG - ALTITUDE LOG ZERO !!!
2025-07-14 14:58:22,676 - GOAT - DEBUG - ALTITUDE LOG ZERO !!!
2025-07-14 14:58:22,686 - GOAT - DEBUG - ALTITUDE LOG ZERO !!!
2025-07-14 14:58:22,697 - GOAT - DEBUG - ALTITUDE LOG ZERO !!!
2025-07-14 14:58:22,708 - GOAT - DEBUG - ALTITUDE LOG ZERO !!!
2025-07-14 14:58:22,718 - GOAT - DEBUG - ALTITUDE LOG ZERO !!!
2025-07-14 14:58:22,729 - GOAT - DEBUG - ALTITUDE LOG ZERO !!!
2025-07-14 14:58:22,740 - GOAT - DEBUG - ALTITUDE LOG ZERO !!!
2025-07-14 14:58:22,750 - GOAT - DEBUG - ALTITUDE LOG ZERO !!!
2025-07-14 14:58:22,761 - GOAT - DEBUG - ALTITUDE LOG ZERO !!!
2025-07-14 14:58:23,193 - GOAT - DEBUG - Location: lat=41.1014799, lon=28.5519288, alt=-0.001, ground_speed=0.014782805927097797, air_speed=3.0045080184936523
2025-07-14 14:58:24,195 - GOAT - DEBUG - Location: lat=41.1014797, lon=28.5519289, alt=-0.006, ground_speed=0.015999091789126396, air_speed=2.55435848236084
2025-07-14 14:58:25,197 - GOAT - DEBUG - Location: lat=41.1014797, lon=28.5519291, alt=0.115, ground_speed=0.013674273155629635, air_speed=2.897364616394043
2025-07-14 14:58:26,199 - GOAT - DEBUG - Location: lat=41.1014799, lon=28.5519294, alt=0.246, ground_speed=0.01853025332093239, air_speed=2.5181572437286377
2025-07-14 14:58:27,201 - GOAT - DEBUG - Location: lat=41.1014802, lon=28.5519296, alt=0.289, ground_speed=0.023567557334899902, air_speed=2.584401845932007
2025-07-14 14:58:28,041 - GOAT - DEBUG - Connection closed.
