2025-07-13 19:38:55,482 - GOAT - DEBUG - Mission state is NEUTRAL.
2025-07-13 19:38:55,482 - GOAT - DEBUG - target_lat: 41.102904, target_lon: 28.5456026
2025-07-13 19:38:55,482 - GOAT - DEBUG - start_altitude: 90target_altitude: 40stable_altitude: 100
2025-07-13 19:38:55,483 - GOAT - DEBUG - diving_distance: 100
2025-07-13 19:38:56,197 - GOAT - DEBUG - Connected to the aircraft.
2025-07-13 19:39:15,040 - GOAT - DEBUG - Received start command from Redis.
2025-07-13 19:39:15,040 - GOAT - DEBUG - Loiter radius set to 20 for kamikaze mission.
2025-07-13 19:39:15,141 - GOAT - DEBUG - going to approach destination
2025-07-13 19:39:16,041 - GOAT - DEBUG - self.state: MissionState.GOING_TO_TARGET
2025-07-13 19:39:17,042 - GOAT - DEBUG - self.state: MissionState.GOING_TO_TARGET
2025-07-13 19:39:18,043 - GOAT - DEBUG - self.state: MissionState.GOING_TO_TARGET
2025-07-13 19:39:19,044 - GOAT - DEBUG - self.state: MissionState.GOING_TO_TARGET
2025-07-13 19:39:20,045 - GOAT - DEBUG - self.state: MissionState.GOING_TO_TARGET
2025-07-13 19:39:21,046 - GOAT - DEBUG - self.state: MissionState.GOING_TO_TARGET
2025-07-13 19:39:22,047 - GOAT - DEBUG - self.state: MissionState.GOING_TO_TARGET
2025-07-13 19:39:23,047 - GOAT - DEBUG - self.state: MissionState.GOING_TO_TARGET
2025-07-13 19:39:24,049 - GOAT - DEBUG - self.state: MissionState.GOING_TO_TARGET
2025-07-13 19:39:25,050 - GOAT - DEBUG - self.state: MissionState.GOING_TO_TARGET
2025-07-13 19:39:26,051 - GOAT - DEBUG - self.state: MissionState.GOING_TO_TARGET
2025-07-13 19:39:27,052 - GOAT - DEBUG - self.state: MissionState.GOING_TO_TARGET
2025-07-13 19:39:28,054 - GOAT - DEBUG - self.state: MissionState.GOING_TO_TARGET
2025-07-13 19:39:28,130 - GOAT - DEBUG - Reached approach destination.
2025-07-13 19:39:28,130 - GOAT - DEBUG - going to target destination
2025-07-13 19:39:29,055 - GOAT - DEBUG - self.state: MissionState.GOING_TO_TARGET
2025-07-13 19:39:30,056 - GOAT - DEBUG - self.state: MissionState.GOING_TO_TARGET
2025-07-13 19:39:31,057 - GOAT - DEBUG - self.state: MissionState.GOING_TO_TARGET
2025-07-13 19:39:32,058 - GOAT - DEBUG - self.state: MissionState.GOING_TO_TARGET
2025-07-13 19:39:33,059 - GOAT - DEBUG - self.state: MissionState.GOING_TO_TARGET
2025-07-13 19:39:34,061 - GOAT - DEBUG - self.state: MissionState.GOING_TO_TARGET
2025-07-13 19:39:35,062 - GOAT - DEBUG - self.state: MissionState.GOING_TO_TARGET
2025-07-13 19:39:36,064 - GOAT - DEBUG - self.state: MissionState.GOING_TO_TARGET
2025-07-13 19:39:37,065 - GOAT - DEBUG - self.state: MissionState.GOING_TO_TARGET
2025-07-13 19:39:38,066 - GOAT - DEBUG - self.state: MissionState.GOING_TO_TARGET
2025-07-13 19:39:39,067 - GOAT - DEBUG - self.state: MissionState.GOING_TO_TARGET
2025-07-13 19:39:40,068 - GOAT - DEBUG - self.state: MissionState.GOING_TO_TARGET
2025-07-13 19:39:41,071 - GOAT - DEBUG - self.state: MissionState.GOING_TO_TARGET
2025-07-13 19:39:42,071 - GOAT - DEBUG - self.state: MissionState.GOING_TO_TARGET
2025-07-13 19:39:43,073 - GOAT - DEBUG - self.state: MissionState.GOING_TO_TARGET
2025-07-13 19:39:44,074 - GOAT - DEBUG - self.state: MissionState.GOING_TO_TARGET
2025-07-13 19:39:45,075 - GOAT - DEBUG - self.state: MissionState.GOING_TO_TARGET
2025-07-13 19:39:46,077 - GOAT - DEBUG - self.state: MissionState.GOING_TO_TARGET
2025-07-13 19:39:47,078 - GOAT - DEBUG - self.state: MissionState.GOING_TO_TARGET
2025-07-13 19:39:48,079 - GOAT - DEBUG - self.state: MissionState.GOING_TO_TARGET
2025-07-13 19:39:49,080 - GOAT - DEBUG - self.state: MissionState.GOING_TO_TARGET
2025-07-13 19:39:50,081 - GOAT - DEBUG - self.state: MissionState.GOING_TO_TARGET
2025-07-13 19:39:51,082 - GOAT - DEBUG - self.state: MissionState.GOING_TO_TARGET
2025-07-13 19:39:52,083 - GOAT - DEBUG - self.state: MissionState.GOING_TO_TARGET
2025-07-13 19:39:53,084 - GOAT - DEBUG - self.state: MissionState.GOING_TO_TARGET
2025-07-13 19:39:54,085 - GOAT - DEBUG - self.state: MissionState.GOING_TO_TARGET
2025-07-13 19:39:55,086 - GOAT - DEBUG - self.state: MissionState.GOING_TO_TARGET
2025-07-13 19:39:56,087 - GOAT - DEBUG - self.state: MissionState.GOING_TO_TARGET
2025-07-13 19:39:57,088 - GOAT - DEBUG - self.state: MissionState.GOING_TO_TARGET
2025-07-13 19:39:58,089 - GOAT - DEBUG - self.state: MissionState.GOING_TO_TARGET
2025-07-13 19:39:59,091 - GOAT - DEBUG - self.state: MissionState.GOING_TO_TARGET
2025-07-13 19:40:00,092 - GOAT - DEBUG - self.state: MissionState.GOING_TO_TARGET
2025-07-13 19:40:01,093 - GOAT - DEBUG - self.state: MissionState.GOING_TO_TARGET
2025-07-13 19:40:01,180 - GOAT - DEBUG - Reached target destination.
2025-07-13 19:40:01,180 - GOAT - DEBUG - Target reached, diving in.
2025-07-13 19:40:02,094 - GOAT - DEBUG - self.state: MissionState.DIVING_IN
2025-07-13 19:40:02,095 - GOAT - DEBUG - Diving in
2025-07-13 19:40:02,095 - GOAT - DEBUG -  RADİAN PITCH == 0.8726646259971648
2025-07-13 19:40:02,095 - GOAT - DEBUG - altitude: 90.063
2025-07-13 19:40:03,096 - GOAT - DEBUG - self.state: MissionState.DIVING_IN
2025-07-13 19:40:03,096 - GOAT - DEBUG - Diving in
2025-07-13 19:40:03,096 - GOAT - DEBUG -  RADİAN PITCH == 0.8726646259971648
2025-07-13 19:40:03,096 - GOAT - DEBUG - altitude: 88.962
2025-07-13 19:40:04,097 - GOAT - DEBUG - self.state: MissionState.DIVING_IN
2025-07-13 19:40:04,098 - GOAT - DEBUG - Diving in
2025-07-13 19:40:04,098 - GOAT - DEBUG -  RADİAN PITCH == 0.8726646259971648
2025-07-13 19:40:04,098 - GOAT - DEBUG - altitude: 83.588
2025-07-13 19:40:05,099 - GOAT - DEBUG - self.state: MissionState.DIVING_IN
2025-07-13 19:40:05,099 - GOAT - DEBUG - Diving in
2025-07-13 19:40:05,099 - GOAT - DEBUG -  RADİAN PITCH == 0.8726646259971648
2025-07-13 19:40:05,100 - GOAT - DEBUG - altitude: 72.898
2025-07-13 19:40:06,104 - GOAT - DEBUG - self.state: MissionState.DIVING_IN
2025-07-13 19:40:06,104 - GOAT - DEBUG - Diving in
2025-07-13 19:40:06,104 - GOAT - DEBUG -  RADİAN PITCH == 0.8726646259971648
2025-07-13 19:40:06,105 - GOAT - DEBUG - altitude: 59.639
2025-07-13 19:40:07,106 - GOAT - DEBUG - self.state: MissionState.DIVING_IN
2025-07-13 19:40:07,106 - GOAT - DEBUG - Diving in
2025-07-13 19:40:07,106 - GOAT - DEBUG -  RADİAN PITCH == 0.8726646259971648
2025-07-13 19:40:07,107 - GOAT - DEBUG - altitude: 42.351
2025-07-13 19:40:07,144 - GOAT - DEBUG - Received stop command from Redis.
2025-07-13 19:40:07,144 - GOAT - DEBUG - Görev durduruldu.
2025-07-13 19:40:07,144 - GOAT - DEBUG - go_to_target_thread durduruluyor.
2025-07-13 19:40:07,192 - GOAT - DEBUG - go_to_target_thread durduruldu.
2025-07-13 19:40:08,107 - GOAT - DEBUG - self.state: MissionState.NEUTRAL
2025-07-13 19:40:09,108 - GOAT - DEBUG - self.state: MissionState.NEUTRAL
2025-07-13 19:40:10,109 - GOAT - DEBUG - self.state: MissionState.NEUTRAL
2025-07-13 19:40:11,110 - GOAT - DEBUG - self.state: MissionState.NEUTRAL
2025-07-13 19:40:12,111 - GOAT - DEBUG - self.state: MissionState.NEUTRAL
2025-07-13 19:40:13,112 - GOAT - DEBUG - self.state: MissionState.NEUTRAL
2025-07-13 19:40:14,112 - GOAT - DEBUG - self.state: MissionState.NEUTRAL
2025-07-13 19:40:15,114 - GOAT - DEBUG - self.state: MissionState.NEUTRAL
2025-07-13 19:40:16,115 - GOAT - DEBUG - self.state: MissionState.NEUTRAL
2025-07-13 19:40:17,116 - GOAT - DEBUG - self.state: MissionState.NEUTRAL
2025-07-13 19:40:18,033 - GOAT - DEBUG - ALTITUDE LOG ZERO !!!
2025-07-13 19:40:18,044 - GOAT - DEBUG - ALTITUDE LOG ZERO !!!
2025-07-13 19:40:18,055 - GOAT - DEBUG - ALTITUDE LOG ZERO !!!
2025-07-13 19:40:18,066 - GOAT - DEBUG - ALTITUDE LOG ZERO !!!
2025-07-13 19:40:18,077 - GOAT - DEBUG - ALTITUDE LOG ZERO !!!
2025-07-13 19:40:18,088 - GOAT - DEBUG - ALTITUDE LOG ZERO !!!
2025-07-13 19:40:18,098 - GOAT - DEBUG - ALTITUDE LOG ZERO !!!
2025-07-13 19:40:18,109 - GOAT - DEBUG - ALTITUDE LOG ZERO !!!
2025-07-13 19:40:18,118 - GOAT - DEBUG - self.state: MissionState.NEUTRAL
2025-07-13 19:40:18,120 - GOAT - DEBUG - ALTITUDE LOG ZERO !!!
2025-07-13 19:40:18,131 - GOAT - DEBUG - ALTITUDE LOG ZERO !!!
2025-07-13 19:40:18,143 - GOAT - DEBUG - ALTITUDE LOG ZERO !!!
2025-07-13 19:40:18,153 - GOAT - DEBUG - ALTITUDE LOG ZERO !!!
2025-07-13 19:40:18,164 - GOAT - DEBUG - ALTITUDE LOG ZERO !!!
2025-07-13 19:40:18,176 - GOAT - DEBUG - ALTITUDE LOG ZERO !!!
2025-07-13 19:40:18,187 - GOAT - DEBUG - ALTITUDE LOG ZERO !!!
2025-07-13 19:40:18,198 - GOAT - DEBUG - ALTITUDE LOG ZERO !!!
2025-07-13 19:40:18,209 - GOAT - DEBUG - ALTITUDE LOG ZERO !!!
2025-07-13 19:40:18,219 - GOAT - DEBUG - ALTITUDE LOG ZERO !!!
2025-07-13 19:40:18,230 - GOAT - DEBUG - ALTITUDE LOG ZERO !!!
2025-07-13 19:40:18,241 - GOAT - DEBUG - ALTITUDE LOG ZERO !!!
2025-07-13 19:40:18,252 - GOAT - DEBUG - ALTITUDE LOG ZERO !!!
2025-07-13 19:40:18,263 - GOAT - DEBUG - ALTITUDE LOG ZERO !!!
2025-07-13 19:40:18,274 - GOAT - DEBUG - ALTITUDE LOG ZERO !!!
2025-07-13 19:40:18,285 - GOAT - DEBUG - ALTITUDE LOG ZERO !!!
2025-07-13 19:40:18,296 - GOAT - DEBUG - ALTITUDE LOG ZERO !!!
2025-07-13 19:40:18,306 - GOAT - DEBUG - ALTITUDE LOG ZERO !!!
2025-07-13 19:40:18,318 - GOAT - DEBUG - ALTITUDE LOG ZERO !!!
2025-07-13 19:40:18,329 - GOAT - DEBUG - ALTITUDE LOG ZERO !!!
2025-07-13 19:40:19,118 - GOAT - DEBUG - self.state: MissionState.NEUTRAL
2025-07-13 19:40:20,119 - GOAT - DEBUG - self.state: MissionState.NEUTRAL
2025-07-13 19:40:21,120 - GOAT - DEBUG - self.state: MissionState.NEUTRAL
2025-07-13 19:40:22,122 - GOAT - DEBUG - self.state: MissionState.NEUTRAL
2025-07-13 19:40:23,123 - GOAT - DEBUG - self.state: MissionState.NEUTRAL
2025-07-13 19:40:24,124 - GOAT - DEBUG - self.state: MissionState.NEUTRAL
2025-07-13 19:40:25,125 - GOAT - DEBUG - self.state: MissionState.NEUTRAL
2025-07-13 19:40:26,126 - GOAT - DEBUG - self.state: MissionState.NEUTRAL
2025-07-13 19:40:27,128 - GOAT - DEBUG - self.state: MissionState.NEUTRAL
2025-07-13 19:40:28,128 - GOAT - DEBUG - self.state: MissionState.NEUTRAL
2025-07-13 19:40:29,129 - GOAT - DEBUG - self.state: MissionState.NEUTRAL
2025-07-13 19:40:30,130 - GOAT - DEBUG - self.state: MissionState.NEUTRAL
2025-07-13 19:40:31,131 - GOAT - DEBUG - self.state: MissionState.NEUTRAL
2025-07-13 19:40:32,132 - GOAT - DEBUG - self.state: MissionState.NEUTRAL
2025-07-13 19:40:33,133 - GOAT - DEBUG - self.state: MissionState.NEUTRAL
2025-07-13 19:40:34,134 - GOAT - DEBUG - self.state: MissionState.NEUTRAL
2025-07-13 19:40:35,135 - GOAT - DEBUG - self.state: MissionState.NEUTRAL
2025-07-13 19:40:36,136 - GOAT - DEBUG - self.state: MissionState.NEUTRAL
2025-07-13 19:40:37,137 - GOAT - DEBUG - self.state: MissionState.NEUTRAL
2025-07-13 19:40:38,138 - GOAT - DEBUG - self.state: MissionState.NEUTRAL
2025-07-13 19:40:39,139 - GOAT - DEBUG - self.state: MissionState.NEUTRAL
2025-07-13 19:40:40,140 - GOAT - DEBUG - self.state: MissionState.NEUTRAL
2025-07-13 19:40:41,140 - GOAT - DEBUG - self.state: MissionState.NEUTRAL
2025-07-13 19:40:42,141 - GOAT - DEBUG - self.state: MissionState.NEUTRAL
2025-07-13 19:40:43,141 - GOAT - DEBUG - self.state: MissionState.NEUTRAL
2025-07-13 19:40:44,143 - GOAT - DEBUG - self.state: MissionState.NEUTRAL
2025-07-13 19:40:45,144 - GOAT - DEBUG - self.state: MissionState.NEUTRAL
2025-07-13 19:40:46,144 - GOAT - DEBUG - self.state: MissionState.NEUTRAL
2025-07-13 19:40:47,146 - GOAT - DEBUG - self.state: MissionState.NEUTRAL
2025-07-13 19:40:48,147 - GOAT - DEBUG - self.state: MissionState.NEUTRAL
2025-07-13 19:40:49,148 - GOAT - DEBUG - self.state: MissionState.NEUTRAL
2025-07-13 19:40:49,402 - GOAT - DEBUG - Connection closed.
