2025-07-14 12:07:57,771 - GOAT - DEBUG - Mission state is NEUTRAL.
2025-07-14 12:07:57,772 - GOAT - DEBUG - target_lat: 41.1015841, target_lon: 28.5525204
2025-07-14 12:07:57,772 - GOAT - DEBUG - start_altitude: 105target_altitude: 70stable_altitude: 80
2025-07-14 12:07:57,772 - GOAT - DEBUG - diving_distance: 100
2025-07-14 12:08:08,295 - GOAT - DEBUG - Connected to the aircraft.
2025-07-14 12:09:35,330 - GOAT - DEBUG - ALTITUDE LOG ZERO !!!
2025-07-14 12:09:35,340 - GOAT - DEBUG - ALTITUDE LOG ZERO !!!
2025-07-14 12:09:35,351 - GOAT - DEBUG - ALTITUDE LOG ZERO !!!
2025-07-14 12:09:35,361 - GOAT - DEBUG - ALTITUDE LOG ZERO !!!
2025-07-14 12:09:35,372 - GOAT - DEBUG - ALTITUDE LOG ZERO !!!
2025-07-14 12:09:35,382 - GOAT - DEBUG - ALTITUDE LOG ZERO !!!
2025-07-14 12:09:35,393 - GOAT - DEBUG - ALTITUDE LOG ZERO !!!
2025-07-14 12:09:35,404 - GOAT - DEBUG - ALTITUDE LOG ZERO !!!
2025-07-14 12:09:35,415 - GOAT - DEBUG - ALTITUDE LOG ZERO !!!
2025-07-14 12:09:35,427 - GOAT - DEBUG - ALTITUDE LOG ZERO !!!
2025-07-14 12:09:35,437 - GOAT - DEBUG - ALTITUDE LOG ZERO !!!
2025-07-14 12:09:35,448 - GOAT - DEBUG - ALTITUDE LOG ZERO !!!
2025-07-14 12:09:35,458 - GOAT - DEBUG - ALTITUDE LOG ZERO !!!
2025-07-14 12:09:35,469 - GOAT - DEBUG - ALTITUDE LOG ZERO !!!
2025-07-14 12:09:35,479 - GOAT - DEBUG - ALTITUDE LOG ZERO !!!
2025-07-14 12:09:35,490 - GOAT - DEBUG - ALTITUDE LOG ZERO !!!
2025-07-14 12:09:35,500 - GOAT - DEBUG - ALTITUDE LOG ZERO !!!
2025-07-14 12:09:35,511 - GOAT - DEBUG - ALTITUDE LOG ZERO !!!
2025-07-14 12:09:35,522 - GOAT - DEBUG - ALTITUDE LOG ZERO !!!
2025-07-14 12:09:35,532 - GOAT - DEBUG - ALTITUDE LOG ZERO !!!
2025-07-14 12:09:35,543 - GOAT - DEBUG - ALTITUDE LOG ZERO !!!
2025-07-14 12:09:35,554 - GOAT - DEBUG - ALTITUDE LOG ZERO !!!
2025-07-14 12:09:35,564 - GOAT - DEBUG - ALTITUDE LOG ZERO !!!
2025-07-14 12:09:35,575 - GOAT - DEBUG - ALTITUDE LOG ZERO !!!
2025-07-14 12:09:35,585 - GOAT - DEBUG - ALTITUDE LOG ZERO !!!
2025-07-14 12:09:35,596 - GOAT - DEBUG - ALTITUDE LOG ZERO !!!
2025-07-14 12:09:35,607 - GOAT - DEBUG - ALTITUDE LOG ZERO !!!
2025-07-14 12:09:35,617 - GOAT - DEBUG - ALTITUDE LOG ZERO !!!
2025-07-14 12:09:35,628 - GOAT - DEBUG - ALTITUDE LOG ZERO !!!
2025-07-14 12:09:35,638 - GOAT - DEBUG - ALTITUDE LOG ZERO !!!
2025-07-14 12:09:35,649 - GOAT - DEBUG - ALTITUDE LOG ZERO !!!
2025-07-14 12:09:35,659 - GOAT - DEBUG - ALTITUDE LOG ZERO !!!
2025-07-14 12:09:35,670 - GOAT - DEBUG - ALTITUDE LOG ZERO !!!
2025-07-14 12:09:35,681 - GOAT - DEBUG - ALTITUDE LOG ZERO !!!
2025-07-14 12:09:35,691 - GOAT - DEBUG - ALTITUDE LOG ZERO !!!
2025-07-14 12:09:35,702 - GOAT - DEBUG - ALTITUDE LOG ZERO !!!
2025-07-14 12:10:33,847 - GOAT - DEBUG - ALTITUDE LOG ZERO !!!
2025-07-14 12:10:33,858 - GOAT - DEBUG - ALTITUDE LOG ZERO !!!
2025-07-14 12:10:33,868 - GOAT - DEBUG - ALTITUDE LOG ZERO !!!
2025-07-14 12:10:33,879 - GOAT - DEBUG - ALTITUDE LOG ZERO !!!
2025-07-14 12:10:33,890 - GOAT - DEBUG - ALTITUDE LOG ZERO !!!
2025-07-14 12:10:33,900 - GOAT - DEBUG - ALTITUDE LOG ZERO !!!
2025-07-14 12:10:33,911 - GOAT - DEBUG - ALTITUDE LOG ZERO !!!
2025-07-14 12:10:33,921 - GOAT - DEBUG - ALTITUDE LOG ZERO !!!
2025-07-14 12:10:33,933 - GOAT - DEBUG - ALTITUDE LOG ZERO !!!
2025-07-14 12:10:33,943 - GOAT - DEBUG - ALTITUDE LOG ZERO !!!
2025-07-14 12:10:33,954 - GOAT - DEBUG - ALTITUDE LOG ZERO !!!
2025-07-14 12:10:33,965 - GOAT - DEBUG - ALTITUDE LOG ZERO !!!
2025-07-14 12:10:33,976 - GOAT - DEBUG - ALTITUDE LOG ZERO !!!
2025-07-14 12:10:33,988 - GOAT - DEBUG - ALTITUDE LOG ZERO !!!
2025-07-14 12:10:33,998 - GOAT - DEBUG - ALTITUDE LOG ZERO !!!
2025-07-14 12:10:34,009 - GOAT - DEBUG - ALTITUDE LOG ZERO !!!
2025-07-14 12:10:34,020 - GOAT - DEBUG - ALTITUDE LOG ZERO !!!
2025-07-14 12:10:34,030 - GOAT - DEBUG - ALTITUDE LOG ZERO !!!
2025-07-14 12:10:34,042 - GOAT - DEBUG - ALTITUDE LOG ZERO !!!
2025-07-14 12:10:34,053 - GOAT - DEBUG - ALTITUDE LOG ZERO !!!
2025-07-14 12:10:34,064 - GOAT - DEBUG - ALTITUDE LOG ZERO !!!
2025-07-14 12:10:34,081 - GOAT - DEBUG - ALTITUDE LOG ZERO !!!
2025-07-14 12:10:34,092 - GOAT - DEBUG - ALTITUDE LOG ZERO !!!
2025-07-14 12:10:34,103 - GOAT - DEBUG - ALTITUDE LOG ZERO !!!
2025-07-14 12:10:34,114 - GOAT - DEBUG - ALTITUDE LOG ZERO !!!
2025-07-14 12:10:34,125 - GOAT - DEBUG - ALTITUDE LOG ZERO !!!
2025-07-14 12:10:34,135 - GOAT - DEBUG - ALTITUDE LOG ZERO !!!
2025-07-14 12:10:34,146 - GOAT - DEBUG - ALTITUDE LOG ZERO !!!
2025-07-14 12:10:34,157 - GOAT - DEBUG - ALTITUDE LOG ZERO !!!
2025-07-14 12:10:34,168 - GOAT - DEBUG - ALTITUDE LOG ZERO !!!
2025-07-14 12:10:34,180 - GOAT - DEBUG - ALTITUDE LOG ZERO !!!
2025-07-14 12:10:34,191 - GOAT - DEBUG - ALTITUDE LOG ZERO !!!
2025-07-14 12:10:34,202 - GOAT - DEBUG - ALTITUDE LOG ZERO !!!
2025-07-14 12:10:34,213 - GOAT - DEBUG - ALTITUDE LOG ZERO !!!
2025-07-14 12:10:34,225 - GOAT - DEBUG - ALTITUDE LOG ZERO !!!
2025-07-14 12:10:34,236 - GOAT - DEBUG - ALTITUDE LOG ZERO !!!
2025-07-14 12:10:34,247 - GOAT - DEBUG - ALTITUDE LOG ZERO !!!
2025-07-14 12:10:34,258 - GOAT - DEBUG - ALTITUDE LOG ZERO !!!
2025-07-14 12:10:34,268 - GOAT - DEBUG - ALTITUDE LOG ZERO !!!
2025-07-14 12:10:34,279 - GOAT - DEBUG - ALTITUDE LOG ZERO !!!
2025-07-14 12:10:34,289 - GOAT - DEBUG - ALTITUDE LOG ZERO !!!
2025-07-14 12:10:34,300 - GOAT - DEBUG - ALTITUDE LOG ZERO !!!
2025-07-14 12:10:34,311 - GOAT - DEBUG - ALTITUDE LOG ZERO !!!
2025-07-14 12:10:34,322 - GOAT - DEBUG - ALTITUDE LOG ZERO !!!
2025-07-14 12:10:34,333 - GOAT - DEBUG - ALTITUDE LOG ZERO !!!
2025-07-14 12:10:34,344 - GOAT - DEBUG - ALTITUDE LOG ZERO !!!
2025-07-14 12:10:34,355 - GOAT - DEBUG - ALTITUDE LOG ZERO !!!
2025-07-14 12:10:34,365 - GOAT - DEBUG - ALTITUDE LOG ZERO !!!
2025-07-14 12:10:34,376 - GOAT - DEBUG - ALTITUDE LOG ZERO !!!
2025-07-14 12:11:07,294 - GOAT - DEBUG - Connection closed.
