2025-08-03 16:03:10,508 - Frame_to_socket - DEBUG - Error: 'send_rocket' object has no attribute 'sending' hatasi oluştu veri gönderilemedi  LOCATION:send_data_rocket
2025-08-03 16:03:10,508 - Frame_to_socket - DEBUG - Error: cannot reshape array of size 68334 into shape (4292411360,1067590,3) hatası oluştu veri gönderilemedi LOCATION:send_frame_rocket GENERAL
2025-08-03 16:03:10,558 - Frame_to_socket - DEBUG - Data sayısı: 1
2025-08-03 16:03:10,559 - Frame_to_socket - DEBUG - Data: {'kamikaze': 'True', 'konumlu': None, 'goruntulu': None, 'enemy_id': None, 'black_list': '[1, 2, 3, 4, 5]', 'av_modu': None, 'kitlenme_bilgisi': {'durum': 'kitlendi', 'hedef': 'enemy_42', 'zaman': '2025-01-23 21:00:00'}, 'kamikaze_bilgisi': {'mod': 'aktif', 'saldırı': 'başlatıldı', 'koordinatlar': [41.082, 29.045]}, 'tracker_bbox': [0, 1, 2, 7]} alındı
2025-08-03 16:03:10,559 - Frame_to_socket - DEBUG - Data: {"kamikaze": "True", "konumlu": null, "goruntulu": null, "enemy_id": null, "black_list": "[1, 2, 3, 4, 5]", "av_modu": null, "kitlenme_bilgisi": {"durum": "kitlendi", "hedef": "enemy_42", "zaman": "2025-01-23 21:00:00"}, "kamikaze_bilgisi": {"mod": "aktif", "sald\u0131r\u0131": "ba\u015flat\u0131ld\u0131", "koordinatlar": [41.082, 29.045]}, "tracker_bbox": [0, 1, 2, 7]} gönderildi
2025-08-03 16:03:10,560 - Frame_to_socket - DEBUG - ------------------------------
2025-08-03 16:03:10,660 - Frame_to_socket - DEBUG - Data sayısı: 2
2025-08-03 16:03:10,661 - Frame_to_socket - DEBUG - Data: {'kamikaze': 'True', 'konumlu': None, 'goruntulu': None, 'enemy_id': None, 'black_list': '[1, 2, 3, 4, 5]', 'av_modu': None, 'kitlenme_bilgisi': {'durum': 'kitlendi', 'hedef': 'enemy_42', 'zaman': '2025-01-23 21:00:00'}, 'kamikaze_bilgisi': {'mod': 'aktif', 'saldırı': 'başlatıldı', 'koordinatlar': [41.082, 29.045]}, 'tracker_bbox': [0, 1, 2, 7]} alındı
2025-08-03 16:03:10,661 - Frame_to_socket - DEBUG - Data: {"kamikaze": "True", "konumlu": null, "goruntulu": null, "enemy_id": null, "black_list": "[1, 2, 3, 4, 5]", "av_modu": null, "kitlenme_bilgisi": {"durum": "kitlendi", "hedef": "enemy_42", "zaman": "2025-01-23 21:00:00"}, "kamikaze_bilgisi": {"mod": "aktif", "sald\u0131r\u0131": "ba\u015flat\u0131ld\u0131", "koordinatlar": [41.082, 29.045]}, "tracker_bbox": [0, 1, 2, 7]} gönderildi
2025-08-03 16:03:10,661 - Frame_to_socket - DEBUG - ------------------------------
2025-08-03 16:03:10,762 - Frame_to_socket - DEBUG - Data sayısı: 3
2025-08-03 16:03:10,763 - Frame_to_socket - DEBUG - Data: {'kamikaze': 'True', 'konumlu': None, 'goruntulu': None, 'enemy_id': None, 'black_list': '[1, 2, 3, 4, 5]', 'av_modu': None, 'kitlenme_bilgisi': {'durum': 'kitlendi', 'hedef': 'enemy_42', 'zaman': '2025-01-23 21:00:00'}, 'kamikaze_bilgisi': {'mod': 'aktif', 'saldırı': 'başlatıldı', 'koordinatlar': [41.082, 29.045]}, 'tracker_bbox': [0, 1, 2, 7]} alındı
2025-08-03 16:03:10,763 - Frame_to_socket - DEBUG - Data: {"kamikaze": "True", "konumlu": null, "goruntulu": null, "enemy_id": null, "black_list": "[1, 2, 3, 4, 5]", "av_modu": null, "kitlenme_bilgisi": {"durum": "kitlendi", "hedef": "enemy_42", "zaman": "2025-01-23 21:00:00"}, "kamikaze_bilgisi": {"mod": "aktif", "sald\u0131r\u0131": "ba\u015flat\u0131ld\u0131", "koordinatlar": [41.082, 29.045]}, "tracker_bbox": [0, 1, 2, 7]} gönderildi
2025-08-03 16:03:10,763 - Frame_to_socket - DEBUG - ------------------------------
2025-08-03 16:03:10,863 - Frame_to_socket - DEBUG - Data sayısı: 4
2025-08-03 16:03:10,864 - Frame_to_socket - DEBUG - Data: {'kamikaze': 'True', 'konumlu': None, 'goruntulu': None, 'enemy_id': None, 'black_list': '[1, 2, 3, 4, 5]', 'av_modu': None, 'kitlenme_bilgisi': {'durum': 'kitlendi', 'hedef': 'enemy_42', 'zaman': '2025-01-23 21:00:00'}, 'kamikaze_bilgisi': {'mod': 'aktif', 'saldırı': 'başlatıldı', 'koordinatlar': [41.082, 29.045]}, 'tracker_bbox': [0, 1, 2, 7]} alındı
2025-08-03 16:03:10,864 - Frame_to_socket - DEBUG - Data: {"kamikaze": "True", "konumlu": null, "goruntulu": null, "enemy_id": null, "black_list": "[1, 2, 3, 4, 5]", "av_modu": null, "kitlenme_bilgisi": {"durum": "kitlendi", "hedef": "enemy_42", "zaman": "2025-01-23 21:00:00"}, "kamikaze_bilgisi": {"mod": "aktif", "sald\u0131r\u0131": "ba\u015flat\u0131ld\u0131", "koordinatlar": [41.082, 29.045]}, "tracker_bbox": [0, 1, 2, 7]} gönderildi
2025-08-03 16:03:10,864 - Frame_to_socket - DEBUG - ------------------------------
2025-08-03 16:03:10,965 - Frame_to_socket - DEBUG - Data sayısı: 5
2025-08-03 16:03:10,967 - Frame_to_socket - DEBUG - Data: {'kamikaze': 'True', 'konumlu': None, 'goruntulu': None, 'enemy_id': None, 'black_list': '[1, 2, 3, 4, 5]', 'av_modu': None, 'kitlenme_bilgisi': {'durum': 'kitlendi', 'hedef': 'enemy_42', 'zaman': '2025-01-23 21:00:00'}, 'kamikaze_bilgisi': {'mod': 'aktif', 'saldırı': 'başlatıldı', 'koordinatlar': [41.082, 29.045]}, 'tracker_bbox': [0, 1, 2, 7]} alındı
2025-08-03 16:03:10,967 - Frame_to_socket - DEBUG - Data: {"kamikaze": "True", "konumlu": null, "goruntulu": null, "enemy_id": null, "black_list": "[1, 2, 3, 4, 5]", "av_modu": null, "kitlenme_bilgisi": {"durum": "kitlendi", "hedef": "enemy_42", "zaman": "2025-01-23 21:00:00"}, "kamikaze_bilgisi": {"mod": "aktif", "sald\u0131r\u0131": "ba\u015flat\u0131ld\u0131", "koordinatlar": [41.082, 29.045]}, "tracker_bbox": [0, 1, 2, 7]} gönderildi
2025-08-03 16:03:10,967 - Frame_to_socket - DEBUG - ------------------------------
2025-08-03 16:03:11,067 - Frame_to_socket - DEBUG - Data sayısı: 6
2025-08-03 16:03:11,069 - Frame_to_socket - DEBUG - Data: {'kamikaze': 'True', 'konumlu': None, 'goruntulu': None, 'enemy_id': None, 'black_list': '[1, 2, 3, 4, 5]', 'av_modu': None, 'kitlenme_bilgisi': {'durum': 'kitlendi', 'hedef': 'enemy_42', 'zaman': '2025-01-23 21:00:00'}, 'kamikaze_bilgisi': {'mod': 'aktif', 'saldırı': 'başlatıldı', 'koordinatlar': [41.082, 29.045]}, 'tracker_bbox': [0, 1, 2, 7]} alındı
2025-08-03 16:03:11,069 - Frame_to_socket - DEBUG - Data: {"kamikaze": "True", "konumlu": null, "goruntulu": null, "enemy_id": null, "black_list": "[1, 2, 3, 4, 5]", "av_modu": null, "kitlenme_bilgisi": {"durum": "kitlendi", "hedef": "enemy_42", "zaman": "2025-01-23 21:00:00"}, "kamikaze_bilgisi": {"mod": "aktif", "sald\u0131r\u0131": "ba\u015flat\u0131ld\u0131", "koordinatlar": [41.082, 29.045]}, "tracker_bbox": [0, 1, 2, 7]} gönderildi
2025-08-03 16:03:11,069 - Frame_to_socket - DEBUG - ------------------------------
2025-08-03 16:03:11,169 - Frame_to_socket - DEBUG - Data sayısı: 7
2025-08-03 16:03:11,170 - Frame_to_socket - DEBUG - Data: {'kamikaze': 'True', 'konumlu': None, 'goruntulu': None, 'enemy_id': None, 'black_list': '[1, 2, 3, 4, 5]', 'av_modu': None, 'kitlenme_bilgisi': {'durum': 'kitlendi', 'hedef': 'enemy_42', 'zaman': '2025-01-23 21:00:00'}, 'kamikaze_bilgisi': {'mod': 'aktif', 'saldırı': 'başlatıldı', 'koordinatlar': [41.082, 29.045]}, 'tracker_bbox': [0, 1, 2, 7]} alındı
2025-08-03 16:03:11,170 - Frame_to_socket - DEBUG - Data: {"kamikaze": "True", "konumlu": null, "goruntulu": null, "enemy_id": null, "black_list": "[1, 2, 3, 4, 5]", "av_modu": null, "kitlenme_bilgisi": {"durum": "kitlendi", "hedef": "enemy_42", "zaman": "2025-01-23 21:00:00"}, "kamikaze_bilgisi": {"mod": "aktif", "sald\u0131r\u0131": "ba\u015flat\u0131ld\u0131", "koordinatlar": [41.082, 29.045]}, "tracker_bbox": [0, 1, 2, 7]} gönderildi
2025-08-03 16:03:11,170 - Frame_to_socket - DEBUG - ------------------------------
2025-08-03 16:03:11,271 - Frame_to_socket - DEBUG - Data sayısı: 8
2025-08-03 16:03:11,272 - Frame_to_socket - DEBUG - Data: {'kamikaze': 'True', 'konumlu': None, 'goruntulu': None, 'enemy_id': None, 'black_list': '[1, 2, 3, 4, 5]', 'av_modu': None, 'kitlenme_bilgisi': {'durum': 'kitlendi', 'hedef': 'enemy_42', 'zaman': '2025-01-23 21:00:00'}, 'kamikaze_bilgisi': {'mod': 'aktif', 'saldırı': 'başlatıldı', 'koordinatlar': [41.082, 29.045]}, 'tracker_bbox': [0, 1, 2, 7]} alındı
2025-08-03 16:03:11,272 - Frame_to_socket - DEBUG - Data: {"kamikaze": "True", "konumlu": null, "goruntulu": null, "enemy_id": null, "black_list": "[1, 2, 3, 4, 5]", "av_modu": null, "kitlenme_bilgisi": {"durum": "kitlendi", "hedef": "enemy_42", "zaman": "2025-01-23 21:00:00"}, "kamikaze_bilgisi": {"mod": "aktif", "sald\u0131r\u0131": "ba\u015flat\u0131ld\u0131", "koordinatlar": [41.082, 29.045]}, "tracker_bbox": [0, 1, 2, 7]} gönderildi
2025-08-03 16:03:11,272 - Frame_to_socket - DEBUG - ------------------------------
2025-08-03 16:03:11,373 - Frame_to_socket - DEBUG - Data sayısı: 9
2025-08-03 16:03:11,374 - Frame_to_socket - DEBUG - Data: {'kamikaze': 'True', 'konumlu': None, 'goruntulu': None, 'enemy_id': None, 'black_list': '[1, 2, 3, 4, 5]', 'av_modu': None, 'kitlenme_bilgisi': {'durum': 'kitlendi', 'hedef': 'enemy_42', 'zaman': '2025-01-23 21:00:00'}, 'kamikaze_bilgisi': {'mod': 'aktif', 'saldırı': 'başlatıldı', 'koordinatlar': [41.082, 29.045]}, 'tracker_bbox': [0, 1, 2, 7]} alındı
2025-08-03 16:03:11,374 - Frame_to_socket - DEBUG - Data: {"kamikaze": "True", "konumlu": null, "goruntulu": null, "enemy_id": null, "black_list": "[1, 2, 3, 4, 5]", "av_modu": null, "kitlenme_bilgisi": {"durum": "kitlendi", "hedef": "enemy_42", "zaman": "2025-01-23 21:00:00"}, "kamikaze_bilgisi": {"mod": "aktif", "sald\u0131r\u0131": "ba\u015flat\u0131ld\u0131", "koordinatlar": [41.082, 29.045]}, "tracker_bbox": [0, 1, 2, 7]} gönderildi
2025-08-03 16:03:11,374 - Frame_to_socket - DEBUG - ------------------------------
2025-08-03 16:03:11,474 - Frame_to_socket - DEBUG - Data sayısı: 10
2025-08-03 16:03:11,476 - Frame_to_socket - DEBUG - Data: {'kamikaze': 'True', 'konumlu': None, 'goruntulu': None, 'enemy_id': None, 'black_list': '[1, 2, 3, 4, 5]', 'av_modu': None, 'kitlenme_bilgisi': {'durum': 'kitlendi', 'hedef': 'enemy_42', 'zaman': '2025-01-23 21:00:00'}, 'kamikaze_bilgisi': {'mod': 'aktif', 'saldırı': 'başlatıldı', 'koordinatlar': [41.082, 29.045]}, 'tracker_bbox': [0, 1, 2, 7]} alındı
2025-08-03 16:03:11,476 - Frame_to_socket - DEBUG - Data: {"kamikaze": "True", "konumlu": null, "goruntulu": null, "enemy_id": null, "black_list": "[1, 2, 3, 4, 5]", "av_modu": null, "kitlenme_bilgisi": {"durum": "kitlendi", "hedef": "enemy_42", "zaman": "2025-01-23 21:00:00"}, "kamikaze_bilgisi": {"mod": "aktif", "sald\u0131r\u0131": "ba\u015flat\u0131ld\u0131", "koordinatlar": [41.082, 29.045]}, "tracker_bbox": [0, 1, 2, 7]} gönderildi
2025-08-03 16:03:11,476 - Frame_to_socket - DEBUG - ------------------------------
2025-08-03 16:03:11,577 - Frame_to_socket - DEBUG - Data sayısı: 11
2025-08-03 16:03:11,578 - Frame_to_socket - DEBUG - Data: {'kamikaze': 'True', 'konumlu': None, 'goruntulu': None, 'enemy_id': None, 'black_list': '[1, 2, 3, 4, 5]', 'av_modu': None, 'kitlenme_bilgisi': {'durum': 'kitlendi', 'hedef': 'enemy_42', 'zaman': '2025-01-23 21:00:00'}, 'kamikaze_bilgisi': {'mod': 'aktif', 'saldırı': 'başlatıldı', 'koordinatlar': [41.082, 29.045]}, 'tracker_bbox': [0, 1, 2, 7]} alındı
2025-08-03 16:03:11,578 - Frame_to_socket - DEBUG - Data: {"kamikaze": "True", "konumlu": null, "goruntulu": null, "enemy_id": null, "black_list": "[1, 2, 3, 4, 5]", "av_modu": null, "kitlenme_bilgisi": {"durum": "kitlendi", "hedef": "enemy_42", "zaman": "2025-01-23 21:00:00"}, "kamikaze_bilgisi": {"mod": "aktif", "sald\u0131r\u0131": "ba\u015flat\u0131ld\u0131", "koordinatlar": [41.082, 29.045]}, "tracker_bbox": [0, 1, 2, 7]} gönderildi
2025-08-03 16:03:11,578 - Frame_to_socket - DEBUG - ------------------------------
2025-08-03 16:03:11,679 - Frame_to_socket - DEBUG - Data sayısı: 12
2025-08-03 16:03:11,679 - Frame_to_socket - DEBUG - Data: {'kamikaze': 'True', 'konumlu': None, 'goruntulu': None, 'enemy_id': None, 'black_list': '[1, 2, 3, 4, 5]', 'av_modu': None, 'kitlenme_bilgisi': {'durum': 'kitlendi', 'hedef': 'enemy_42', 'zaman': '2025-01-23 21:00:00'}, 'kamikaze_bilgisi': {'mod': 'aktif', 'saldırı': 'başlatıldı', 'koordinatlar': [41.082, 29.045]}, 'tracker_bbox': [0, 1, 2, 7]} alındı
2025-08-03 16:03:11,680 - Frame_to_socket - DEBUG - Data: {"kamikaze": "True", "konumlu": null, "goruntulu": null, "enemy_id": null, "black_list": "[1, 2, 3, 4, 5]", "av_modu": null, "kitlenme_bilgisi": {"durum": "kitlendi", "hedef": "enemy_42", "zaman": "2025-01-23 21:00:00"}, "kamikaze_bilgisi": {"mod": "aktif", "sald\u0131r\u0131": "ba\u015flat\u0131ld\u0131", "koordinatlar": [41.082, 29.045]}, "tracker_bbox": [0, 1, 2, 7]} gönderildi
2025-08-03 16:03:11,680 - Frame_to_socket - DEBUG - ------------------------------
2025-08-03 16:03:11,780 - Frame_to_socket - DEBUG - Data sayısı: 13
2025-08-03 16:03:11,781 - Frame_to_socket - DEBUG - Data: {'kamikaze': 'True', 'konumlu': None, 'goruntulu': None, 'enemy_id': None, 'black_list': '[1, 2, 3, 4, 5]', 'av_modu': None, 'kitlenme_bilgisi': {'durum': 'kitlendi', 'hedef': 'enemy_42', 'zaman': '2025-01-23 21:00:00'}, 'kamikaze_bilgisi': {'mod': 'aktif', 'saldırı': 'başlatıldı', 'koordinatlar': [41.082, 29.045]}, 'tracker_bbox': [0, 1, 2, 7]} alındı
2025-08-03 16:03:11,781 - Frame_to_socket - DEBUG - Data: {"kamikaze": "True", "konumlu": null, "goruntulu": null, "enemy_id": null, "black_list": "[1, 2, 3, 4, 5]", "av_modu": null, "kitlenme_bilgisi": {"durum": "kitlendi", "hedef": "enemy_42", "zaman": "2025-01-23 21:00:00"}, "kamikaze_bilgisi": {"mod": "aktif", "sald\u0131r\u0131": "ba\u015flat\u0131ld\u0131", "koordinatlar": [41.082, 29.045]}, "tracker_bbox": [0, 1, 2, 7]} gönderildi
2025-08-03 16:03:11,781 - Frame_to_socket - DEBUG - ------------------------------
2025-08-03 16:03:11,882 - Frame_to_socket - DEBUG - Data sayısı: 14
2025-08-03 16:03:11,883 - Frame_to_socket - DEBUG - Data: {'kamikaze': 'True', 'konumlu': None, 'goruntulu': None, 'enemy_id': None, 'black_list': '[1, 2, 3, 4, 5]', 'av_modu': None, 'kitlenme_bilgisi': {'durum': 'kitlendi', 'hedef': 'enemy_42', 'zaman': '2025-01-23 21:00:00'}, 'kamikaze_bilgisi': {'mod': 'aktif', 'saldırı': 'başlatıldı', 'koordinatlar': [41.082, 29.045]}, 'tracker_bbox': [0, 1, 2, 7]} alındı
2025-08-03 16:03:11,883 - Frame_to_socket - DEBUG - Data: {"kamikaze": "True", "konumlu": null, "goruntulu": null, "enemy_id": null, "black_list": "[1, 2, 3, 4, 5]", "av_modu": null, "kitlenme_bilgisi": {"durum": "kitlendi", "hedef": "enemy_42", "zaman": "2025-01-23 21:00:00"}, "kamikaze_bilgisi": {"mod": "aktif", "sald\u0131r\u0131": "ba\u015flat\u0131ld\u0131", "koordinatlar": [41.082, 29.045]}, "tracker_bbox": [0, 1, 2, 7]} gönderildi
2025-08-03 16:03:11,883 - Frame_to_socket - DEBUG - ------------------------------
2025-08-03 16:03:11,984 - Frame_to_socket - DEBUG - Data sayısı: 15
2025-08-03 16:03:11,985 - Frame_to_socket - DEBUG - Data: {'kamikaze': 'True', 'konumlu': None, 'goruntulu': None, 'enemy_id': None, 'black_list': '[1, 2, 3, 4, 5]', 'av_modu': None, 'kitlenme_bilgisi': {'durum': 'kitlendi', 'hedef': 'enemy_42', 'zaman': '2025-01-23 21:00:00'}, 'kamikaze_bilgisi': {'mod': 'aktif', 'saldırı': 'başlatıldı', 'koordinatlar': [41.082, 29.045]}, 'tracker_bbox': [0, 1, 2, 7]} alındı
2025-08-03 16:03:11,985 - Frame_to_socket - DEBUG - Data: {"kamikaze": "True", "konumlu": null, "goruntulu": null, "enemy_id": null, "black_list": "[1, 2, 3, 4, 5]", "av_modu": null, "kitlenme_bilgisi": {"durum": "kitlendi", "hedef": "enemy_42", "zaman": "2025-01-23 21:00:00"}, "kamikaze_bilgisi": {"mod": "aktif", "sald\u0131r\u0131": "ba\u015flat\u0131ld\u0131", "koordinatlar": [41.082, 29.045]}, "tracker_bbox": [0, 1, 2, 7]} gönderildi
2025-08-03 16:03:11,986 - Frame_to_socket - DEBUG - ------------------------------
2025-08-03 16:03:12,086 - Frame_to_socket - DEBUG - Data sayısı: 16
2025-08-03 16:03:12,087 - Frame_to_socket - DEBUG - Data: {'kamikaze': 'True', 'konumlu': None, 'goruntulu': None, 'enemy_id': None, 'black_list': '[1, 2, 3, 4, 5]', 'av_modu': None, 'kitlenme_bilgisi': {'durum': 'kitlendi', 'hedef': 'enemy_42', 'zaman': '2025-01-23 21:00:00'}, 'kamikaze_bilgisi': {'mod': 'aktif', 'saldırı': 'başlatıldı', 'koordinatlar': [41.082, 29.045]}, 'tracker_bbox': [0, 1, 2, 7]} alındı
2025-08-03 16:03:12,088 - Frame_to_socket - DEBUG - Data: {"kamikaze": "True", "konumlu": null, "goruntulu": null, "enemy_id": null, "black_list": "[1, 2, 3, 4, 5]", "av_modu": null, "kitlenme_bilgisi": {"durum": "kitlendi", "hedef": "enemy_42", "zaman": "2025-01-23 21:00:00"}, "kamikaze_bilgisi": {"mod": "aktif", "sald\u0131r\u0131": "ba\u015flat\u0131ld\u0131", "koordinatlar": [41.082, 29.045]}, "tracker_bbox": [0, 1, 2, 7]} gönderildi
2025-08-03 16:03:12,088 - Frame_to_socket - DEBUG - ------------------------------
2025-08-03 16:03:12,188 - Frame_to_socket - DEBUG - Data sayısı: 17
2025-08-03 16:03:12,189 - Frame_to_socket - DEBUG - Data: {'kamikaze': 'True', 'konumlu': None, 'goruntulu': None, 'enemy_id': None, 'black_list': '[1, 2, 3, 4, 5]', 'av_modu': None, 'kitlenme_bilgisi': {'durum': 'kitlendi', 'hedef': 'enemy_42', 'zaman': '2025-01-23 21:00:00'}, 'kamikaze_bilgisi': {'mod': 'aktif', 'saldırı': 'başlatıldı', 'koordinatlar': [41.082, 29.045]}, 'tracker_bbox': [0, 1, 2, 7]} alındı
2025-08-03 16:03:12,190 - Frame_to_socket - DEBUG - Data: {"kamikaze": "True", "konumlu": null, "goruntulu": null, "enemy_id": null, "black_list": "[1, 2, 3, 4, 5]", "av_modu": null, "kitlenme_bilgisi": {"durum": "kitlendi", "hedef": "enemy_42", "zaman": "2025-01-23 21:00:00"}, "kamikaze_bilgisi": {"mod": "aktif", "sald\u0131r\u0131": "ba\u015flat\u0131ld\u0131", "koordinatlar": [41.082, 29.045]}, "tracker_bbox": [0, 1, 2, 7]} gönderildi
2025-08-03 16:03:12,190 - Frame_to_socket - DEBUG - ------------------------------
2025-08-03 16:03:12,290 - Frame_to_socket - DEBUG - Data sayısı: 18
2025-08-03 16:03:12,292 - Frame_to_socket - DEBUG - Data: {'kamikaze': 'True', 'konumlu': None, 'goruntulu': None, 'enemy_id': None, 'black_list': '[1, 2, 3, 4, 5]', 'av_modu': None, 'kitlenme_bilgisi': {'durum': 'kitlendi', 'hedef': 'enemy_42', 'zaman': '2025-01-23 21:00:00'}, 'kamikaze_bilgisi': {'mod': 'aktif', 'saldırı': 'başlatıldı', 'koordinatlar': [41.082, 29.045]}, 'tracker_bbox': [0, 1, 2, 7]} alındı
2025-08-03 16:03:12,292 - Frame_to_socket - DEBUG - Data: {"kamikaze": "True", "konumlu": null, "goruntulu": null, "enemy_id": null, "black_list": "[1, 2, 3, 4, 5]", "av_modu": null, "kitlenme_bilgisi": {"durum": "kitlendi", "hedef": "enemy_42", "zaman": "2025-01-23 21:00:00"}, "kamikaze_bilgisi": {"mod": "aktif", "sald\u0131r\u0131": "ba\u015flat\u0131ld\u0131", "koordinatlar": [41.082, 29.045]}, "tracker_bbox": [0, 1, 2, 7]} gönderildi
2025-08-03 16:03:12,292 - Frame_to_socket - DEBUG - ------------------------------
2025-08-03 16:03:12,393 - Frame_to_socket - DEBUG - Data sayısı: 19
2025-08-03 16:03:12,394 - Frame_to_socket - DEBUG - Data: {'kamikaze': 'True', 'konumlu': None, 'goruntulu': None, 'enemy_id': None, 'black_list': '[1, 2, 3, 4, 5]', 'av_modu': None, 'kitlenme_bilgisi': {'durum': 'kitlendi', 'hedef': 'enemy_42', 'zaman': '2025-01-23 21:00:00'}, 'kamikaze_bilgisi': {'mod': 'aktif', 'saldırı': 'başlatıldı', 'koordinatlar': [41.082, 29.045]}, 'tracker_bbox': [0, 1, 2, 7]} alındı
2025-08-03 16:03:12,394 - Frame_to_socket - DEBUG - Data: {"kamikaze": "True", "konumlu": null, "goruntulu": null, "enemy_id": null, "black_list": "[1, 2, 3, 4, 5]", "av_modu": null, "kitlenme_bilgisi": {"durum": "kitlendi", "hedef": "enemy_42", "zaman": "2025-01-23 21:00:00"}, "kamikaze_bilgisi": {"mod": "aktif", "sald\u0131r\u0131": "ba\u015flat\u0131ld\u0131", "koordinatlar": [41.082, 29.045]}, "tracker_bbox": [0, 1, 2, 7]} gönderildi
2025-08-03 16:03:12,394 - Frame_to_socket - DEBUG - ------------------------------
2025-08-03 16:03:12,495 - Frame_to_socket - DEBUG - Data sayısı: 20
2025-08-03 16:03:12,496 - Frame_to_socket - DEBUG - Data: {'kamikaze': 'True', 'konumlu': None, 'goruntulu': None, 'enemy_id': None, 'black_list': '[1, 2, 3, 4, 5]', 'av_modu': None, 'kitlenme_bilgisi': {'durum': 'kitlendi', 'hedef': 'enemy_42', 'zaman': '2025-01-23 21:00:00'}, 'kamikaze_bilgisi': {'mod': 'aktif', 'saldırı': 'başlatıldı', 'koordinatlar': [41.082, 29.045]}, 'tracker_bbox': [0, 1, 2, 7]} alındı
2025-08-03 16:03:12,497 - Frame_to_socket - DEBUG - Data: {"kamikaze": "True", "konumlu": null, "goruntulu": null, "enemy_id": null, "black_list": "[1, 2, 3, 4, 5]", "av_modu": null, "kitlenme_bilgisi": {"durum": "kitlendi", "hedef": "enemy_42", "zaman": "2025-01-23 21:00:00"}, "kamikaze_bilgisi": {"mod": "aktif", "sald\u0131r\u0131": "ba\u015flat\u0131ld\u0131", "koordinatlar": [41.082, 29.045]}, "tracker_bbox": [0, 1, 2, 7]} gönderildi
2025-08-03 16:03:12,497 - Frame_to_socket - DEBUG - ------------------------------
2025-08-03 16:03:12,602 - Frame_to_socket - DEBUG - Data sayısı: 21
2025-08-03 16:03:12,605 - Frame_to_socket - DEBUG - Data: {'kamikaze': 'True', 'konumlu': None, 'goruntulu': None, 'enemy_id': None, 'black_list': '[1, 2, 3, 4, 5]', 'av_modu': None, 'kitlenme_bilgisi': {'durum': 'kitlendi', 'hedef': 'enemy_42', 'zaman': '2025-01-23 21:00:00'}, 'kamikaze_bilgisi': {'mod': 'aktif', 'saldırı': 'başlatıldı', 'koordinatlar': [41.082, 29.045]}, 'tracker_bbox': [0, 1, 2, 7]} alındı
2025-08-03 16:03:12,605 - Frame_to_socket - DEBUG - Data: {"kamikaze": "True", "konumlu": null, "goruntulu": null, "enemy_id": null, "black_list": "[1, 2, 3, 4, 5]", "av_modu": null, "kitlenme_bilgisi": {"durum": "kitlendi", "hedef": "enemy_42", "zaman": "2025-01-23 21:00:00"}, "kamikaze_bilgisi": {"mod": "aktif", "sald\u0131r\u0131": "ba\u015flat\u0131ld\u0131", "koordinatlar": [41.082, 29.045]}, "tracker_bbox": [0, 1, 2, 7]} gönderildi
2025-08-03 16:03:12,605 - Frame_to_socket - DEBUG - ------------------------------
2025-08-03 16:03:12,707 - Frame_to_socket - DEBUG - Data sayısı: 22
2025-08-03 16:03:12,709 - Frame_to_socket - DEBUG - Data: {'kamikaze': 'True', 'konumlu': None, 'goruntulu': None, 'enemy_id': None, 'black_list': '[1, 2, 3, 4, 5]', 'av_modu': None, 'kitlenme_bilgisi': {'durum': 'kitlendi', 'hedef': 'enemy_42', 'zaman': '2025-01-23 21:00:00'}, 'kamikaze_bilgisi': {'mod': 'aktif', 'saldırı': 'başlatıldı', 'koordinatlar': [41.082, 29.045]}, 'tracker_bbox': [0, 1, 2, 7]} alındı
2025-08-03 16:03:12,709 - Frame_to_socket - DEBUG - Data: {"kamikaze": "True", "konumlu": null, "goruntulu": null, "enemy_id": null, "black_list": "[1, 2, 3, 4, 5]", "av_modu": null, "kitlenme_bilgisi": {"durum": "kitlendi", "hedef": "enemy_42", "zaman": "2025-01-23 21:00:00"}, "kamikaze_bilgisi": {"mod": "aktif", "sald\u0131r\u0131": "ba\u015flat\u0131ld\u0131", "koordinatlar": [41.082, 29.045]}, "tracker_bbox": [0, 1, 2, 7]} gönderildi
2025-08-03 16:03:12,709 - Frame_to_socket - DEBUG - ------------------------------
2025-08-03 16:03:12,815 - Frame_to_socket - DEBUG - Data sayısı: 23
2025-08-03 16:03:12,817 - Frame_to_socket - DEBUG - Data: {'kamikaze': 'True', 'konumlu': None, 'goruntulu': None, 'enemy_id': None, 'black_list': '[1, 2, 3, 4, 5]', 'av_modu': None, 'kitlenme_bilgisi': {'durum': 'kitlendi', 'hedef': 'enemy_42', 'zaman': '2025-01-23 21:00:00'}, 'kamikaze_bilgisi': {'mod': 'aktif', 'saldırı': 'başlatıldı', 'koordinatlar': [41.082, 29.045]}, 'tracker_bbox': [0, 1, 2, 7]} alındı
2025-08-03 16:03:12,817 - Frame_to_socket - DEBUG - Data: {"kamikaze": "True", "konumlu": null, "goruntulu": null, "enemy_id": null, "black_list": "[1, 2, 3, 4, 5]", "av_modu": null, "kitlenme_bilgisi": {"durum": "kitlendi", "hedef": "enemy_42", "zaman": "2025-01-23 21:00:00"}, "kamikaze_bilgisi": {"mod": "aktif", "sald\u0131r\u0131": "ba\u015flat\u0131ld\u0131", "koordinatlar": [41.082, 29.045]}, "tracker_bbox": [0, 1, 2, 7]} gönderildi
2025-08-03 16:03:12,817 - Frame_to_socket - DEBUG - ------------------------------
2025-08-03 16:03:12,918 - Frame_to_socket - DEBUG - Data sayısı: 24
2025-08-03 16:03:12,920 - Frame_to_socket - DEBUG - Data: {'kamikaze': 'True', 'konumlu': None, 'goruntulu': None, 'enemy_id': None, 'black_list': '[1, 2, 3, 4, 5]', 'av_modu': None, 'kitlenme_bilgisi': {'durum': 'kitlendi', 'hedef': 'enemy_42', 'zaman': '2025-01-23 21:00:00'}, 'kamikaze_bilgisi': {'mod': 'aktif', 'saldırı': 'başlatıldı', 'koordinatlar': [41.082, 29.045]}, 'tracker_bbox': [0, 1, 2, 7]} alındı
2025-08-03 16:03:12,920 - Frame_to_socket - DEBUG - Data: {"kamikaze": "True", "konumlu": null, "goruntulu": null, "enemy_id": null, "black_list": "[1, 2, 3, 4, 5]", "av_modu": null, "kitlenme_bilgisi": {"durum": "kitlendi", "hedef": "enemy_42", "zaman": "2025-01-23 21:00:00"}, "kamikaze_bilgisi": {"mod": "aktif", "sald\u0131r\u0131": "ba\u015flat\u0131ld\u0131", "koordinatlar": [41.082, 29.045]}, "tracker_bbox": [0, 1, 2, 7]} gönderildi
2025-08-03 16:03:12,920 - Frame_to_socket - DEBUG - ------------------------------
2025-08-03 16:03:13,021 - Frame_to_socket - DEBUG - Data sayısı: 25
2025-08-03 16:03:13,024 - Frame_to_socket - DEBUG - Data: {'kamikaze': 'True', 'konumlu': None, 'goruntulu': None, 'enemy_id': None, 'black_list': '[1, 2, 3, 4, 5]', 'av_modu': None, 'kitlenme_bilgisi': {'durum': 'kitlendi', 'hedef': 'enemy_42', 'zaman': '2025-01-23 21:00:00'}, 'kamikaze_bilgisi': {'mod': 'aktif', 'saldırı': 'başlatıldı', 'koordinatlar': [41.082, 29.045]}, 'tracker_bbox': [0, 1, 2, 7]} alındı
2025-08-03 16:03:13,024 - Frame_to_socket - DEBUG - Data: {"kamikaze": "True", "konumlu": null, "goruntulu": null, "enemy_id": null, "black_list": "[1, 2, 3, 4, 5]", "av_modu": null, "kitlenme_bilgisi": {"durum": "kitlendi", "hedef": "enemy_42", "zaman": "2025-01-23 21:00:00"}, "kamikaze_bilgisi": {"mod": "aktif", "sald\u0131r\u0131": "ba\u015flat\u0131ld\u0131", "koordinatlar": [41.082, 29.045]}, "tracker_bbox": [0, 1, 2, 7]} gönderildi
2025-08-03 16:03:13,024 - Frame_to_socket - DEBUG - ------------------------------
2025-08-03 16:03:13,125 - Frame_to_socket - DEBUG - Data sayısı: 26
2025-08-03 16:03:13,128 - Frame_to_socket - DEBUG - Data: {'kamikaze': 'True', 'konumlu': None, 'goruntulu': None, 'enemy_id': None, 'black_list': '[1, 2, 3, 4, 5]', 'av_modu': None, 'kitlenme_bilgisi': {'durum': 'kitlendi', 'hedef': 'enemy_42', 'zaman': '2025-01-23 21:00:00'}, 'kamikaze_bilgisi': {'mod': 'aktif', 'saldırı': 'başlatıldı', 'koordinatlar': [41.082, 29.045]}, 'tracker_bbox': [0, 1, 2, 7]} alındı
2025-08-03 16:03:13,128 - Frame_to_socket - DEBUG - Data: {"kamikaze": "True", "konumlu": null, "goruntulu": null, "enemy_id": null, "black_list": "[1, 2, 3, 4, 5]", "av_modu": null, "kitlenme_bilgisi": {"durum": "kitlendi", "hedef": "enemy_42", "zaman": "2025-01-23 21:00:00"}, "kamikaze_bilgisi": {"mod": "aktif", "sald\u0131r\u0131": "ba\u015flat\u0131ld\u0131", "koordinatlar": [41.082, 29.045]}, "tracker_bbox": [0, 1, 2, 7]} gönderildi
2025-08-03 16:03:13,129 - Frame_to_socket - DEBUG - ------------------------------
2025-08-03 16:03:13,230 - Frame_to_socket - DEBUG - Data sayısı: 27
2025-08-03 16:03:13,234 - Frame_to_socket - DEBUG - Data: {'kamikaze': 'True', 'konumlu': None, 'goruntulu': None, 'enemy_id': None, 'black_list': '[1, 2, 3, 4, 5]', 'av_modu': None, 'kitlenme_bilgisi': {'durum': 'kitlendi', 'hedef': 'enemy_42', 'zaman': '2025-01-23 21:00:00'}, 'kamikaze_bilgisi': {'mod': 'aktif', 'saldırı': 'başlatıldı', 'koordinatlar': [41.082, 29.045]}, 'tracker_bbox': [0, 1, 2, 7]} alındı
2025-08-03 16:03:13,234 - Frame_to_socket - DEBUG - Data: {"kamikaze": "True", "konumlu": null, "goruntulu": null, "enemy_id": null, "black_list": "[1, 2, 3, 4, 5]", "av_modu": null, "kitlenme_bilgisi": {"durum": "kitlendi", "hedef": "enemy_42", "zaman": "2025-01-23 21:00:00"}, "kamikaze_bilgisi": {"mod": "aktif", "sald\u0131r\u0131": "ba\u015flat\u0131ld\u0131", "koordinatlar": [41.082, 29.045]}, "tracker_bbox": [0, 1, 2, 7]} gönderildi
2025-08-03 16:03:13,234 - Frame_to_socket - DEBUG - ------------------------------
2025-08-03 16:03:13,339 - Frame_to_socket - DEBUG - Data sayısı: 28
2025-08-03 16:03:13,342 - Frame_to_socket - DEBUG - Data: {'kamikaze': 'True', 'konumlu': None, 'goruntulu': None, 'enemy_id': None, 'black_list': '[1, 2, 3, 4, 5]', 'av_modu': None, 'kitlenme_bilgisi': {'durum': 'kitlendi', 'hedef': 'enemy_42', 'zaman': '2025-01-23 21:00:00'}, 'kamikaze_bilgisi': {'mod': 'aktif', 'saldırı': 'başlatıldı', 'koordinatlar': [41.082, 29.045]}, 'tracker_bbox': [0, 1, 2, 7]} alındı
2025-08-03 16:03:13,343 - Frame_to_socket - DEBUG - Data: {"kamikaze": "True", "konumlu": null, "goruntulu": null, "enemy_id": null, "black_list": "[1, 2, 3, 4, 5]", "av_modu": null, "kitlenme_bilgisi": {"durum": "kitlendi", "hedef": "enemy_42", "zaman": "2025-01-23 21:00:00"}, "kamikaze_bilgisi": {"mod": "aktif", "sald\u0131r\u0131": "ba\u015flat\u0131ld\u0131", "koordinatlar": [41.082, 29.045]}, "tracker_bbox": [0, 1, 2, 7]} gönderildi
2025-08-03 16:03:13,343 - Frame_to_socket - DEBUG - ------------------------------
2025-08-03 16:03:13,443 - Frame_to_socket - DEBUG - Data sayısı: 29
2025-08-03 16:03:13,445 - Frame_to_socket - DEBUG - Data: {'kamikaze': 'True', 'konumlu': None, 'goruntulu': None, 'enemy_id': None, 'black_list': '[1, 2, 3, 4, 5]', 'av_modu': None, 'kitlenme_bilgisi': {'durum': 'kitlendi', 'hedef': 'enemy_42', 'zaman': '2025-01-23 21:00:00'}, 'kamikaze_bilgisi': {'mod': 'aktif', 'saldırı': 'başlatıldı', 'koordinatlar': [41.082, 29.045]}, 'tracker_bbox': [0, 1, 2, 7]} alındı
2025-08-03 16:03:13,445 - Frame_to_socket - DEBUG - Data: {"kamikaze": "True", "konumlu": null, "goruntulu": null, "enemy_id": null, "black_list": "[1, 2, 3, 4, 5]", "av_modu": null, "kitlenme_bilgisi": {"durum": "kitlendi", "hedef": "enemy_42", "zaman": "2025-01-23 21:00:00"}, "kamikaze_bilgisi": {"mod": "aktif", "sald\u0131r\u0131": "ba\u015flat\u0131ld\u0131", "koordinatlar": [41.082, 29.045]}, "tracker_bbox": [0, 1, 2, 7]} gönderildi
2025-08-03 16:03:13,446 - Frame_to_socket - DEBUG - ------------------------------
2025-08-03 16:03:13,547 - Frame_to_socket - DEBUG - Data sayısı: 30
2025-08-03 16:03:13,549 - Frame_to_socket - DEBUG - Data: {'kamikaze': 'True', 'konumlu': None, 'goruntulu': None, 'enemy_id': None, 'black_list': '[1, 2, 3, 4, 5]', 'av_modu': None, 'kitlenme_bilgisi': {'durum': 'kitlendi', 'hedef': 'enemy_42', 'zaman': '2025-01-23 21:00:00'}, 'kamikaze_bilgisi': {'mod': 'aktif', 'saldırı': 'başlatıldı', 'koordinatlar': [41.082, 29.045]}, 'tracker_bbox': [0, 1, 2, 7]} alındı
2025-08-03 16:03:13,550 - Frame_to_socket - DEBUG - Data: {"kamikaze": "True", "konumlu": null, "goruntulu": null, "enemy_id": null, "black_list": "[1, 2, 3, 4, 5]", "av_modu": null, "kitlenme_bilgisi": {"durum": "kitlendi", "hedef": "enemy_42", "zaman": "2025-01-23 21:00:00"}, "kamikaze_bilgisi": {"mod": "aktif", "sald\u0131r\u0131": "ba\u015flat\u0131ld\u0131", "koordinatlar": [41.082, 29.045]}, "tracker_bbox": [0, 1, 2, 7]} gönderildi
2025-08-03 16:03:13,550 - Frame_to_socket - DEBUG - ------------------------------
2025-08-03 16:03:13,655 - Frame_to_socket - DEBUG - Data sayısı: 31
2025-08-03 16:03:13,658 - Frame_to_socket - DEBUG - Data: {'kamikaze': 'True', 'konumlu': None, 'goruntulu': None, 'enemy_id': None, 'black_list': '[1, 2, 3, 4, 5]', 'av_modu': None, 'kitlenme_bilgisi': {'durum': 'kitlendi', 'hedef': 'enemy_42', 'zaman': '2025-01-23 21:00:00'}, 'kamikaze_bilgisi': {'mod': 'aktif', 'saldırı': 'başlatıldı', 'koordinatlar': [41.082, 29.045]}, 'tracker_bbox': [0, 1, 2, 7]} alındı
2025-08-03 16:03:13,659 - Frame_to_socket - DEBUG - Data: {"kamikaze": "True", "konumlu": null, "goruntulu": null, "enemy_id": null, "black_list": "[1, 2, 3, 4, 5]", "av_modu": null, "kitlenme_bilgisi": {"durum": "kitlendi", "hedef": "enemy_42", "zaman": "2025-01-23 21:00:00"}, "kamikaze_bilgisi": {"mod": "aktif", "sald\u0131r\u0131": "ba\u015flat\u0131ld\u0131", "koordinatlar": [41.082, 29.045]}, "tracker_bbox": [0, 1, 2, 7]} gönderildi
2025-08-03 16:03:13,659 - Frame_to_socket - DEBUG - ------------------------------
2025-08-03 16:03:13,763 - Frame_to_socket - DEBUG - Data sayısı: 32
2025-08-03 16:03:13,765 - Frame_to_socket - DEBUG - Data: {'kamikaze': 'True', 'konumlu': None, 'goruntulu': None, 'enemy_id': None, 'black_list': '[1, 2, 3, 4, 5]', 'av_modu': None, 'kitlenme_bilgisi': {'durum': 'kitlendi', 'hedef': 'enemy_42', 'zaman': '2025-01-23 21:00:00'}, 'kamikaze_bilgisi': {'mod': 'aktif', 'saldırı': 'başlatıldı', 'koordinatlar': [41.082, 29.045]}, 'tracker_bbox': [0, 1, 2, 7]} alındı
2025-08-03 16:03:13,766 - Frame_to_socket - DEBUG - Data: {"kamikaze": "True", "konumlu": null, "goruntulu": null, "enemy_id": null, "black_list": "[1, 2, 3, 4, 5]", "av_modu": null, "kitlenme_bilgisi": {"durum": "kitlendi", "hedef": "enemy_42", "zaman": "2025-01-23 21:00:00"}, "kamikaze_bilgisi": {"mod": "aktif", "sald\u0131r\u0131": "ba\u015flat\u0131ld\u0131", "koordinatlar": [41.082, 29.045]}, "tracker_bbox": [0, 1, 2, 7]} gönderildi
2025-08-03 16:03:13,766 - Frame_to_socket - DEBUG - ------------------------------
2025-08-03 16:03:13,870 - Frame_to_socket - DEBUG - Data sayısı: 33
2025-08-03 16:03:13,873 - Frame_to_socket - DEBUG - Data: {'kamikaze': 'True', 'konumlu': None, 'goruntulu': None, 'enemy_id': None, 'black_list': '[1, 2, 3, 4, 5]', 'av_modu': None, 'kitlenme_bilgisi': {'durum': 'kitlendi', 'hedef': 'enemy_42', 'zaman': '2025-01-23 21:00:00'}, 'kamikaze_bilgisi': {'mod': 'aktif', 'saldırı': 'başlatıldı', 'koordinatlar': [41.082, 29.045]}, 'tracker_bbox': [0, 1, 2, 7]} alındı
2025-08-03 16:03:13,873 - Frame_to_socket - DEBUG - Data: {"kamikaze": "True", "konumlu": null, "goruntulu": null, "enemy_id": null, "black_list": "[1, 2, 3, 4, 5]", "av_modu": null, "kitlenme_bilgisi": {"durum": "kitlendi", "hedef": "enemy_42", "zaman": "2025-01-23 21:00:00"}, "kamikaze_bilgisi": {"mod": "aktif", "sald\u0131r\u0131": "ba\u015flat\u0131ld\u0131", "koordinatlar": [41.082, 29.045]}, "tracker_bbox": [0, 1, 2, 7]} gönderildi
2025-08-03 16:03:13,873 - Frame_to_socket - DEBUG - ------------------------------
2025-08-03 16:03:13,979 - Frame_to_socket - DEBUG - Data sayısı: 34
2025-08-03 16:03:13,982 - Frame_to_socket - DEBUG - Data: {'kamikaze': 'True', 'konumlu': None, 'goruntulu': None, 'enemy_id': None, 'black_list': '[1, 2, 3, 4, 5]', 'av_modu': None, 'kitlenme_bilgisi': {'durum': 'kitlendi', 'hedef': 'enemy_42', 'zaman': '2025-01-23 21:00:00'}, 'kamikaze_bilgisi': {'mod': 'aktif', 'saldırı': 'başlatıldı', 'koordinatlar': [41.082, 29.045]}, 'tracker_bbox': [0, 1, 2, 7]} alındı
2025-08-03 16:03:13,982 - Frame_to_socket - DEBUG - Data: {"kamikaze": "True", "konumlu": null, "goruntulu": null, "enemy_id": null, "black_list": "[1, 2, 3, 4, 5]", "av_modu": null, "kitlenme_bilgisi": {"durum": "kitlendi", "hedef": "enemy_42", "zaman": "2025-01-23 21:00:00"}, "kamikaze_bilgisi": {"mod": "aktif", "sald\u0131r\u0131": "ba\u015flat\u0131ld\u0131", "koordinatlar": [41.082, 29.045]}, "tracker_bbox": [0, 1, 2, 7]} gönderildi
2025-08-03 16:03:13,982 - Frame_to_socket - DEBUG - ------------------------------
2025-08-03 16:03:14,087 - Frame_to_socket - DEBUG - Data sayısı: 35
2025-08-03 16:03:14,091 - Frame_to_socket - DEBUG - Data: {'kamikaze': 'True', 'konumlu': None, 'goruntulu': None, 'enemy_id': None, 'black_list': '[1, 2, 3, 4, 5]', 'av_modu': None, 'kitlenme_bilgisi': {'durum': 'kitlendi', 'hedef': 'enemy_42', 'zaman': '2025-01-23 21:00:00'}, 'kamikaze_bilgisi': {'mod': 'aktif', 'saldırı': 'başlatıldı', 'koordinatlar': [41.082, 29.045]}, 'tracker_bbox': [0, 1, 2, 7]} alındı
2025-08-03 16:03:14,091 - Frame_to_socket - DEBUG - Data: {"kamikaze": "True", "konumlu": null, "goruntulu": null, "enemy_id": null, "black_list": "[1, 2, 3, 4, 5]", "av_modu": null, "kitlenme_bilgisi": {"durum": "kitlendi", "hedef": "enemy_42", "zaman": "2025-01-23 21:00:00"}, "kamikaze_bilgisi": {"mod": "aktif", "sald\u0131r\u0131": "ba\u015flat\u0131ld\u0131", "koordinatlar": [41.082, 29.045]}, "tracker_bbox": [0, 1, 2, 7]} gönderildi
2025-08-03 16:03:14,091 - Frame_to_socket - DEBUG - ------------------------------
2025-08-03 16:03:14,197 - Frame_to_socket - DEBUG - Data sayısı: 36
2025-08-03 16:03:14,200 - Frame_to_socket - DEBUG - Data: {'kamikaze': 'True', 'konumlu': None, 'goruntulu': None, 'enemy_id': None, 'black_list': '[1, 2, 3, 4, 5]', 'av_modu': None, 'kitlenme_bilgisi': {'durum': 'kitlendi', 'hedef': 'enemy_42', 'zaman': '2025-01-23 21:00:00'}, 'kamikaze_bilgisi': {'mod': 'aktif', 'saldırı': 'başlatıldı', 'koordinatlar': [41.082, 29.045]}, 'tracker_bbox': [0, 1, 2, 7]} alındı
2025-08-03 16:03:14,201 - Frame_to_socket - DEBUG - Data: {"kamikaze": "True", "konumlu": null, "goruntulu": null, "enemy_id": null, "black_list": "[1, 2, 3, 4, 5]", "av_modu": null, "kitlenme_bilgisi": {"durum": "kitlendi", "hedef": "enemy_42", "zaman": "2025-01-23 21:00:00"}, "kamikaze_bilgisi": {"mod": "aktif", "sald\u0131r\u0131": "ba\u015flat\u0131ld\u0131", "koordinatlar": [41.082, 29.045]}, "tracker_bbox": [0, 1, 2, 7]} gönderildi
2025-08-03 16:03:14,201 - Frame_to_socket - DEBUG - ------------------------------
2025-08-03 16:03:14,302 - Frame_to_socket - DEBUG - Data sayısı: 37
2025-08-03 16:03:14,305 - Frame_to_socket - DEBUG - Data: {'kamikaze': 'True', 'konumlu': None, 'goruntulu': None, 'enemy_id': None, 'black_list': '[1, 2, 3, 4, 5]', 'av_modu': None, 'kitlenme_bilgisi': {'durum': 'kitlendi', 'hedef': 'enemy_42', 'zaman': '2025-01-23 21:00:00'}, 'kamikaze_bilgisi': {'mod': 'aktif', 'saldırı': 'başlatıldı', 'koordinatlar': [41.082, 29.045]}, 'tracker_bbox': [0, 1, 2, 7]} alındı
2025-08-03 16:03:14,306 - Frame_to_socket - DEBUG - Data: {"kamikaze": "True", "konumlu": null, "goruntulu": null, "enemy_id": null, "black_list": "[1, 2, 3, 4, 5]", "av_modu": null, "kitlenme_bilgisi": {"durum": "kitlendi", "hedef": "enemy_42", "zaman": "2025-01-23 21:00:00"}, "kamikaze_bilgisi": {"mod": "aktif", "sald\u0131r\u0131": "ba\u015flat\u0131ld\u0131", "koordinatlar": [41.082, 29.045]}, "tracker_bbox": [0, 1, 2, 7]} gönderildi
2025-08-03 16:03:14,306 - Frame_to_socket - DEBUG - ------------------------------
2025-08-03 16:03:14,407 - Frame_to_socket - DEBUG - Data sayısı: 38
2025-08-03 16:03:14,409 - Frame_to_socket - DEBUG - Data: {'kamikaze': 'True', 'konumlu': None, 'goruntulu': None, 'enemy_id': None, 'black_list': '[1, 2, 3, 4, 5]', 'av_modu': None, 'kitlenme_bilgisi': {'durum': 'kitlendi', 'hedef': 'enemy_42', 'zaman': '2025-01-23 21:00:00'}, 'kamikaze_bilgisi': {'mod': 'aktif', 'saldırı': 'başlatıldı', 'koordinatlar': [41.082, 29.045]}, 'tracker_bbox': [0, 1, 2, 7]} alındı
2025-08-03 16:03:14,409 - Frame_to_socket - DEBUG - Data: {"kamikaze": "True", "konumlu": null, "goruntulu": null, "enemy_id": null, "black_list": "[1, 2, 3, 4, 5]", "av_modu": null, "kitlenme_bilgisi": {"durum": "kitlendi", "hedef": "enemy_42", "zaman": "2025-01-23 21:00:00"}, "kamikaze_bilgisi": {"mod": "aktif", "sald\u0131r\u0131": "ba\u015flat\u0131ld\u0131", "koordinatlar": [41.082, 29.045]}, "tracker_bbox": [0, 1, 2, 7]} gönderildi
2025-08-03 16:03:14,409 - Frame_to_socket - DEBUG - ------------------------------
2025-08-03 16:03:14,510 - Frame_to_socket - DEBUG - Data sayısı: 39
2025-08-03 16:03:14,513 - Frame_to_socket - DEBUG - Data: {'kamikaze': 'True', 'konumlu': None, 'goruntulu': None, 'enemy_id': None, 'black_list': '[1, 2, 3, 4, 5]', 'av_modu': None, 'kitlenme_bilgisi': {'durum': 'kitlendi', 'hedef': 'enemy_42', 'zaman': '2025-01-23 21:00:00'}, 'kamikaze_bilgisi': {'mod': 'aktif', 'saldırı': 'başlatıldı', 'koordinatlar': [41.082, 29.045]}, 'tracker_bbox': [0, 1, 2, 7]} alındı
2025-08-03 16:03:14,513 - Frame_to_socket - DEBUG - Data: {"kamikaze": "True", "konumlu": null, "goruntulu": null, "enemy_id": null, "black_list": "[1, 2, 3, 4, 5]", "av_modu": null, "kitlenme_bilgisi": {"durum": "kitlendi", "hedef": "enemy_42", "zaman": "2025-01-23 21:00:00"}, "kamikaze_bilgisi": {"mod": "aktif", "sald\u0131r\u0131": "ba\u015flat\u0131ld\u0131", "koordinatlar": [41.082, 29.045]}, "tracker_bbox": [0, 1, 2, 7]} gönderildi
2025-08-03 16:03:14,513 - Frame_to_socket - DEBUG - ------------------------------
2025-08-03 16:03:14,618 - Frame_to_socket - DEBUG - Data sayısı: 40
2025-08-03 16:03:14,621 - Frame_to_socket - DEBUG - Data: {'kamikaze': 'True', 'konumlu': None, 'goruntulu': None, 'enemy_id': None, 'black_list': '[1, 2, 3, 4, 5]', 'av_modu': None, 'kitlenme_bilgisi': {'durum': 'kitlendi', 'hedef': 'enemy_42', 'zaman': '2025-01-23 21:00:00'}, 'kamikaze_bilgisi': {'mod': 'aktif', 'saldırı': 'başlatıldı', 'koordinatlar': [41.082, 29.045]}, 'tracker_bbox': [0, 1, 2, 7]} alındı
2025-08-03 16:03:14,621 - Frame_to_socket - DEBUG - Data: {"kamikaze": "True", "konumlu": null, "goruntulu": null, "enemy_id": null, "black_list": "[1, 2, 3, 4, 5]", "av_modu": null, "kitlenme_bilgisi": {"durum": "kitlendi", "hedef": "enemy_42", "zaman": "2025-01-23 21:00:00"}, "kamikaze_bilgisi": {"mod": "aktif", "sald\u0131r\u0131": "ba\u015flat\u0131ld\u0131", "koordinatlar": [41.082, 29.045]}, "tracker_bbox": [0, 1, 2, 7]} gönderildi
2025-08-03 16:03:14,622 - Frame_to_socket - DEBUG - ------------------------------
2025-08-03 16:03:14,726 - Frame_to_socket - DEBUG - Data sayısı: 41
2025-08-03 16:03:14,729 - Frame_to_socket - DEBUG - Data: {'kamikaze': 'True', 'konumlu': None, 'goruntulu': None, 'enemy_id': None, 'black_list': '[1, 2, 3, 4, 5]', 'av_modu': None, 'kitlenme_bilgisi': {'durum': 'kitlendi', 'hedef': 'enemy_42', 'zaman': '2025-01-23 21:00:00'}, 'kamikaze_bilgisi': {'mod': 'aktif', 'saldırı': 'başlatıldı', 'koordinatlar': [41.082, 29.045]}, 'tracker_bbox': [0, 1, 2, 7]} alındı
2025-08-03 16:03:14,729 - Frame_to_socket - DEBUG - Data: {"kamikaze": "True", "konumlu": null, "goruntulu": null, "enemy_id": null, "black_list": "[1, 2, 3, 4, 5]", "av_modu": null, "kitlenme_bilgisi": {"durum": "kitlendi", "hedef": "enemy_42", "zaman": "2025-01-23 21:00:00"}, "kamikaze_bilgisi": {"mod": "aktif", "sald\u0131r\u0131": "ba\u015flat\u0131ld\u0131", "koordinatlar": [41.082, 29.045]}, "tracker_bbox": [0, 1, 2, 7]} gönderildi
2025-08-03 16:03:14,729 - Frame_to_socket - DEBUG - ------------------------------
2025-08-03 16:03:14,833 - Frame_to_socket - DEBUG - Data sayısı: 42
2025-08-03 16:03:14,836 - Frame_to_socket - DEBUG - Data: {'kamikaze': 'True', 'konumlu': None, 'goruntulu': None, 'enemy_id': None, 'black_list': '[1, 2, 3, 4, 5]', 'av_modu': None, 'kitlenme_bilgisi': {'durum': 'kitlendi', 'hedef': 'enemy_42', 'zaman': '2025-01-23 21:00:00'}, 'kamikaze_bilgisi': {'mod': 'aktif', 'saldırı': 'başlatıldı', 'koordinatlar': [41.082, 29.045]}, 'tracker_bbox': [0, 1, 2, 7]} alındı
2025-08-03 16:03:14,836 - Frame_to_socket - DEBUG - Data: {"kamikaze": "True", "konumlu": null, "goruntulu": null, "enemy_id": null, "black_list": "[1, 2, 3, 4, 5]", "av_modu": null, "kitlenme_bilgisi": {"durum": "kitlendi", "hedef": "enemy_42", "zaman": "2025-01-23 21:00:00"}, "kamikaze_bilgisi": {"mod": "aktif", "sald\u0131r\u0131": "ba\u015flat\u0131ld\u0131", "koordinatlar": [41.082, 29.045]}, "tracker_bbox": [0, 1, 2, 7]} gönderildi
2025-08-03 16:03:14,837 - Frame_to_socket - DEBUG - ------------------------------
2025-08-03 16:03:14,938 - Frame_to_socket - DEBUG - Data sayısı: 43
2025-08-03 16:03:14,941 - Frame_to_socket - DEBUG - Data: {'kamikaze': 'True', 'konumlu': None, 'goruntulu': None, 'enemy_id': None, 'black_list': '[1, 2, 3, 4, 5]', 'av_modu': None, 'kitlenme_bilgisi': {'durum': 'kitlendi', 'hedef': 'enemy_42', 'zaman': '2025-01-23 21:00:00'}, 'kamikaze_bilgisi': {'mod': 'aktif', 'saldırı': 'başlatıldı', 'koordinatlar': [41.082, 29.045]}, 'tracker_bbox': [0, 1, 2, 7]} alındı
2025-08-03 16:03:14,941 - Frame_to_socket - DEBUG - Data: {"kamikaze": "True", "konumlu": null, "goruntulu": null, "enemy_id": null, "black_list": "[1, 2, 3, 4, 5]", "av_modu": null, "kitlenme_bilgisi": {"durum": "kitlendi", "hedef": "enemy_42", "zaman": "2025-01-23 21:00:00"}, "kamikaze_bilgisi": {"mod": "aktif", "sald\u0131r\u0131": "ba\u015flat\u0131ld\u0131", "koordinatlar": [41.082, 29.045]}, "tracker_bbox": [0, 1, 2, 7]} gönderildi
2025-08-03 16:03:14,941 - Frame_to_socket - DEBUG - ------------------------------
2025-08-03 16:03:15,043 - Frame_to_socket - DEBUG - Data sayısı: 44
2025-08-03 16:03:15,045 - Frame_to_socket - DEBUG - Data: {'kamikaze': 'True', 'konumlu': None, 'goruntulu': None, 'enemy_id': None, 'black_list': '[1, 2, 3, 4, 5]', 'av_modu': None, 'kitlenme_bilgisi': {'durum': 'kitlendi', 'hedef': 'enemy_42', 'zaman': '2025-01-23 21:00:00'}, 'kamikaze_bilgisi': {'mod': 'aktif', 'saldırı': 'başlatıldı', 'koordinatlar': [41.082, 29.045]}, 'tracker_bbox': [0, 1, 2, 7]} alındı
2025-08-03 16:03:15,046 - Frame_to_socket - DEBUG - Data: {"kamikaze": "True", "konumlu": null, "goruntulu": null, "enemy_id": null, "black_list": "[1, 2, 3, 4, 5]", "av_modu": null, "kitlenme_bilgisi": {"durum": "kitlendi", "hedef": "enemy_42", "zaman": "2025-01-23 21:00:00"}, "kamikaze_bilgisi": {"mod": "aktif", "sald\u0131r\u0131": "ba\u015flat\u0131ld\u0131", "koordinatlar": [41.082, 29.045]}, "tracker_bbox": [0, 1, 2, 7]} gönderildi
2025-08-03 16:03:15,046 - Frame_to_socket - DEBUG - ------------------------------
2025-08-03 16:03:15,146 - Frame_to_socket - DEBUG - Data sayısı: 45
2025-08-03 16:03:15,148 - Frame_to_socket - DEBUG - Data: {'kamikaze': 'True', 'konumlu': None, 'goruntulu': None, 'enemy_id': None, 'black_list': '[1, 2, 3, 4, 5]', 'av_modu': None, 'kitlenme_bilgisi': {'durum': 'kitlendi', 'hedef': 'enemy_42', 'zaman': '2025-01-23 21:00:00'}, 'kamikaze_bilgisi': {'mod': 'aktif', 'saldırı': 'başlatıldı', 'koordinatlar': [41.082, 29.045]}, 'tracker_bbox': [0, 1, 2, 7]} alındı
2025-08-03 16:03:15,149 - Frame_to_socket - DEBUG - Data: {"kamikaze": "True", "konumlu": null, "goruntulu": null, "enemy_id": null, "black_list": "[1, 2, 3, 4, 5]", "av_modu": null, "kitlenme_bilgisi": {"durum": "kitlendi", "hedef": "enemy_42", "zaman": "2025-01-23 21:00:00"}, "kamikaze_bilgisi": {"mod": "aktif", "sald\u0131r\u0131": "ba\u015flat\u0131ld\u0131", "koordinatlar": [41.082, 29.045]}, "tracker_bbox": [0, 1, 2, 7]} gönderildi
2025-08-03 16:03:15,149 - Frame_to_socket - DEBUG - ------------------------------
2025-08-03 16:03:15,254 - Frame_to_socket - DEBUG - Data sayısı: 46
2025-08-03 16:03:15,257 - Frame_to_socket - DEBUG - Data: {'kamikaze': 'True', 'konumlu': None, 'goruntulu': None, 'enemy_id': None, 'black_list': '[1, 2, 3, 4, 5]', 'av_modu': None, 'kitlenme_bilgisi': {'durum': 'kitlendi', 'hedef': 'enemy_42', 'zaman': '2025-01-23 21:00:00'}, 'kamikaze_bilgisi': {'mod': 'aktif', 'saldırı': 'başlatıldı', 'koordinatlar': [41.082, 29.045]}, 'tracker_bbox': [0, 1, 2, 7]} alındı
2025-08-03 16:03:15,257 - Frame_to_socket - DEBUG - Data: {"kamikaze": "True", "konumlu": null, "goruntulu": null, "enemy_id": null, "black_list": "[1, 2, 3, 4, 5]", "av_modu": null, "kitlenme_bilgisi": {"durum": "kitlendi", "hedef": "enemy_42", "zaman": "2025-01-23 21:00:00"}, "kamikaze_bilgisi": {"mod": "aktif", "sald\u0131r\u0131": "ba\u015flat\u0131ld\u0131", "koordinatlar": [41.082, 29.045]}, "tracker_bbox": [0, 1, 2, 7]} gönderildi
2025-08-03 16:03:15,258 - Frame_to_socket - DEBUG - ------------------------------
2025-08-03 16:03:15,358 - Frame_to_socket - DEBUG - Data sayısı: 47
